2019-07-27 16:02:59.683 [restartedMain] INFO  o.s.b.d.env.DevToolsPropertyDefaultsPostProcessor - Devtools property defaults active! Set 'spring.devtools.add-properties' to 'false' to disable
2019-07-27 16:02:59.865 [restartedMain] INFO  o.s.c.s.PostProcessorRegistrationDelegate$BeanPostProcessorChecker - Bean 'org.springframework.cloud.autoconfigure.ConfigurationPropertiesRebinderAutoConfiguration' of type [org.springframework.cloud.autoconfigure.ConfigurationPropertiesRebinderAutoConfiguration$$EnhancerBySpringCGLIB$$1ae66ffb] is not eligible for getting processed by all BeanPostProcessors (for example: not eligible for auto-proxying)
2019-07-27 16:03:01.179 [restartedMain] INFO  o.s.c.c.client.ConfigServicePropertySourceLocator - Fetching config from server at : http://localhost:8888
2019-07-27 16:03:02.337 [restartedMain] INFO  o.s.c.c.client.ConfigServicePropertySourceLocator - Connect Timeout Exception on Url - http://localhost:8888. Will be trying the next url if available
2019-07-27 16:03:02.352 [restartedMain] INFO  com.sieyuan.producer.ProducerApplication - No active profile set, falling back to default profiles: default
2019-07-27 16:03:03.271 [restartedMain] INFO  o.s.d.r.config.RepositoryConfigurationDelegate - Multiple Spring Data modules found, entering strict repository configuration mode!
2019-07-27 16:03:03.271 [restartedMain] INFO  o.s.d.r.config.RepositoryConfigurationDelegate - Bootstrapping Spring Data repositories in DEFAULT mode.
2019-07-27 16:03:03.287 [restartedMain] INFO  o.s.d.r.config.RepositoryConfigurationDelegate - Finished Spring Data repository scanning in 0ms. Found 0 repository interfaces.
2019-07-27 16:03:03.614 [restartedMain] INFO  o.springframework.cloud.context.scope.GenericScope - BeanFactory id=a14aafaf-dd3a-387c-9ada-4a51a2ac16fa
2019-07-27 16:03:03.778 [restartedMain] INFO  o.s.c.s.PostProcessorRegistrationDelegate$BeanPostProcessorChecker - Bean 'org.springframework.transaction.annotation.ProxyTransactionManagementConfiguration' of type [org.springframework.transaction.annotation.ProxyTransactionManagementConfiguration$$EnhancerBySpringCGLIB$$fecc6cfe] is not eligible for getting processed by all BeanPostProcessors (for example: not eligible for auto-proxying)
2019-07-27 16:03:03.889 [restartedMain] INFO  o.s.c.s.PostProcessorRegistrationDelegate$BeanPostProcessorChecker - Bean 'org.springframework.hateoas.config.HateoasConfiguration' of type [org.springframework.hateoas.config.HateoasConfiguration$$EnhancerBySpringCGLIB$$7e4cba30] is not eligible for getting processed by all BeanPostProcessors (for example: not eligible for auto-proxying)
2019-07-27 16:03:03.905 [restartedMain] INFO  o.s.c.s.PostProcessorRegistrationDelegate$BeanPostProcessorChecker - Bean 'org.springframework.cloud.autoconfigure.ConfigurationPropertiesRebinderAutoConfiguration' of type [org.springframework.cloud.autoconfigure.ConfigurationPropertiesRebinderAutoConfiguration$$EnhancerBySpringCGLIB$$1ae66ffb] is not eligible for getting processed by all BeanPostProcessors (for example: not eligible for auto-proxying)
2019-07-27 16:03:04.366 [restartedMain] INFO  o.s.boot.web.embedded.tomcat.TomcatWebServer - Tomcat initialized with port(s): 9005 (http)
2019-07-27 16:03:04.366 [restartedMain] INFO  org.apache.coyote.http11.Http11NioProtocol - Initializing ProtocolHandler ["http-nio-9005"]
2019-07-27 16:03:04.382 [restartedMain] INFO  org.apache.catalina.core.StandardService - Starting service [Tomcat]
2019-07-27 16:03:04.382 [restartedMain] INFO  org.apache.catalina.core.StandardEngine - Starting Servlet engine: [Apache Tomcat/9.0.19]
2019-07-27 16:03:04.382 [restartedMain] INFO  org.apache.catalina.core.AprLifecycleListener - Loaded APR based Apache Tomcat Native library [1.2.21] using APR version [1.6.5].
2019-07-27 16:03:04.382 [restartedMain] INFO  org.apache.catalina.core.AprLifecycleListener - APR capabilities: IPv6 [true], sendfile [true], accept filters [false], random [true].
2019-07-27 16:03:04.382 [restartedMain] INFO  org.apache.catalina.core.AprLifecycleListener - APR/OpenSSL configuration: useAprConnector [false], useOpenSSL [true]
2019-07-27 16:03:04.382 [restartedMain] INFO  org.apache.catalina.core.AprLifecycleListener - OpenSSL successfully initialized [OpenSSL 1.1.1a  20 Nov 2018]
2019-07-27 16:03:04.518 [restartedMain] INFO  o.a.c.core.ContainerBase.[Tomcat].[localhost].[/] - Initializing Spring embedded WebApplicationContext
2019-07-27 16:03:04.518 [restartedMain] INFO  org.springframework.web.context.ContextLoader - Root WebApplicationContext: initialization completed in 2163 ms
2019-07-27 16:03:04.712 [restartedMain] INFO  com.netflix.config.sources.URLConfigurationSource - To enable URLs as dynamic configuration sources, define System property archaius.configurationSource.additionalUrls or make config.properties available on classpath.
2019-07-27 16:03:04.712 [restartedMain] INFO  com.netflix.config.DynamicPropertyFactory - DynamicPropertyFactory is initialized with configuration sources: com.netflix.config.ConcurrentCompositeConfiguration@5f775603
2019-07-27 16:03:06.522 [restartedMain] INFO  org.springframework.cloud.commons.util.InetUtils - Cannot determine local hostname
2019-07-27 16:03:07.855 [restartedMain] INFO  com.netflix.config.sources.URLConfigurationSource - To enable URLs as dynamic configuration sources, define System property archaius.configurationSource.additionalUrls or make config.properties available on classpath.
2019-07-27 16:03:08.085 [restartedMain] INFO  o.s.scheduling.concurrent.ThreadPoolTaskExecutor - Initializing ExecutorService 'applicationTaskExecutor'
2019-07-27 16:03:08.999 [restartedMain] INFO  o.s.b.d.autoconfigure.OptionalLiveReloadServer - LiveReload server is running on port 35729
2019-07-27 16:03:10.255 [restartedMain] INFO  org.springframework.cloud.commons.util.InetUtils - Cannot determine local hostname
2019-07-27 16:03:10.411 [restartedMain] INFO  o.s.b.actuate.endpoint.web.EndpointLinksResolver - Exposing 2 endpoint(s) beneath base path '/actuator'
2019-07-27 16:03:10.506 [restartedMain] INFO  o.s.cloud.netflix.eureka.InstanceInfoFactory - Setting initial instance status as: STARTING
2019-07-27 16:03:10.538 [restartedMain] INFO  com.netflix.discovery.DiscoveryClient - Initializing Eureka in region us-east-1
2019-07-27 16:03:10.978 [restartedMain] INFO  c.n.discovery.provider.DiscoveryJerseyProvider - Using JSON encoding codec LegacyJacksonJson
2019-07-27 16:03:10.978 [restartedMain] INFO  c.n.discovery.provider.DiscoveryJerseyProvider - Using JSON decoding codec LegacyJacksonJson
2019-07-27 16:03:11.069 [restartedMain] INFO  c.n.discovery.provider.DiscoveryJerseyProvider - Using XML encoding codec XStreamXml
2019-07-27 16:03:11.069 [restartedMain] INFO  c.n.discovery.provider.DiscoveryJerseyProvider - Using XML decoding codec XStreamXml
2019-07-27 16:03:11.206 [restartedMain] INFO  c.n.d.shared.resolver.aws.ConfigClusterResolver - Resolving eureka endpoints via configuration
2019-07-27 16:03:11.327 [restartedMain] INFO  com.netflix.discovery.DiscoveryClient - Disable delta property : false
2019-07-27 16:03:11.327 [restartedMain] INFO  com.netflix.discovery.DiscoveryClient - Single vip registry refresh property : null
2019-07-27 16:03:11.327 [restartedMain] INFO  com.netflix.discovery.DiscoveryClient - Force full registry fetch : false
2019-07-27 16:03:11.327 [restartedMain] INFO  com.netflix.discovery.DiscoveryClient - Application is null : false
2019-07-27 16:03:11.327 [restartedMain] INFO  com.netflix.discovery.DiscoveryClient - Registered Applications size is zero : true
2019-07-27 16:03:11.327 [restartedMain] INFO  com.netflix.discovery.DiscoveryClient - Application version is -1: true
2019-07-27 16:03:11.327 [restartedMain] INFO  com.netflix.discovery.DiscoveryClient - Getting all instance registry info from the eureka server
2019-07-27 16:03:11.430 [restartedMain] INFO  com.netflix.discovery.DiscoveryClient - The response status is 200
2019-07-27 16:03:11.430 [restartedMain] INFO  com.netflix.discovery.DiscoveryClient - Starting heartbeat executor: renew interval is: 30
2019-07-27 16:03:11.430 [restartedMain] INFO  com.netflix.discovery.InstanceInfoReplicator - InstanceInfoReplicator onDemand update allowed rate per min is 4
2019-07-27 16:03:11.430 [restartedMain] INFO  com.netflix.discovery.DiscoveryClient - Discovery Client initialized at timestamp 1564214591430 with initial instances count: 1
2019-07-27 16:03:11.446 [restartedMain] INFO  o.s.c.n.e.serviceregistry.EurekaServiceRegistry - Registering application PRODUCER with eureka with status UP
2019-07-27 16:03:11.446 [restartedMain] INFO  com.netflix.discovery.DiscoveryClient - Saw local status change event StatusChangeEvent [timestamp=1564214591446, current=UP, previous=STARTING]
2019-07-27 16:03:11.446 [DiscoveryClient-InstanceInfoReplicator-0] INFO  com.netflix.discovery.DiscoveryClient - DiscoveryClient_PRODUCER/192.168.137.1:9005: registering service...
2019-07-27 16:03:11.462 [restartedMain] INFO  org.apache.coyote.http11.Http11NioProtocol - Starting ProtocolHandler ["http-nio-9005"]
2019-07-27 16:03:11.481 [DiscoveryClient-InstanceInfoReplicator-0] INFO  com.netflix.discovery.DiscoveryClient - DiscoveryClient_PRODUCER/192.168.137.1:9005 - registration status: 204
2019-07-27 16:03:11.481 [restartedMain] INFO  o.s.boot.web.embedded.tomcat.TomcatWebServer - Tomcat started on port(s): 9005 (http) with context path ''
2019-07-27 16:03:11.481 [restartedMain] INFO  o.s.c.n.e.s.EurekaAutoServiceRegistration - Updating port to 9005
2019-07-27 16:03:11.481 [restartedMain] INFO  com.sieyuan.producer.ProducerApplication - Started ProducerApplication in 13.501 seconds (JVM running for 14.481)
2019-07-27 16:03:11.616 [RMI TCP Connection(6)-127.0.0.1] INFO  com.zaxxer.hikari.HikariDataSource - HikariPool-1 - Starting...
2019-07-27 16:03:11.616 [RMI TCP Connection(4)-127.0.0.1] INFO  o.a.c.core.ContainerBase.[Tomcat].[localhost].[/] - Initializing Spring DispatcherServlet 'dispatcherServlet'
2019-07-27 16:03:11.616 [RMI TCP Connection(4)-127.0.0.1] INFO  org.springframework.web.servlet.DispatcherServlet - Initializing Servlet 'dispatcherServlet'
2019-07-27 16:03:11.633 [RMI TCP Connection(4)-127.0.0.1] INFO  org.springframework.web.servlet.DispatcherServlet - Completed initialization in 17 ms
2019-07-27 16:03:11.763 [RMI TCP Connection(6)-127.0.0.1] INFO  com.zaxxer.hikari.HikariDataSource - HikariPool-1 - Start completed.
2019-07-27 16:03:11.795 [RMI TCP Connection(6)-127.0.0.1] INFO  o.s.c.c.client.ConfigServicePropertySourceLocator - Fetching config from server at : http://localhost:8888
2019-07-27 16:03:12.820 [RMI TCP Connection(6)-127.0.0.1] INFO  o.s.c.c.client.ConfigServicePropertySourceLocator - Connect Timeout Exception on Url - http://localhost:8888. Will be trying the next url if available
2019-07-27 16:03:12.932 [parallel-1] INFO  io.lettuce.core.EpollProvider - Starting without optional epoll library
2019-07-27 16:03:12.932 [parallel-1] INFO  io.lettuce.core.KqueueProvider - Starting without optional kqueue library
2019-07-27 16:08:11.348 [AsyncResolver-bootstrap-executor-0] INFO  c.n.d.shared.resolver.aws.ConfigClusterResolver - Resolving eureka endpoints via configuration
2019-07-27 16:58:57.451 [restartedMain] INFO  o.s.b.d.env.DevToolsPropertyDefaultsPostProcessor - Devtools property defaults active! Set 'spring.devtools.add-properties' to 'false' to disable
2019-07-27 16:58:57.824 [restartedMain] INFO  o.s.c.s.PostProcessorRegistrationDelegate$BeanPostProcessorChecker - Bean 'org.springframework.cloud.autoconfigure.ConfigurationPropertiesRebinderAutoConfiguration' of type [org.springframework.cloud.autoconfigure.ConfigurationPropertiesRebinderAutoConfiguration$$EnhancerBySpringCGLIB$$1e2f56c2] is not eligible for getting processed by all BeanPostProcessors (for example: not eligible for auto-proxying)
2019-07-27 16:58:59.486 [restartedMain] INFO  o.s.c.c.client.ConfigServicePropertySourceLocator - Fetching config from server at : http://localhost:8888
2019-07-27 16:59:00.965 [restartedMain] INFO  o.s.c.c.client.ConfigServicePropertySourceLocator - Connect Timeout Exception on Url - http://localhost:8888. Will be trying the next url if available
2019-07-27 16:59:00.974 [restartedMain] INFO  com.sieyuan.producer.ProducerApplication - No active profile set, falling back to default profiles: default
2019-07-27 16:59:08.923 [restartedMain] INFO  o.s.d.r.config.RepositoryConfigurationDelegate - Multiple Spring Data modules found, entering strict repository configuration mode!
2019-07-27 16:59:08.927 [restartedMain] INFO  o.s.d.r.config.RepositoryConfigurationDelegate - Bootstrapping Spring Data repositories in DEFAULT mode.
2019-07-27 16:59:08.994 [restartedMain] INFO  o.s.d.r.config.RepositoryConfigurationDelegate - Finished Spring Data repository scanning in 37ms. Found 0 repository interfaces.
2019-07-27 16:59:10.028 [restartedMain] INFO  o.springframework.cloud.context.scope.GenericScope - BeanFactory id=a14aafaf-dd3a-387c-9ada-4a51a2ac16fa
2019-07-27 16:59:10.485 [restartedMain] INFO  o.s.c.s.PostProcessorRegistrationDelegate$BeanPostProcessorChecker - Bean 'org.springframework.transaction.annotation.ProxyTransactionManagementConfiguration' of type [org.springframework.transaction.annotation.ProxyTransactionManagementConfiguration$$EnhancerBySpringCGLIB$$21553c5] is not eligible for getting processed by all BeanPostProcessors (for example: not eligible for auto-proxying)
2019-07-27 16:59:10.723 [restartedMain] INFO  o.s.c.s.PostProcessorRegistrationDelegate$BeanPostProcessorChecker - Bean 'org.springframework.hateoas.config.HateoasConfiguration' of type [org.springframework.hateoas.config.HateoasConfiguration$$EnhancerBySpringCGLIB$$8195a0f7] is not eligible for getting processed by all BeanPostProcessors (for example: not eligible for auto-proxying)
2019-07-27 16:59:10.764 [restartedMain] INFO  o.s.c.s.PostProcessorRegistrationDelegate$BeanPostProcessorChecker - Bean 'org.springframework.cloud.autoconfigure.ConfigurationPropertiesRebinderAutoConfiguration' of type [org.springframework.cloud.autoconfigure.ConfigurationPropertiesRebinderAutoConfiguration$$EnhancerBySpringCGLIB$$1e2f56c2] is not eligible for getting processed by all BeanPostProcessors (for example: not eligible for auto-proxying)
2019-07-27 16:59:11.838 [restartedMain] INFO  o.s.boot.web.embedded.tomcat.TomcatWebServer - Tomcat initialized with port(s): 9005 (http)
2019-07-27 16:59:11.872 [restartedMain] INFO  org.apache.coyote.http11.Http11NioProtocol - Initializing ProtocolHandler ["http-nio-9005"]
2019-07-27 16:59:11.899 [restartedMain] INFO  org.apache.catalina.core.StandardService - Starting service [Tomcat]
2019-07-27 16:59:11.899 [restartedMain] INFO  org.apache.catalina.core.StandardEngine - Starting Servlet engine: [Apache Tomcat/9.0.19]
2019-07-27 16:59:11.899 [restartedMain] INFO  org.apache.catalina.core.AprLifecycleListener - Loaded APR based Apache Tomcat Native library [1.2.21] using APR version [1.6.5].
2019-07-27 16:59:11.899 [restartedMain] INFO  org.apache.catalina.core.AprLifecycleListener - APR capabilities: IPv6 [true], sendfile [true], accept filters [false], random [true].
2019-07-27 16:59:11.899 [restartedMain] INFO  org.apache.catalina.core.AprLifecycleListener - APR/OpenSSL configuration: useAprConnector [false], useOpenSSL [true]
2019-07-27 16:59:11.915 [restartedMain] INFO  org.apache.catalina.core.AprLifecycleListener - OpenSSL successfully initialized [OpenSSL 1.1.1a  20 Nov 2018]
2019-07-27 16:59:12.372 [restartedMain] INFO  o.a.c.core.ContainerBase.[Tomcat].[localhost].[/] - Initializing Spring embedded WebApplicationContext
2019-07-27 16:59:12.372 [restartedMain] INFO  org.springframework.web.context.ContextLoader - Root WebApplicationContext: initialization completed in 11345 ms
2019-07-27 16:59:13.034 [restartedMain] INFO  com.netflix.config.sources.URLConfigurationSource - To enable URLs as dynamic configuration sources, define System property archaius.configurationSource.additionalUrls or make config.properties available on classpath.
2019-07-27 16:59:13.068 [restartedMain] INFO  com.netflix.config.DynamicPropertyFactory - DynamicPropertyFactory is initialized with configuration sources: com.netflix.config.ConcurrentCompositeConfiguration@493208dd
2019-07-27 16:59:16.822 [restartedMain] INFO  org.springframework.cloud.commons.util.InetUtils - Cannot determine local hostname
2019-07-27 16:59:20.701 [restartedMain] INFO  com.netflix.config.sources.URLConfigurationSource - To enable URLs as dynamic configuration sources, define System property archaius.configurationSource.additionalUrls or make config.properties available on classpath.
2019-07-27 16:59:21.984 [restartedMain] INFO  o.s.scheduling.concurrent.ThreadPoolTaskExecutor - Initializing ExecutorService 'applicationTaskExecutor'
2019-07-27 16:59:27.532 [restartedMain] INFO  org.springframework.cloud.commons.util.InetUtils - Cannot determine local hostname
2019-07-27 16:59:27.731 [restartedMain] INFO  o.s.b.actuate.endpoint.web.EndpointLinksResolver - Exposing 2 endpoint(s) beneath base path '/actuator'
2019-07-27 16:59:27.860 [restartedMain] INFO  o.s.cloud.netflix.eureka.InstanceInfoFactory - Setting initial instance status as: STARTING
2019-07-27 16:59:27.907 [restartedMain] INFO  com.netflix.discovery.DiscoveryClient - Initializing Eureka in region us-east-1
2019-07-27 16:59:28.481 [restartedMain] INFO  c.n.discovery.provider.DiscoveryJerseyProvider - Using JSON encoding codec LegacyJacksonJson
2019-07-27 16:59:28.481 [restartedMain] INFO  c.n.discovery.provider.DiscoveryJerseyProvider - Using JSON decoding codec LegacyJacksonJson
2019-07-27 16:59:28.592 [restartedMain] INFO  c.n.discovery.provider.DiscoveryJerseyProvider - Using XML encoding codec XStreamXml
2019-07-27 16:59:28.592 [restartedMain] INFO  c.n.discovery.provider.DiscoveryJerseyProvider - Using XML decoding codec XStreamXml
2019-07-27 16:59:28.761 [restartedMain] INFO  c.n.d.shared.resolver.aws.ConfigClusterResolver - Resolving eureka endpoints via configuration
2019-07-27 16:59:28.891 [restartedMain] INFO  com.netflix.discovery.DiscoveryClient - Disable delta property : false
2019-07-27 16:59:28.891 [restartedMain] INFO  com.netflix.discovery.DiscoveryClient - Single vip registry refresh property : null
2019-07-27 16:59:28.891 [restartedMain] INFO  com.netflix.discovery.DiscoveryClient - Force full registry fetch : false
2019-07-27 16:59:28.891 [restartedMain] INFO  com.netflix.discovery.DiscoveryClient - Application is null : false
2019-07-27 16:59:28.891 [restartedMain] INFO  com.netflix.discovery.DiscoveryClient - Registered Applications size is zero : true
2019-07-27 16:59:28.891 [restartedMain] INFO  com.netflix.discovery.DiscoveryClient - Application version is -1: true
2019-07-27 16:59:28.891 [restartedMain] INFO  com.netflix.discovery.DiscoveryClient - Getting all instance registry info from the eureka server
2019-07-27 16:59:28.999 [restartedMain] INFO  com.netflix.discovery.DiscoveryClient - The response status is 200
2019-07-27 16:59:28.999 [restartedMain] INFO  com.netflix.discovery.DiscoveryClient - Starting heartbeat executor: renew interval is: 30
2019-07-27 16:59:28.999 [restartedMain] INFO  com.netflix.discovery.InstanceInfoReplicator - InstanceInfoReplicator onDemand update allowed rate per min is 4
2019-07-27 16:59:29.014 [restartedMain] INFO  com.netflix.discovery.DiscoveryClient - Discovery Client initialized at timestamp 1564217968999 with initial instances count: 0
2019-07-27 16:59:29.014 [restartedMain] INFO  o.s.c.n.e.serviceregistry.EurekaServiceRegistry - Registering application PRODUCER with eureka with status UP
2019-07-27 16:59:29.014 [restartedMain] INFO  com.netflix.discovery.DiscoveryClient - Saw local status change event StatusChangeEvent [timestamp=1564217969014, current=UP, previous=STARTING]
2019-07-27 16:59:29.014 [DiscoveryClient-InstanceInfoReplicator-0] INFO  com.netflix.discovery.DiscoveryClient - DiscoveryClient_PRODUCER/192.168.137.1:9005: registering service...
2019-07-27 16:59:29.030 [restartedMain] INFO  org.apache.coyote.http11.Http11NioProtocol - Starting ProtocolHandler ["http-nio-9005"]
2019-07-27 16:59:29.062 [restartedMain] INFO  o.s.boot.web.embedded.tomcat.TomcatWebServer - Tomcat started on port(s): 9005 (http) with context path ''
2019-07-27 16:59:29.062 [restartedMain] INFO  o.s.c.n.e.s.EurekaAutoServiceRegistration - Updating port to 9005
2019-07-27 16:59:29.062 [restartedMain] INFO  com.sieyuan.producer.ProducerApplication - Started ProducerApplication in 35.142 seconds (JVM running for 39.845)
2019-07-27 16:59:29.230 [DiscoveryClient-InstanceInfoReplicator-0] INFO  com.netflix.discovery.DiscoveryClient - DiscoveryClient_PRODUCER/192.168.137.1:9005 - registration status: 204
2019-07-27 16:59:29.298 [RMI TCP Connection(12)-127.0.0.1] INFO  com.zaxxer.hikari.HikariDataSource - HikariPool-1 - Starting...
2019-07-27 16:59:29.298 [RMI TCP Connection(13)-127.0.0.1] INFO  o.a.c.core.ContainerBase.[Tomcat].[localhost].[/] - Initializing Spring DispatcherServlet 'dispatcherServlet'
2019-07-27 16:59:29.298 [RMI TCP Connection(13)-127.0.0.1] INFO  org.springframework.web.servlet.DispatcherServlet - Initializing Servlet 'dispatcherServlet'
2019-07-27 16:59:29.331 [RMI TCP Connection(13)-127.0.0.1] INFO  org.springframework.web.servlet.DispatcherServlet - Completed initialization in 33 ms
2019-07-27 16:59:30.514 [RMI TCP Connection(12)-127.0.0.1] INFO  o.s.c.c.client.ConfigServicePropertySourceLocator - Fetching config from server at : http://localhost:8888
2019-07-27 16:59:31.539 [RMI TCP Connection(12)-127.0.0.1] INFO  o.s.c.c.client.ConfigServicePropertySourceLocator - Connect Timeout Exception on Url - http://localhost:8888. Will be trying the next url if available
2019-07-27 16:59:31.702 [parallel-1] INFO  io.lettuce.core.EpollProvider - Starting without optional epoll library
2019-07-27 16:59:31.702 [parallel-1] INFO  io.lettuce.core.KqueueProvider - Starting without optional kqueue library
2019-07-27 16:59:59.011 [DiscoveryClient-CacheRefreshExecutor-0] INFO  com.netflix.discovery.DiscoveryClient - Disable delta property : false
2019-07-27 16:59:59.011 [DiscoveryClient-CacheRefreshExecutor-0] INFO  com.netflix.discovery.DiscoveryClient - Single vip registry refresh property : null
2019-07-27 16:59:59.012 [DiscoveryClient-CacheRefreshExecutor-0] INFO  com.netflix.discovery.DiscoveryClient - Force full registry fetch : false
2019-07-27 16:59:59.012 [DiscoveryClient-CacheRefreshExecutor-0] INFO  com.netflix.discovery.DiscoveryClient - Application is null : false
2019-07-27 16:59:59.012 [DiscoveryClient-CacheRefreshExecutor-0] INFO  com.netflix.discovery.DiscoveryClient - Registered Applications size is zero : true
2019-07-27 16:59:59.013 [DiscoveryClient-CacheRefreshExecutor-0] INFO  com.netflix.discovery.DiscoveryClient - Application version is -1: false
2019-07-27 16:59:59.014 [DiscoveryClient-CacheRefreshExecutor-0] INFO  com.netflix.discovery.DiscoveryClient - Getting all instance registry info from the eureka server
2019-07-27 16:59:59.048 [DiscoveryClient-CacheRefreshExecutor-0] INFO  com.netflix.discovery.DiscoveryClient - The response status is 200
2019-07-27 17:04:28.909 [AsyncResolver-bootstrap-executor-0] INFO  c.n.d.shared.resolver.aws.ConfigClusterResolver - Resolving eureka endpoints via configuration
2019-07-27 17:09:28.912 [AsyncResolver-bootstrap-executor-0] INFO  c.n.d.shared.resolver.aws.ConfigClusterResolver - Resolving eureka endpoints via configuration
