2019-06-17 00:00:01.021 [Eureka-EvictionTimer] INFO  c.netflix.eureka.registry.AbstractInstanceRegistry - Running the evict task with compensationTime 2ms
2019-06-17 00:00:11.032 [Eureka-EvictionTimer] INFO  c.netflix.eureka.registry.AbstractInstanceRegistry - Running the evict task with compensationTime 15ms
2019-06-17 00:00:21.034 [Eureka-EvictionTimer] INFO  c.netflix.eureka.registry.AbstractInstanceRegistry - Running the evict task with compensationTime 0ms
2019-06-17 00:00:31.048 [Eureka-EvictionTimer] INFO  c.netflix.eureka.registry.AbstractInstanceRegistry - Running the evict task with compensationTime 14ms
2019-06-17 00:00:41.063 [Eureka-EvictionTimer] INFO  c.netflix.eureka.registry.AbstractInstanceRegistry - Running the evict task with compensationTime 14ms
2019-06-17 00:00:51.078 [Eureka-EvictionTimer] INFO  c.netflix.eureka.registry.AbstractInstanceRegistry - Running the evict task with compensationTime 15ms
2019-06-17 00:01:01.080 [Eureka-EvictionTimer] INFO  c.netflix.eureka.registry.AbstractInstanceRegistry - Running the evict task with compensationTime 1ms
2019-06-17 00:01:11.094 [Eureka-EvictionTimer] INFO  c.netflix.eureka.registry.AbstractInstanceRegistry - Running the evict task with compensationTime 13ms
2019-06-17 00:01:21.096 [Eureka-EvictionTimer] INFO  c.netflix.eureka.registry.AbstractInstanceRegistry - Running the evict task with compensationTime 2ms
2019-06-17 00:01:31.110 [Eureka-EvictionTimer] INFO  c.netflix.eureka.registry.AbstractInstanceRegistry - Running the evict task with compensationTime 13ms
2019-06-17 00:01:41.112 [Eureka-EvictionTimer] INFO  c.netflix.eureka.registry.AbstractInstanceRegistry - Running the evict task with compensationTime 2ms
2019-06-17 00:01:51.124 [Eureka-EvictionTimer] INFO  c.netflix.eureka.registry.AbstractInstanceRegistry - Running the evict task with compensationTime 11ms
2019-06-17 00:02:01.124 [Eureka-EvictionTimer] INFO  c.netflix.eureka.registry.AbstractInstanceRegistry - Running the evict task with compensationTime 0ms
2019-06-17 00:02:11.125 [Eureka-EvictionTimer] INFO  c.netflix.eureka.registry.AbstractInstanceRegistry - Running the evict task with compensationTime 0ms
2019-06-17 00:02:21.129 [Eureka-EvictionTimer] INFO  c.netflix.eureka.registry.AbstractInstanceRegistry - Running the evict task with compensationTime 4ms
2019-06-17 00:02:31.130 [Eureka-EvictionTimer] INFO  c.netflix.eureka.registry.AbstractInstanceRegistry - Running the evict task with compensationTime 0ms
2019-06-17 00:02:41.143 [Eureka-EvictionTimer] INFO  c.netflix.eureka.registry.AbstractInstanceRegistry - Running the evict task with compensationTime 12ms
2019-06-17 00:02:51.157 [Eureka-EvictionTimer] INFO  c.netflix.eureka.registry.AbstractInstanceRegistry - Running the evict task with compensationTime 14ms
2019-06-17 00:02:55.765 [http-nio-1111-exec-2] INFO  c.netflix.eureka.registry.AbstractInstanceRegistry - Registered instance AUTH-SERVICE/172.16.8.78:9025 with status UP (replication=false)
2019-06-17 00:02:56.268 [http-nio-1111-exec-7] INFO  c.netflix.eureka.registry.AbstractInstanceRegistry - Registered instance AUTH-SERVICE/172.16.8.78:9025 with status UP (replication=true)
2019-06-17 00:03:01.170 [Eureka-EvictionTimer] INFO  c.netflix.eureka.registry.AbstractInstanceRegistry - Running the evict task with compensationTime 13ms
2019-06-17 00:03:11.171 [Eureka-EvictionTimer] INFO  c.netflix.eureka.registry.AbstractInstanceRegistry - Running the evict task with compensationTime 0ms
2019-06-17 00:03:21.182 [Eureka-EvictionTimer] INFO  c.netflix.eureka.registry.AbstractInstanceRegistry - Running the evict task with compensationTime 11ms
2019-06-17 00:03:31.183 [Eureka-EvictionTimer] INFO  c.netflix.eureka.registry.AbstractInstanceRegistry - Running the evict task with compensationTime 1ms
2019-06-17 00:03:41.185 [Eureka-EvictionTimer] INFO  c.netflix.eureka.registry.AbstractInstanceRegistry - Running the evict task with compensationTime 1ms
2019-06-17 00:03:51.188 [Eureka-EvictionTimer] INFO  c.netflix.eureka.registry.AbstractInstanceRegistry - Running the evict task with compensationTime 2ms
2019-06-17 00:04:01.204 [Eureka-EvictionTimer] INFO  c.netflix.eureka.registry.AbstractInstanceRegistry - Running the evict task with compensationTime 15ms
2019-06-17 00:04:11.207 [Eureka-EvictionTimer] INFO  c.netflix.eureka.registry.AbstractInstanceRegistry - Running the evict task with compensationTime 3ms
2019-06-17 00:04:21.218 [Eureka-EvictionTimer] INFO  c.netflix.eureka.registry.AbstractInstanceRegistry - Running the evict task with compensationTime 11ms
2019-06-17 00:04:31.219 [Eureka-EvictionTimer] INFO  c.netflix.eureka.registry.AbstractInstanceRegistry - Running the evict task with compensationTime 0ms
2019-06-17 00:04:41.223 [Eureka-EvictionTimer] INFO  c.netflix.eureka.registry.AbstractInstanceRegistry - Running the evict task with compensationTime 3ms
2019-06-17 00:04:51.236 [Eureka-EvictionTimer] INFO  c.netflix.eureka.registry.AbstractInstanceRegistry - Running the evict task with compensationTime 13ms
2019-06-17 00:05:01.237 [Eureka-EvictionTimer] INFO  c.netflix.eureka.registry.AbstractInstanceRegistry - Running the evict task with compensationTime 1ms
2019-06-17 00:05:11.241 [Eureka-EvictionTimer] INFO  c.netflix.eureka.registry.AbstractInstanceRegistry - Running the evict task with compensationTime 3ms
2019-06-17 00:05:21.245 [Eureka-EvictionTimer] INFO  c.netflix.eureka.registry.AbstractInstanceRegistry - Running the evict task with compensationTime 3ms
2019-06-17 00:05:31.261 [Eureka-EvictionTimer] INFO  c.netflix.eureka.registry.AbstractInstanceRegistry - Running the evict task with compensationTime 15ms
2019-06-17 00:05:41.263 [Eureka-EvictionTimer] INFO  c.netflix.eureka.registry.AbstractInstanceRegistry - Running the evict task with compensationTime 2ms
2019-06-17 00:05:51.279 [Eureka-EvictionTimer] INFO  c.netflix.eureka.registry.AbstractInstanceRegistry - Running the evict task with compensationTime 15ms
2019-06-17 00:06:01.280 [Eureka-EvictionTimer] INFO  c.netflix.eureka.registry.AbstractInstanceRegistry - Running the evict task with compensationTime 1ms
2019-06-17 00:06:11.284 [Eureka-EvictionTimer] INFO  c.netflix.eureka.registry.AbstractInstanceRegistry - Running the evict task with compensationTime 3ms
2019-06-17 00:06:21.297 [Eureka-EvictionTimer] INFO  c.netflix.eureka.registry.AbstractInstanceRegistry - Running the evict task with compensationTime 12ms
2019-06-17 00:06:31.298 [Eureka-EvictionTimer] INFO  c.netflix.eureka.registry.AbstractInstanceRegistry - Running the evict task with compensationTime 1ms
2019-06-17 00:06:41.298 [Eureka-EvictionTimer] INFO  c.netflix.eureka.registry.AbstractInstanceRegistry - Running the evict task with compensationTime 0ms
2019-06-17 00:06:51.298 [Eureka-EvictionTimer] INFO  c.netflix.eureka.registry.AbstractInstanceRegistry - Running the evict task with compensationTime 0ms
2019-06-17 00:07:01.314 [Eureka-EvictionTimer] INFO  c.netflix.eureka.registry.AbstractInstanceRegistry - Running the evict task with compensationTime 15ms
2019-06-17 00:07:11.329 [Eureka-EvictionTimer] INFO  c.netflix.eureka.registry.AbstractInstanceRegistry - Running the evict task with compensationTime 14ms
2019-06-17 00:07:21.331 [Eureka-EvictionTimer] INFO  c.netflix.eureka.registry.AbstractInstanceRegistry - Running the evict task with compensationTime 2ms
2019-06-17 00:07:31.332 [Eureka-EvictionTimer] INFO  c.netflix.eureka.registry.AbstractInstanceRegistry - Running the evict task with compensationTime 0ms
2019-06-17 00:07:41.344 [Eureka-EvictionTimer] INFO  c.netflix.eureka.registry.AbstractInstanceRegistry - Running the evict task with compensationTime 12ms
2019-06-17 00:07:47.956 [http-nio-1111-exec-6] INFO  c.netflix.eureka.registry.AbstractInstanceRegistry - Registered instance AUTH-SERVICE/172.16.8.78:9025 with status UP (replication=false)
2019-06-17 00:07:48.492 [http-nio-1111-exec-3] INFO  c.netflix.eureka.registry.AbstractInstanceRegistry - Registered instance AUTH-SERVICE/172.16.8.78:9025 with status UP (replication=true)
2019-06-17 00:07:51.346 [Eureka-EvictionTimer] INFO  c.netflix.eureka.registry.AbstractInstanceRegistry - Running the evict task with compensationTime 2ms
2019-06-17 00:08:01.350 [Eureka-EvictionTimer] INFO  c.netflix.eureka.registry.AbstractInstanceRegistry - Running the evict task with compensationTime 5ms
2019-06-17 00:08:11.358 [Eureka-EvictionTimer] INFO  c.netflix.eureka.registry.AbstractInstanceRegistry - Running the evict task with compensationTime 5ms
2019-06-17 00:08:15.705 [http-nio-1111-exec-7] INFO  c.netflix.eureka.registry.AbstractInstanceRegistry - Registered instance AUTH-SERVICE/172.16.8.78:9025 with status UP (replication=false)
2019-06-17 00:08:16.235 [http-nio-1111-exec-2] INFO  c.netflix.eureka.registry.AbstractInstanceRegistry - Registered instance AUTH-SERVICE/172.16.8.78:9025 with status UP (replication=true)
2019-06-17 00:08:21.360 [Eureka-EvictionTimer] INFO  c.netflix.eureka.registry.AbstractInstanceRegistry - Running the evict task with compensationTime 2ms
2019-06-17 00:08:31.361 [Eureka-EvictionTimer] INFO  c.netflix.eureka.registry.AbstractInstanceRegistry - Running the evict task with compensationTime 1ms
2019-06-17 00:08:41.363 [Eureka-EvictionTimer] INFO  c.netflix.eureka.registry.AbstractInstanceRegistry - Running the evict task with compensationTime 1ms
2019-06-17 00:08:50.173 [ReplicaAwareInstanceRegistry - RenewalThresholdUpdater] INFO  c.n.eureka.registry.PeerAwareInstanceRegistryImpl - Current renewal threshold is : 3
2019-06-17 00:08:51.364 [Eureka-EvictionTimer] INFO  c.netflix.eureka.registry.AbstractInstanceRegistry - Running the evict task with compensationTime 1ms
2019-06-17 00:09:01.366 [Eureka-EvictionTimer] INFO  c.netflix.eureka.registry.AbstractInstanceRegistry - Running the evict task with compensationTime 1ms
2019-06-17 00:09:11.369 [Eureka-EvictionTimer] INFO  c.netflix.eureka.registry.AbstractInstanceRegistry - Running the evict task with compensationTime 2ms
2019-06-17 00:09:21.370 [Eureka-EvictionTimer] INFO  c.netflix.eureka.registry.AbstractInstanceRegistry - Running the evict task with compensationTime 1ms
2019-06-17 00:09:31.373 [Eureka-EvictionTimer] INFO  c.netflix.eureka.registry.AbstractInstanceRegistry - Running the evict task with compensationTime 2ms
2019-06-17 00:09:41.375 [Eureka-EvictionTimer] INFO  c.netflix.eureka.registry.AbstractInstanceRegistry - Running the evict task with compensationTime 1ms
2019-06-17 00:09:51.377 [Eureka-EvictionTimer] INFO  c.netflix.eureka.registry.AbstractInstanceRegistry - Running the evict task with compensationTime 1ms
2019-06-17 00:10:01.378 [Eureka-EvictionTimer] INFO  c.netflix.eureka.registry.AbstractInstanceRegistry - Running the evict task with compensationTime 1ms
2019-06-17 00:10:11.382 [Eureka-EvictionTimer] INFO  c.netflix.eureka.registry.AbstractInstanceRegistry - Running the evict task with compensationTime 3ms
2019-06-17 00:10:21.384 [Eureka-EvictionTimer] INFO  c.netflix.eureka.registry.AbstractInstanceRegistry - Running the evict task with compensationTime 2ms
2019-06-17 00:10:31.388 [Eureka-EvictionTimer] INFO  c.netflix.eureka.registry.AbstractInstanceRegistry - Running the evict task with compensationTime 4ms
2019-06-17 00:10:41.391 [Eureka-EvictionTimer] INFO  c.netflix.eureka.registry.AbstractInstanceRegistry - Running the evict task with compensationTime 2ms
2019-06-17 00:10:51.394 [Eureka-EvictionTimer] INFO  c.netflix.eureka.registry.AbstractInstanceRegistry - Running the evict task with compensationTime 3ms
2019-06-17 00:11:01.398 [Eureka-EvictionTimer] INFO  c.netflix.eureka.registry.AbstractInstanceRegistry - Running the evict task with compensationTime 3ms
2019-06-17 00:11:11.400 [Eureka-EvictionTimer] INFO  c.netflix.eureka.registry.AbstractInstanceRegistry - Running the evict task with compensationTime 2ms
2019-06-17 00:11:21.400 [Eureka-EvictionTimer] INFO  c.netflix.eureka.registry.AbstractInstanceRegistry - Running the evict task with compensationTime 0ms
2019-06-17 00:11:31.403 [Eureka-EvictionTimer] INFO  c.netflix.eureka.registry.AbstractInstanceRegistry - Running the evict task with compensationTime 3ms
2019-06-17 00:11:41.404 [Eureka-EvictionTimer] INFO  c.netflix.eureka.registry.AbstractInstanceRegistry - Running the evict task with compensationTime 0ms
2019-06-17 00:11:44.673 [http-nio-1111-exec-5] INFO  c.netflix.eureka.registry.AbstractInstanceRegistry - Registered instance AUTH-SERVICE/172.16.8.78:9025 with status UP (replication=false)
2019-06-17 00:11:45.191 [http-nio-1111-exec-1] INFO  c.netflix.eureka.registry.AbstractInstanceRegistry - Registered instance AUTH-SERVICE/172.16.8.78:9025 with status UP (replication=true)
2019-06-17 00:11:51.407 [Eureka-EvictionTimer] INFO  c.netflix.eureka.registry.AbstractInstanceRegistry - Running the evict task with compensationTime 3ms
2019-06-17 00:12:01.408 [Eureka-EvictionTimer] INFO  c.netflix.eureka.registry.AbstractInstanceRegistry - Running the evict task with compensationTime 1ms
2019-06-17 00:12:11.423 [Eureka-EvictionTimer] INFO  c.netflix.eureka.registry.AbstractInstanceRegistry - Running the evict task with compensationTime 14ms
2019-06-17 00:12:21.427 [Eureka-EvictionTimer] INFO  c.netflix.eureka.registry.AbstractInstanceRegistry - Running the evict task with compensationTime 3ms
2019-06-17 00:12:31.428 [Eureka-EvictionTimer] INFO  c.netflix.eureka.registry.AbstractInstanceRegistry - Running the evict task with compensationTime 0ms
2019-06-17 00:12:41.429 [Eureka-EvictionTimer] INFO  c.netflix.eureka.registry.AbstractInstanceRegistry - Running the evict task with compensationTime 1ms
2019-06-17 00:12:51.434 [Eureka-EvictionTimer] INFO  c.netflix.eureka.registry.AbstractInstanceRegistry - Running the evict task with compensationTime 4ms
2019-06-17 00:13:01.436 [Eureka-EvictionTimer] INFO  c.netflix.eureka.registry.AbstractInstanceRegistry - Running the evict task with compensationTime 2ms
2019-06-17 00:13:11.440 [Eureka-EvictionTimer] INFO  c.netflix.eureka.registry.AbstractInstanceRegistry - Running the evict task with compensationTime 3ms
2019-06-17 00:13:21.441 [Eureka-EvictionTimer] INFO  c.netflix.eureka.registry.AbstractInstanceRegistry - Running the evict task with compensationTime 1ms
2019-06-17 00:13:31.442 [Eureka-EvictionTimer] INFO  c.netflix.eureka.registry.AbstractInstanceRegistry - Running the evict task with compensationTime 0ms
2019-06-17 00:13:41.449 [Eureka-EvictionTimer] INFO  c.netflix.eureka.registry.AbstractInstanceRegistry - Running the evict task with compensationTime 7ms
2019-06-17 00:13:51.455 [Eureka-EvictionTimer] INFO  c.netflix.eureka.registry.AbstractInstanceRegistry - Running the evict task with compensationTime 5ms
2019-06-17 00:14:01.455 [Eureka-EvictionTimer] INFO  c.netflix.eureka.registry.AbstractInstanceRegistry - Running the evict task with compensationTime 0ms
2019-06-17 00:14:11.471 [Eureka-EvictionTimer] INFO  c.netflix.eureka.registry.AbstractInstanceRegistry - Running the evict task with compensationTime 15ms
2019-06-17 00:14:21.480 [Eureka-EvictionTimer] INFO  c.netflix.eureka.registry.AbstractInstanceRegistry - Running the evict task with compensationTime 9ms
2019-06-17 00:14:31.481 [Eureka-EvictionTimer] INFO  c.netflix.eureka.registry.AbstractInstanceRegistry - Running the evict task with compensationTime 0ms
2019-06-17 00:14:41.490 [Eureka-EvictionTimer] INFO  c.netflix.eureka.registry.AbstractInstanceRegistry - Running the evict task with compensationTime 8ms
2019-06-17 00:14:51.500 [Eureka-EvictionTimer] INFO  c.netflix.eureka.registry.AbstractInstanceRegistry - Running the evict task with compensationTime 10ms
2019-06-17 00:15:01.503 [Eureka-EvictionTimer] INFO  c.netflix.eureka.registry.AbstractInstanceRegistry - Running the evict task with compensationTime 3ms
2019-06-17 00:15:11.516 [Eureka-EvictionTimer] INFO  c.netflix.eureka.registry.AbstractInstanceRegistry - Running the evict task with compensationTime 12ms
2019-06-17 00:15:21.528 [Eureka-EvictionTimer] INFO  c.netflix.eureka.registry.AbstractInstanceRegistry - Running the evict task with compensationTime 13ms
2019-06-17 00:15:31.532 [Eureka-EvictionTimer] INFO  c.netflix.eureka.registry.AbstractInstanceRegistry - Running the evict task with compensationTime 2ms
2019-06-17 00:15:41.544 [Eureka-EvictionTimer] INFO  c.netflix.eureka.registry.AbstractInstanceRegistry - Running the evict task with compensationTime 12ms
2019-06-17 00:15:51.548 [Eureka-EvictionTimer] INFO  c.netflix.eureka.registry.AbstractInstanceRegistry - Running the evict task with compensationTime 3ms
2019-06-17 00:16:01.548 [Eureka-EvictionTimer] INFO  c.netflix.eureka.registry.AbstractInstanceRegistry - Running the evict task with compensationTime 0ms
2019-06-17 00:16:11.554 [Eureka-EvictionTimer] INFO  c.netflix.eureka.registry.AbstractInstanceRegistry - Running the evict task with compensationTime 6ms
2019-06-17 00:16:21.569 [Eureka-EvictionTimer] INFO  c.netflix.eureka.registry.AbstractInstanceRegistry - Running the evict task with compensationTime 14ms
2019-06-17 00:16:31.570 [Eureka-EvictionTimer] INFO  c.netflix.eureka.registry.AbstractInstanceRegistry - Running the evict task with compensationTime 0ms
2019-06-17 00:16:41.580 [Eureka-EvictionTimer] INFO  c.netflix.eureka.registry.AbstractInstanceRegistry - Running the evict task with compensationTime 9ms
2019-06-17 00:16:51.583 [Eureka-EvictionTimer] INFO  c.netflix.eureka.registry.AbstractInstanceRegistry - Running the evict task with compensationTime 3ms
2019-06-17 00:17:01.585 [Eureka-EvictionTimer] INFO  c.netflix.eureka.registry.AbstractInstanceRegistry - Running the evict task with compensationTime 1ms
2019-06-17 00:17:11.589 [Eureka-EvictionTimer] INFO  c.netflix.eureka.registry.AbstractInstanceRegistry - Running the evict task with compensationTime 4ms
2019-06-17 00:17:21.589 [Eureka-EvictionTimer] INFO  c.netflix.eureka.registry.AbstractInstanceRegistry - Running the evict task with compensationTime 0ms
2019-06-17 00:17:31.593 [Eureka-EvictionTimer] INFO  c.netflix.eureka.registry.AbstractInstanceRegistry - Running the evict task with compensationTime 3ms
2019-06-17 00:17:41.593 [Eureka-EvictionTimer] INFO  c.netflix.eureka.registry.AbstractInstanceRegistry - Running the evict task with compensationTime 0ms
2019-06-17 00:17:51.595 [Eureka-EvictionTimer] INFO  c.netflix.eureka.registry.AbstractInstanceRegistry - Running the evict task with compensationTime 1ms
2019-06-17 00:18:01.601 [Eureka-EvictionTimer] INFO  c.netflix.eureka.registry.AbstractInstanceRegistry - Running the evict task with compensationTime 5ms
2019-06-17 00:18:11.616 [Eureka-EvictionTimer] INFO  c.netflix.eureka.registry.AbstractInstanceRegistry - Running the evict task with compensationTime 15ms
2019-06-17 00:18:21.623 [Eureka-EvictionTimer] INFO  c.netflix.eureka.registry.AbstractInstanceRegistry - Running the evict task with compensationTime 6ms
2019-06-17 00:18:31.628 [Eureka-EvictionTimer] INFO  c.netflix.eureka.registry.AbstractInstanceRegistry - Running the evict task with compensationTime 5ms
2019-06-17 00:18:41.641 [Eureka-EvictionTimer] INFO  c.netflix.eureka.registry.AbstractInstanceRegistry - Running the evict task with compensationTime 13ms
2019-06-17 00:18:51.644 [Eureka-EvictionTimer] INFO  c.netflix.eureka.registry.AbstractInstanceRegistry - Running the evict task with compensationTime 2ms
2019-06-17 00:19:01.659 [Eureka-EvictionTimer] INFO  c.netflix.eureka.registry.AbstractInstanceRegistry - Running the evict task with compensationTime 19ms
2019-06-17 00:19:11.661 [Eureka-EvictionTimer] INFO  c.netflix.eureka.registry.AbstractInstanceRegistry - Running the evict task with compensationTime 0ms
2019-06-17 00:19:21.673 [Eureka-EvictionTimer] INFO  c.netflix.eureka.registry.AbstractInstanceRegistry - Running the evict task with compensationTime 11ms
2019-06-17 00:19:31.686 [Eureka-EvictionTimer] INFO  c.netflix.eureka.registry.AbstractInstanceRegistry - Running the evict task with compensationTime 13ms
2019-06-17 00:19:41.693 [Eureka-EvictionTimer] INFO  c.netflix.eureka.registry.AbstractInstanceRegistry - Running the evict task with compensationTime 7ms
2019-06-17 00:19:51.703 [Eureka-EvictionTimer] INFO  c.netflix.eureka.registry.AbstractInstanceRegistry - Running the evict task with compensationTime 10ms
2019-06-17 00:20:01.706 [Eureka-EvictionTimer] INFO  c.netflix.eureka.registry.AbstractInstanceRegistry - Running the evict task with compensationTime 2ms
2019-06-17 00:20:11.712 [Eureka-EvictionTimer] INFO  c.netflix.eureka.registry.AbstractInstanceRegistry - Running the evict task with compensationTime 6ms
2019-06-17 00:20:21.715 [Eureka-EvictionTimer] INFO  c.netflix.eureka.registry.AbstractInstanceRegistry - Running the evict task with compensationTime 2ms
2019-06-17 00:20:31.721 [Eureka-EvictionTimer] INFO  c.netflix.eureka.registry.AbstractInstanceRegistry - Running the evict task with compensationTime 6ms
2019-06-17 00:20:41.730 [Eureka-EvictionTimer] INFO  c.netflix.eureka.registry.AbstractInstanceRegistry - Running the evict task with compensationTime 9ms
2019-06-17 00:20:51.734 [Eureka-EvictionTimer] INFO  c.netflix.eureka.registry.AbstractInstanceRegistry - Running the evict task with compensationTime 3ms
2019-06-17 00:21:01.738 [Eureka-EvictionTimer] INFO  c.netflix.eureka.registry.AbstractInstanceRegistry - Running the evict task with compensationTime 4ms
2019-06-17 00:21:11.741 [Eureka-EvictionTimer] INFO  c.netflix.eureka.registry.AbstractInstanceRegistry - Running the evict task with compensationTime 2ms
2019-06-17 00:21:21.741 [Eureka-EvictionTimer] INFO  c.netflix.eureka.registry.AbstractInstanceRegistry - Running the evict task with compensationTime 0ms
2019-06-17 00:21:22.209 [http-nio-1111-exec-5] INFO  c.netflix.eureka.registry.AbstractInstanceRegistry - Registered instance AUTH-SERVICE/172.16.8.78:9025 with status UP (replication=false)
2019-06-17 00:21:22.717 [http-nio-1111-exec-1] INFO  c.netflix.eureka.registry.AbstractInstanceRegistry - Registered instance AUTH-SERVICE/172.16.8.78:9025 with status UP (replication=true)
2019-06-17 00:21:31.742 [Eureka-EvictionTimer] INFO  c.netflix.eureka.registry.AbstractInstanceRegistry - Running the evict task with compensationTime 1ms
2019-06-17 00:21:41.747 [Eureka-EvictionTimer] INFO  c.netflix.eureka.registry.AbstractInstanceRegistry - Running the evict task with compensationTime 4ms
2019-06-17 00:21:51.755 [Eureka-EvictionTimer] INFO  c.netflix.eureka.registry.AbstractInstanceRegistry - Running the evict task with compensationTime 8ms
2019-06-17 00:22:01.769 [Eureka-EvictionTimer] INFO  c.netflix.eureka.registry.AbstractInstanceRegistry - Running the evict task with compensationTime 14ms
2019-06-17 00:22:11.784 [Eureka-EvictionTimer] INFO  c.netflix.eureka.registry.AbstractInstanceRegistry - Running the evict task with compensationTime 15ms
2019-06-17 00:22:21.786 [Eureka-EvictionTimer] INFO  c.netflix.eureka.registry.AbstractInstanceRegistry - Running the evict task with compensationTime 1ms
2019-06-17 00:22:31.793 [Eureka-EvictionTimer] INFO  c.netflix.eureka.registry.AbstractInstanceRegistry - Running the evict task with compensationTime 6ms
2019-06-17 00:22:41.794 [Eureka-EvictionTimer] INFO  c.netflix.eureka.registry.AbstractInstanceRegistry - Running the evict task with compensationTime 0ms
2019-06-17 00:22:51.800 [Eureka-EvictionTimer] INFO  c.netflix.eureka.registry.AbstractInstanceRegistry - Running the evict task with compensationTime 6ms
2019-06-17 00:23:01.815 [Eureka-EvictionTimer] INFO  c.netflix.eureka.registry.AbstractInstanceRegistry - Running the evict task with compensationTime 14ms
2019-06-17 00:23:11.815 [Eureka-EvictionTimer] INFO  c.netflix.eureka.registry.AbstractInstanceRegistry - Running the evict task with compensationTime 0ms
2019-06-17 00:23:21.818 [Eureka-EvictionTimer] INFO  c.netflix.eureka.registry.AbstractInstanceRegistry - Running the evict task with compensationTime 2ms
2019-06-17 00:23:31.823 [Eureka-EvictionTimer] INFO  c.netflix.eureka.registry.AbstractInstanceRegistry - Running the evict task with compensationTime 5ms
2019-06-17 00:23:41.839 [Eureka-EvictionTimer] INFO  c.netflix.eureka.registry.AbstractInstanceRegistry - Running the evict task with compensationTime 15ms
2019-06-17 00:23:50.180 [ReplicaAwareInstanceRegistry - RenewalThresholdUpdater] INFO  c.n.eureka.registry.PeerAwareInstanceRegistryImpl - Current renewal threshold is : 3
2019-06-17 00:23:51.851 [Eureka-EvictionTimer] INFO  c.netflix.eureka.registry.AbstractInstanceRegistry - Running the evict task with compensationTime 12ms
2019-06-17 00:24:01.861 [Eureka-EvictionTimer] INFO  c.netflix.eureka.registry.AbstractInstanceRegistry - Running the evict task with compensationTime 10ms
2019-06-17 00:24:11.864 [Eureka-EvictionTimer] INFO  c.netflix.eureka.registry.AbstractInstanceRegistry - Running the evict task with compensationTime 2ms
2019-06-17 00:24:21.866 [Eureka-EvictionTimer] INFO  c.netflix.eureka.registry.AbstractInstanceRegistry - Running the evict task with compensationTime 2ms
2019-06-17 00:24:31.881 [Eureka-EvictionTimer] INFO  c.netflix.eureka.registry.AbstractInstanceRegistry - Running the evict task with compensationTime 14ms
2019-06-17 00:24:41.887 [Eureka-EvictionTimer] INFO  c.netflix.eureka.registry.AbstractInstanceRegistry - Running the evict task with compensationTime 6ms
2019-06-17 00:24:51.902 [Eureka-EvictionTimer] INFO  c.netflix.eureka.registry.AbstractInstanceRegistry - Running the evict task with compensationTime 14ms
2019-06-17 00:25:01.910 [Eureka-EvictionTimer] INFO  c.netflix.eureka.registry.AbstractInstanceRegistry - Running the evict task with compensationTime 7ms
2019-06-17 00:25:11.912 [Eureka-EvictionTimer] INFO  c.netflix.eureka.registry.AbstractInstanceRegistry - Running the evict task with compensationTime 2ms
2019-06-17 00:25:21.925 [Eureka-EvictionTimer] INFO  c.netflix.eureka.registry.AbstractInstanceRegistry - Running the evict task with compensationTime 12ms
2019-06-17 00:25:31.939 [Eureka-EvictionTimer] INFO  c.netflix.eureka.registry.AbstractInstanceRegistry - Running the evict task with compensationTime 14ms
2019-06-17 00:25:41.942 [Eureka-EvictionTimer] INFO  c.netflix.eureka.registry.AbstractInstanceRegistry - Running the evict task with compensationTime 2ms
2019-06-17 00:25:51.954 [Eureka-EvictionTimer] INFO  c.netflix.eureka.registry.AbstractInstanceRegistry - Running the evict task with compensationTime 12ms
2019-06-17 00:26:01.959 [Eureka-EvictionTimer] INFO  c.netflix.eureka.registry.AbstractInstanceRegistry - Running the evict task with compensationTime 4ms
2019-06-17 00:26:11.972 [Eureka-EvictionTimer] INFO  c.netflix.eureka.registry.AbstractInstanceRegistry - Running the evict task with compensationTime 13ms
2019-06-17 00:26:21.986 [Eureka-EvictionTimer] INFO  c.netflix.eureka.registry.AbstractInstanceRegistry - Running the evict task with compensationTime 14ms
2019-06-17 00:26:31.992 [Eureka-EvictionTimer] INFO  c.netflix.eureka.registry.AbstractInstanceRegistry - Running the evict task with compensationTime 5ms
2019-06-17 00:26:42.007 [Eureka-EvictionTimer] INFO  c.netflix.eureka.registry.AbstractInstanceRegistry - Running the evict task with compensationTime 14ms
2019-06-17 00:26:52.008 [Eureka-EvictionTimer] INFO  c.netflix.eureka.registry.AbstractInstanceRegistry - Running the evict task with compensationTime 0ms
2019-06-17 00:27:02.012 [Eureka-EvictionTimer] INFO  c.netflix.eureka.registry.AbstractInstanceRegistry - Running the evict task with compensationTime 4ms
2019-06-17 00:27:12.025 [Eureka-EvictionTimer] INFO  c.netflix.eureka.registry.AbstractInstanceRegistry - Running the evict task with compensationTime 13ms
2019-06-17 00:27:22.027 [Eureka-EvictionTimer] INFO  c.netflix.eureka.registry.AbstractInstanceRegistry - Running the evict task with compensationTime 1ms
2019-06-17 00:27:32.030 [Eureka-EvictionTimer] INFO  c.netflix.eureka.registry.AbstractInstanceRegistry - Running the evict task with compensationTime 2ms
2019-06-17 00:27:42.033 [Eureka-EvictionTimer] INFO  c.netflix.eureka.registry.AbstractInstanceRegistry - Running the evict task with compensationTime 2ms
2019-06-17 00:27:52.033 [Eureka-EvictionTimer] INFO  c.netflix.eureka.registry.AbstractInstanceRegistry - Running the evict task with compensationTime 0ms
2019-06-17 00:28:02.037 [Eureka-EvictionTimer] INFO  c.netflix.eureka.registry.AbstractInstanceRegistry - Running the evict task with compensationTime 3ms
2019-06-17 00:28:12.037 [Eureka-EvictionTimer] INFO  c.netflix.eureka.registry.AbstractInstanceRegistry - Running the evict task with compensationTime 0ms
2019-06-17 00:28:22.041 [Eureka-EvictionTimer] INFO  c.netflix.eureka.registry.AbstractInstanceRegistry - Running the evict task with compensationTime 4ms
2019-06-17 00:28:32.044 [Eureka-EvictionTimer] INFO  c.netflix.eureka.registry.AbstractInstanceRegistry - Running the evict task with compensationTime 3ms
2019-06-17 00:28:42.054 [Eureka-EvictionTimer] INFO  c.netflix.eureka.registry.AbstractInstanceRegistry - Running the evict task with compensationTime 9ms
2019-06-17 00:28:52.061 [Eureka-EvictionTimer] INFO  c.netflix.eureka.registry.AbstractInstanceRegistry - Running the evict task with compensationTime 7ms
2019-06-17 00:29:02.063 [Eureka-EvictionTimer] INFO  c.netflix.eureka.registry.AbstractInstanceRegistry - Running the evict task with compensationTime 2ms
2019-06-17 00:29:12.069 [Eureka-EvictionTimer] INFO  c.netflix.eureka.registry.AbstractInstanceRegistry - Running the evict task with compensationTime 5ms
2019-06-17 00:29:22.076 [Eureka-EvictionTimer] INFO  c.netflix.eureka.registry.AbstractInstanceRegistry - Running the evict task with compensationTime 6ms
2019-06-17 00:29:32.077 [Eureka-EvictionTimer] INFO  c.netflix.eureka.registry.AbstractInstanceRegistry - Running the evict task with compensationTime 1ms
2019-06-17 00:29:42.078 [Eureka-EvictionTimer] INFO  c.netflix.eureka.registry.AbstractInstanceRegistry - Running the evict task with compensationTime 1ms
2019-06-17 00:29:52.081 [Eureka-EvictionTimer] INFO  c.netflix.eureka.registry.AbstractInstanceRegistry - Running the evict task with compensationTime 2ms
2019-06-17 00:30:02.087 [Eureka-EvictionTimer] INFO  c.netflix.eureka.registry.AbstractInstanceRegistry - Running the evict task with compensationTime 5ms
2019-06-17 00:30:12.090 [Eureka-EvictionTimer] INFO  c.netflix.eureka.registry.AbstractInstanceRegistry - Running the evict task with compensationTime 3ms
2019-06-17 00:30:22.094 [Eureka-EvictionTimer] INFO  c.netflix.eureka.registry.AbstractInstanceRegistry - Running the evict task with compensationTime 3ms
2019-06-17 00:30:32.094 [Eureka-EvictionTimer] INFO  c.netflix.eureka.registry.AbstractInstanceRegistry - Running the evict task with compensationTime 0ms
2019-06-17 00:30:42.098 [Eureka-EvictionTimer] INFO  c.netflix.eureka.registry.AbstractInstanceRegistry - Running the evict task with compensationTime 3ms
2019-06-17 00:30:52.098 [Eureka-EvictionTimer] INFO  c.netflix.eureka.registry.AbstractInstanceRegistry - Running the evict task with compensationTime 0ms
2019-06-17 00:31:02.102 [Eureka-EvictionTimer] INFO  c.netflix.eureka.registry.AbstractInstanceRegistry - Running the evict task with compensationTime 3ms
2019-06-17 00:31:12.106 [Eureka-EvictionTimer] INFO  c.netflix.eureka.registry.AbstractInstanceRegistry - Running the evict task with compensationTime 3ms
2019-06-17 00:31:22.107 [Eureka-EvictionTimer] INFO  c.netflix.eureka.registry.AbstractInstanceRegistry - Running the evict task with compensationTime 0ms
2019-06-17 00:31:32.110 [Eureka-EvictionTimer] INFO  c.netflix.eureka.registry.AbstractInstanceRegistry - Running the evict task with compensationTime 2ms
2019-06-17 00:31:42.117 [Eureka-EvictionTimer] INFO  c.netflix.eureka.registry.AbstractInstanceRegistry - Running the evict task with compensationTime 7ms
2019-06-17 00:31:52.119 [Eureka-EvictionTimer] INFO  c.netflix.eureka.registry.AbstractInstanceRegistry - Running the evict task with compensationTime 2ms
2019-06-17 00:32:02.132 [Eureka-EvictionTimer] INFO  c.netflix.eureka.registry.AbstractInstanceRegistry - Running the evict task with compensationTime 13ms
2019-06-17 00:32:12.134 [Eureka-EvictionTimer] INFO  c.netflix.eureka.registry.AbstractInstanceRegistry - Running the evict task with compensationTime 1ms
2019-06-17 00:32:22.136 [Eureka-EvictionTimer] INFO  c.netflix.eureka.registry.AbstractInstanceRegistry - Running the evict task with compensationTime 2ms
2019-06-17 00:32:32.151 [Eureka-EvictionTimer] INFO  c.netflix.eureka.registry.AbstractInstanceRegistry - Running the evict task with compensationTime 14ms
2019-06-17 00:32:42.151 [Eureka-EvictionTimer] INFO  c.netflix.eureka.registry.AbstractInstanceRegistry - Running the evict task with compensationTime 0ms
2019-06-17 00:32:52.152 [Eureka-EvictionTimer] INFO  c.netflix.eureka.registry.AbstractInstanceRegistry - Running the evict task with compensationTime 0ms
2019-06-17 00:33:02.153 [Eureka-EvictionTimer] INFO  c.netflix.eureka.registry.AbstractInstanceRegistry - Running the evict task with compensationTime 0ms
2019-06-17 00:33:12.153 [Eureka-EvictionTimer] INFO  c.netflix.eureka.registry.AbstractInstanceRegistry - Running the evict task with compensationTime 0ms
2019-06-17 00:33:22.154 [Eureka-EvictionTimer] INFO  c.netflix.eureka.registry.AbstractInstanceRegistry - Running the evict task with compensationTime 1ms
2019-06-17 00:33:32.154 [Eureka-EvictionTimer] INFO  c.netflix.eureka.registry.AbstractInstanceRegistry - Running the evict task with compensationTime 0ms
2019-06-17 00:33:42.155 [Eureka-EvictionTimer] INFO  c.netflix.eureka.registry.AbstractInstanceRegistry - Running the evict task with compensationTime 0ms
2019-06-17 00:33:52.155 [Eureka-EvictionTimer] INFO  c.netflix.eureka.registry.AbstractInstanceRegistry - Running the evict task with compensationTime 0ms
2019-06-17 00:34:02.156 [Eureka-EvictionTimer] INFO  c.netflix.eureka.registry.AbstractInstanceRegistry - Running the evict task with compensationTime 0ms
2019-06-17 00:34:12.156 [Eureka-EvictionTimer] INFO  c.netflix.eureka.registry.AbstractInstanceRegistry - Running the evict task with compensationTime 0ms
2019-06-17 00:34:22.157 [Eureka-EvictionTimer] INFO  c.netflix.eureka.registry.AbstractInstanceRegistry - Running the evict task with compensationTime 0ms
2019-06-17 00:34:32.158 [Eureka-EvictionTimer] INFO  c.netflix.eureka.registry.AbstractInstanceRegistry - Running the evict task with compensationTime 1ms
2019-06-17 00:34:42.158 [Eureka-EvictionTimer] INFO  c.netflix.eureka.registry.AbstractInstanceRegistry - Running the evict task with compensationTime 0ms
2019-06-17 00:34:52.159 [Eureka-EvictionTimer] INFO  c.netflix.eureka.registry.AbstractInstanceRegistry - Running the evict task with compensationTime 0ms
2019-06-17 00:35:02.159 [Eureka-EvictionTimer] INFO  c.netflix.eureka.registry.AbstractInstanceRegistry - Running the evict task with compensationTime 0ms
2019-06-17 00:35:12.160 [Eureka-EvictionTimer] INFO  c.netflix.eureka.registry.AbstractInstanceRegistry - Running the evict task with compensationTime 0ms
2019-06-17 00:35:22.160 [Eureka-EvictionTimer] INFO  c.netflix.eureka.registry.AbstractInstanceRegistry - Running the evict task with compensationTime 0ms
2019-06-17 00:35:32.160 [Eureka-EvictionTimer] INFO  c.netflix.eureka.registry.AbstractInstanceRegistry - Running the evict task with compensationTime 0ms
2019-06-17 00:35:42.160 [Eureka-EvictionTimer] INFO  c.netflix.eureka.registry.AbstractInstanceRegistry - Running the evict task with compensationTime 0ms
2019-06-17 00:35:52.160 [Eureka-EvictionTimer] INFO  c.netflix.eureka.registry.AbstractInstanceRegistry - Running the evict task with compensationTime 0ms
2019-06-17 00:36:02.161 [Eureka-EvictionTimer] INFO  c.netflix.eureka.registry.AbstractInstanceRegistry - Running the evict task with compensationTime 0ms
2019-06-17 00:36:12.161 [Eureka-EvictionTimer] INFO  c.netflix.eureka.registry.AbstractInstanceRegistry - Running the evict task with compensationTime 0ms
2019-06-17 00:36:22.161 [Eureka-EvictionTimer] INFO  c.netflix.eureka.registry.AbstractInstanceRegistry - Running the evict task with compensationTime 0ms
2019-06-17 00:36:32.162 [Eureka-EvictionTimer] INFO  c.netflix.eureka.registry.AbstractInstanceRegistry - Running the evict task with compensationTime 0ms
2019-06-17 00:36:42.163 [Eureka-EvictionTimer] INFO  c.netflix.eureka.registry.AbstractInstanceRegistry - Running the evict task with compensationTime 0ms
2019-06-17 00:36:52.163 [Eureka-EvictionTimer] INFO  c.netflix.eureka.registry.AbstractInstanceRegistry - Running the evict task with compensationTime 0ms
2019-06-17 00:37:02.164 [Eureka-EvictionTimer] INFO  c.netflix.eureka.registry.AbstractInstanceRegistry - Running the evict task with compensationTime 0ms
2019-06-17 00:37:12.164 [Eureka-EvictionTimer] INFO  c.netflix.eureka.registry.AbstractInstanceRegistry - Running the evict task with compensationTime 0ms
2019-06-17 00:37:22.164 [Eureka-EvictionTimer] INFO  c.netflix.eureka.registry.AbstractInstanceRegistry - Running the evict task with compensationTime 0ms
2019-06-17 00:37:32.165 [Eureka-EvictionTimer] INFO  c.netflix.eureka.registry.AbstractInstanceRegistry - Running the evict task with compensationTime 0ms
2019-06-17 00:37:42.165 [Eureka-EvictionTimer] INFO  c.netflix.eureka.registry.AbstractInstanceRegistry - Running the evict task with compensationTime 0ms
2019-06-17 00:37:52.165 [Eureka-EvictionTimer] INFO  c.netflix.eureka.registry.AbstractInstanceRegistry - Running the evict task with compensationTime 0ms
2019-06-17 00:38:02.165 [Eureka-EvictionTimer] INFO  c.netflix.eureka.registry.AbstractInstanceRegistry - Running the evict task with compensationTime 0ms
2019-06-17 00:38:12.165 [Eureka-EvictionTimer] INFO  c.netflix.eureka.registry.AbstractInstanceRegistry - Running the evict task with compensationTime 0ms
2019-06-17 00:38:22.166 [Eureka-EvictionTimer] INFO  c.netflix.eureka.registry.AbstractInstanceRegistry - Running the evict task with compensationTime 0ms
2019-06-17 00:38:32.167 [Eureka-EvictionTimer] INFO  c.netflix.eureka.registry.AbstractInstanceRegistry - Running the evict task with compensationTime 0ms
2019-06-17 00:38:42.167 [Eureka-EvictionTimer] INFO  c.netflix.eureka.registry.AbstractInstanceRegistry - Running the evict task with compensationTime 0ms
2019-06-17 00:38:50.181 [ReplicaAwareInstanceRegistry - RenewalThresholdUpdater] INFO  c.n.eureka.registry.PeerAwareInstanceRegistryImpl - Current renewal threshold is : 3
2019-06-17 00:38:52.167 [Eureka-EvictionTimer] INFO  c.netflix.eureka.registry.AbstractInstanceRegistry - Running the evict task with compensationTime 0ms
2019-06-17 00:39:02.168 [Eureka-EvictionTimer] INFO  c.netflix.eureka.registry.AbstractInstanceRegistry - Running the evict task with compensationTime 0ms
2019-06-17 00:39:12.168 [Eureka-EvictionTimer] INFO  c.netflix.eureka.registry.AbstractInstanceRegistry - Running the evict task with compensationTime 0ms
2019-06-17 00:39:22.169 [Eureka-EvictionTimer] INFO  c.netflix.eureka.registry.AbstractInstanceRegistry - Running the evict task with compensationTime 0ms
2019-06-17 00:39:32.169 [Eureka-EvictionTimer] INFO  c.netflix.eureka.registry.AbstractInstanceRegistry - Running the evict task with compensationTime 0ms
2019-06-17 00:39:42.170 [Eureka-EvictionTimer] INFO  c.netflix.eureka.registry.AbstractInstanceRegistry - Running the evict task with compensationTime 0ms
2019-06-17 00:39:52.170 [Eureka-EvictionTimer] INFO  c.netflix.eureka.registry.AbstractInstanceRegistry - Running the evict task with compensationTime 0ms
2019-06-17 00:40:02.173 [Eureka-EvictionTimer] INFO  c.netflix.eureka.registry.AbstractInstanceRegistry - Running the evict task with compensationTime 3ms
2019-06-17 00:40:12.174 [Eureka-EvictionTimer] INFO  c.netflix.eureka.registry.AbstractInstanceRegistry - Running the evict task with compensationTime 0ms
2019-06-17 00:40:22.175 [Eureka-EvictionTimer] INFO  c.netflix.eureka.registry.AbstractInstanceRegistry - Running the evict task with compensationTime 0ms
2019-06-17 00:40:32.175 [Eureka-EvictionTimer] INFO  c.netflix.eureka.registry.AbstractInstanceRegistry - Running the evict task with compensationTime 0ms
2019-06-17 00:40:42.176 [Eureka-EvictionTimer] INFO  c.netflix.eureka.registry.AbstractInstanceRegistry - Running the evict task with compensationTime 0ms
2019-06-17 00:40:52.176 [Eureka-EvictionTimer] INFO  c.netflix.eureka.registry.AbstractInstanceRegistry - Running the evict task with compensationTime 0ms
2019-06-17 00:41:02.187 [Eureka-EvictionTimer] INFO  c.netflix.eureka.registry.AbstractInstanceRegistry - Running the evict task with compensationTime 11ms
2019-06-17 00:41:12.195 [Eureka-EvictionTimer] INFO  c.netflix.eureka.registry.AbstractInstanceRegistry - Running the evict task with compensationTime 7ms
2019-06-17 00:41:22.196 [Eureka-EvictionTimer] INFO  c.netflix.eureka.registry.AbstractInstanceRegistry - Running the evict task with compensationTime 1ms
2019-06-17 00:41:32.203 [Eureka-EvictionTimer] INFO  c.netflix.eureka.registry.AbstractInstanceRegistry - Running the evict task with compensationTime 7ms
2019-06-17 00:41:42.212 [Eureka-EvictionTimer] INFO  c.netflix.eureka.registry.AbstractInstanceRegistry - Running the evict task with compensationTime 9ms
2019-06-17 00:41:52.219 [Eureka-EvictionTimer] INFO  c.netflix.eureka.registry.AbstractInstanceRegistry - Running the evict task with compensationTime 6ms
2019-06-17 00:42:02.222 [Eureka-EvictionTimer] INFO  c.netflix.eureka.registry.AbstractInstanceRegistry - Running the evict task with compensationTime 3ms
2019-06-17 00:42:12.235 [Eureka-EvictionTimer] INFO  c.netflix.eureka.registry.AbstractInstanceRegistry - Running the evict task with compensationTime 13ms
2019-06-17 00:42:22.240 [Eureka-EvictionTimer] INFO  c.netflix.eureka.registry.AbstractInstanceRegistry - Running the evict task with compensationTime 4ms
2019-06-17 00:42:32.241 [Eureka-EvictionTimer] INFO  c.netflix.eureka.registry.AbstractInstanceRegistry - Running the evict task with compensationTime 1ms
2019-06-17 00:42:42.255 [Eureka-EvictionTimer] INFO  c.netflix.eureka.registry.AbstractInstanceRegistry - Running the evict task with compensationTime 14ms
2019-06-17 00:42:52.255 [Eureka-EvictionTimer] INFO  c.netflix.eureka.registry.AbstractInstanceRegistry - Running the evict task with compensationTime 0ms
2019-06-17 00:43:02.265 [Eureka-EvictionTimer] INFO  c.netflix.eureka.registry.AbstractInstanceRegistry - Running the evict task with compensationTime 9ms
2019-06-17 00:43:12.276 [Eureka-EvictionTimer] INFO  c.netflix.eureka.registry.AbstractInstanceRegistry - Running the evict task with compensationTime 11ms
2019-06-17 00:43:22.290 [Eureka-EvictionTimer] INFO  c.netflix.eureka.registry.AbstractInstanceRegistry - Running the evict task with compensationTime 14ms
2019-06-17 00:43:32.294 [Eureka-EvictionTimer] INFO  c.netflix.eureka.registry.AbstractInstanceRegistry - Running the evict task with compensationTime 3ms
2019-06-17 00:43:42.306 [Eureka-EvictionTimer] INFO  c.netflix.eureka.registry.AbstractInstanceRegistry - Running the evict task with compensationTime 12ms
2019-06-17 00:43:52.309 [Eureka-EvictionTimer] INFO  c.netflix.eureka.registry.AbstractInstanceRegistry - Running the evict task with compensationTime 2ms
2019-06-17 00:44:02.311 [Eureka-EvictionTimer] INFO  c.netflix.eureka.registry.AbstractInstanceRegistry - Running the evict task with compensationTime 1ms
2019-06-17 00:44:12.326 [Eureka-EvictionTimer] INFO  c.netflix.eureka.registry.AbstractInstanceRegistry - Running the evict task with compensationTime 15ms
2019-06-17 00:44:22.335 [Eureka-EvictionTimer] INFO  c.netflix.eureka.registry.AbstractInstanceRegistry - Running the evict task with compensationTime 9ms
2019-06-17 00:44:32.341 [Eureka-EvictionTimer] INFO  c.netflix.eureka.registry.AbstractInstanceRegistry - Running the evict task with compensationTime 5ms
2019-06-17 00:44:42.346 [Eureka-EvictionTimer] INFO  c.netflix.eureka.registry.AbstractInstanceRegistry - Running the evict task with compensationTime 5ms
2019-06-17 00:44:52.347 [Eureka-EvictionTimer] INFO  c.netflix.eureka.registry.AbstractInstanceRegistry - Running the evict task with compensationTime 0ms
2019-06-17 00:45:02.355 [Eureka-EvictionTimer] INFO  c.netflix.eureka.registry.AbstractInstanceRegistry - Running the evict task with compensationTime 7ms
2019-06-17 00:45:12.359 [Eureka-EvictionTimer] INFO  c.netflix.eureka.registry.AbstractInstanceRegistry - Running the evict task with compensationTime 4ms
2019-06-17 00:45:22.361 [Eureka-EvictionTimer] INFO  c.netflix.eureka.registry.AbstractInstanceRegistry - Running the evict task with compensationTime 2ms
2019-06-17 00:45:32.362 [Eureka-EvictionTimer] INFO  c.netflix.eureka.registry.AbstractInstanceRegistry - Running the evict task with compensationTime 0ms
2019-06-17 00:45:42.362 [Eureka-EvictionTimer] INFO  c.netflix.eureka.registry.AbstractInstanceRegistry - Running the evict task with compensationTime 0ms
2019-06-17 00:45:52.367 [Eureka-EvictionTimer] INFO  c.netflix.eureka.registry.AbstractInstanceRegistry - Running the evict task with compensationTime 4ms
2019-06-17 00:46:02.376 [Eureka-EvictionTimer] INFO  c.netflix.eureka.registry.AbstractInstanceRegistry - Running the evict task with compensationTime 9ms
2019-06-17 00:46:12.388 [Eureka-EvictionTimer] INFO  c.netflix.eureka.registry.AbstractInstanceRegistry - Running the evict task with compensationTime 12ms
2019-06-17 00:46:22.390 [Eureka-EvictionTimer] INFO  c.netflix.eureka.registry.AbstractInstanceRegistry - Running the evict task with compensationTime 1ms
2019-06-17 00:46:32.405 [Eureka-EvictionTimer] INFO  c.netflix.eureka.registry.AbstractInstanceRegistry - Running the evict task with compensationTime 15ms
2019-06-17 00:46:42.406 [Eureka-EvictionTimer] INFO  c.netflix.eureka.registry.AbstractInstanceRegistry - Running the evict task with compensationTime 0ms
2019-06-17 00:46:52.408 [Eureka-EvictionTimer] INFO  c.netflix.eureka.registry.AbstractInstanceRegistry - Running the evict task with compensationTime 2ms
2019-06-17 00:47:02.423 [Eureka-EvictionTimer] INFO  c.netflix.eureka.registry.AbstractInstanceRegistry - Running the evict task with compensationTime 14ms
2019-06-17 00:47:12.437 [Eureka-EvictionTimer] INFO  c.netflix.eureka.registry.AbstractInstanceRegistry - Running the evict task with compensationTime 14ms
2019-06-17 00:47:22.444 [Eureka-EvictionTimer] INFO  c.netflix.eureka.registry.AbstractInstanceRegistry - Running the evict task with compensationTime 7ms
2019-06-17 00:47:32.445 [Eureka-EvictionTimer] INFO  c.netflix.eureka.registry.AbstractInstanceRegistry - Running the evict task with compensationTime 0ms
2019-06-17 00:47:42.456 [Eureka-EvictionTimer] INFO  c.netflix.eureka.registry.AbstractInstanceRegistry - Running the evict task with compensationTime 11ms
2019-06-17 00:47:52.458 [Eureka-EvictionTimer] INFO  c.netflix.eureka.registry.AbstractInstanceRegistry - Running the evict task with compensationTime 1ms
2019-06-17 00:48:02.460 [Eureka-EvictionTimer] INFO  c.netflix.eureka.registry.AbstractInstanceRegistry - Running the evict task with compensationTime 2ms
2019-06-17 00:48:12.460 [Eureka-EvictionTimer] INFO  c.netflix.eureka.registry.AbstractInstanceRegistry - Running the evict task with compensationTime 0ms
2019-06-17 00:48:22.463 [Eureka-EvictionTimer] INFO  c.netflix.eureka.registry.AbstractInstanceRegistry - Running the evict task with compensationTime 2ms
2019-06-17 00:48:32.464 [Eureka-EvictionTimer] INFO  c.netflix.eureka.registry.AbstractInstanceRegistry - Running the evict task with compensationTime 1ms
2019-06-17 00:48:42.465 [Eureka-EvictionTimer] INFO  c.netflix.eureka.registry.AbstractInstanceRegistry - Running the evict task with compensationTime 1ms
2019-06-17 00:48:52.465 [Eureka-EvictionTimer] INFO  c.netflix.eureka.registry.AbstractInstanceRegistry - Running the evict task with compensationTime 0ms
2019-06-17 00:49:02.466 [Eureka-EvictionTimer] INFO  c.netflix.eureka.registry.AbstractInstanceRegistry - Running the evict task with compensationTime 1ms
2019-06-17 00:49:12.480 [Eureka-EvictionTimer] INFO  c.netflix.eureka.registry.AbstractInstanceRegistry - Running the evict task with compensationTime 13ms
2019-06-17 00:49:22.483 [Eureka-EvictionTimer] INFO  c.netflix.eureka.registry.AbstractInstanceRegistry - Running the evict task with compensationTime 3ms
2019-06-17 00:49:32.494 [Eureka-EvictionTimer] INFO  c.netflix.eureka.registry.AbstractInstanceRegistry - Running the evict task with compensationTime 11ms
2019-06-17 00:49:42.496 [Eureka-EvictionTimer] INFO  c.netflix.eureka.registry.AbstractInstanceRegistry - Running the evict task with compensationTime 1ms
2019-06-17 00:49:52.508 [Eureka-EvictionTimer] INFO  c.netflix.eureka.registry.AbstractInstanceRegistry - Running the evict task with compensationTime 12ms
2019-06-17 00:50:02.510 [Eureka-EvictionTimer] INFO  c.netflix.eureka.registry.AbstractInstanceRegistry - Running the evict task with compensationTime 1ms
2019-06-17 00:50:12.523 [Eureka-EvictionTimer] INFO  c.netflix.eureka.registry.AbstractInstanceRegistry - Running the evict task with compensationTime 12ms
2019-06-17 00:50:22.531 [Eureka-EvictionTimer] INFO  c.netflix.eureka.registry.AbstractInstanceRegistry - Running the evict task with compensationTime 8ms
2019-06-17 00:50:31.949 [http-nio-1111-exec-5] INFO  c.netflix.eureka.registry.AbstractInstanceRegistry - Registered instance AUTH-SERVICE/172.16.8.78:9025 with status UP (replication=false)
2019-06-17 00:50:32.455 [http-nio-1111-exec-4] INFO  c.netflix.eureka.registry.AbstractInstanceRegistry - Registered instance AUTH-SERVICE/172.16.8.78:9025 with status UP (replication=true)
2019-06-17 00:50:32.531 [Eureka-EvictionTimer] INFO  c.netflix.eureka.registry.AbstractInstanceRegistry - Running the evict task with compensationTime 0ms
2019-06-17 00:50:42.535 [Eureka-EvictionTimer] INFO  c.netflix.eureka.registry.AbstractInstanceRegistry - Running the evict task with compensationTime 3ms
2019-06-17 00:50:52.546 [Eureka-EvictionTimer] INFO  c.netflix.eureka.registry.AbstractInstanceRegistry - Running the evict task with compensationTime 11ms
2019-06-17 00:51:02.555 [Eureka-EvictionTimer] INFO  c.netflix.eureka.registry.AbstractInstanceRegistry - Running the evict task with compensationTime 9ms
2019-06-17 00:51:12.565 [Eureka-EvictionTimer] INFO  c.netflix.eureka.registry.AbstractInstanceRegistry - Running the evict task with compensationTime 9ms
2019-06-17 00:51:22.575 [Eureka-EvictionTimer] INFO  c.netflix.eureka.registry.AbstractInstanceRegistry - Running the evict task with compensationTime 10ms
2019-06-17 00:51:32.579 [Eureka-EvictionTimer] INFO  c.netflix.eureka.registry.AbstractInstanceRegistry - Running the evict task with compensationTime 3ms
2019-06-17 00:51:42.581 [Eureka-EvictionTimer] INFO  c.netflix.eureka.registry.AbstractInstanceRegistry - Running the evict task with compensationTime 1ms
2019-06-17 00:51:52.585 [Eureka-EvictionTimer] INFO  c.netflix.eureka.registry.AbstractInstanceRegistry - Running the evict task with compensationTime 3ms
2019-06-17 00:52:02.588 [Eureka-EvictionTimer] INFO  c.netflix.eureka.registry.AbstractInstanceRegistry - Running the evict task with compensationTime 3ms
2019-06-17 00:52:12.597 [Eureka-EvictionTimer] INFO  c.netflix.eureka.registry.AbstractInstanceRegistry - Running the evict task with compensationTime 8ms
2019-06-17 00:52:22.601 [Eureka-EvictionTimer] INFO  c.netflix.eureka.registry.AbstractInstanceRegistry - Running the evict task with compensationTime 4ms
2019-06-17 00:52:32.602 [Eureka-EvictionTimer] INFO  c.netflix.eureka.registry.AbstractInstanceRegistry - Running the evict task with compensationTime 1ms
2019-06-17 00:52:42.602 [Eureka-EvictionTimer] INFO  c.netflix.eureka.registry.AbstractInstanceRegistry - Running the evict task with compensationTime 0ms
2019-06-17 00:52:52.603 [Eureka-EvictionTimer] INFO  c.netflix.eureka.registry.AbstractInstanceRegistry - Running the evict task with compensationTime 1ms
2019-06-17 00:53:02.608 [Eureka-EvictionTimer] INFO  c.netflix.eureka.registry.AbstractInstanceRegistry - Running the evict task with compensationTime 4ms
2019-06-17 00:53:12.609 [Eureka-EvictionTimer] INFO  c.netflix.eureka.registry.AbstractInstanceRegistry - Running the evict task with compensationTime 1ms
2019-06-17 00:53:22.610 [Eureka-EvictionTimer] INFO  c.netflix.eureka.registry.AbstractInstanceRegistry - Running the evict task with compensationTime 1ms
2019-06-17 00:53:32.618 [Eureka-EvictionTimer] INFO  c.netflix.eureka.registry.AbstractInstanceRegistry - Running the evict task with compensationTime 7ms
2019-06-17 00:53:42.618 [Eureka-EvictionTimer] INFO  c.netflix.eureka.registry.AbstractInstanceRegistry - Running the evict task with compensationTime 0ms
2019-06-17 00:53:50.182 [ReplicaAwareInstanceRegistry - RenewalThresholdUpdater] INFO  c.n.eureka.registry.PeerAwareInstanceRegistryImpl - Current renewal threshold is : 3
2019-06-17 00:53:52.619 [Eureka-EvictionTimer] INFO  c.netflix.eureka.registry.AbstractInstanceRegistry - Running the evict task with compensationTime 0ms
2019-06-17 00:54:02.619 [Eureka-EvictionTimer] INFO  c.netflix.eureka.registry.AbstractInstanceRegistry - Running the evict task with compensationTime 0ms
2019-06-17 00:54:12.620 [Eureka-EvictionTimer] INFO  c.netflix.eureka.registry.AbstractInstanceRegistry - Running the evict task with compensationTime 0ms
2019-06-17 00:54:22.630 [Eureka-EvictionTimer] INFO  c.netflix.eureka.registry.AbstractInstanceRegistry - Running the evict task with compensationTime 10ms
2019-06-17 00:54:32.632 [Eureka-EvictionTimer] INFO  c.netflix.eureka.registry.AbstractInstanceRegistry - Running the evict task with compensationTime 1ms
2019-06-17 00:54:42.634 [Eureka-EvictionTimer] INFO  c.netflix.eureka.registry.AbstractInstanceRegistry - Running the evict task with compensationTime 2ms
2019-06-17 00:54:52.634 [Eureka-EvictionTimer] INFO  c.netflix.eureka.registry.AbstractInstanceRegistry - Running the evict task with compensationTime 0ms
2019-06-17 00:55:02.637 [Eureka-EvictionTimer] INFO  c.netflix.eureka.registry.AbstractInstanceRegistry - Running the evict task with compensationTime 2ms
2019-06-17 00:55:12.638 [Eureka-EvictionTimer] INFO  c.netflix.eureka.registry.AbstractInstanceRegistry - Running the evict task with compensationTime 0ms
2019-06-17 00:55:22.638 [Eureka-EvictionTimer] INFO  c.netflix.eureka.registry.AbstractInstanceRegistry - Running the evict task with compensationTime 0ms
2019-06-17 00:55:32.641 [Eureka-EvictionTimer] INFO  c.netflix.eureka.registry.AbstractInstanceRegistry - Running the evict task with compensationTime 2ms
2019-06-17 00:55:42.641 [Eureka-EvictionTimer] INFO  c.netflix.eureka.registry.AbstractInstanceRegistry - Running the evict task with compensationTime 0ms
2019-06-17 00:55:52.642 [Eureka-EvictionTimer] INFO  c.netflix.eureka.registry.AbstractInstanceRegistry - Running the evict task with compensationTime 0ms
2019-06-17 00:56:02.654 [Eureka-EvictionTimer] INFO  c.netflix.eureka.registry.AbstractInstanceRegistry - Running the evict task with compensationTime 12ms
2019-06-17 00:56:12.666 [Eureka-EvictionTimer] INFO  c.netflix.eureka.registry.AbstractInstanceRegistry - Running the evict task with compensationTime 11ms
2019-06-17 00:56:22.666 [Eureka-EvictionTimer] INFO  c.netflix.eureka.registry.AbstractInstanceRegistry - Running the evict task with compensationTime 0ms
2019-06-17 00:56:32.667 [Eureka-EvictionTimer] INFO  c.netflix.eureka.registry.AbstractInstanceRegistry - Running the evict task with compensationTime 0ms
2019-06-17 00:56:42.667 [Eureka-EvictionTimer] INFO  c.netflix.eureka.registry.AbstractInstanceRegistry - Running the evict task with compensationTime 0ms
2019-06-17 00:56:52.667 [Eureka-EvictionTimer] INFO  c.netflix.eureka.registry.AbstractInstanceRegistry - Running the evict task with compensationTime 0ms
2019-06-17 00:57:02.671 [Eureka-EvictionTimer] INFO  c.netflix.eureka.registry.AbstractInstanceRegistry - Running the evict task with compensationTime 3ms
2019-06-17 00:57:12.671 [Eureka-EvictionTimer] INFO  c.netflix.eureka.registry.AbstractInstanceRegistry - Running the evict task with compensationTime 0ms
2019-06-17 00:57:22.675 [Eureka-EvictionTimer] INFO  c.netflix.eureka.registry.AbstractInstanceRegistry - Running the evict task with compensationTime 3ms
2019-06-17 00:57:32.675 [Eureka-EvictionTimer] INFO  c.netflix.eureka.registry.AbstractInstanceRegistry - Running the evict task with compensationTime 0ms
2019-06-17 00:57:42.675 [Eureka-EvictionTimer] INFO  c.netflix.eureka.registry.AbstractInstanceRegistry - Running the evict task with compensationTime 0ms
2019-06-17 00:57:52.676 [Eureka-EvictionTimer] INFO  c.netflix.eureka.registry.AbstractInstanceRegistry - Running the evict task with compensationTime 0ms
2019-06-17 00:58:02.676 [Eureka-EvictionTimer] INFO  c.netflix.eureka.registry.AbstractInstanceRegistry - Running the evict task with compensationTime 0ms
2019-06-17 00:58:12.677 [Eureka-EvictionTimer] INFO  c.netflix.eureka.registry.AbstractInstanceRegistry - Running the evict task with compensationTime 0ms
2019-06-17 00:58:22.678 [Eureka-EvictionTimer] INFO  c.netflix.eureka.registry.AbstractInstanceRegistry - Running the evict task with compensationTime 0ms
2019-06-17 00:58:32.678 [Eureka-EvictionTimer] INFO  c.netflix.eureka.registry.AbstractInstanceRegistry - Running the evict task with compensationTime 0ms
2019-06-17 00:58:42.679 [Eureka-EvictionTimer] INFO  c.netflix.eureka.registry.AbstractInstanceRegistry - Running the evict task with compensationTime 0ms
2019-06-17 00:58:52.679 [Eureka-EvictionTimer] INFO  c.netflix.eureka.registry.AbstractInstanceRegistry - Running the evict task with compensationTime 0ms
2019-06-17 00:59:02.680 [Eureka-EvictionTimer] INFO  c.netflix.eureka.registry.AbstractInstanceRegistry - Running the evict task with compensationTime 1ms
2019-06-17 00:59:12.681 [Eureka-EvictionTimer] INFO  c.netflix.eureka.registry.AbstractInstanceRegistry - Running the evict task with compensationTime 0ms
2019-06-17 00:59:22.681 [Eureka-EvictionTimer] INFO  c.netflix.eureka.registry.AbstractInstanceRegistry - Running the evict task with compensationTime 0ms
2019-06-17 00:59:32.681 [Eureka-EvictionTimer] INFO  c.netflix.eureka.registry.AbstractInstanceRegistry - Running the evict task with compensationTime 0ms
2019-06-17 00:59:42.682 [Eureka-EvictionTimer] INFO  c.netflix.eureka.registry.AbstractInstanceRegistry - Running the evict task with compensationTime 0ms
2019-06-17 00:59:52.683 [Eureka-EvictionTimer] INFO  c.netflix.eureka.registry.AbstractInstanceRegistry - Running the evict task with compensationTime 0ms
2019-06-17 01:00:02.683 [Eureka-EvictionTimer] INFO  c.netflix.eureka.registry.AbstractInstanceRegistry - Running the evict task with compensationTime 0ms
2019-06-17 01:00:12.683 [Eureka-EvictionTimer] INFO  c.netflix.eureka.registry.AbstractInstanceRegistry - Running the evict task with compensationTime 0ms
2019-06-17 01:00:22.684 [Eureka-EvictionTimer] INFO  c.netflix.eureka.registry.AbstractInstanceRegistry - Running the evict task with compensationTime 0ms
2019-06-17 01:00:32.684 [Eureka-EvictionTimer] INFO  c.netflix.eureka.registry.AbstractInstanceRegistry - Running the evict task with compensationTime 0ms
2019-06-17 01:00:42.685 [Eureka-EvictionTimer] INFO  c.netflix.eureka.registry.AbstractInstanceRegistry - Running the evict task with compensationTime 0ms
2019-06-17 01:00:52.687 [Eureka-EvictionTimer] INFO  c.netflix.eureka.registry.AbstractInstanceRegistry - Running the evict task with compensationTime 2ms
2019-06-17 01:01:02.687 [Eureka-EvictionTimer] INFO  c.netflix.eureka.registry.AbstractInstanceRegistry - Running the evict task with compensationTime 0ms
2019-06-17 01:01:12.688 [Eureka-EvictionTimer] INFO  c.netflix.eureka.registry.AbstractInstanceRegistry - Running the evict task with compensationTime 0ms
2019-06-17 01:01:22.688 [Eureka-EvictionTimer] INFO  c.netflix.eureka.registry.AbstractInstanceRegistry - Running the evict task with compensationTime 0ms
2019-06-17 01:01:32.688 [Eureka-EvictionTimer] INFO  c.netflix.eureka.registry.AbstractInstanceRegistry - Running the evict task with compensationTime 0ms
2019-06-17 01:01:42.689 [Eureka-EvictionTimer] INFO  c.netflix.eureka.registry.AbstractInstanceRegistry - Running the evict task with compensationTime 0ms
2019-06-17 01:01:52.690 [Eureka-EvictionTimer] INFO  c.netflix.eureka.registry.AbstractInstanceRegistry - Running the evict task with compensationTime 1ms
2019-06-17 01:02:02.691 [Eureka-EvictionTimer] INFO  c.netflix.eureka.registry.AbstractInstanceRegistry - Running the evict task with compensationTime 0ms
2019-06-17 01:02:12.691 [Eureka-EvictionTimer] INFO  c.netflix.eureka.registry.AbstractInstanceRegistry - Running the evict task with compensationTime 0ms
2019-06-17 01:02:22.691 [Eureka-EvictionTimer] INFO  c.netflix.eureka.registry.AbstractInstanceRegistry - Running the evict task with compensationTime 0ms
2019-06-17 01:02:32.692 [Eureka-EvictionTimer] INFO  c.netflix.eureka.registry.AbstractInstanceRegistry - Running the evict task with compensationTime 0ms
2019-06-17 01:02:42.692 [Eureka-EvictionTimer] INFO  c.netflix.eureka.registry.AbstractInstanceRegistry - Running the evict task with compensationTime 0ms
2019-06-17 01:02:52.694 [Eureka-EvictionTimer] INFO  c.netflix.eureka.registry.AbstractInstanceRegistry - Running the evict task with compensationTime 1ms
