2019-08-24 15:02:07.970 [main] INFO  o.s.c.s.PostProcessorRegistrationDelegate$BeanPostProcessorChecker - Bean 'org.springframework.cloud.autoconfigure.ConfigurationPropertiesRebinderAutoConfiguration' of type [org.springframework.cloud.autoconfigure.ConfigurationPropertiesRebinderAutoConfiguration$$EnhancerBySpringCGLIB$$ed407d81] is not eligible for getting processed by all BeanPostProcessors (for example: not eligible for auto-proxying)
2019-08-24 15:02:08.282 [main] INFO  com.sieyuan.auth.AuthApplication - No active profile set, falling back to default profiles: default
2019-08-24 15:02:09.298 [main] INFO  o.springframework.cloud.context.scope.GenericScope - BeanFactory id=9f41f969-787f-39ea-9872-0cf9daa5544a
2019-08-24 15:02:09.376 [main] INFO  o.s.c.s.PostProcessorRegistrationDelegate$BeanPostProcessorChecker - Bean 'org.springframework.transaction.annotation.ProxyTransactionManagementConfiguration' of type [org.springframework.transaction.annotation.ProxyTransactionManagementConfiguration$$EnhancerBySpringCGLIB$$d1267a84] is not eligible for getting processed by all BeanPostProcessors (for example: not eligible for auto-proxying)
2019-08-24 15:02:09.407 [main] INFO  o.s.c.s.PostProcessorRegistrationDelegate$BeanPostProcessorChecker - Bean 'org.springframework.security.config.annotation.configuration.ObjectPostProcessorConfiguration' of type [org.springframework.security.config.annotation.configuration.ObjectPostProcessorConfiguration$$EnhancerBySpringCGLIB$$69d442be] is not eligible for getting processed by all BeanPostProcessors (for example: not eligible for auto-proxying)
2019-08-24 15:02:09.407 [main] INFO  o.s.c.s.PostProcessorRegistrationDelegate$BeanPostProcessorChecker - Bean 'objectPostProcessor' of type [org.springframework.security.config.annotation.configuration.AutowireBeanFactoryObjectPostProcessor] is not eligible for getting processed by all BeanPostProcessors (for example: not eligible for auto-proxying)
2019-08-24 15:02:09.407 [main] INFO  o.s.c.s.PostProcessorRegistrationDelegate$BeanPostProcessorChecker - Bean 'org.springframework.security.access.expression.method.DefaultMethodSecurityExpressionHandler@3f0d6038' of type [org.springframework.security.oauth2.provider.expression.OAuth2MethodSecurityExpressionHandler] is not eligible for getting processed by all BeanPostProcessors (for example: not eligible for auto-proxying)
2019-08-24 15:02:09.407 [main] INFO  o.s.c.s.PostProcessorRegistrationDelegate$BeanPostProcessorChecker - Bean 'org.springframework.security.config.annotation.method.configuration.GlobalMethodSecurityConfiguration' of type [org.springframework.security.config.annotation.method.configuration.GlobalMethodSecurityConfiguration$$EnhancerBySpringCGLIB$$8ea8e570] is not eligible for getting processed by all BeanPostProcessors (for example: not eligible for auto-proxying)
2019-08-24 15:02:09.423 [main] INFO  o.s.c.s.PostProcessorRegistrationDelegate$BeanPostProcessorChecker - Bean 'methodSecurityMetadataSource' of type [org.springframework.security.access.method.DelegatingMethodSecurityMetadataSource] is not eligible for getting processed by all BeanPostProcessors (for example: not eligible for auto-proxying)
2019-08-24 15:02:09.423 [main] INFO  o.s.c.s.PostProcessorRegistrationDelegate$BeanPostProcessorChecker - Bean 'org.springframework.cloud.autoconfigure.ConfigurationPropertiesRebinderAutoConfiguration' of type [org.springframework.cloud.autoconfigure.ConfigurationPropertiesRebinderAutoConfiguration$$EnhancerBySpringCGLIB$$ed407d81] is not eligible for getting processed by all BeanPostProcessors (for example: not eligible for auto-proxying)
2019-08-24 15:02:09.735 [main] INFO  o.s.boot.web.embedded.tomcat.TomcatWebServer - Tomcat initialized with port(s): 9025 (http)
2019-08-24 15:02:09.751 [main] INFO  org.apache.coyote.http11.Http11NioProtocol - Initializing ProtocolHandler ["http-nio-9025"]
2019-08-24 15:02:09.751 [main] INFO  org.apache.catalina.core.StandardService - Starting service [Tomcat]
2019-08-24 15:02:09.751 [main] INFO  org.apache.catalina.core.StandardEngine - Starting Servlet engine: [Apache Tomcat/9.0.19]
2019-08-24 15:02:09.751 [main] INFO  org.apache.catalina.core.AprLifecycleListener - Loaded APR based Apache Tomcat Native library [1.2.21] using APR version [1.6.5].
2019-08-24 15:02:09.751 [main] INFO  org.apache.catalina.core.AprLifecycleListener - APR capabilities: IPv6 [true], sendfile [true], accept filters [false], random [true].
2019-08-24 15:02:09.751 [main] INFO  org.apache.catalina.core.AprLifecycleListener - APR/OpenSSL configuration: useAprConnector [false], useOpenSSL [true]
2019-08-24 15:02:09.767 [main] INFO  org.apache.catalina.core.AprLifecycleListener - OpenSSL successfully initialized [OpenSSL 1.1.1a  20 Nov 2018]
2019-08-24 15:02:09.907 [main] INFO  o.a.c.core.ContainerBase.[Tomcat].[localhost].[/] - Initializing Spring embedded WebApplicationContext
2019-08-24 15:02:09.907 [main] INFO  org.springframework.web.context.ContextLoader - Root WebApplicationContext: initialization completed in 1609 ms
2019-08-24 15:02:10.110 [main] INFO  com.netflix.config.sources.URLConfigurationSource - To enable URLs as dynamic configuration sources, define System property archaius.configurationSource.additionalUrls or make config.properties available on classpath.
2019-08-24 15:02:10.126 [main] INFO  com.netflix.config.DynamicPropertyFactory - DynamicPropertyFactory is initialized with configuration sources: com.netflix.config.ConcurrentCompositeConfiguration@10a98392
2019-08-24 15:02:11.422 [main] INFO  o.s.security.web.DefaultSecurityFilterChain - Creating filter chain: OrRequestMatcher [requestMatchers=[Ant [pattern='/oauth/token'], Ant [pattern='/oauth/token_key'], Ant [pattern='/oauth/check_token']]], [org.springframework.security.web.context.request.async.WebAsyncManagerIntegrationFilter@60dc1a4e, org.springframework.security.web.context.SecurityContextPersistenceFilter@7fd4e815, org.springframework.security.web.header.HeaderWriterFilter@2de9ca6, org.springframework.security.web.authentication.logout.LogoutFilter@7f5fcfe9, org.springframework.security.web.authentication.www.BasicAuthenticationFilter@6221b13b, org.springframework.security.web.savedrequest.RequestCacheAwareFilter@20cdb152, org.springframework.security.web.servletapi.SecurityContextHolderAwareRequestFilter@457a5b2d, org.springframework.security.web.authentication.AnonymousAuthenticationFilter@646427f7, org.springframework.security.web.session.SessionManagementFilter@2eda2062, org.springframework.security.web.access.ExceptionTranslationFilter@73608eb0, org.springframework.security.web.access.intercept.FilterSecurityInterceptor@149274cb]
2019-08-24 15:02:11.422 [main] INFO  o.s.security.web.DefaultSecurityFilterChain - Creating filter chain: any request, [org.springframework.security.web.context.request.async.WebAsyncManagerIntegrationFilter@670342a2, org.springframework.security.web.context.SecurityContextPersistenceFilter@74960e9d, org.springframework.security.web.header.HeaderWriterFilter@5d124d29, org.springframework.security.web.authentication.logout.LogoutFilter@73893ec1, org.springframework.security.web.authentication.www.BasicAuthenticationFilter@2fc49538, org.springframework.security.web.savedrequest.RequestCacheAwareFilter@4001d8c1, org.springframework.security.web.servletapi.SecurityContextHolderAwareRequestFilter@fb5aeed, org.springframework.security.web.authentication.AnonymousAuthenticationFilter@d5e575c, org.springframework.security.web.session.SessionManagementFilter@3c88191b, org.springframework.security.web.access.ExceptionTranslationFilter@423ed3b5, org.springframework.security.web.access.intercept.FilterSecurityInterceptor@61037caf]
2019-08-24 15:02:11.438 [main] INFO  com.netflix.config.sources.URLConfigurationSource - To enable URLs as dynamic configuration sources, define System property archaius.configurationSource.additionalUrls or make config.properties available on classpath.
2019-08-24 15:02:11.610 [main] INFO  o.s.scheduling.concurrent.ThreadPoolTaskExecutor - Initializing ExecutorService 'applicationTaskExecutor'
2019-08-24 15:02:11.985 [main] INFO  o.s.b.actuate.endpoint.web.EndpointLinksResolver - Exposing 2 endpoint(s) beneath base path '/actuator'
2019-08-24 15:02:12.391 [main] INFO  o.s.cloud.netflix.eureka.InstanceInfoFactory - Setting initial instance status as: STARTING
2019-08-24 15:02:12.422 [main] INFO  com.netflix.discovery.DiscoveryClient - Initializing Eureka in region us-east-1
2019-08-24 15:02:12.719 [main] INFO  c.n.discovery.provider.DiscoveryJerseyProvider - Using JSON encoding codec LegacyJacksonJson
2019-08-24 15:02:12.719 [main] INFO  c.n.discovery.provider.DiscoveryJerseyProvider - Using JSON decoding codec LegacyJacksonJson
2019-08-24 15:02:12.813 [main] INFO  c.n.discovery.provider.DiscoveryJerseyProvider - Using XML encoding codec XStreamXml
2019-08-24 15:02:12.813 [main] INFO  c.n.discovery.provider.DiscoveryJerseyProvider - Using XML decoding codec XStreamXml
2019-08-24 15:02:12.922 [main] INFO  c.n.d.shared.resolver.aws.ConfigClusterResolver - Resolving eureka endpoints via configuration
2019-08-24 15:02:13.078 [main] INFO  com.netflix.discovery.DiscoveryClient - Disable delta property : false
2019-08-24 15:02:13.078 [main] INFO  com.netflix.discovery.DiscoveryClient - Single vip registry refresh property : null
2019-08-24 15:02:13.078 [main] INFO  com.netflix.discovery.DiscoveryClient - Force full registry fetch : false
2019-08-24 15:02:13.078 [main] INFO  com.netflix.discovery.DiscoveryClient - Application is null : false
2019-08-24 15:02:13.078 [main] INFO  com.netflix.discovery.DiscoveryClient - Registered Applications size is zero : true
2019-08-24 15:02:13.078 [main] INFO  com.netflix.discovery.DiscoveryClient - Application version is -1: true
2019-08-24 15:02:13.078 [main] INFO  com.netflix.discovery.DiscoveryClient - Getting all instance registry info from the eureka server
2019-08-24 15:02:15.218 [main] INFO  com.netflix.discovery.DiscoveryClient - Starting heartbeat executor: renew interval is: 30
2019-08-24 15:02:15.218 [main] INFO  com.netflix.discovery.InstanceInfoReplicator - InstanceInfoReplicator onDemand update allowed rate per min is 4
2019-08-24 15:02:15.218 [main] INFO  com.netflix.discovery.DiscoveryClient - Discovery Client initialized at timestamp 1566630135218 with initial instances count: 0
2019-08-24 15:02:15.218 [main] INFO  o.s.c.n.e.serviceregistry.EurekaServiceRegistry - Registering application AUTH-SERVICE with eureka with status UP
2019-08-24 15:02:15.218 [main] INFO  com.netflix.discovery.DiscoveryClient - Saw local status change event StatusChangeEvent [timestamp=1566630135218, current=UP, previous=STARTING]
2019-08-24 15:02:15.218 [DiscoveryClient-InstanceInfoReplicator-0] INFO  com.netflix.discovery.DiscoveryClient - DiscoveryClient_AUTH-SERVICE/192.168.137.1:9025: registering service...
2019-08-24 15:02:15.250 [main] INFO  org.apache.coyote.http11.Http11NioProtocol - Starting ProtocolHandler ["http-nio-9025"]
2019-08-24 15:02:15.265 [main] INFO  o.s.boot.web.embedded.tomcat.TomcatWebServer - Tomcat started on port(s): 9025 (http) with context path ''
2019-08-24 15:02:15.265 [main] INFO  o.s.c.n.e.s.EurekaAutoServiceRegistration - Updating port to 9025
2019-08-24 15:02:15.265 [main] INFO  com.sieyuan.auth.AuthApplication - Started AuthApplication in 8.545 seconds (JVM running for 10.195)
2019-08-24 15:02:15.593 [RMI TCP Connection(2)-127.0.0.1] INFO  com.zaxxer.hikari.HikariDataSource - HikariPool-1 - Starting...
2019-08-24 15:02:15.593 [RMI TCP Connection(4)-127.0.0.1] INFO  o.a.c.core.ContainerBase.[Tomcat].[localhost].[/] - Initializing Spring DispatcherServlet 'dispatcherServlet'
2019-08-24 15:02:15.593 [RMI TCP Connection(4)-127.0.0.1] INFO  org.springframework.web.servlet.DispatcherServlet - Initializing Servlet 'dispatcherServlet'
2019-08-24 15:02:15.609 [RMI TCP Connection(4)-127.0.0.1] INFO  org.springframework.web.servlet.DispatcherServlet - Completed initialization in 16 ms
2019-08-24 15:02:15.765 [RMI TCP Connection(2)-127.0.0.1] INFO  com.zaxxer.hikari.HikariDataSource - HikariPool-1 - Start completed.
2019-08-24 15:02:45.224 [DiscoveryClient-CacheRefreshExecutor-0] INFO  com.netflix.discovery.DiscoveryClient - Disable delta property : false
2019-08-24 15:02:45.224 [DiscoveryClient-CacheRefreshExecutor-0] INFO  com.netflix.discovery.DiscoveryClient - Single vip registry refresh property : null
2019-08-24 15:02:45.224 [DiscoveryClient-CacheRefreshExecutor-0] INFO  com.netflix.discovery.DiscoveryClient - Force full registry fetch : false
2019-08-24 15:02:45.224 [DiscoveryClient-CacheRefreshExecutor-0] INFO  com.netflix.discovery.DiscoveryClient - Application is null : false
2019-08-24 15:02:45.224 [DiscoveryClient-CacheRefreshExecutor-0] INFO  com.netflix.discovery.DiscoveryClient - Registered Applications size is zero : true
2019-08-24 15:02:45.224 [DiscoveryClient-CacheRefreshExecutor-0] INFO  com.netflix.discovery.DiscoveryClient - Application version is -1: true
2019-08-24 15:02:45.224 [DiscoveryClient-CacheRefreshExecutor-0] INFO  com.netflix.discovery.DiscoveryClient - Getting all instance registry info from the eureka server
2019-08-24 15:02:47.341 [DiscoveryClient-InstanceInfoReplicator-0] INFO  com.netflix.discovery.DiscoveryClient - DiscoveryClient_AUTH-SERVICE/192.168.137.1:9025: registering service...
2019-08-24 15:03:17.288 [DiscoveryClient-CacheRefreshExecutor-0] INFO  com.netflix.discovery.DiscoveryClient - Disable delta property : false
2019-08-24 15:03:17.288 [DiscoveryClient-CacheRefreshExecutor-0] INFO  com.netflix.discovery.DiscoveryClient - Single vip registry refresh property : null
2019-08-24 15:03:17.288 [DiscoveryClient-CacheRefreshExecutor-0] INFO  com.netflix.discovery.DiscoveryClient - Force full registry fetch : false
2019-08-24 15:03:17.288 [DiscoveryClient-CacheRefreshExecutor-0] INFO  com.netflix.discovery.DiscoveryClient - Application is null : false
2019-08-24 15:03:17.288 [DiscoveryClient-CacheRefreshExecutor-0] INFO  com.netflix.discovery.DiscoveryClient - Registered Applications size is zero : true
2019-08-24 15:03:17.288 [DiscoveryClient-CacheRefreshExecutor-0] INFO  com.netflix.discovery.DiscoveryClient - Application version is -1: true
2019-08-24 15:03:17.288 [DiscoveryClient-CacheRefreshExecutor-0] INFO  com.netflix.discovery.DiscoveryClient - Getting all instance registry info from the eureka server
2019-08-24 15:03:17.428 [DiscoveryClient-HeartbeatExecutor-0] INFO  com.netflix.discovery.DiscoveryClient - DiscoveryClient_AUTH-SERVICE/192.168.137.1:9025 - Re-registering apps/AUTH-SERVICE
2019-08-24 15:03:17.428 [DiscoveryClient-HeartbeatExecutor-0] INFO  com.netflix.discovery.DiscoveryClient - DiscoveryClient_AUTH-SERVICE/192.168.137.1:9025: registering service...
2019-08-24 15:03:17.600 [DiscoveryClient-CacheRefreshExecutor-0] INFO  com.netflix.discovery.DiscoveryClient - The response status is 200
2019-08-24 15:03:17.678 [DiscoveryClient-HeartbeatExecutor-0] INFO  com.netflix.discovery.DiscoveryClient - DiscoveryClient_AUTH-SERVICE/192.168.137.1:9025 - registration status: 204
2019-08-24 15:03:47.609 [DiscoveryClient-CacheRefreshExecutor-0] INFO  com.netflix.discovery.DiscoveryClient - Disable delta property : false
2019-08-24 15:03:47.609 [DiscoveryClient-CacheRefreshExecutor-0] INFO  com.netflix.discovery.DiscoveryClient - Single vip registry refresh property : null
2019-08-24 15:03:47.609 [DiscoveryClient-CacheRefreshExecutor-0] INFO  com.netflix.discovery.DiscoveryClient - Force full registry fetch : false
2019-08-24 15:03:47.609 [DiscoveryClient-CacheRefreshExecutor-0] INFO  com.netflix.discovery.DiscoveryClient - Application is null : false
2019-08-24 15:03:47.609 [DiscoveryClient-CacheRefreshExecutor-0] INFO  com.netflix.discovery.DiscoveryClient - Registered Applications size is zero : true
2019-08-24 15:03:47.609 [DiscoveryClient-CacheRefreshExecutor-0] INFO  com.netflix.discovery.DiscoveryClient - Application version is -1: false
2019-08-24 15:03:47.609 [DiscoveryClient-CacheRefreshExecutor-0] INFO  com.netflix.discovery.DiscoveryClient - Getting all instance registry info from the eureka server
2019-08-24 15:03:47.655 [DiscoveryClient-CacheRefreshExecutor-0] INFO  com.netflix.discovery.DiscoveryClient - The response status is 200
2019-08-24 15:04:33.565 [main] INFO  o.s.c.s.PostProcessorRegistrationDelegate$BeanPostProcessorChecker - Bean 'org.springframework.cloud.autoconfigure.ConfigurationPropertiesRebinderAutoConfiguration' of type [org.springframework.cloud.autoconfigure.ConfigurationPropertiesRebinderAutoConfiguration$$EnhancerBySpringCGLIB$$9c3fee6c] is not eligible for getting processed by all BeanPostProcessors (for example: not eligible for auto-proxying)
2019-08-24 15:04:33.846 [main] INFO  com.sieyuan.auth.AuthApplication - No active profile set, falling back to default profiles: default
2019-08-24 15:04:34.721 [main] INFO  o.springframework.cloud.context.scope.GenericScope - BeanFactory id=9f41f969-787f-39ea-9872-0cf9daa5544a
2019-08-24 15:04:34.799 [main] INFO  o.s.c.s.PostProcessorRegistrationDelegate$BeanPostProcessorChecker - Bean 'org.springframework.transaction.annotation.ProxyTransactionManagementConfiguration' of type [org.springframework.transaction.annotation.ProxyTransactionManagementConfiguration$$EnhancerBySpringCGLIB$$8025eb6f] is not eligible for getting processed by all BeanPostProcessors (for example: not eligible for auto-proxying)
2019-08-24 15:04:34.815 [main] INFO  o.s.c.s.PostProcessorRegistrationDelegate$BeanPostProcessorChecker - Bean 'org.springframework.security.config.annotation.configuration.ObjectPostProcessorConfiguration' of type [org.springframework.security.config.annotation.configuration.ObjectPostProcessorConfiguration$$EnhancerBySpringCGLIB$$18d3b3a9] is not eligible for getting processed by all BeanPostProcessors (for example: not eligible for auto-proxying)
2019-08-24 15:04:34.830 [main] INFO  o.s.c.s.PostProcessorRegistrationDelegate$BeanPostProcessorChecker - Bean 'objectPostProcessor' of type [org.springframework.security.config.annotation.configuration.AutowireBeanFactoryObjectPostProcessor] is not eligible for getting processed by all BeanPostProcessors (for example: not eligible for auto-proxying)
2019-08-24 15:04:34.830 [main] INFO  o.s.c.s.PostProcessorRegistrationDelegate$BeanPostProcessorChecker - Bean 'org.springframework.security.access.expression.method.DefaultMethodSecurityExpressionHandler@68b9834c' of type [org.springframework.security.oauth2.provider.expression.OAuth2MethodSecurityExpressionHandler] is not eligible for getting processed by all BeanPostProcessors (for example: not eligible for auto-proxying)
2019-08-24 15:04:34.830 [main] INFO  o.s.c.s.PostProcessorRegistrationDelegate$BeanPostProcessorChecker - Bean 'org.springframework.security.config.annotation.method.configuration.GlobalMethodSecurityConfiguration' of type [org.springframework.security.config.annotation.method.configuration.GlobalMethodSecurityConfiguration$$EnhancerBySpringCGLIB$$3da8565b] is not eligible for getting processed by all BeanPostProcessors (for example: not eligible for auto-proxying)
2019-08-24 15:04:34.830 [main] INFO  o.s.c.s.PostProcessorRegistrationDelegate$BeanPostProcessorChecker - Bean 'methodSecurityMetadataSource' of type [org.springframework.security.access.method.DelegatingMethodSecurityMetadataSource] is not eligible for getting processed by all BeanPostProcessors (for example: not eligible for auto-proxying)
2019-08-24 15:04:34.846 [main] INFO  o.s.c.s.PostProcessorRegistrationDelegate$BeanPostProcessorChecker - Bean 'org.springframework.cloud.autoconfigure.ConfigurationPropertiesRebinderAutoConfiguration' of type [org.springframework.cloud.autoconfigure.ConfigurationPropertiesRebinderAutoConfiguration$$EnhancerBySpringCGLIB$$9c3fee6c] is not eligible for getting processed by all BeanPostProcessors (for example: not eligible for auto-proxying)
2019-08-24 15:04:35.049 [main] INFO  o.s.boot.web.embedded.tomcat.TomcatWebServer - Tomcat initialized with port(s): 9025 (http)
2019-08-24 15:04:35.064 [main] INFO  org.apache.coyote.http11.Http11NioProtocol - Initializing ProtocolHandler ["http-nio-9025"]
2019-08-24 15:04:35.064 [main] INFO  org.apache.catalina.core.StandardService - Starting service [Tomcat]
2019-08-24 15:04:35.064 [main] INFO  org.apache.catalina.core.StandardEngine - Starting Servlet engine: [Apache Tomcat/9.0.19]
2019-08-24 15:04:35.080 [main] INFO  org.apache.catalina.core.AprLifecycleListener - Loaded APR based Apache Tomcat Native library [1.2.21] using APR version [1.6.5].
2019-08-24 15:04:35.080 [main] INFO  org.apache.catalina.core.AprLifecycleListener - APR capabilities: IPv6 [true], sendfile [true], accept filters [false], random [true].
2019-08-24 15:04:35.080 [main] INFO  org.apache.catalina.core.AprLifecycleListener - APR/OpenSSL configuration: useAprConnector [false], useOpenSSL [true]
2019-08-24 15:04:35.080 [main] INFO  org.apache.catalina.core.AprLifecycleListener - OpenSSL successfully initialized [OpenSSL 1.1.1a  20 Nov 2018]
2019-08-24 15:04:35.236 [main] INFO  o.a.c.core.ContainerBase.[Tomcat].[localhost].[/] - Initializing Spring embedded WebApplicationContext
2019-08-24 15:04:35.236 [main] INFO  org.springframework.web.context.ContextLoader - Root WebApplicationContext: initialization completed in 1374 ms
2019-08-24 15:04:35.408 [main] INFO  com.netflix.config.sources.URLConfigurationSource - To enable URLs as dynamic configuration sources, define System property archaius.configurationSource.additionalUrls or make config.properties available on classpath.
2019-08-24 15:04:35.408 [main] INFO  com.netflix.config.DynamicPropertyFactory - DynamicPropertyFactory is initialized with configuration sources: com.netflix.config.ConcurrentCompositeConfiguration@76a805b7
2019-08-24 15:04:36.517 [main] INFO  o.s.security.web.DefaultSecurityFilterChain - Creating filter chain: OrRequestMatcher [requestMatchers=[Ant [pattern='/oauth/token'], Ant [pattern='/oauth/token_key'], Ant [pattern='/oauth/check_token']]], [org.springframework.security.web.context.request.async.WebAsyncManagerIntegrationFilter@670342a2, org.springframework.security.web.context.SecurityContextPersistenceFilter@7c11d32, org.springframework.security.web.header.HeaderWriterFilter@243bf087, org.springframework.security.web.authentication.logout.LogoutFilter@195113de, org.springframework.security.web.authentication.www.BasicAuthenticationFilter@73893ec1, org.springframework.security.web.savedrequest.RequestCacheAwareFilter@58278366, org.springframework.security.web.servletapi.SecurityContextHolderAwareRequestFilter@616a06e3, org.springframework.security.web.authentication.AnonymousAuthenticationFilter@d5e575c, org.springframework.security.web.session.SessionManagementFilter@6282b9f5, org.springframework.security.web.access.ExceptionTranslationFilter@5fffb692, org.springframework.security.web.access.intercept.FilterSecurityInterceptor@7d9c45ee]
2019-08-24 15:04:36.517 [main] INFO  o.s.security.web.DefaultSecurityFilterChain - Creating filter chain: any request, [org.springframework.security.web.context.request.async.WebAsyncManagerIntegrationFilter@4e4162bc, org.springframework.security.web.context.SecurityContextPersistenceFilter@6aa5974e, org.springframework.security.web.header.HeaderWriterFilter@619c93ca, org.springframework.security.web.authentication.logout.LogoutFilter@67e0fd6d, org.springframework.security.web.authentication.www.BasicAuthenticationFilter@13213f26, org.springframework.security.web.savedrequest.RequestCacheAwareFilter@5e5ddfbc, org.springframework.security.web.servletapi.SecurityContextHolderAwareRequestFilter@5bda157e, org.springframework.security.web.authentication.AnonymousAuthenticationFilter@4c319d52, org.springframework.security.web.session.SessionManagementFilter@486e9d1d, org.springframework.security.web.access.ExceptionTranslationFilter@3b41e1bf, org.springframework.security.web.access.intercept.FilterSecurityInterceptor@7a388990]
2019-08-24 15:04:36.533 [main] INFO  com.netflix.config.sources.URLConfigurationSource - To enable URLs as dynamic configuration sources, define System property archaius.configurationSource.additionalUrls or make config.properties available on classpath.
2019-08-24 15:04:36.674 [main] INFO  o.s.scheduling.concurrent.ThreadPoolTaskExecutor - Initializing ExecutorService 'applicationTaskExecutor'
2019-08-24 15:04:37.033 [main] INFO  o.s.b.actuate.endpoint.web.EndpointLinksResolver - Exposing 2 endpoint(s) beneath base path '/actuator'
2019-08-24 15:04:37.423 [main] INFO  o.s.cloud.netflix.eureka.InstanceInfoFactory - Setting initial instance status as: STARTING
2019-08-24 15:04:37.439 [main] INFO  com.netflix.discovery.DiscoveryClient - Initializing Eureka in region us-east-1
2019-08-24 15:04:37.704 [main] INFO  c.n.discovery.provider.DiscoveryJerseyProvider - Using JSON encoding codec LegacyJacksonJson
2019-08-24 15:04:37.704 [main] INFO  c.n.discovery.provider.DiscoveryJerseyProvider - Using JSON decoding codec LegacyJacksonJson
2019-08-24 15:04:37.783 [main] INFO  c.n.discovery.provider.DiscoveryJerseyProvider - Using XML encoding codec XStreamXml
2019-08-24 15:04:37.783 [main] INFO  c.n.discovery.provider.DiscoveryJerseyProvider - Using XML decoding codec XStreamXml
2019-08-24 15:04:37.908 [main] INFO  c.n.d.shared.resolver.aws.ConfigClusterResolver - Resolving eureka endpoints via configuration
2019-08-24 15:04:38.033 [main] INFO  com.netflix.discovery.DiscoveryClient - Disable delta property : false
2019-08-24 15:04:38.033 [main] INFO  com.netflix.discovery.DiscoveryClient - Single vip registry refresh property : null
2019-08-24 15:04:38.033 [main] INFO  com.netflix.discovery.DiscoveryClient - Force full registry fetch : false
2019-08-24 15:04:38.033 [main] INFO  com.netflix.discovery.DiscoveryClient - Application is null : false
2019-08-24 15:04:38.033 [main] INFO  com.netflix.discovery.DiscoveryClient - Registered Applications size is zero : true
2019-08-24 15:04:38.033 [main] INFO  com.netflix.discovery.DiscoveryClient - Application version is -1: true
2019-08-24 15:04:38.033 [main] INFO  com.netflix.discovery.DiscoveryClient - Getting all instance registry info from the eureka server
2019-08-24 15:04:38.158 [main] INFO  com.netflix.discovery.DiscoveryClient - The response status is 200
2019-08-24 15:04:38.158 [main] INFO  com.netflix.discovery.DiscoveryClient - Starting heartbeat executor: renew interval is: 30
2019-08-24 15:04:38.158 [main] INFO  com.netflix.discovery.InstanceInfoReplicator - InstanceInfoReplicator onDemand update allowed rate per min is 4
2019-08-24 15:04:38.158 [main] INFO  com.netflix.discovery.DiscoveryClient - Discovery Client initialized at timestamp 1566630278158 with initial instances count: 1
2019-08-24 15:04:38.158 [main] INFO  o.s.c.n.e.serviceregistry.EurekaServiceRegistry - Registering application AUTH-SERVICE with eureka with status UP
2019-08-24 15:04:38.158 [main] INFO  com.netflix.discovery.DiscoveryClient - Saw local status change event StatusChangeEvent [timestamp=1566630278158, current=UP, previous=STARTING]
2019-08-24 15:04:38.158 [DiscoveryClient-InstanceInfoReplicator-0] INFO  com.netflix.discovery.DiscoveryClient - DiscoveryClient_AUTH-SERVICE/192.168.137.1:9025: registering service...
2019-08-24 15:04:38.173 [main] INFO  org.apache.coyote.http11.Http11NioProtocol - Starting ProtocolHandler ["http-nio-9025"]
2019-08-24 15:04:38.204 [main] INFO  o.s.boot.web.embedded.tomcat.TomcatWebServer - Tomcat started on port(s): 9025 (http) with context path ''
2019-08-24 15:04:38.204 [main] INFO  o.s.c.n.e.s.EurekaAutoServiceRegistration - Updating port to 9025
2019-08-24 15:04:38.204 [main] INFO  com.sieyuan.auth.AuthApplication - Started AuthApplication in 5.623 seconds (JVM running for 6.537)
2019-08-24 15:04:38.204 [DiscoveryClient-InstanceInfoReplicator-0] INFO  com.netflix.discovery.DiscoveryClient - DiscoveryClient_AUTH-SERVICE/192.168.137.1:9025 - registration status: 204
2019-08-24 15:04:38.579 [RMI TCP Connection(2)-127.0.0.1] INFO  com.zaxxer.hikari.HikariDataSource - HikariPool-1 - Starting...
2019-08-24 15:04:38.579 [RMI TCP Connection(4)-127.0.0.1] INFO  o.a.c.core.ContainerBase.[Tomcat].[localhost].[/] - Initializing Spring DispatcherServlet 'dispatcherServlet'
2019-08-24 15:04:38.579 [RMI TCP Connection(4)-127.0.0.1] INFO  org.springframework.web.servlet.DispatcherServlet - Initializing Servlet 'dispatcherServlet'
2019-08-24 15:04:38.595 [RMI TCP Connection(4)-127.0.0.1] INFO  org.springframework.web.servlet.DispatcherServlet - Completed initialization in 16 ms
2019-08-24 15:04:38.689 [RMI TCP Connection(2)-127.0.0.1] INFO  com.zaxxer.hikari.HikariDataSource - HikariPool-1 - Start completed.
2019-08-24 15:09:38.054 [AsyncResolver-bootstrap-executor-0] INFO  c.n.d.shared.resolver.aws.ConfigClusterResolver - Resolving eureka endpoints via configuration
2019-08-24 15:14:38.067 [AsyncResolver-bootstrap-executor-0] INFO  c.n.d.shared.resolver.aws.ConfigClusterResolver - Resolving eureka endpoints via configuration
2019-08-24 15:19:38.071 [AsyncResolver-bootstrap-executor-0] INFO  c.n.d.shared.resolver.aws.ConfigClusterResolver - Resolving eureka endpoints via configuration
2019-08-24 15:24:38.084 [AsyncResolver-bootstrap-executor-0] INFO  c.n.d.shared.resolver.aws.ConfigClusterResolver - Resolving eureka endpoints via configuration
2019-08-24 15:29:38.085 [AsyncResolver-bootstrap-executor-0] INFO  c.n.d.shared.resolver.aws.ConfigClusterResolver - Resolving eureka endpoints via configuration
2019-08-24 15:34:38.086 [AsyncResolver-bootstrap-executor-0] INFO  c.n.d.shared.resolver.aws.ConfigClusterResolver - Resolving eureka endpoints via configuration
2019-08-24 15:39:38.088 [AsyncResolver-bootstrap-executor-0] INFO  c.n.d.shared.resolver.aws.ConfigClusterResolver - Resolving eureka endpoints via configuration
2019-08-24 15:44:38.090 [AsyncResolver-bootstrap-executor-0] INFO  c.n.d.shared.resolver.aws.ConfigClusterResolver - Resolving eureka endpoints via configuration
2019-08-24 15:49:38.092 [AsyncResolver-bootstrap-executor-0] INFO  c.n.d.shared.resolver.aws.ConfigClusterResolver - Resolving eureka endpoints via configuration
2019-08-24 15:54:38.094 [AsyncResolver-bootstrap-executor-0] INFO  c.n.d.shared.resolver.aws.ConfigClusterResolver - Resolving eureka endpoints via configuration
2019-08-24 15:59:38.095 [AsyncResolver-bootstrap-executor-0] INFO  c.n.d.shared.resolver.aws.ConfigClusterResolver - Resolving eureka endpoints via configuration
2019-08-24 16:04:38.097 [AsyncResolver-bootstrap-executor-0] INFO  c.n.d.shared.resolver.aws.ConfigClusterResolver - Resolving eureka endpoints via configuration
2019-08-24 16:09:38.098 [AsyncResolver-bootstrap-executor-0] INFO  c.n.d.shared.resolver.aws.ConfigClusterResolver - Resolving eureka endpoints via configuration
2019-08-24 16:14:38.101 [AsyncResolver-bootstrap-executor-0] INFO  c.n.d.shared.resolver.aws.ConfigClusterResolver - Resolving eureka endpoints via configuration
2019-08-24 16:19:38.104 [AsyncResolver-bootstrap-executor-0] INFO  c.n.d.shared.resolver.aws.ConfigClusterResolver - Resolving eureka endpoints via configuration
2019-08-24 16:24:38.105 [AsyncResolver-bootstrap-executor-0] INFO  c.n.d.shared.resolver.aws.ConfigClusterResolver - Resolving eureka endpoints via configuration
2019-08-24 16:29:38.107 [AsyncResolver-bootstrap-executor-0] INFO  c.n.d.shared.resolver.aws.ConfigClusterResolver - Resolving eureka endpoints via configuration
2019-08-24 16:34:38.109 [AsyncResolver-bootstrap-executor-0] INFO  c.n.d.shared.resolver.aws.ConfigClusterResolver - Resolving eureka endpoints via configuration
2019-08-24 16:39:38.110 [AsyncResolver-bootstrap-executor-0] INFO  c.n.d.shared.resolver.aws.ConfigClusterResolver - Resolving eureka endpoints via configuration
2019-08-24 16:44:38.111 [AsyncResolver-bootstrap-executor-0] INFO  c.n.d.shared.resolver.aws.ConfigClusterResolver - Resolving eureka endpoints via configuration
2019-08-24 22:22:25.403 [main] INFO  o.s.c.s.PostProcessorRegistrationDelegate$BeanPostProcessorChecker - Bean 'org.springframework.cloud.autoconfigure.ConfigurationPropertiesRebinderAutoConfiguration' of type [org.springframework.cloud.autoconfigure.ConfigurationPropertiesRebinderAutoConfiguration$$EnhancerBySpringCGLIB$$688325b6] is not eligible for getting processed by all BeanPostProcessors (for example: not eligible for auto-proxying)
2019-08-24 22:22:25.692 [main] INFO  com.sieyuan.auth.AuthApplication - No active profile set, falling back to default profiles: default
2019-08-24 22:22:26.763 [main] INFO  o.springframework.cloud.context.scope.GenericScope - BeanFactory id=9f41f969-787f-39ea-9872-0cf9daa5544a
2019-08-24 22:22:26.856 [main] INFO  o.s.c.s.PostProcessorRegistrationDelegate$BeanPostProcessorChecker - Bean 'org.springframework.transaction.annotation.ProxyTransactionManagementConfiguration' of type [org.springframework.transaction.annotation.ProxyTransactionManagementConfiguration$$EnhancerBySpringCGLIB$$4c6922b9] is not eligible for getting processed by all BeanPostProcessors (for example: not eligible for auto-proxying)
2019-08-24 22:22:26.888 [main] INFO  o.s.c.s.PostProcessorRegistrationDelegate$BeanPostProcessorChecker - Bean 'org.springframework.security.config.annotation.configuration.ObjectPostProcessorConfiguration' of type [org.springframework.security.config.annotation.configuration.ObjectPostProcessorConfiguration$$EnhancerBySpringCGLIB$$e516eaf3] is not eligible for getting processed by all BeanPostProcessors (for example: not eligible for auto-proxying)
2019-08-24 22:22:26.903 [main] INFO  o.s.c.s.PostProcessorRegistrationDelegate$BeanPostProcessorChecker - Bean 'objectPostProcessor' of type [org.springframework.security.config.annotation.configuration.AutowireBeanFactoryObjectPostProcessor] is not eligible for getting processed by all BeanPostProcessors (for example: not eligible for auto-proxying)
2019-08-24 22:22:26.903 [main] INFO  o.s.c.s.PostProcessorRegistrationDelegate$BeanPostProcessorChecker - Bean 'org.springframework.security.access.expression.method.DefaultMethodSecurityExpressionHandler@15986dd5' of type [org.springframework.security.oauth2.provider.expression.OAuth2MethodSecurityExpressionHandler] is not eligible for getting processed by all BeanPostProcessors (for example: not eligible for auto-proxying)
2019-08-24 22:22:26.903 [main] INFO  o.s.c.s.PostProcessorRegistrationDelegate$BeanPostProcessorChecker - Bean 'org.springframework.security.config.annotation.method.configuration.GlobalMethodSecurityConfiguration' of type [org.springframework.security.config.annotation.method.configuration.GlobalMethodSecurityConfiguration$$EnhancerBySpringCGLIB$$9eb8da5] is not eligible for getting processed by all BeanPostProcessors (for example: not eligible for auto-proxying)
2019-08-24 22:22:26.903 [main] INFO  o.s.c.s.PostProcessorRegistrationDelegate$BeanPostProcessorChecker - Bean 'methodSecurityMetadataSource' of type [org.springframework.security.access.method.DelegatingMethodSecurityMetadataSource] is not eligible for getting processed by all BeanPostProcessors (for example: not eligible for auto-proxying)
2019-08-24 22:22:26.919 [main] INFO  o.s.c.s.PostProcessorRegistrationDelegate$BeanPostProcessorChecker - Bean 'org.springframework.cloud.autoconfigure.ConfigurationPropertiesRebinderAutoConfiguration' of type [org.springframework.cloud.autoconfigure.ConfigurationPropertiesRebinderAutoConfiguration$$EnhancerBySpringCGLIB$$688325b6] is not eligible for getting processed by all BeanPostProcessors (for example: not eligible for auto-proxying)
2019-08-24 22:22:27.146 [main] INFO  o.s.boot.web.embedded.tomcat.TomcatWebServer - Tomcat initialized with port(s): 9025 (http)
2019-08-24 22:22:27.162 [main] INFO  org.apache.coyote.http11.Http11NioProtocol - Initializing ProtocolHandler ["http-nio-9025"]
2019-08-24 22:22:27.177 [main] INFO  org.apache.catalina.core.StandardService - Starting service [Tomcat]
2019-08-24 22:22:27.177 [main] INFO  org.apache.catalina.core.StandardEngine - Starting Servlet engine: [Apache Tomcat/9.0.19]
2019-08-24 22:22:27.177 [main] INFO  org.apache.catalina.core.AprLifecycleListener - Loaded APR based Apache Tomcat Native library [1.2.21] using APR version [1.6.5].
2019-08-24 22:22:27.177 [main] INFO  org.apache.catalina.core.AprLifecycleListener - APR capabilities: IPv6 [true], sendfile [true], accept filters [false], random [true].
2019-08-24 22:22:27.177 [main] INFO  org.apache.catalina.core.AprLifecycleListener - APR/OpenSSL configuration: useAprConnector [false], useOpenSSL [true]
2019-08-24 22:22:27.177 [main] INFO  org.apache.catalina.core.AprLifecycleListener - OpenSSL successfully initialized [OpenSSL 1.1.1a  20 Nov 2018]
2019-08-24 22:22:27.396 [main] INFO  o.a.c.core.ContainerBase.[Tomcat].[localhost].[/] - Initializing Spring embedded WebApplicationContext
2019-08-24 22:22:27.396 [main] INFO  org.springframework.web.context.ContextLoader - Root WebApplicationContext: initialization completed in 1688 ms
2019-08-24 22:22:27.505 [main] INFO  com.netflix.config.sources.URLConfigurationSource - To enable URLs as dynamic configuration sources, define System property archaius.configurationSource.additionalUrls or make config.properties available on classpath.
2019-08-24 22:22:27.547 [main] INFO  com.netflix.config.DynamicPropertyFactory - DynamicPropertyFactory is initialized with configuration sources: com.netflix.config.ConcurrentCompositeConfiguration@6e685e6c
2019-08-24 22:22:28.880 [main] INFO  o.s.security.web.DefaultSecurityFilterChain - Creating filter chain: OrRequestMatcher [requestMatchers=[Ant [pattern='/oauth/token'], Ant [pattern='/oauth/token_key'], Ant [pattern='/oauth/check_token']]], [org.springframework.security.web.context.request.async.WebAsyncManagerIntegrationFilter@356fa0d1, org.springframework.security.web.context.SecurityContextPersistenceFilter@6d31f14, org.springframework.security.web.header.HeaderWriterFilter@2b6fcca1, org.springframework.security.web.authentication.logout.LogoutFilter@5df7a065, org.springframework.security.web.authentication.www.BasicAuthenticationFilter@538e74fc, org.springframework.security.web.savedrequest.RequestCacheAwareFilter@75e4fe3c, org.springframework.security.web.servletapi.SecurityContextHolderAwareRequestFilter@114b203, org.springframework.security.web.authentication.AnonymousAuthenticationFilter@51508029, org.springframework.security.web.session.SessionManagementFilter@1b25d695, org.springframework.security.web.access.ExceptionTranslationFilter@7c3c3d67, org.springframework.security.web.access.intercept.FilterSecurityInterceptor@559e3f67]
2019-08-24 22:22:28.880 [main] INFO  o.s.security.web.DefaultSecurityFilterChain - Creating filter chain: any request, [org.springframework.security.web.context.request.async.WebAsyncManagerIntegrationFilter@a44effb, org.springframework.security.web.context.SecurityContextPersistenceFilter@76dc36e5, org.springframework.security.web.header.HeaderWriterFilter@762da62b, org.springframework.security.web.authentication.logout.LogoutFilter@1fb71788, org.springframework.security.web.authentication.www.BasicAuthenticationFilter@58ec8271, org.springframework.security.web.savedrequest.RequestCacheAwareFilter@2a54c92e, org.springframework.security.web.servletapi.SecurityContextHolderAwareRequestFilter@31533eb1, org.springframework.security.web.authentication.AnonymousAuthenticationFilter@3ee258, org.springframework.security.web.session.SessionManagementFilter@e5c5e6, org.springframework.security.web.access.ExceptionTranslationFilter@343d1d25, org.springframework.security.web.access.intercept.FilterSecurityInterceptor@b788dc2]
2019-08-24 22:22:28.911 [main] INFO  com.netflix.config.sources.URLConfigurationSource - To enable URLs as dynamic configuration sources, define System property archaius.configurationSource.additionalUrls or make config.properties available on classpath.
2019-08-24 22:22:29.086 [main] INFO  o.s.scheduling.concurrent.ThreadPoolTaskExecutor - Initializing ExecutorService 'applicationTaskExecutor'
2019-08-24 22:22:29.503 [main] INFO  o.s.b.actuate.endpoint.web.EndpointLinksResolver - Exposing 2 endpoint(s) beneath base path '/actuator'
2019-08-24 22:22:29.934 [main] INFO  o.s.cloud.netflix.eureka.InstanceInfoFactory - Setting initial instance status as: STARTING
2019-08-24 22:22:30.012 [main] INFO  com.netflix.discovery.DiscoveryClient - Initializing Eureka in region us-east-1
2019-08-24 22:22:30.286 [main] INFO  c.n.discovery.provider.DiscoveryJerseyProvider - Using JSON encoding codec LegacyJacksonJson
2019-08-24 22:22:30.286 [main] INFO  c.n.discovery.provider.DiscoveryJerseyProvider - Using JSON decoding codec LegacyJacksonJson
2019-08-24 22:22:30.380 [main] INFO  c.n.discovery.provider.DiscoveryJerseyProvider - Using XML encoding codec XStreamXml
2019-08-24 22:22:30.380 [main] INFO  c.n.discovery.provider.DiscoveryJerseyProvider - Using XML decoding codec XStreamXml
2019-08-24 22:22:30.562 [main] INFO  c.n.d.shared.resolver.aws.ConfigClusterResolver - Resolving eureka endpoints via configuration
2019-08-24 22:22:30.731 [main] INFO  com.netflix.discovery.DiscoveryClient - Disable delta property : false
2019-08-24 22:22:30.731 [main] INFO  com.netflix.discovery.DiscoveryClient - Single vip registry refresh property : null
2019-08-24 22:22:30.731 [main] INFO  com.netflix.discovery.DiscoveryClient - Force full registry fetch : false
2019-08-24 22:22:30.731 [main] INFO  com.netflix.discovery.DiscoveryClient - Application is null : false
2019-08-24 22:22:30.731 [main] INFO  com.netflix.discovery.DiscoveryClient - Registered Applications size is zero : true
2019-08-24 22:22:30.731 [main] INFO  com.netflix.discovery.DiscoveryClient - Application version is -1: true
2019-08-24 22:22:30.731 [main] INFO  com.netflix.discovery.DiscoveryClient - Getting all instance registry info from the eureka server
2019-08-24 22:22:30.935 [main] INFO  com.netflix.discovery.DiscoveryClient - The response status is 200
2019-08-24 22:22:30.935 [main] INFO  com.netflix.discovery.DiscoveryClient - Starting heartbeat executor: renew interval is: 30
2019-08-24 22:22:30.935 [main] INFO  com.netflix.discovery.InstanceInfoReplicator - InstanceInfoReplicator onDemand update allowed rate per min is 4
2019-08-24 22:22:30.950 [main] INFO  com.netflix.discovery.DiscoveryClient - Discovery Client initialized at timestamp 1566656550950 with initial instances count: 0
2019-08-24 22:22:30.950 [main] INFO  o.s.c.n.e.serviceregistry.EurekaServiceRegistry - Registering application AUTH-SERVICE with eureka with status UP
2019-08-24 22:22:30.950 [main] INFO  com.netflix.discovery.DiscoveryClient - Saw local status change event StatusChangeEvent [timestamp=1566656550950, current=UP, previous=STARTING]
2019-08-24 22:22:30.950 [DiscoveryClient-InstanceInfoReplicator-0] INFO  com.netflix.discovery.DiscoveryClient - DiscoveryClient_AUTH-SERVICE/192.168.137.1:9025: registering service...
2019-08-24 22:22:30.966 [main] INFO  org.apache.coyote.http11.Http11NioProtocol - Starting ProtocolHandler ["http-nio-9025"]
2019-08-24 22:22:31.003 [main] INFO  o.s.boot.web.embedded.tomcat.TomcatWebServer - Tomcat started on port(s): 9025 (http) with context path ''
2019-08-24 22:22:31.004 [main] INFO  o.s.c.n.e.s.EurekaAutoServiceRegistration - Updating port to 9025
2019-08-24 22:22:31.007 [main] INFO  com.sieyuan.auth.AuthApplication - Started AuthApplication in 6.493 seconds (JVM running for 7.37)
2019-08-24 22:22:31.115 [RMI TCP Connection(2)-127.0.0.1] INFO  com.zaxxer.hikari.HikariDataSource - HikariPool-1 - Starting...
2019-08-24 22:22:31.116 [RMI TCP Connection(4)-127.0.0.1] INFO  o.a.c.core.ContainerBase.[Tomcat].[localhost].[/] - Initializing Spring DispatcherServlet 'dispatcherServlet'
2019-08-24 22:22:31.116 [RMI TCP Connection(4)-127.0.0.1] INFO  org.springframework.web.servlet.DispatcherServlet - Initializing Servlet 'dispatcherServlet'
2019-08-24 22:22:31.119 [DiscoveryClient-InstanceInfoReplicator-0] INFO  com.netflix.discovery.DiscoveryClient - DiscoveryClient_AUTH-SERVICE/192.168.137.1:9025 - registration status: 204
2019-08-24 22:22:31.122 [RMI TCP Connection(4)-127.0.0.1] INFO  org.springframework.web.servlet.DispatcherServlet - Completed initialization in 6 ms
2019-08-24 22:22:31.450 [RMI TCP Connection(2)-127.0.0.1] INFO  com.zaxxer.hikari.HikariDataSource - HikariPool-1 - Start completed.
2019-08-24 22:23:00.951 [DiscoveryClient-CacheRefreshExecutor-0] INFO  com.netflix.discovery.DiscoveryClient - Disable delta property : false
2019-08-24 22:23:00.951 [DiscoveryClient-CacheRefreshExecutor-0] INFO  com.netflix.discovery.DiscoveryClient - Single vip registry refresh property : null
2019-08-24 22:23:00.951 [DiscoveryClient-CacheRefreshExecutor-0] INFO  com.netflix.discovery.DiscoveryClient - Force full registry fetch : false
2019-08-24 22:23:00.951 [DiscoveryClient-CacheRefreshExecutor-0] INFO  com.netflix.discovery.DiscoveryClient - Application is null : false
2019-08-24 22:23:00.951 [DiscoveryClient-CacheRefreshExecutor-0] INFO  com.netflix.discovery.DiscoveryClient - Registered Applications size is zero : true
2019-08-24 22:23:00.951 [DiscoveryClient-CacheRefreshExecutor-0] INFO  com.netflix.discovery.DiscoveryClient - Application version is -1: false
2019-08-24 22:23:00.951 [DiscoveryClient-CacheRefreshExecutor-0] INFO  com.netflix.discovery.DiscoveryClient - Getting all instance registry info from the eureka server
2019-08-24 22:23:00.997 [DiscoveryClient-CacheRefreshExecutor-0] INFO  com.netflix.discovery.DiscoveryClient - The response status is 200
2019-08-24 22:27:30.735 [AsyncResolver-bootstrap-executor-0] INFO  c.n.d.shared.resolver.aws.ConfigClusterResolver - Resolving eureka endpoints via configuration
2019-08-24 22:32:30.749 [AsyncResolver-bootstrap-executor-0] INFO  c.n.d.shared.resolver.aws.ConfigClusterResolver - Resolving eureka endpoints via configuration
2019-08-24 22:37:30.762 [AsyncResolver-bootstrap-executor-0] INFO  c.n.d.shared.resolver.aws.ConfigClusterResolver - Resolving eureka endpoints via configuration
2019-08-24 22:42:30.773 [AsyncResolver-bootstrap-executor-0] INFO  c.n.d.shared.resolver.aws.ConfigClusterResolver - Resolving eureka endpoints via configuration
2019-08-24 22:47:30.779 [AsyncResolver-bootstrap-executor-0] INFO  c.n.d.shared.resolver.aws.ConfigClusterResolver - Resolving eureka endpoints via configuration
2019-08-24 22:52:30.785 [AsyncResolver-bootstrap-executor-0] INFO  c.n.d.shared.resolver.aws.ConfigClusterResolver - Resolving eureka endpoints via configuration
2019-08-24 22:57:30.794 [AsyncResolver-bootstrap-executor-0] INFO  c.n.d.shared.resolver.aws.ConfigClusterResolver - Resolving eureka endpoints via configuration
2019-08-24 23:02:30.809 [AsyncResolver-bootstrap-executor-0] INFO  c.n.d.shared.resolver.aws.ConfigClusterResolver - Resolving eureka endpoints via configuration
2019-08-24 23:07:30.810 [AsyncResolver-bootstrap-executor-0] INFO  c.n.d.shared.resolver.aws.ConfigClusterResolver - Resolving eureka endpoints via configuration
2019-08-24 23:09:05.402 [main] INFO  o.s.c.s.PostProcessorRegistrationDelegate$BeanPostProcessorChecker - Bean 'org.springframework.cloud.autoconfigure.ConfigurationPropertiesRebinderAutoConfiguration' of type [org.springframework.cloud.autoconfigure.ConfigurationPropertiesRebinderAutoConfiguration$$EnhancerBySpringCGLIB$$5de00b3a] is not eligible for getting processed by all BeanPostProcessors (for example: not eligible for auto-proxying)
2019-08-24 23:09:05.692 [main] INFO  com.sieyuan.auth.AuthApplication - No active profile set, falling back to default profiles: default
2019-08-24 23:09:07.035 [main] INFO  o.springframework.cloud.context.scope.GenericScope - BeanFactory id=9f41f969-787f-39ea-9872-0cf9daa5544a
2019-08-24 23:09:07.177 [main] INFO  o.s.c.s.PostProcessorRegistrationDelegate$BeanPostProcessorChecker - Bean 'org.springframework.transaction.annotation.ProxyTransactionManagementConfiguration' of type [org.springframework.transaction.annotation.ProxyTransactionManagementConfiguration$$EnhancerBySpringCGLIB$$41c6083d] is not eligible for getting processed by all BeanPostProcessors (for example: not eligible for auto-proxying)
2019-08-24 23:09:07.224 [main] INFO  o.s.c.s.PostProcessorRegistrationDelegate$BeanPostProcessorChecker - Bean 'org.springframework.security.config.annotation.configuration.ObjectPostProcessorConfiguration' of type [org.springframework.security.config.annotation.configuration.ObjectPostProcessorConfiguration$$EnhancerBySpringCGLIB$$da73d077] is not eligible for getting processed by all BeanPostProcessors (for example: not eligible for auto-proxying)
2019-08-24 23:09:07.240 [main] INFO  o.s.c.s.PostProcessorRegistrationDelegate$BeanPostProcessorChecker - Bean 'objectPostProcessor' of type [org.springframework.security.config.annotation.configuration.AutowireBeanFactoryObjectPostProcessor] is not eligible for getting processed by all BeanPostProcessors (for example: not eligible for auto-proxying)
2019-08-24 23:09:07.240 [main] INFO  o.s.c.s.PostProcessorRegistrationDelegate$BeanPostProcessorChecker - Bean 'org.springframework.security.access.expression.method.DefaultMethodSecurityExpressionHandler@656a3d6b' of type [org.springframework.security.oauth2.provider.expression.OAuth2MethodSecurityExpressionHandler] is not eligible for getting processed by all BeanPostProcessors (for example: not eligible for auto-proxying)
2019-08-24 23:09:07.255 [main] INFO  o.s.c.s.PostProcessorRegistrationDelegate$BeanPostProcessorChecker - Bean 'org.springframework.security.config.annotation.method.configuration.GlobalMethodSecurityConfiguration' of type [org.springframework.security.config.annotation.method.configuration.GlobalMethodSecurityConfiguration$$EnhancerBySpringCGLIB$$ff487329] is not eligible for getting processed by all BeanPostProcessors (for example: not eligible for auto-proxying)
2019-08-24 23:09:07.255 [main] INFO  o.s.c.s.PostProcessorRegistrationDelegate$BeanPostProcessorChecker - Bean 'methodSecurityMetadataSource' of type [org.springframework.security.access.method.DelegatingMethodSecurityMetadataSource] is not eligible for getting processed by all BeanPostProcessors (for example: not eligible for auto-proxying)
2019-08-24 23:09:07.271 [main] INFO  o.s.c.s.PostProcessorRegistrationDelegate$BeanPostProcessorChecker - Bean 'org.springframework.cloud.autoconfigure.ConfigurationPropertiesRebinderAutoConfiguration' of type [org.springframework.cloud.autoconfigure.ConfigurationPropertiesRebinderAutoConfiguration$$EnhancerBySpringCGLIB$$5de00b3a] is not eligible for getting processed by all BeanPostProcessors (for example: not eligible for auto-proxying)
2019-08-24 23:09:07.505 [main] INFO  o.s.boot.web.embedded.tomcat.TomcatWebServer - Tomcat initialized with port(s): 9025 (http)
2019-08-24 23:09:07.521 [main] INFO  org.apache.coyote.http11.Http11NioProtocol - Initializing ProtocolHandler ["http-nio-9025"]
2019-08-24 23:09:07.521 [main] INFO  org.apache.catalina.core.StandardService - Starting service [Tomcat]
2019-08-24 23:09:07.521 [main] INFO  org.apache.catalina.core.StandardEngine - Starting Servlet engine: [Apache Tomcat/9.0.19]
2019-08-24 23:09:07.521 [main] INFO  org.apache.catalina.core.AprLifecycleListener - Loaded APR based Apache Tomcat Native library [1.2.21] using APR version [1.6.5].
2019-08-24 23:09:07.521 [main] INFO  org.apache.catalina.core.AprLifecycleListener - APR capabilities: IPv6 [true], sendfile [true], accept filters [false], random [true].
2019-08-24 23:09:07.521 [main] INFO  org.apache.catalina.core.AprLifecycleListener - APR/OpenSSL configuration: useAprConnector [false], useOpenSSL [true]
2019-08-24 23:09:07.539 [main] INFO  org.apache.catalina.core.AprLifecycleListener - OpenSSL successfully initialized [OpenSSL 1.1.1a  20 Nov 2018]
2019-08-24 23:09:07.762 [main] INFO  o.a.c.core.ContainerBase.[Tomcat].[localhost].[/] - Initializing Spring embedded WebApplicationContext
2019-08-24 23:09:07.762 [main] INFO  org.springframework.web.context.ContextLoader - Root WebApplicationContext: initialization completed in 2054 ms
2019-08-24 23:09:07.887 [main] INFO  com.netflix.config.sources.URLConfigurationSource - To enable URLs as dynamic configuration sources, define System property archaius.configurationSource.additionalUrls or make config.properties available on classpath.
2019-08-24 23:09:07.887 [main] INFO  com.netflix.config.DynamicPropertyFactory - DynamicPropertyFactory is initialized with configuration sources: com.netflix.config.ConcurrentCompositeConfiguration@7ceb6c45
2019-08-24 23:09:09.278 [main] INFO  o.s.security.web.DefaultSecurityFilterChain - Creating filter chain: OrRequestMatcher [requestMatchers=[Ant [pattern='/oauth/token'], Ant [pattern='/oauth/token_key'], Ant [pattern='/oauth/check_token']]], [org.springframework.security.web.context.request.async.WebAsyncManagerIntegrationFilter@4cc4d454, org.springframework.security.web.context.SecurityContextPersistenceFilter@2ee456c7, org.springframework.security.web.header.HeaderWriterFilter@3f4a605f, org.springframework.security.web.authentication.logout.LogoutFilter@429f0ca8, org.springframework.security.web.authentication.www.BasicAuthenticationFilter@342723a3, org.springframework.security.web.savedrequest.RequestCacheAwareFilter@39514976, org.springframework.security.web.servletapi.SecurityContextHolderAwareRequestFilter@12166229, org.springframework.security.web.authentication.AnonymousAuthenticationFilter@3add5e17, org.springframework.security.web.session.SessionManagementFilter@39dda56f, org.springframework.security.web.access.ExceptionTranslationFilter@534d0e20, org.springframework.security.web.access.intercept.FilterSecurityInterceptor@58bad46f]
2019-08-24 23:09:09.278 [main] INFO  o.s.security.web.DefaultSecurityFilterChain - Creating filter chain: any request, [org.springframework.security.web.context.request.async.WebAsyncManagerIntegrationFilter@3c4059a, org.springframework.security.web.context.SecurityContextPersistenceFilter@31b6fb14, org.springframework.security.web.header.HeaderWriterFilter@18b04526, org.springframework.security.web.authentication.logout.LogoutFilter@2abedbbd, org.springframework.security.web.authentication.www.BasicAuthenticationFilter@6ea3a513, org.springframework.security.web.savedrequest.RequestCacheAwareFilter@3eee08f5, org.springframework.security.web.servletapi.SecurityContextHolderAwareRequestFilter@246df37b, org.springframework.security.web.authentication.AnonymousAuthenticationFilter@4b336cc8, org.springframework.security.web.session.SessionManagementFilter@2fd4312a, org.springframework.security.web.access.ExceptionTranslationFilter@b808af5, org.springframework.security.web.access.intercept.FilterSecurityInterceptor@75b363c3]
2019-08-24 23:09:09.309 [main] INFO  com.netflix.config.sources.URLConfigurationSource - To enable URLs as dynamic configuration sources, define System property archaius.configurationSource.additionalUrls or make config.properties available on classpath.
2019-08-24 23:09:09.481 [main] INFO  o.s.scheduling.concurrent.ThreadPoolTaskExecutor - Initializing ExecutorService 'applicationTaskExecutor'
2019-08-24 23:09:09.918 [main] INFO  o.s.b.actuate.endpoint.web.EndpointLinksResolver - Exposing 2 endpoint(s) beneath base path '/actuator'
2019-08-24 23:09:10.554 [main] INFO  o.s.cloud.netflix.eureka.InstanceInfoFactory - Setting initial instance status as: STARTING
2019-08-24 23:09:10.591 [main] INFO  com.netflix.discovery.DiscoveryClient - Initializing Eureka in region us-east-1
2019-08-24 23:09:10.856 [main] INFO  c.n.discovery.provider.DiscoveryJerseyProvider - Using JSON encoding codec LegacyJacksonJson
2019-08-24 23:09:10.856 [main] INFO  c.n.discovery.provider.DiscoveryJerseyProvider - Using JSON decoding codec LegacyJacksonJson
2019-08-24 23:09:10.950 [main] INFO  c.n.discovery.provider.DiscoveryJerseyProvider - Using XML encoding codec XStreamXml
2019-08-24 23:09:10.950 [main] INFO  c.n.discovery.provider.DiscoveryJerseyProvider - Using XML decoding codec XStreamXml
2019-08-24 23:09:11.153 [main] INFO  c.n.d.shared.resolver.aws.ConfigClusterResolver - Resolving eureka endpoints via configuration
2019-08-24 23:09:11.278 [main] INFO  com.netflix.discovery.DiscoveryClient - Disable delta property : false
2019-08-24 23:09:11.278 [main] INFO  com.netflix.discovery.DiscoveryClient - Single vip registry refresh property : null
2019-08-24 23:09:11.278 [main] INFO  com.netflix.discovery.DiscoveryClient - Force full registry fetch : false
2019-08-24 23:09:11.278 [main] INFO  com.netflix.discovery.DiscoveryClient - Application is null : false
2019-08-24 23:09:11.278 [main] INFO  com.netflix.discovery.DiscoveryClient - Registered Applications size is zero : true
2019-08-24 23:09:11.278 [main] INFO  com.netflix.discovery.DiscoveryClient - Application version is -1: true
2019-08-24 23:09:11.278 [main] INFO  com.netflix.discovery.DiscoveryClient - Getting all instance registry info from the eureka server
2019-08-24 23:09:11.450 [main] INFO  com.netflix.discovery.DiscoveryClient - The response status is 200
2019-08-24 23:09:11.450 [main] INFO  com.netflix.discovery.DiscoveryClient - Starting heartbeat executor: renew interval is: 30
2019-08-24 23:09:11.466 [main] INFO  com.netflix.discovery.InstanceInfoReplicator - InstanceInfoReplicator onDemand update allowed rate per min is 4
2019-08-24 23:09:11.466 [main] INFO  com.netflix.discovery.DiscoveryClient - Discovery Client initialized at timestamp 1566659351466 with initial instances count: 1
2019-08-24 23:09:11.466 [main] INFO  o.s.c.n.e.serviceregistry.EurekaServiceRegistry - Registering application AUTH-SERVICE with eureka with status UP
2019-08-24 23:09:11.466 [main] INFO  com.netflix.discovery.DiscoveryClient - Saw local status change event StatusChangeEvent [timestamp=1566659351466, current=UP, previous=STARTING]
2019-08-24 23:09:11.466 [DiscoveryClient-InstanceInfoReplicator-0] INFO  com.netflix.discovery.DiscoveryClient - DiscoveryClient_AUTH-SERVICE/192.168.137.1:9025: registering service...
2019-08-24 23:09:11.497 [main] INFO  org.apache.coyote.http11.Http11NioProtocol - Starting ProtocolHandler ["http-nio-9025"]
2019-08-24 23:09:11.512 [DiscoveryClient-InstanceInfoReplicator-0] INFO  com.netflix.discovery.DiscoveryClient - DiscoveryClient_AUTH-SERVICE/192.168.137.1:9025 - registration status: 204
2019-08-24 23:09:11.528 [main] INFO  o.s.boot.web.embedded.tomcat.TomcatWebServer - Tomcat started on port(s): 9025 (http) with context path ''
2019-08-24 23:09:11.529 [main] INFO  o.s.c.n.e.s.EurekaAutoServiceRegistration - Updating port to 9025
2019-08-24 23:09:11.531 [main] INFO  com.sieyuan.auth.AuthApplication - Started AuthApplication in 7.103 seconds (JVM running for 8.213)
2019-08-24 23:09:12.097 [RMI TCP Connection(12)-127.0.0.1] INFO  com.zaxxer.hikari.HikariDataSource - HikariPool-1 - Starting...
2019-08-24 23:09:12.097 [RMI TCP Connection(10)-127.0.0.1] INFO  o.a.c.core.ContainerBase.[Tomcat].[localhost].[/] - Initializing Spring DispatcherServlet 'dispatcherServlet'
2019-08-24 23:09:12.097 [RMI TCP Connection(10)-127.0.0.1] INFO  org.springframework.web.servlet.DispatcherServlet - Initializing Servlet 'dispatcherServlet'
2019-08-24 23:09:12.109 [RMI TCP Connection(10)-127.0.0.1] INFO  org.springframework.web.servlet.DispatcherServlet - Completed initialization in 12 ms
2019-08-24 23:09:12.452 [RMI TCP Connection(12)-127.0.0.1] INFO  com.zaxxer.hikari.HikariDataSource - HikariPool-1 - Start completed.
2019-08-24 23:09:46.539 [main] INFO  o.s.c.s.PostProcessorRegistrationDelegate$BeanPostProcessorChecker - Bean 'org.springframework.cloud.autoconfigure.ConfigurationPropertiesRebinderAutoConfiguration' of type [org.springframework.cloud.autoconfigure.ConfigurationPropertiesRebinderAutoConfiguration$$EnhancerBySpringCGLIB$$edd5a558] is not eligible for getting processed by all BeanPostProcessors (for example: not eligible for auto-proxying)
2019-08-24 23:09:46.806 [main] INFO  com.sieyuan.auth.AuthApplication - No active profile set, falling back to default profiles: default
2019-08-24 23:09:47.839 [main] INFO  o.springframework.cloud.context.scope.GenericScope - BeanFactory id=9f41f969-787f-39ea-9872-0cf9daa5544a
2019-08-24 23:09:47.948 [main] INFO  o.s.c.s.PostProcessorRegistrationDelegate$BeanPostProcessorChecker - Bean 'org.springframework.transaction.annotation.ProxyTransactionManagementConfiguration' of type [org.springframework.transaction.annotation.ProxyTransactionManagementConfiguration$$EnhancerBySpringCGLIB$$d1bba25b] is not eligible for getting processed by all BeanPostProcessors (for example: not eligible for auto-proxying)
2019-08-24 23:09:47.978 [main] INFO  o.s.c.s.PostProcessorRegistrationDelegate$BeanPostProcessorChecker - Bean 'org.springframework.security.config.annotation.configuration.ObjectPostProcessorConfiguration' of type [org.springframework.security.config.annotation.configuration.ObjectPostProcessorConfiguration$$EnhancerBySpringCGLIB$$6a696a95] is not eligible for getting processed by all BeanPostProcessors (for example: not eligible for auto-proxying)
2019-08-24 23:09:47.984 [main] INFO  o.s.c.s.PostProcessorRegistrationDelegate$BeanPostProcessorChecker - Bean 'objectPostProcessor' of type [org.springframework.security.config.annotation.configuration.AutowireBeanFactoryObjectPostProcessor] is not eligible for getting processed by all BeanPostProcessors (for example: not eligible for auto-proxying)
2019-08-24 23:09:47.987 [main] INFO  o.s.c.s.PostProcessorRegistrationDelegate$BeanPostProcessorChecker - Bean 'org.springframework.security.access.expression.method.DefaultMethodSecurityExpressionHandler@697d6ded' of type [org.springframework.security.oauth2.provider.expression.OAuth2MethodSecurityExpressionHandler] is not eligible for getting processed by all BeanPostProcessors (for example: not eligible for auto-proxying)
2019-08-24 23:09:47.991 [main] INFO  o.s.c.s.PostProcessorRegistrationDelegate$BeanPostProcessorChecker - Bean 'org.springframework.security.config.annotation.method.configuration.GlobalMethodSecurityConfiguration' of type [org.springframework.security.config.annotation.method.configuration.GlobalMethodSecurityConfiguration$$EnhancerBySpringCGLIB$$8f3e0d47] is not eligible for getting processed by all BeanPostProcessors (for example: not eligible for auto-proxying)
2019-08-24 23:09:47.994 [main] INFO  o.s.c.s.PostProcessorRegistrationDelegate$BeanPostProcessorChecker - Bean 'methodSecurityMetadataSource' of type [org.springframework.security.access.method.DelegatingMethodSecurityMetadataSource] is not eligible for getting processed by all BeanPostProcessors (for example: not eligible for auto-proxying)
2019-08-24 23:09:48.004 [main] INFO  o.s.c.s.PostProcessorRegistrationDelegate$BeanPostProcessorChecker - Bean 'org.springframework.cloud.autoconfigure.ConfigurationPropertiesRebinderAutoConfiguration' of type [org.springframework.cloud.autoconfigure.ConfigurationPropertiesRebinderAutoConfiguration$$EnhancerBySpringCGLIB$$edd5a558] is not eligible for getting processed by all BeanPostProcessors (for example: not eligible for auto-proxying)
2019-08-24 23:09:48.259 [main] INFO  o.s.boot.web.embedded.tomcat.TomcatWebServer - Tomcat initialized with port(s): 9025 (http)
2019-08-24 23:09:48.273 [main] INFO  org.apache.coyote.http11.Http11NioProtocol - Initializing ProtocolHandler ["http-nio-9025"]
2019-08-24 23:09:48.282 [main] INFO  org.apache.catalina.core.StandardService - Starting service [Tomcat]
2019-08-24 23:09:48.282 [main] INFO  org.apache.catalina.core.StandardEngine - Starting Servlet engine: [Apache Tomcat/9.0.19]
2019-08-24 23:09:48.288 [main] INFO  org.apache.catalina.core.AprLifecycleListener - Loaded APR based Apache Tomcat Native library [1.2.21] using APR version [1.6.5].
2019-08-24 23:09:48.288 [main] INFO  org.apache.catalina.core.AprLifecycleListener - APR capabilities: IPv6 [true], sendfile [true], accept filters [false], random [true].
2019-08-24 23:09:48.288 [main] INFO  org.apache.catalina.core.AprLifecycleListener - APR/OpenSSL configuration: useAprConnector [false], useOpenSSL [true]
2019-08-24 23:09:48.291 [main] INFO  org.apache.catalina.core.AprLifecycleListener - OpenSSL successfully initialized [OpenSSL 1.1.1a  20 Nov 2018]
2019-08-24 23:09:48.511 [main] INFO  o.a.c.core.ContainerBase.[Tomcat].[localhost].[/] - Initializing Spring embedded WebApplicationContext
2019-08-24 23:09:48.511 [main] INFO  org.springframework.web.context.ContextLoader - Root WebApplicationContext: initialization completed in 1690 ms
2019-08-24 23:09:48.628 [main] INFO  com.netflix.config.sources.URLConfigurationSource - To enable URLs as dynamic configuration sources, define System property archaius.configurationSource.additionalUrls or make config.properties available on classpath.
2019-08-24 23:09:48.636 [main] INFO  com.netflix.config.DynamicPropertyFactory - DynamicPropertyFactory is initialized with configuration sources: com.netflix.config.ConcurrentCompositeConfiguration@76563ae7
2019-08-24 23:09:49.994 [main] INFO  o.s.security.web.DefaultSecurityFilterChain - Creating filter chain: OrRequestMatcher [requestMatchers=[Ant [pattern='/oauth/token'], Ant [pattern='/oauth/token_key'], Ant [pattern='/oauth/check_token']]], [org.springframework.security.web.context.request.async.WebAsyncManagerIntegrationFilter@655909e2, org.springframework.security.web.context.SecurityContextPersistenceFilter@7462ba4b, org.springframework.security.web.header.HeaderWriterFilter@4a520f05, org.springframework.security.web.authentication.logout.LogoutFilter@1acc873b, org.springframework.security.web.authentication.www.BasicAuthenticationFilter@1029cf9, org.springframework.security.web.savedrequest.RequestCacheAwareFilter@18811c42, org.springframework.security.web.servletapi.SecurityContextHolderAwareRequestFilter@7ee64b53, org.springframework.security.web.authentication.AnonymousAuthenticationFilter@716ae973, org.springframework.security.web.session.SessionManagementFilter@54e0f76f, org.springframework.security.web.access.ExceptionTranslationFilter@9f2376f, org.springframework.security.web.access.intercept.FilterSecurityInterceptor@1218e12]
2019-08-24 23:09:49.996 [main] INFO  o.s.security.web.DefaultSecurityFilterChain - Creating filter chain: any request, [org.springframework.security.web.context.request.async.WebAsyncManagerIntegrationFilter@70022d44, org.springframework.security.web.context.SecurityContextPersistenceFilter@698ac187, org.springframework.security.web.header.HeaderWriterFilter@32f308c6, org.springframework.security.web.authentication.logout.LogoutFilter@6630dd28, org.springframework.security.web.authentication.www.BasicAuthenticationFilter@7b3085a3, org.springframework.security.web.savedrequest.RequestCacheAwareFilter@4fea5ee0, org.springframework.security.web.servletapi.SecurityContextHolderAwareRequestFilter@65f5cae3, org.springframework.security.web.authentication.AnonymousAuthenticationFilter@7b1c501d, org.springframework.security.web.session.SessionManagementFilter@5f2b9da8, org.springframework.security.web.access.ExceptionTranslationFilter@34e25492, org.springframework.security.web.access.intercept.FilterSecurityInterceptor@6fd9dbe6]
2019-08-24 23:09:50.016 [main] INFO  com.netflix.config.sources.URLConfigurationSource - To enable URLs as dynamic configuration sources, define System property archaius.configurationSource.additionalUrls or make config.properties available on classpath.
2019-08-24 23:09:50.190 [main] INFO  o.s.scheduling.concurrent.ThreadPoolTaskExecutor - Initializing ExecutorService 'applicationTaskExecutor'
2019-08-24 23:09:50.619 [main] INFO  o.s.b.actuate.endpoint.web.EndpointLinksResolver - Exposing 2 endpoint(s) beneath base path '/actuator'
2019-08-24 23:09:51.079 [main] INFO  o.s.cloud.netflix.eureka.InstanceInfoFactory - Setting initial instance status as: STARTING
2019-08-24 23:09:51.116 [main] INFO  com.netflix.discovery.DiscoveryClient - Initializing Eureka in region us-east-1
2019-08-24 23:09:51.391 [main] INFO  c.n.discovery.provider.DiscoveryJerseyProvider - Using JSON encoding codec LegacyJacksonJson
2019-08-24 23:09:51.391 [main] INFO  c.n.discovery.provider.DiscoveryJerseyProvider - Using JSON decoding codec LegacyJacksonJson
2019-08-24 23:09:51.485 [main] INFO  c.n.discovery.provider.DiscoveryJerseyProvider - Using XML encoding codec XStreamXml
2019-08-24 23:09:51.485 [main] INFO  c.n.discovery.provider.DiscoveryJerseyProvider - Using XML decoding codec XStreamXml
2019-08-24 23:09:51.699 [main] INFO  c.n.d.shared.resolver.aws.ConfigClusterResolver - Resolving eureka endpoints via configuration
2019-08-24 23:09:51.857 [main] INFO  com.netflix.discovery.DiscoveryClient - Disable delta property : false
2019-08-24 23:09:51.858 [main] INFO  com.netflix.discovery.DiscoveryClient - Single vip registry refresh property : null
2019-08-24 23:09:51.858 [main] INFO  com.netflix.discovery.DiscoveryClient - Force full registry fetch : false
2019-08-24 23:09:51.858 [main] INFO  com.netflix.discovery.DiscoveryClient - Application is null : false
2019-08-24 23:09:51.858 [main] INFO  com.netflix.discovery.DiscoveryClient - Registered Applications size is zero : true
2019-08-24 23:09:51.858 [main] INFO  com.netflix.discovery.DiscoveryClient - Application version is -1: true
2019-08-24 23:09:51.858 [main] INFO  com.netflix.discovery.DiscoveryClient - Getting all instance registry info from the eureka server
2019-08-24 23:09:52.002 [main] INFO  com.netflix.discovery.DiscoveryClient - The response status is 200
2019-08-24 23:09:52.002 [main] INFO  com.netflix.discovery.DiscoveryClient - Starting heartbeat executor: renew interval is: 30
2019-08-24 23:09:52.002 [main] INFO  com.netflix.discovery.InstanceInfoReplicator - InstanceInfoReplicator onDemand update allowed rate per min is 4
2019-08-24 23:09:52.002 [main] INFO  com.netflix.discovery.DiscoveryClient - Discovery Client initialized at timestamp 1566659392002 with initial instances count: 1
2019-08-24 23:09:52.021 [main] INFO  o.s.c.n.e.serviceregistry.EurekaServiceRegistry - Registering application AUTH-SERVICE with eureka with status UP
2019-08-24 23:09:52.022 [main] INFO  com.netflix.discovery.DiscoveryClient - Saw local status change event StatusChangeEvent [timestamp=1566659392022, current=UP, previous=STARTING]
2019-08-24 23:09:52.024 [DiscoveryClient-InstanceInfoReplicator-0] INFO  com.netflix.discovery.DiscoveryClient - DiscoveryClient_AUTH-SERVICE/192.168.137.1:9025: registering service...
2019-08-24 23:09:52.041 [main] INFO  org.apache.coyote.http11.Http11NioProtocol - Starting ProtocolHandler ["http-nio-9025"]
2019-08-24 23:09:52.060 [DiscoveryClient-InstanceInfoReplicator-0] INFO  com.netflix.discovery.DiscoveryClient - DiscoveryClient_AUTH-SERVICE/192.168.137.1:9025 - registration status: 204
2019-08-24 23:09:52.068 [main] INFO  o.s.boot.web.embedded.tomcat.TomcatWebServer - Tomcat started on port(s): 9025 (http) with context path ''
2019-08-24 23:09:52.069 [main] INFO  o.s.c.n.e.s.EurekaAutoServiceRegistration - Updating port to 9025
2019-08-24 23:09:52.070 [main] INFO  com.sieyuan.auth.AuthApplication - Started AuthApplication in 6.579 seconds (JVM running for 7.794)
2019-08-24 23:09:52.574 [RMI TCP Connection(4)-127.0.0.1] INFO  o.a.c.core.ContainerBase.[Tomcat].[localhost].[/] - Initializing Spring DispatcherServlet 'dispatcherServlet'
2019-08-24 23:09:52.575 [RMI TCP Connection(4)-127.0.0.1] INFO  org.springframework.web.servlet.DispatcherServlet - Initializing Servlet 'dispatcherServlet'
2019-08-24 23:09:52.575 [RMI TCP Connection(2)-127.0.0.1] INFO  com.zaxxer.hikari.HikariDataSource - HikariPool-1 - Starting...
2019-08-24 23:09:52.585 [RMI TCP Connection(4)-127.0.0.1] INFO  org.springframework.web.servlet.DispatcherServlet - Completed initialization in 10 ms
2019-08-24 23:09:52.920 [RMI TCP Connection(2)-127.0.0.1] INFO  com.zaxxer.hikari.HikariDataSource - HikariPool-1 - Start completed.
2019-08-24 23:14:51.872 [AsyncResolver-bootstrap-executor-0] INFO  c.n.d.shared.resolver.aws.ConfigClusterResolver - Resolving eureka endpoints via configuration
