2019-06-16 21:27:00.624 [main] INFO  o.s.c.s.PostProcessorRegistrationDelegate$BeanPostProcessorChecker - Bean 'org.springframework.cloud.autoconfigure.ConfigurationPropertiesRebinderAutoConfiguration' of type [org.springframework.cloud.autoconfigure.ConfigurationPropertiesRebinderAutoConfiguration$$EnhancerBySpringCGLIB$$f8e4819b] is not eligible for getting processed by all BeanPostProcessors (for example: not eligible for auto-proxying)
2019-06-16 21:27:00.911 [main] INFO  com.sieyuan.auth.AuthApplication - No active profile set, falling back to default profiles: default
2019-06-16 21:27:01.767 [main] INFO  o.springframework.cloud.context.scope.GenericScope - BeanFactory id=773b32f3-6a2b-3d1f-957b-f29e462e022c
2019-06-16 21:27:01.845 [main] INFO  o.s.c.s.PostProcessorRegistrationDelegate$BeanPostProcessorChecker - Bean 'org.springframework.transaction.annotation.ProxyTransactionManagementConfiguration' of type [org.springframework.transaction.annotation.ProxyTransactionManagementConfiguration$$EnhancerBySpringCGLIB$$dcca7e9e] is not eligible for getting processed by all BeanPostProcessors (for example: not eligible for auto-proxying)
2019-06-16 21:27:01.860 [main] INFO  o.s.c.s.PostProcessorRegistrationDelegate$BeanPostProcessorChecker - Bean 'org.springframework.cloud.autoconfigure.ConfigurationPropertiesRebinderAutoConfiguration' of type [org.springframework.cloud.autoconfigure.ConfigurationPropertiesRebinderAutoConfiguration$$EnhancerBySpringCGLIB$$f8e4819b] is not eligible for getting processed by all BeanPostProcessors (for example: not eligible for auto-proxying)
2019-06-16 21:27:02.046 [main] INFO  o.s.boot.web.embedded.tomcat.TomcatWebServer - Tomcat initialized with port(s): 9025 (http)
2019-06-16 21:27:02.059 [main] INFO  org.apache.coyote.http11.Http11NioProtocol - Initializing ProtocolHandler ["http-nio-9025"]
2019-06-16 21:27:02.066 [main] INFO  org.apache.catalina.core.StandardService - Starting service [Tomcat]
2019-06-16 21:27:02.066 [main] INFO  org.apache.catalina.core.StandardEngine - Starting Servlet engine: [Apache Tomcat/9.0.19]
2019-06-16 21:27:02.072 [main] INFO  org.apache.catalina.core.AprLifecycleListener - Loaded APR based Apache Tomcat Native library [1.2.21] using APR version [1.6.5].
2019-06-16 21:27:02.072 [main] INFO  org.apache.catalina.core.AprLifecycleListener - APR capabilities: IPv6 [true], sendfile [true], accept filters [false], random [true].
2019-06-16 21:27:02.072 [main] INFO  org.apache.catalina.core.AprLifecycleListener - APR/OpenSSL configuration: useAprConnector [false], useOpenSSL [true]
2019-06-16 21:27:02.075 [main] INFO  org.apache.catalina.core.AprLifecycleListener - OpenSSL successfully initialized [OpenSSL 1.1.1a  20 Nov 2018]
2019-06-16 21:27:02.201 [main] INFO  o.a.c.core.ContainerBase.[Tomcat].[localhost].[/] - Initializing Spring embedded WebApplicationContext
2019-06-16 21:27:02.201 [main] INFO  org.springframework.web.context.ContextLoader - Root WebApplicationContext: initialization completed in 1281 ms
2019-06-16 21:27:02.379 [main] INFO  com.netflix.config.sources.URLConfigurationSource - To enable URLs as dynamic configuration sources, define System property archaius.configurationSource.additionalUrls or make config.properties available on classpath.
2019-06-16 21:27:02.389 [main] INFO  com.netflix.config.DynamicPropertyFactory - DynamicPropertyFactory is initialized with configuration sources: com.netflix.config.ConcurrentCompositeConfiguration@6f2e1024
2019-06-16 21:27:03.422 [main] INFO  o.s.security.web.DefaultSecurityFilterChain - Creating filter chain: OrRequestMatcher [requestMatchers=[Ant [pattern='/oauth/token'], Ant [pattern='/oauth/token_key'], Ant [pattern='/oauth/check_token']]], [org.springframework.security.web.context.request.async.WebAsyncManagerIntegrationFilter@2dafae61, org.springframework.security.web.context.SecurityContextPersistenceFilter@2b53840a, org.springframework.security.web.header.HeaderWriterFilter@193bb809, org.springframework.security.web.authentication.logout.LogoutFilter@4f59a516, org.springframework.security.web.authentication.www.BasicAuthenticationFilter@315c081, org.springframework.security.web.savedrequest.RequestCacheAwareFilter@3e546734, org.springframework.security.web.servletapi.SecurityContextHolderAwareRequestFilter@59838256, org.springframework.security.web.authentication.AnonymousAuthenticationFilter@7a2fce12, org.springframework.security.web.session.SessionManagementFilter@69cd7630, org.springframework.security.web.access.ExceptionTranslationFilter@4f116ca2, org.springframework.security.web.access.intercept.FilterSecurityInterceptor@7f42e06e]
2019-06-16 21:27:03.424 [main] INFO  o.s.security.web.DefaultSecurityFilterChain - Creating filter chain: any request, [org.springframework.security.web.context.request.async.WebAsyncManagerIntegrationFilter@7ecda95b, org.springframework.security.web.context.SecurityContextPersistenceFilter@4a070cf0, org.springframework.security.web.header.HeaderWriterFilter@68b7d0ef, org.springframework.security.web.authentication.logout.LogoutFilter@1f782c05, org.springframework.security.web.authentication.www.BasicAuthenticationFilter@6ad1701a, org.springframework.security.web.savedrequest.RequestCacheAwareFilter@764b14b8, org.springframework.security.web.servletapi.SecurityContextHolderAwareRequestFilter@202d9236, org.springframework.security.web.authentication.AnonymousAuthenticationFilter@22da2fe6, org.springframework.security.web.session.SessionManagementFilter@7069f076, org.springframework.security.web.access.ExceptionTranslationFilter@41bfa9e9, org.springframework.security.web.access.intercept.FilterSecurityInterceptor@519c6fcc]
2019-06-16 21:27:03.435 [main] INFO  com.netflix.config.sources.URLConfigurationSource - To enable URLs as dynamic configuration sources, define System property archaius.configurationSource.additionalUrls or make config.properties available on classpath.
2019-06-16 21:27:03.563 [main] INFO  o.s.scheduling.concurrent.ThreadPoolTaskExecutor - Initializing ExecutorService 'applicationTaskExecutor'
2019-06-16 21:27:03.886 [main] INFO  o.s.b.actuate.endpoint.web.EndpointLinksResolver - Exposing 2 endpoint(s) beneath base path '/actuator'
2019-06-16 21:27:04.224 [main] INFO  o.s.cloud.netflix.eureka.InstanceInfoFactory - Setting initial instance status as: STARTING
2019-06-16 21:27:04.252 [main] INFO  com.netflix.discovery.DiscoveryClient - Initializing Eureka in region us-east-1
2019-06-16 21:27:04.497 [main] INFO  c.n.discovery.provider.DiscoveryJerseyProvider - Using JSON encoding codec LegacyJacksonJson
2019-06-16 21:27:04.497 [main] INFO  c.n.discovery.provider.DiscoveryJerseyProvider - Using JSON decoding codec LegacyJacksonJson
2019-06-16 21:27:04.575 [main] INFO  c.n.discovery.provider.DiscoveryJerseyProvider - Using XML encoding codec XStreamXml
2019-06-16 21:27:04.575 [main] INFO  c.n.discovery.provider.DiscoveryJerseyProvider - Using XML decoding codec XStreamXml
2019-06-16 21:27:04.702 [main] INFO  c.n.d.shared.resolver.aws.ConfigClusterResolver - Resolving eureka endpoints via configuration
2019-06-16 21:27:04.836 [main] INFO  com.netflix.discovery.DiscoveryClient - Disable delta property : false
2019-06-16 21:27:04.836 [main] INFO  com.netflix.discovery.DiscoveryClient - Single vip registry refresh property : null
2019-06-16 21:27:04.836 [main] INFO  com.netflix.discovery.DiscoveryClient - Force full registry fetch : false
2019-06-16 21:27:04.836 [main] INFO  com.netflix.discovery.DiscoveryClient - Application is null : false
2019-06-16 21:27:04.837 [main] INFO  com.netflix.discovery.DiscoveryClient - Registered Applications size is zero : true
2019-06-16 21:27:04.837 [main] INFO  com.netflix.discovery.DiscoveryClient - Application version is -1: true
2019-06-16 21:27:04.837 [main] INFO  com.netflix.discovery.DiscoveryClient - Getting all instance registry info from the eureka server
2019-06-16 21:27:04.955 [main] INFO  com.netflix.discovery.DiscoveryClient - The response status is 200
2019-06-16 21:27:04.957 [main] INFO  com.netflix.discovery.DiscoveryClient - Starting heartbeat executor: renew interval is: 30
2019-06-16 21:27:04.959 [main] INFO  com.netflix.discovery.InstanceInfoReplicator - InstanceInfoReplicator onDemand update allowed rate per min is 4
2019-06-16 21:27:04.962 [main] INFO  com.netflix.discovery.DiscoveryClient - Discovery Client initialized at timestamp 1560691624961 with initial instances count: 2
2019-06-16 21:27:04.963 [main] INFO  o.s.c.n.e.serviceregistry.EurekaServiceRegistry - Registering application AUTH-SERVICE with eureka with status UP
2019-06-16 21:27:04.963 [main] INFO  com.netflix.discovery.DiscoveryClient - Saw local status change event StatusChangeEvent [timestamp=1560691624963, current=UP, previous=STARTING]
2019-06-16 21:27:04.965 [DiscoveryClient-InstanceInfoReplicator-0] INFO  com.netflix.discovery.DiscoveryClient - DiscoveryClient_AUTH-SERVICE/172.16.8.78:9025: registering service...
2019-06-16 21:27:04.983 [main] INFO  org.apache.coyote.http11.Http11NioProtocol - Starting ProtocolHandler ["http-nio-9025"]
2019-06-16 21:27:04.997 [DiscoveryClient-InstanceInfoReplicator-0] INFO  com.netflix.discovery.DiscoveryClient - DiscoveryClient_AUTH-SERVICE/172.16.8.78:9025 - registration status: 204
2019-06-16 21:27:05.003 [main] INFO  o.s.boot.web.embedded.tomcat.TomcatWebServer - Tomcat started on port(s): 9025 (http) with context path ''
2019-06-16 21:27:05.003 [main] INFO  o.s.c.n.e.s.EurekaAutoServiceRegistration - Updating port to 9025
2019-06-16 21:27:05.005 [main] INFO  com.sieyuan.auth.AuthApplication - Started AuthApplication in 5.482 seconds (JVM running for 6.319)
2019-06-16 21:27:05.313 [RMI TCP Connection(4)-127.0.0.1] INFO  o.a.c.core.ContainerBase.[Tomcat].[localhost].[/] - Initializing Spring DispatcherServlet 'dispatcherServlet'
2019-06-16 21:27:05.313 [RMI TCP Connection(6)-127.0.0.1] INFO  com.zaxxer.hikari.HikariDataSource - HikariPool-1 - Starting...
2019-06-16 21:27:05.313 [RMI TCP Connection(4)-127.0.0.1] INFO  org.springframework.web.servlet.DispatcherServlet - Initializing Servlet 'dispatcherServlet'
2019-06-16 21:27:05.323 [RMI TCP Connection(4)-127.0.0.1] INFO  org.springframework.web.servlet.DispatcherServlet - Completed initialization in 10 ms
2019-06-16 21:27:05.414 [RMI TCP Connection(6)-127.0.0.1] INFO  com.zaxxer.hikari.HikariDataSource - HikariPool-1 - Start completed.
2019-06-16 21:32:04.844 [AsyncResolver-bootstrap-executor-0] INFO  c.n.d.shared.resolver.aws.ConfigClusterResolver - Resolving eureka endpoints via configuration
2019-06-16 21:37:04.857 [AsyncResolver-bootstrap-executor-0] INFO  c.n.d.shared.resolver.aws.ConfigClusterResolver - Resolving eureka endpoints via configuration
2019-06-16 21:42:04.863 [AsyncResolver-bootstrap-executor-0] INFO  c.n.d.shared.resolver.aws.ConfigClusterResolver - Resolving eureka endpoints via configuration
2019-06-16 21:47:04.878 [AsyncResolver-bootstrap-executor-0] INFO  c.n.d.shared.resolver.aws.ConfigClusterResolver - Resolving eureka endpoints via configuration
2019-06-16 21:52:04.884 [AsyncResolver-bootstrap-executor-0] INFO  c.n.d.shared.resolver.aws.ConfigClusterResolver - Resolving eureka endpoints via configuration
2019-06-16 21:57:04.892 [AsyncResolver-bootstrap-executor-0] INFO  c.n.d.shared.resolver.aws.ConfigClusterResolver - Resolving eureka endpoints via configuration
2019-06-16 23:29:30.928 [AsyncResolver-bootstrap-executor-0] INFO  c.n.d.shared.resolver.aws.ConfigClusterResolver - Resolving eureka endpoints via configuration
2019-06-16 23:38:06.279 [main] INFO  o.s.c.s.PostProcessorRegistrationDelegate$BeanPostProcessorChecker - Bean 'org.springframework.cloud.autoconfigure.ConfigurationPropertiesRebinderAutoConfiguration' of type [org.springframework.cloud.autoconfigure.ConfigurationPropertiesRebinderAutoConfiguration$$EnhancerBySpringCGLIB$$feb626ac] is not eligible for getting processed by all BeanPostProcessors (for example: not eligible for auto-proxying)
2019-06-16 23:38:06.730 [main] INFO  com.sieyuan.auth.AuthApplication - No active profile set, falling back to default profiles: default
2019-06-16 23:38:08.150 [main] INFO  o.springframework.cloud.context.scope.GenericScope - BeanFactory id=773b32f3-6a2b-3d1f-957b-f29e462e022c
2019-06-16 23:38:08.255 [main] INFO  o.s.c.s.PostProcessorRegistrationDelegate$BeanPostProcessorChecker - Bean 'org.springframework.transaction.annotation.ProxyTransactionManagementConfiguration' of type [org.springframework.transaction.annotation.ProxyTransactionManagementConfiguration$$EnhancerBySpringCGLIB$$e29c23af] is not eligible for getting processed by all BeanPostProcessors (for example: not eligible for auto-proxying)
2019-06-16 23:38:08.276 [main] INFO  o.s.c.s.PostProcessorRegistrationDelegate$BeanPostProcessorChecker - Bean 'org.springframework.cloud.autoconfigure.ConfigurationPropertiesRebinderAutoConfiguration' of type [org.springframework.cloud.autoconfigure.ConfigurationPropertiesRebinderAutoConfiguration$$EnhancerBySpringCGLIB$$feb626ac] is not eligible for getting processed by all BeanPostProcessors (for example: not eligible for auto-proxying)
2019-06-16 23:38:08.922 [main] INFO  o.s.boot.web.embedded.tomcat.TomcatWebServer - Tomcat initialized with port(s): 9025 (http)
2019-06-16 23:38:08.939 [main] INFO  org.apache.coyote.http11.Http11NioProtocol - Initializing ProtocolHandler ["http-nio-9025"]
2019-06-16 23:38:08.949 [main] INFO  org.apache.catalina.core.StandardService - Starting service [Tomcat]
2019-06-16 23:38:08.950 [main] INFO  org.apache.catalina.core.StandardEngine - Starting Servlet engine: [Apache Tomcat/9.0.19]
2019-06-16 23:38:08.958 [main] INFO  org.apache.catalina.core.AprLifecycleListener - Loaded APR based Apache Tomcat Native library [1.2.21] using APR version [1.6.5].
2019-06-16 23:38:08.958 [main] INFO  org.apache.catalina.core.AprLifecycleListener - APR capabilities: IPv6 [true], sendfile [true], accept filters [false], random [true].
2019-06-16 23:38:08.958 [main] INFO  org.apache.catalina.core.AprLifecycleListener - APR/OpenSSL configuration: useAprConnector [false], useOpenSSL [true]
2019-06-16 23:38:08.969 [main] INFO  org.apache.catalina.core.AprLifecycleListener - OpenSSL successfully initialized [OpenSSL 1.1.1a  20 Nov 2018]
2019-06-16 23:38:09.124 [main] INFO  o.a.c.core.ContainerBase.[Tomcat].[localhost].[/] - Initializing Spring embedded WebApplicationContext
2019-06-16 23:38:09.125 [main] INFO  org.springframework.web.context.ContextLoader - Root WebApplicationContext: initialization completed in 2380 ms
2019-06-16 23:38:09.370 [main] INFO  com.netflix.config.sources.URLConfigurationSource - To enable URLs as dynamic configuration sources, define System property archaius.configurationSource.additionalUrls or make config.properties available on classpath.
2019-06-16 23:38:09.384 [main] INFO  com.netflix.config.DynamicPropertyFactory - DynamicPropertyFactory is initialized with configuration sources: com.netflix.config.ConcurrentCompositeConfiguration@3e5fd2b1
2019-06-16 23:38:11.048 [main] INFO  o.s.security.web.DefaultSecurityFilterChain - Creating filter chain: OrRequestMatcher [requestMatchers=[Ant [pattern='/oauth/token'], Ant [pattern='/oauth/token_key'], Ant [pattern='/oauth/check_token']]], [org.springframework.security.web.context.request.async.WebAsyncManagerIntegrationFilter@4d93f75b, org.springframework.security.web.context.SecurityContextPersistenceFilter@36bed37a, org.springframework.security.web.header.HeaderWriterFilter@75d366c2, org.springframework.security.web.authentication.logout.LogoutFilter@17d2b075, org.springframework.security.web.authentication.www.BasicAuthenticationFilter@697d6ded, org.springframework.security.web.savedrequest.RequestCacheAwareFilter@1b3ab4f9, org.springframework.security.web.servletapi.SecurityContextHolderAwareRequestFilter@feb098f, org.springframework.security.web.authentication.AnonymousAuthenticationFilter@114a5e0, org.springframework.security.web.session.SessionManagementFilter@5a08b084, org.springframework.security.web.access.ExceptionTranslationFilter@35adf623, org.springframework.security.web.access.intercept.FilterSecurityInterceptor@7f73ce28]
2019-06-16 23:38:11.051 [main] INFO  o.s.security.web.DefaultSecurityFilterChain - Creating filter chain: any request, [org.springframework.security.web.context.request.async.WebAsyncManagerIntegrationFilter@69f2cb04, org.springframework.security.web.context.SecurityContextPersistenceFilter@79a13920, org.springframework.security.web.header.HeaderWriterFilter@251c4280, org.springframework.security.web.authentication.logout.LogoutFilter@420a8042, org.springframework.security.web.authentication.www.BasicAuthenticationFilter@3dce6dd8, org.springframework.security.web.savedrequest.RequestCacheAwareFilter@182e7eda, org.springframework.security.web.servletapi.SecurityContextHolderAwareRequestFilter@5f61371d, org.springframework.security.web.authentication.AnonymousAuthenticationFilter@13803a94, org.springframework.security.web.session.SessionManagementFilter@35650279, org.springframework.security.web.access.ExceptionTranslationFilter@2ed9f6f8, org.springframework.security.web.access.intercept.FilterSecurityInterceptor@19b02dfd]
2019-06-16 23:38:11.073 [main] INFO  com.netflix.config.sources.URLConfigurationSource - To enable URLs as dynamic configuration sources, define System property archaius.configurationSource.additionalUrls or make config.properties available on classpath.
2019-06-16 23:38:11.274 [main] INFO  o.s.scheduling.concurrent.ThreadPoolTaskExecutor - Initializing ExecutorService 'applicationTaskExecutor'
2019-06-16 23:38:11.767 [main] INFO  o.s.b.actuate.endpoint.web.EndpointLinksResolver - Exposing 2 endpoint(s) beneath base path '/actuator'
2019-06-16 23:38:12.217 [main] INFO  o.s.cloud.netflix.eureka.InstanceInfoFactory - Setting initial instance status as: STARTING
2019-06-16 23:38:12.260 [main] INFO  com.netflix.discovery.DiscoveryClient - Initializing Eureka in region us-east-1
2019-06-16 23:38:12.652 [main] INFO  c.n.discovery.provider.DiscoveryJerseyProvider - Using JSON encoding codec LegacyJacksonJson
2019-06-16 23:38:12.652 [main] INFO  c.n.discovery.provider.DiscoveryJerseyProvider - Using JSON decoding codec LegacyJacksonJson
2019-06-16 23:38:12.767 [main] INFO  c.n.discovery.provider.DiscoveryJerseyProvider - Using XML encoding codec XStreamXml
2019-06-16 23:38:12.768 [main] INFO  c.n.discovery.provider.DiscoveryJerseyProvider - Using XML decoding codec XStreamXml
2019-06-16 23:38:12.974 [main] INFO  c.n.d.shared.resolver.aws.ConfigClusterResolver - Resolving eureka endpoints via configuration
2019-06-16 23:38:13.137 [main] INFO  com.netflix.discovery.DiscoveryClient - Disable delta property : false
2019-06-16 23:38:13.138 [main] INFO  com.netflix.discovery.DiscoveryClient - Single vip registry refresh property : null
2019-06-16 23:38:13.138 [main] INFO  com.netflix.discovery.DiscoveryClient - Force full registry fetch : false
2019-06-16 23:38:13.138 [main] INFO  com.netflix.discovery.DiscoveryClient - Application is null : false
2019-06-16 23:38:13.138 [main] INFO  com.netflix.discovery.DiscoveryClient - Registered Applications size is zero : true
2019-06-16 23:38:13.138 [main] INFO  com.netflix.discovery.DiscoveryClient - Application version is -1: true
2019-06-16 23:38:13.138 [main] INFO  com.netflix.discovery.DiscoveryClient - Getting all instance registry info from the eureka server
2019-06-16 23:38:15.236 [main] INFO  com.netflix.discovery.DiscoveryClient - Starting heartbeat executor: renew interval is: 30
2019-06-16 23:38:15.240 [main] INFO  com.netflix.discovery.InstanceInfoReplicator - InstanceInfoReplicator onDemand update allowed rate per min is 4
2019-06-16 23:38:15.248 [main] INFO  com.netflix.discovery.DiscoveryClient - Discovery Client initialized at timestamp 1560699495245 with initial instances count: 0
2019-06-16 23:38:15.255 [main] INFO  o.s.c.n.e.serviceregistry.EurekaServiceRegistry - Registering application AUTH-SERVICE with eureka with status UP
2019-06-16 23:38:15.259 [main] INFO  com.netflix.discovery.DiscoveryClient - Saw local status change event StatusChangeEvent [timestamp=1560699495259, current=UP, previous=STARTING]
2019-06-16 23:38:15.262 [DiscoveryClient-InstanceInfoReplicator-0] INFO  com.netflix.discovery.DiscoveryClient - DiscoveryClient_AUTH-SERVICE/172.16.8.78:9025: registering service...
2019-06-16 23:38:15.315 [main] INFO  org.apache.coyote.http11.Http11NioProtocol - Starting ProtocolHandler ["http-nio-9025"]
2019-06-16 23:38:15.380 [main] INFO  o.s.boot.web.embedded.tomcat.TomcatWebServer - Tomcat started on port(s): 9025 (http) with context path ''
2019-06-16 23:38:15.381 [main] INFO  o.s.c.n.e.s.EurekaAutoServiceRegistration - Updating port to 9025
2019-06-16 23:38:15.383 [main] INFO  com.sieyuan.auth.AuthApplication - Started AuthApplication in 10.748 seconds (JVM running for 12.476)
2019-06-16 23:38:15.723 [RMI TCP Connection(7)-127.0.0.1] INFO  com.zaxxer.hikari.HikariDataSource - HikariPool-1 - Starting...
2019-06-16 23:38:15.736 [RMI TCP Connection(6)-127.0.0.1] INFO  o.a.c.core.ContainerBase.[Tomcat].[localhost].[/] - Initializing Spring DispatcherServlet 'dispatcherServlet'
2019-06-16 23:38:15.736 [RMI TCP Connection(6)-127.0.0.1] INFO  org.springframework.web.servlet.DispatcherServlet - Initializing Servlet 'dispatcherServlet'
2019-06-16 23:38:15.753 [RMI TCP Connection(6)-127.0.0.1] INFO  org.springframework.web.servlet.DispatcherServlet - Completed initialization in 17 ms
2019-06-16 23:38:45.238 [DiscoveryClient-CacheRefreshExecutor-0] INFO  com.netflix.discovery.DiscoveryClient - Disable delta property : false
2019-06-16 23:38:45.238 [DiscoveryClient-CacheRefreshExecutor-0] INFO  com.netflix.discovery.DiscoveryClient - Single vip registry refresh property : null
2019-06-16 23:38:45.238 [DiscoveryClient-CacheRefreshExecutor-0] INFO  com.netflix.discovery.DiscoveryClient - Force full registry fetch : false
2019-06-16 23:38:45.238 [DiscoveryClient-CacheRefreshExecutor-0] INFO  com.netflix.discovery.DiscoveryClient - Application is null : false
2019-06-16 23:38:45.238 [DiscoveryClient-CacheRefreshExecutor-0] INFO  com.netflix.discovery.DiscoveryClient - Registered Applications size is zero : true
2019-06-16 23:38:45.238 [DiscoveryClient-CacheRefreshExecutor-0] INFO  com.netflix.discovery.DiscoveryClient - Application version is -1: true
2019-06-16 23:38:45.238 [DiscoveryClient-CacheRefreshExecutor-0] INFO  com.netflix.discovery.DiscoveryClient - Getting all instance registry info from the eureka server
2019-06-16 23:38:47.295 [DiscoveryClient-InstanceInfoReplicator-0] INFO  com.netflix.discovery.DiscoveryClient - DiscoveryClient_AUTH-SERVICE/172.16.8.78:9025: registering service...
2019-06-16 23:39:17.253 [DiscoveryClient-CacheRefreshExecutor-0] INFO  com.netflix.discovery.DiscoveryClient - Disable delta property : false
2019-06-16 23:39:17.253 [DiscoveryClient-CacheRefreshExecutor-0] INFO  com.netflix.discovery.DiscoveryClient - Single vip registry refresh property : null
2019-06-16 23:39:17.253 [DiscoveryClient-CacheRefreshExecutor-0] INFO  com.netflix.discovery.DiscoveryClient - Force full registry fetch : false
2019-06-16 23:39:17.253 [DiscoveryClient-CacheRefreshExecutor-0] INFO  com.netflix.discovery.DiscoveryClient - Application is null : false
2019-06-16 23:39:17.253 [DiscoveryClient-CacheRefreshExecutor-0] INFO  com.netflix.discovery.DiscoveryClient - Registered Applications size is zero : true
2019-06-16 23:39:17.253 [DiscoveryClient-CacheRefreshExecutor-0] INFO  com.netflix.discovery.DiscoveryClient - Application version is -1: true
2019-06-16 23:39:17.253 [DiscoveryClient-CacheRefreshExecutor-0] INFO  com.netflix.discovery.DiscoveryClient - Getting all instance registry info from the eureka server
2019-06-16 23:39:17.457 [DiscoveryClient-HeartbeatExecutor-0] INFO  com.netflix.discovery.DiscoveryClient - DiscoveryClient_AUTH-SERVICE/172.16.8.78:9025 - Re-registering apps/AUTH-SERVICE
2019-06-16 23:39:17.457 [DiscoveryClient-HeartbeatExecutor-0] INFO  com.netflix.discovery.DiscoveryClient - DiscoveryClient_AUTH-SERVICE/172.16.8.78:9025: registering service...
2019-06-16 23:39:17.473 [DiscoveryClient-CacheRefreshExecutor-0] INFO  com.netflix.discovery.DiscoveryClient - The response status is 200
2019-06-16 23:39:17.617 [DiscoveryClient-HeartbeatExecutor-0] INFO  com.netflix.discovery.DiscoveryClient - DiscoveryClient_AUTH-SERVICE/172.16.8.78:9025 - registration status: 204
2019-06-16 23:39:49.258 [main] INFO  o.s.c.s.PostProcessorRegistrationDelegate$BeanPostProcessorChecker - Bean 'org.springframework.cloud.autoconfigure.ConfigurationPropertiesRebinderAutoConfiguration' of type [org.springframework.cloud.autoconfigure.ConfigurationPropertiesRebinderAutoConfiguration$$EnhancerBySpringCGLIB$$c10ef16f] is not eligible for getting processed by all BeanPostProcessors (for example: not eligible for auto-proxying)
2019-06-16 23:39:49.649 [main] INFO  com.sieyuan.auth.AuthApplication - No active profile set, falling back to default profiles: default
2019-06-16 23:39:50.694 [main] INFO  o.springframework.cloud.context.scope.GenericScope - BeanFactory id=773b32f3-6a2b-3d1f-957b-f29e462e022c
2019-06-16 23:39:50.788 [main] INFO  o.s.c.s.PostProcessorRegistrationDelegate$BeanPostProcessorChecker - Bean 'org.springframework.transaction.annotation.ProxyTransactionManagementConfiguration' of type [org.springframework.transaction.annotation.ProxyTransactionManagementConfiguration$$EnhancerBySpringCGLIB$$a4f4ee72] is not eligible for getting processed by all BeanPostProcessors (for example: not eligible for auto-proxying)
2019-06-16 23:39:50.804 [main] INFO  o.s.c.s.PostProcessorRegistrationDelegate$BeanPostProcessorChecker - Bean 'org.springframework.cloud.autoconfigure.ConfigurationPropertiesRebinderAutoConfiguration' of type [org.springframework.cloud.autoconfigure.ConfigurationPropertiesRebinderAutoConfiguration$$EnhancerBySpringCGLIB$$c10ef16f] is not eligible for getting processed by all BeanPostProcessors (for example: not eligible for auto-proxying)
2019-06-16 23:39:51.022 [main] INFO  o.s.boot.web.embedded.tomcat.TomcatWebServer - Tomcat initialized with port(s): 9025 (http)
2019-06-16 23:39:51.038 [main] INFO  org.apache.coyote.http11.Http11NioProtocol - Initializing ProtocolHandler ["http-nio-9025"]
2019-06-16 23:39:51.038 [main] INFO  org.apache.catalina.core.StandardService - Starting service [Tomcat]
2019-06-16 23:39:51.038 [main] INFO  org.apache.catalina.core.StandardEngine - Starting Servlet engine: [Apache Tomcat/9.0.19]
2019-06-16 23:39:51.054 [main] INFO  org.apache.catalina.core.AprLifecycleListener - Loaded APR based Apache Tomcat Native library [1.2.21] using APR version [1.6.5].
2019-06-16 23:39:51.054 [main] INFO  org.apache.catalina.core.AprLifecycleListener - APR capabilities: IPv6 [true], sendfile [true], accept filters [false], random [true].
2019-06-16 23:39:51.054 [main] INFO  org.apache.catalina.core.AprLifecycleListener - APR/OpenSSL configuration: useAprConnector [false], useOpenSSL [true]
2019-06-16 23:39:51.054 [main] INFO  org.apache.catalina.core.AprLifecycleListener - OpenSSL successfully initialized [OpenSSL 1.1.1a  20 Nov 2018]
2019-06-16 23:39:51.210 [main] INFO  o.a.c.core.ContainerBase.[Tomcat].[localhost].[/] - Initializing Spring embedded WebApplicationContext
2019-06-16 23:39:51.210 [main] INFO  org.springframework.web.context.ContextLoader - Root WebApplicationContext: initialization completed in 1546 ms
2019-06-16 23:39:51.397 [main] INFO  com.netflix.config.sources.URLConfigurationSource - To enable URLs as dynamic configuration sources, define System property archaius.configurationSource.additionalUrls or make config.properties available on classpath.
2019-06-16 23:39:51.413 [main] INFO  com.netflix.config.DynamicPropertyFactory - DynamicPropertyFactory is initialized with configuration sources: com.netflix.config.ConcurrentCompositeConfiguration@35ee466f
2019-06-16 23:39:52.663 [main] INFO  o.s.security.web.DefaultSecurityFilterChain - Creating filter chain: OrRequestMatcher [requestMatchers=[Ant [pattern='/oauth/token'], Ant [pattern='/oauth/token_key'], Ant [pattern='/oauth/check_token']]], [org.springframework.security.web.context.request.async.WebAsyncManagerIntegrationFilter@764b14b8, org.springframework.security.web.context.SecurityContextPersistenceFilter@131a7516, org.springframework.security.web.header.HeaderWriterFilter@2b53840a, org.springframework.security.web.authentication.logout.LogoutFilter@2c26ba07, org.springframework.security.web.authentication.www.BasicAuthenticationFilter@721d5b74, org.springframework.security.web.savedrequest.RequestCacheAwareFilter@577536e0, org.springframework.security.web.servletapi.SecurityContextHolderAwareRequestFilter@4f59a516, org.springframework.security.web.authentication.AnonymousAuthenticationFilter@202d9236, org.springframework.security.web.session.SessionManagementFilter@1859ffda, org.springframework.security.web.access.ExceptionTranslationFilter@69cd7630, org.springframework.security.web.access.intercept.FilterSecurityInterceptor@6b2dd3df]
2019-06-16 23:39:52.663 [main] INFO  o.s.security.web.DefaultSecurityFilterChain - Creating filter chain: any request, [org.springframework.security.web.context.request.async.WebAsyncManagerIntegrationFilter@6b321262, org.springframework.security.web.context.SecurityContextPersistenceFilter@713a35c5, org.springframework.security.web.header.HeaderWriterFilter@22da2fe6, org.springframework.security.web.authentication.logout.LogoutFilter@5707f613, org.springframework.security.web.authentication.www.BasicAuthenticationFilter@35bfa1bb, org.springframework.security.web.savedrequest.RequestCacheAwareFilter@62aeddc8, org.springframework.security.web.servletapi.SecurityContextHolderAwareRequestFilter@11787b64, org.springframework.security.web.authentication.AnonymousAuthenticationFilter@68b11545, org.springframework.security.web.session.SessionManagementFilter@100ad67e, org.springframework.security.web.access.ExceptionTranslationFilter@7ecda95b, org.springframework.security.web.access.intercept.FilterSecurityInterceptor@59498d94]
2019-06-16 23:39:52.678 [main] INFO  com.netflix.config.sources.URLConfigurationSource - To enable URLs as dynamic configuration sources, define System property archaius.configurationSource.additionalUrls or make config.properties available on classpath.
2019-06-16 23:39:52.835 [main] INFO  o.s.scheduling.concurrent.ThreadPoolTaskExecutor - Initializing ExecutorService 'applicationTaskExecutor'
2019-06-16 23:39:53.694 [main] INFO  o.s.b.actuate.endpoint.web.EndpointLinksResolver - Exposing 2 endpoint(s) beneath base path '/actuator'
2019-06-16 23:39:54.142 [main] INFO  o.s.cloud.netflix.eureka.InstanceInfoFactory - Setting initial instance status as: STARTING
2019-06-16 23:39:54.173 [main] INFO  com.netflix.discovery.DiscoveryClient - Initializing Eureka in region us-east-1
2019-06-16 23:39:54.470 [main] INFO  c.n.discovery.provider.DiscoveryJerseyProvider - Using JSON encoding codec LegacyJacksonJson
2019-06-16 23:39:54.470 [main] INFO  c.n.discovery.provider.DiscoveryJerseyProvider - Using JSON decoding codec LegacyJacksonJson
2019-06-16 23:39:54.579 [main] INFO  c.n.discovery.provider.DiscoveryJerseyProvider - Using XML encoding codec XStreamXml
2019-06-16 23:39:54.579 [main] INFO  c.n.discovery.provider.DiscoveryJerseyProvider - Using XML decoding codec XStreamXml
2019-06-16 23:39:54.720 [main] INFO  c.n.d.shared.resolver.aws.ConfigClusterResolver - Resolving eureka endpoints via configuration
2019-06-16 23:39:54.861 [main] INFO  com.netflix.discovery.DiscoveryClient - Disable delta property : false
2019-06-16 23:39:54.861 [main] INFO  com.netflix.discovery.DiscoveryClient - Single vip registry refresh property : null
2019-06-16 23:39:54.861 [main] INFO  com.netflix.discovery.DiscoveryClient - Force full registry fetch : false
2019-06-16 23:39:54.861 [main] INFO  com.netflix.discovery.DiscoveryClient - Application is null : false
2019-06-16 23:39:54.861 [main] INFO  com.netflix.discovery.DiscoveryClient - Registered Applications size is zero : true
2019-06-16 23:39:54.861 [main] INFO  com.netflix.discovery.DiscoveryClient - Application version is -1: true
2019-06-16 23:39:54.861 [main] INFO  com.netflix.discovery.DiscoveryClient - Getting all instance registry info from the eureka server
2019-06-16 23:39:55.017 [main] INFO  com.netflix.discovery.DiscoveryClient - The response status is 200
2019-06-16 23:39:55.017 [main] INFO  com.netflix.discovery.DiscoveryClient - Starting heartbeat executor: renew interval is: 30
2019-06-16 23:39:55.017 [main] INFO  com.netflix.discovery.InstanceInfoReplicator - InstanceInfoReplicator onDemand update allowed rate per min is 4
2019-06-16 23:39:55.017 [main] INFO  com.netflix.discovery.DiscoveryClient - Discovery Client initialized at timestamp 1560699595017 with initial instances count: 1
2019-06-16 23:39:55.017 [main] INFO  o.s.c.n.e.serviceregistry.EurekaServiceRegistry - Registering application AUTH-SERVICE with eureka with status UP
2019-06-16 23:39:55.017 [main] INFO  com.netflix.discovery.DiscoveryClient - Saw local status change event StatusChangeEvent [timestamp=1560699595017, current=UP, previous=STARTING]
2019-06-16 23:39:55.017 [DiscoveryClient-InstanceInfoReplicator-0] INFO  com.netflix.discovery.DiscoveryClient - DiscoveryClient_AUTH-SERVICE/172.16.8.78:9025: registering service...
2019-06-16 23:39:55.095 [main] INFO  org.apache.coyote.http11.Http11NioProtocol - Starting ProtocolHandler ["http-nio-9025"]
2019-06-16 23:39:55.126 [main] INFO  o.s.boot.web.embedded.tomcat.TomcatWebServer - Tomcat started on port(s): 9025 (http) with context path ''
2019-06-16 23:39:55.126 [DiscoveryClient-InstanceInfoReplicator-0] INFO  com.netflix.discovery.DiscoveryClient - DiscoveryClient_AUTH-SERVICE/172.16.8.78:9025 - registration status: 204
2019-06-16 23:39:55.126 [main] INFO  o.s.c.n.e.s.EurekaAutoServiceRegistration - Updating port to 9025
2019-06-16 23:39:55.142 [main] INFO  com.sieyuan.auth.AuthApplication - Started AuthApplication in 7.305 seconds (JVM running for 8.303)
2019-06-16 23:39:55.688 [RMI TCP Connection(12)-127.0.0.1] INFO  o.a.c.core.ContainerBase.[Tomcat].[localhost].[/] - Initializing Spring DispatcherServlet 'dispatcherServlet'
2019-06-16 23:39:55.688 [RMI TCP Connection(12)-127.0.0.1] INFO  org.springframework.web.servlet.DispatcherServlet - Initializing Servlet 'dispatcherServlet'
2019-06-16 23:39:55.688 [RMI TCP Connection(14)-127.0.0.1] INFO  com.zaxxer.hikari.HikariDataSource - HikariPool-1 - Starting...
2019-06-16 23:39:55.688 [RMI TCP Connection(12)-127.0.0.1] INFO  org.springframework.web.servlet.DispatcherServlet - Completed initialization in 0 ms
2019-06-16 23:41:57.610 [main] INFO  o.s.c.s.PostProcessorRegistrationDelegate$BeanPostProcessorChecker - Bean 'org.springframework.cloud.autoconfigure.ConfigurationPropertiesRebinderAutoConfiguration' of type [org.springframework.cloud.autoconfigure.ConfigurationPropertiesRebinderAutoConfiguration$$EnhancerBySpringCGLIB$$105a6ef0] is not eligible for getting processed by all BeanPostProcessors (for example: not eligible for auto-proxying)
2019-06-16 23:41:58.110 [main] INFO  com.sieyuan.auth.AuthApplication - No active profile set, falling back to default profiles: default
2019-06-16 23:41:59.698 [main] INFO  o.springframework.cloud.context.scope.GenericScope - BeanFactory id=773b32f3-6a2b-3d1f-957b-f29e462e022c
2019-06-16 23:41:59.807 [main] INFO  o.s.c.s.PostProcessorRegistrationDelegate$BeanPostProcessorChecker - Bean 'org.springframework.transaction.annotation.ProxyTransactionManagementConfiguration' of type [org.springframework.transaction.annotation.ProxyTransactionManagementConfiguration$$EnhancerBySpringCGLIB$$f4406bf3] is not eligible for getting processed by all BeanPostProcessors (for example: not eligible for auto-proxying)
2019-06-16 23:41:59.823 [main] INFO  o.s.c.s.PostProcessorRegistrationDelegate$BeanPostProcessorChecker - Bean 'org.springframework.cloud.autoconfigure.ConfigurationPropertiesRebinderAutoConfiguration' of type [org.springframework.cloud.autoconfigure.ConfigurationPropertiesRebinderAutoConfiguration$$EnhancerBySpringCGLIB$$105a6ef0] is not eligible for getting processed by all BeanPostProcessors (for example: not eligible for auto-proxying)
2019-06-16 23:42:00.370 [main] INFO  o.s.boot.web.embedded.tomcat.TomcatWebServer - Tomcat initialized with port(s): 9025 (http)
2019-06-16 23:42:00.385 [main] INFO  org.apache.coyote.http11.Http11NioProtocol - Initializing ProtocolHandler ["http-nio-9025"]
2019-06-16 23:42:00.401 [main] INFO  org.apache.catalina.core.StandardService - Starting service [Tomcat]
2019-06-16 23:42:00.401 [main] INFO  org.apache.catalina.core.StandardEngine - Starting Servlet engine: [Apache Tomcat/9.0.19]
2019-06-16 23:42:00.401 [main] INFO  org.apache.catalina.core.AprLifecycleListener - Loaded APR based Apache Tomcat Native library [1.2.21] using APR version [1.6.5].
2019-06-16 23:42:00.401 [main] INFO  org.apache.catalina.core.AprLifecycleListener - APR capabilities: IPv6 [true], sendfile [true], accept filters [false], random [true].
2019-06-16 23:42:00.401 [main] INFO  org.apache.catalina.core.AprLifecycleListener - APR/OpenSSL configuration: useAprConnector [false], useOpenSSL [true]
2019-06-16 23:42:00.416 [main] INFO  org.apache.catalina.core.AprLifecycleListener - OpenSSL successfully initialized [OpenSSL 1.1.1a  20 Nov 2018]
2019-06-16 23:42:00.606 [main] INFO  o.a.c.core.ContainerBase.[Tomcat].[localhost].[/] - Initializing Spring embedded WebApplicationContext
2019-06-16 23:42:00.606 [main] INFO  org.springframework.web.context.ContextLoader - Root WebApplicationContext: initialization completed in 2465 ms
2019-06-16 23:42:00.856 [main] INFO  com.netflix.config.sources.URLConfigurationSource - To enable URLs as dynamic configuration sources, define System property archaius.configurationSource.additionalUrls or make config.properties available on classpath.
2019-06-16 23:42:00.856 [main] INFO  com.netflix.config.DynamicPropertyFactory - DynamicPropertyFactory is initialized with configuration sources: com.netflix.config.ConcurrentCompositeConfiguration@17092fff
2019-06-16 23:42:02.271 [main] INFO  o.s.security.web.DefaultSecurityFilterChain - Creating filter chain: OrRequestMatcher [requestMatchers=[Ant [pattern='/oauth/token'], Ant [pattern='/oauth/token_key'], Ant [pattern='/oauth/check_token']]], [org.springframework.security.web.context.request.async.WebAsyncManagerIntegrationFilter@3a1f2a1, org.springframework.security.web.context.SecurityContextPersistenceFilter@5232e3f1, org.springframework.security.web.header.HeaderWriterFilter@422ad5e2, org.springframework.security.web.authentication.logout.LogoutFilter@31e739bf, org.springframework.security.web.authentication.www.BasicAuthenticationFilter@611b35d6, org.springframework.security.web.savedrequest.RequestCacheAwareFilter@2047981, org.springframework.security.web.servletapi.SecurityContextHolderAwareRequestFilter@4a9a878, org.springframework.security.web.authentication.AnonymousAuthenticationFilter@40ce9049, org.springframework.security.web.session.SessionManagementFilter@75d366c2, org.springframework.security.web.access.ExceptionTranslationFilter@53aa38be, org.springframework.security.web.access.intercept.FilterSecurityInterceptor@7573b9ee]
2019-06-16 23:42:02.287 [main] INFO  o.s.security.web.DefaultSecurityFilterChain - Creating filter chain: any request, [org.springframework.security.web.context.request.async.WebAsyncManagerIntegrationFilter@35650279, org.springframework.security.web.context.SecurityContextPersistenceFilter@114a5e0, org.springframework.security.web.header.HeaderWriterFilter@664e848c, org.springframework.security.web.authentication.logout.LogoutFilter@f2b90fc, org.springframework.security.web.authentication.www.BasicAuthenticationFilter@251c4280, org.springframework.security.web.savedrequest.RequestCacheAwareFilter@4f281aaf, org.springframework.security.web.servletapi.SecurityContextHolderAwareRequestFilter@5d508d22, org.springframework.security.web.authentication.AnonymousAuthenticationFilter@79a13920, org.springframework.security.web.session.SessionManagementFilter@4d93f75b, org.springframework.security.web.access.ExceptionTranslationFilter@149b4d20, org.springframework.security.web.access.intercept.FilterSecurityInterceptor@2ed9f6f8]
2019-06-16 23:42:02.302 [main] INFO  com.netflix.config.sources.URLConfigurationSource - To enable URLs as dynamic configuration sources, define System property archaius.configurationSource.additionalUrls or make config.properties available on classpath.
2019-06-16 23:42:02.520 [main] INFO  o.s.scheduling.concurrent.ThreadPoolTaskExecutor - Initializing ExecutorService 'applicationTaskExecutor'
2019-06-16 23:42:02.989 [main] INFO  o.s.b.actuate.endpoint.web.EndpointLinksResolver - Exposing 2 endpoint(s) beneath base path '/actuator'
2019-06-16 23:42:03.593 [main] INFO  o.s.cloud.netflix.eureka.InstanceInfoFactory - Setting initial instance status as: STARTING
2019-06-16 23:42:03.677 [main] INFO  com.netflix.discovery.DiscoveryClient - Initializing Eureka in region us-east-1
2019-06-16 23:42:04.068 [main] INFO  c.n.discovery.provider.DiscoveryJerseyProvider - Using JSON encoding codec LegacyJacksonJson
2019-06-16 23:42:04.068 [main] INFO  c.n.discovery.provider.DiscoveryJerseyProvider - Using JSON decoding codec LegacyJacksonJson
2019-06-16 23:42:04.212 [main] INFO  c.n.discovery.provider.DiscoveryJerseyProvider - Using XML encoding codec XStreamXml
2019-06-16 23:42:04.212 [main] INFO  c.n.discovery.provider.DiscoveryJerseyProvider - Using XML decoding codec XStreamXml
2019-06-16 23:42:04.432 [main] INFO  c.n.d.shared.resolver.aws.ConfigClusterResolver - Resolving eureka endpoints via configuration
2019-06-16 23:42:04.616 [main] INFO  com.netflix.discovery.DiscoveryClient - Disable delta property : false
2019-06-16 23:42:04.616 [main] INFO  com.netflix.discovery.DiscoveryClient - Single vip registry refresh property : null
2019-06-16 23:42:04.616 [main] INFO  com.netflix.discovery.DiscoveryClient - Force full registry fetch : false
2019-06-16 23:42:04.616 [main] INFO  com.netflix.discovery.DiscoveryClient - Application is null : false
2019-06-16 23:42:04.616 [main] INFO  com.netflix.discovery.DiscoveryClient - Registered Applications size is zero : true
2019-06-16 23:42:04.616 [main] INFO  com.netflix.discovery.DiscoveryClient - Application version is -1: true
2019-06-16 23:42:04.616 [main] INFO  com.netflix.discovery.DiscoveryClient - Getting all instance registry info from the eureka server
2019-06-16 23:42:04.816 [main] INFO  com.netflix.discovery.DiscoveryClient - The response status is 200
2019-06-16 23:42:04.820 [main] INFO  com.netflix.discovery.DiscoveryClient - Starting heartbeat executor: renew interval is: 30
2019-06-16 23:42:04.820 [main] INFO  com.netflix.discovery.InstanceInfoReplicator - InstanceInfoReplicator onDemand update allowed rate per min is 4
2019-06-16 23:42:04.824 [main] INFO  com.netflix.discovery.DiscoveryClient - Discovery Client initialized at timestamp 1560699724824 with initial instances count: 1
2019-06-16 23:42:04.828 [main] INFO  o.s.c.n.e.serviceregistry.EurekaServiceRegistry - Registering application AUTH-SERVICE with eureka with status UP
2019-06-16 23:42:04.828 [main] INFO  com.netflix.discovery.DiscoveryClient - Saw local status change event StatusChangeEvent [timestamp=1560699724828, current=UP, previous=STARTING]
2019-06-16 23:42:04.828 [DiscoveryClient-InstanceInfoReplicator-0] INFO  com.netflix.discovery.DiscoveryClient - DiscoveryClient_AUTH-SERVICE/172.16.8.78:9025: registering service...
2019-06-16 23:42:04.852 [main] INFO  org.apache.coyote.http11.Http11NioProtocol - Starting ProtocolHandler ["http-nio-9025"]
2019-06-16 23:42:04.876 [DiscoveryClient-InstanceInfoReplicator-0] INFO  com.netflix.discovery.DiscoveryClient - DiscoveryClient_AUTH-SERVICE/172.16.8.78:9025 - registration status: 204
2019-06-16 23:42:04.884 [main] INFO  o.s.boot.web.embedded.tomcat.TomcatWebServer - Tomcat started on port(s): 9025 (http) with context path ''
2019-06-16 23:42:04.884 [main] INFO  o.s.c.n.e.s.EurekaAutoServiceRegistration - Updating port to 9025
2019-06-16 23:42:04.888 [main] INFO  com.sieyuan.auth.AuthApplication - Started AuthApplication in 8.503 seconds (JVM running for 9.578)
2019-06-16 23:42:05.364 [RMI TCP Connection(10)-127.0.0.1] INFO  o.a.c.core.ContainerBase.[Tomcat].[localhost].[/] - Initializing Spring DispatcherServlet 'dispatcherServlet'
2019-06-16 23:42:05.364 [RMI TCP Connection(10)-127.0.0.1] INFO  org.springframework.web.servlet.DispatcherServlet - Initializing Servlet 'dispatcherServlet'
2019-06-16 23:42:05.364 [RMI TCP Connection(8)-127.0.0.1] INFO  com.zaxxer.hikari.HikariDataSource - HikariPool-1 - Starting...
2019-06-16 23:42:05.376 [RMI TCP Connection(10)-127.0.0.1] INFO  org.springframework.web.servlet.DispatcherServlet - Completed initialization in 12 ms
2019-06-16 23:42:05.563 [RMI TCP Connection(8)-127.0.0.1] INFO  com.zaxxer.hikari.HikariDataSource - HikariPool-1 - Start completed.
2019-06-16 23:44:39.704 [main] INFO  o.s.c.s.PostProcessorRegistrationDelegate$BeanPostProcessorChecker - Bean 'org.springframework.cloud.autoconfigure.ConfigurationPropertiesRebinderAutoConfiguration' of type [org.springframework.cloud.autoconfigure.ConfigurationPropertiesRebinderAutoConfiguration$$EnhancerBySpringCGLIB$$80c69193] is not eligible for getting processed by all BeanPostProcessors (for example: not eligible for auto-proxying)
2019-06-16 23:44:40.152 [main] INFO  com.sieyuan.auth.AuthApplication - No active profile set, falling back to default profiles: default
2019-06-16 23:44:41.548 [main] INFO  o.springframework.cloud.context.scope.GenericScope - BeanFactory id=b107d985-fbb8-3b54-88c0-226150b5671b
2019-06-16 23:44:41.664 [main] INFO  o.s.c.s.PostProcessorRegistrationDelegate$BeanPostProcessorChecker - Bean 'org.springframework.transaction.annotation.ProxyTransactionManagementConfiguration' of type [org.springframework.transaction.annotation.ProxyTransactionManagementConfiguration$$EnhancerBySpringCGLIB$$64ac8e96] is not eligible for getting processed by all BeanPostProcessors (for example: not eligible for auto-proxying)
2019-06-16 23:44:41.684 [main] INFO  o.s.c.s.PostProcessorRegistrationDelegate$BeanPostProcessorChecker - Bean 'org.springframework.cloud.autoconfigure.ConfigurationPropertiesRebinderAutoConfiguration' of type [org.springframework.cloud.autoconfigure.ConfigurationPropertiesRebinderAutoConfiguration$$EnhancerBySpringCGLIB$$80c69193] is not eligible for getting processed by all BeanPostProcessors (for example: not eligible for auto-proxying)
2019-06-16 23:44:41.968 [main] INFO  o.s.boot.web.embedded.tomcat.TomcatWebServer - Tomcat initialized with port(s): 9025 (http)
2019-06-16 23:44:41.992 [main] INFO  org.apache.coyote.http11.Http11NioProtocol - Initializing ProtocolHandler ["http-nio-9025"]
2019-06-16 23:44:42.004 [main] INFO  org.apache.catalina.core.StandardService - Starting service [Tomcat]
2019-06-16 23:44:42.004 [main] INFO  org.apache.catalina.core.StandardEngine - Starting Servlet engine: [Apache Tomcat/9.0.19]
2019-06-16 23:44:42.012 [main] INFO  org.apache.catalina.core.AprLifecycleListener - Loaded APR based Apache Tomcat Native library [1.2.21] using APR version [1.6.5].
2019-06-16 23:44:42.012 [main] INFO  org.apache.catalina.core.AprLifecycleListener - APR capabilities: IPv6 [true], sendfile [true], accept filters [false], random [true].
2019-06-16 23:44:42.012 [main] INFO  org.apache.catalina.core.AprLifecycleListener - APR/OpenSSL configuration: useAprConnector [false], useOpenSSL [true]
2019-06-16 23:44:42.016 [main] INFO  org.apache.catalina.core.AprLifecycleListener - OpenSSL successfully initialized [OpenSSL 1.1.1a  20 Nov 2018]
2019-06-16 23:44:42.188 [main] INFO  o.a.c.core.ContainerBase.[Tomcat].[localhost].[/] - Initializing Spring embedded WebApplicationContext
2019-06-16 23:44:42.188 [main] INFO  org.springframework.web.context.ContextLoader - Root WebApplicationContext: initialization completed in 2020 ms
2019-06-16 23:44:42.412 [main] INFO  com.netflix.config.sources.URLConfigurationSource - To enable URLs as dynamic configuration sources, define System property archaius.configurationSource.additionalUrls or make config.properties available on classpath.
2019-06-16 23:44:42.424 [main] INFO  com.netflix.config.DynamicPropertyFactory - DynamicPropertyFactory is initialized with configuration sources: com.netflix.config.ConcurrentCompositeConfiguration@526f6427
2019-06-16 23:44:43.968 [main] INFO  o.s.security.web.DefaultSecurityFilterChain - Creating filter chain: OrRequestMatcher [requestMatchers=[Ant [pattern='/oauth/token'], Ant [pattern='/oauth/token_key'], Ant [pattern='/oauth/check_token']]], [org.springframework.security.web.context.request.async.WebAsyncManagerIntegrationFilter@4b32465, org.springframework.security.web.context.SecurityContextPersistenceFilter@416b1265, org.springframework.security.web.header.HeaderWriterFilter@15f861ee, org.springframework.security.web.authentication.logout.LogoutFilter@34cb0e49, org.springframework.security.web.authentication.www.BasicAuthenticationFilter@6fbe4800, org.springframework.security.web.savedrequest.RequestCacheAwareFilter@2830315f, org.springframework.security.web.servletapi.SecurityContextHolderAwareRequestFilter@55071497, org.springframework.security.web.authentication.AnonymousAuthenticationFilter@146f3d22, org.springframework.security.web.session.SessionManagementFilter@283baa39, org.springframework.security.web.access.ExceptionTranslationFilter@2bc0b8c8, org.springframework.security.web.access.intercept.FilterSecurityInterceptor@55061418]
2019-06-16 23:44:43.972 [main] INFO  o.s.security.web.DefaultSecurityFilterChain - Creating filter chain: any request, [org.springframework.security.web.context.request.async.WebAsyncManagerIntegrationFilter@632d4cf2, org.springframework.security.web.context.SecurityContextPersistenceFilter@12aa381f, org.springframework.security.web.header.HeaderWriterFilter@503556cb, org.springframework.security.web.authentication.logout.LogoutFilter@57f0bfc3, org.springframework.security.web.authentication.www.BasicAuthenticationFilter@2c3f43d1, org.springframework.security.web.savedrequest.RequestCacheAwareFilter@6115846e, org.springframework.security.web.servletapi.SecurityContextHolderAwareRequestFilter@1bec1589, org.springframework.security.web.authentication.AnonymousAuthenticationFilter@f10d055, org.springframework.security.web.session.SessionManagementFilter@3c9e19de, org.springframework.security.web.access.ExceptionTranslationFilter@15e5246, org.springframework.security.web.access.intercept.FilterSecurityInterceptor@70c56434]
2019-06-16 23:44:43.988 [main] INFO  com.netflix.config.sources.URLConfigurationSource - To enable URLs as dynamic configuration sources, define System property archaius.configurationSource.additionalUrls or make config.properties available on classpath.
2019-06-16 23:44:44.168 [main] INFO  o.s.scheduling.concurrent.ThreadPoolTaskExecutor - Initializing ExecutorService 'applicationTaskExecutor'
2019-06-16 23:44:44.672 [main] INFO  o.s.b.actuate.endpoint.web.EndpointLinksResolver - Exposing 2 endpoint(s) beneath base path '/actuator'
2019-06-16 23:44:45.156 [main] INFO  o.s.cloud.netflix.eureka.InstanceInfoFactory - Setting initial instance status as: STARTING
2019-06-16 23:44:45.200 [main] INFO  com.netflix.discovery.DiscoveryClient - Initializing Eureka in region us-east-1
2019-06-16 23:44:45.536 [main] INFO  c.n.discovery.provider.DiscoveryJerseyProvider - Using JSON encoding codec LegacyJacksonJson
2019-06-16 23:44:45.536 [main] INFO  c.n.discovery.provider.DiscoveryJerseyProvider - Using JSON decoding codec LegacyJacksonJson
2019-06-16 23:44:45.684 [main] INFO  c.n.discovery.provider.DiscoveryJerseyProvider - Using XML encoding codec XStreamXml
2019-06-16 23:44:45.684 [main] INFO  c.n.discovery.provider.DiscoveryJerseyProvider - Using XML decoding codec XStreamXml
2019-06-16 23:44:45.980 [main] INFO  c.n.d.shared.resolver.aws.ConfigClusterResolver - Resolving eureka endpoints via configuration
2019-06-16 23:44:46.168 [main] INFO  com.netflix.discovery.DiscoveryClient - Disable delta property : false
2019-06-16 23:44:46.168 [main] INFO  com.netflix.discovery.DiscoveryClient - Single vip registry refresh property : null
2019-06-16 23:44:46.168 [main] INFO  com.netflix.discovery.DiscoveryClient - Force full registry fetch : false
2019-06-16 23:44:46.168 [main] INFO  com.netflix.discovery.DiscoveryClient - Application is null : false
2019-06-16 23:44:46.168 [main] INFO  com.netflix.discovery.DiscoveryClient - Registered Applications size is zero : true
2019-06-16 23:44:46.168 [main] INFO  com.netflix.discovery.DiscoveryClient - Application version is -1: true
2019-06-16 23:44:46.168 [main] INFO  com.netflix.discovery.DiscoveryClient - Getting all instance registry info from the eureka server
2019-06-16 23:44:46.512 [main] INFO  com.netflix.discovery.DiscoveryClient - The response status is 200
2019-06-16 23:44:46.516 [main] INFO  com.netflix.discovery.DiscoveryClient - Starting heartbeat executor: renew interval is: 30
2019-06-16 23:44:46.520 [main] INFO  com.netflix.discovery.InstanceInfoReplicator - InstanceInfoReplicator onDemand update allowed rate per min is 4
2019-06-16 23:44:46.528 [main] INFO  com.netflix.discovery.DiscoveryClient - Discovery Client initialized at timestamp 1560699886524 with initial instances count: 1
2019-06-16 23:44:46.528 [main] INFO  o.s.c.n.e.serviceregistry.EurekaServiceRegistry - Registering application AUTH-SERVICE with eureka with status UP
2019-06-16 23:44:46.528 [main] INFO  com.netflix.discovery.DiscoveryClient - Saw local status change event StatusChangeEvent [timestamp=1560699886528, current=UP, previous=STARTING]
2019-06-16 23:44:46.532 [DiscoveryClient-InstanceInfoReplicator-0] INFO  com.netflix.discovery.DiscoveryClient - DiscoveryClient_AUTH-SERVICE/172.16.8.78:9025: registering service...
2019-06-16 23:44:46.556 [main] INFO  org.apache.coyote.http11.Http11NioProtocol - Starting ProtocolHandler ["http-nio-9025"]
2019-06-16 23:44:46.592 [DiscoveryClient-InstanceInfoReplicator-0] INFO  com.netflix.discovery.DiscoveryClient - DiscoveryClient_AUTH-SERVICE/172.16.8.78:9025 - registration status: 204
2019-06-16 23:44:46.596 [main] INFO  o.s.boot.web.embedded.tomcat.TomcatWebServer - Tomcat started on port(s): 9025 (http) with context path ''
2019-06-16 23:44:46.600 [main] INFO  o.s.c.n.e.s.EurekaAutoServiceRegistration - Updating port to 9025
2019-06-16 23:44:46.600 [main] INFO  com.sieyuan.auth.AuthApplication - Started AuthApplication in 8.304 seconds (JVM running for 10.287)
2019-06-16 23:44:47.092 [RMI TCP Connection(4)-127.0.0.1] INFO  com.zaxxer.hikari.HikariDataSource - HikariPool-1 - Starting...
2019-06-16 23:44:47.092 [RMI TCP Connection(6)-127.0.0.1] INFO  o.a.c.core.ContainerBase.[Tomcat].[localhost].[/] - Initializing Spring DispatcherServlet 'dispatcherServlet'
2019-06-16 23:44:47.092 [RMI TCP Connection(6)-127.0.0.1] INFO  org.springframework.web.servlet.DispatcherServlet - Initializing Servlet 'dispatcherServlet'
2019-06-16 23:44:47.108 [RMI TCP Connection(6)-127.0.0.1] INFO  org.springframework.web.servlet.DispatcherServlet - Completed initialization in 16 ms
2019-06-16 23:44:47.552 [RMI TCP Connection(4)-127.0.0.1] INFO  com.zaxxer.hikari.HikariDataSource - HikariPool-1 - Start completed.
2019-06-16 23:46:43.532 [main] INFO  o.s.c.s.PostProcessorRegistrationDelegate$BeanPostProcessorChecker - Bean 'org.springframework.cloud.autoconfigure.ConfigurationPropertiesRebinderAutoConfiguration' of type [org.springframework.cloud.autoconfigure.ConfigurationPropertiesRebinderAutoConfiguration$$EnhancerBySpringCGLIB$$d642e942] is not eligible for getting processed by all BeanPostProcessors (for example: not eligible for auto-proxying)
2019-06-16 23:46:43.864 [main] INFO  com.sieyuan.auth.AuthApplication - No active profile set, falling back to default profiles: default
2019-06-16 23:46:44.861 [main] INFO  o.springframework.cloud.context.scope.GenericScope - BeanFactory id=6a293ed2-616c-36db-9be0-54214806843c
2019-06-16 23:46:44.937 [main] INFO  o.s.c.s.PostProcessorRegistrationDelegate$BeanPostProcessorChecker - Bean 'org.springframework.transaction.annotation.ProxyTransactionManagementConfiguration' of type [org.springframework.transaction.annotation.ProxyTransactionManagementConfiguration$$EnhancerBySpringCGLIB$$ba28e645] is not eligible for getting processed by all BeanPostProcessors (for example: not eligible for auto-proxying)
2019-06-16 23:46:44.953 [main] INFO  o.s.c.s.PostProcessorRegistrationDelegate$BeanPostProcessorChecker - Bean 'org.springframework.cloud.autoconfigure.ConfigurationPropertiesRebinderAutoConfiguration' of type [org.springframework.cloud.autoconfigure.ConfigurationPropertiesRebinderAutoConfiguration$$EnhancerBySpringCGLIB$$d642e942] is not eligible for getting processed by all BeanPostProcessors (for example: not eligible for auto-proxying)
2019-06-16 23:46:45.187 [main] INFO  o.s.boot.web.embedded.tomcat.TomcatWebServer - Tomcat initialized with port(s): 9025 (http)
2019-06-16 23:46:45.203 [main] INFO  org.apache.coyote.http11.Http11NioProtocol - Initializing ProtocolHandler ["http-nio-9025"]
2019-06-16 23:46:45.203 [main] INFO  org.apache.catalina.core.StandardService - Starting service [Tomcat]
2019-06-16 23:46:45.203 [main] INFO  org.apache.catalina.core.StandardEngine - Starting Servlet engine: [Apache Tomcat/9.0.19]
2019-06-16 23:46:45.218 [main] INFO  org.apache.catalina.core.AprLifecycleListener - Loaded APR based Apache Tomcat Native library [1.2.21] using APR version [1.6.5].
2019-06-16 23:46:45.218 [main] INFO  org.apache.catalina.core.AprLifecycleListener - APR capabilities: IPv6 [true], sendfile [true], accept filters [false], random [true].
2019-06-16 23:46:45.218 [main] INFO  org.apache.catalina.core.AprLifecycleListener - APR/OpenSSL configuration: useAprConnector [false], useOpenSSL [true]
2019-06-16 23:46:45.218 [main] INFO  org.apache.catalina.core.AprLifecycleListener - OpenSSL successfully initialized [OpenSSL 1.1.1a  20 Nov 2018]
2019-06-16 23:46:45.384 [main] INFO  o.a.c.core.ContainerBase.[Tomcat].[localhost].[/] - Initializing Spring embedded WebApplicationContext
2019-06-16 23:46:45.384 [main] INFO  org.springframework.web.context.ContextLoader - Root WebApplicationContext: initialization completed in 1508 ms
2019-06-16 23:46:45.576 [main] INFO  com.netflix.config.sources.URLConfigurationSource - To enable URLs as dynamic configuration sources, define System property archaius.configurationSource.additionalUrls or make config.properties available on classpath.
2019-06-16 23:46:45.576 [main] INFO  com.netflix.config.DynamicPropertyFactory - DynamicPropertyFactory is initialized with configuration sources: com.netflix.config.ConcurrentCompositeConfiguration@6bccd036
2019-06-16 23:46:46.795 [main] INFO  o.s.security.web.DefaultSecurityFilterChain - Creating filter chain: OrRequestMatcher [requestMatchers=[Ant [pattern='/oauth/token'], Ant [pattern='/oauth/token_key'], Ant [pattern='/oauth/check_token']]], [org.springframework.security.web.context.request.async.WebAsyncManagerIntegrationFilter@7ce29a2d, org.springframework.security.web.context.SecurityContextPersistenceFilter@7a83ccd2, org.springframework.security.web.header.HeaderWriterFilter@1c046c92, org.springframework.security.web.authentication.logout.LogoutFilter@773c2214, org.springframework.security.web.authentication.www.BasicAuthenticationFilter@14b31e37, org.springframework.security.web.savedrequest.RequestCacheAwareFilter@599a9cb2, org.springframework.security.web.servletapi.SecurityContextHolderAwareRequestFilter@44f0ff2b, org.springframework.security.web.authentication.AnonymousAuthenticationFilter@457a5b2d, org.springframework.security.web.session.SessionManagementFilter@39549f33, org.springframework.security.web.access.ExceptionTranslationFilter@528c8c1, org.springframework.security.web.access.intercept.FilterSecurityInterceptor@24876a7e]
2019-06-16 23:46:46.795 [main] INFO  o.s.security.web.DefaultSecurityFilterChain - Creating filter chain: any request, [org.springframework.security.web.context.request.async.WebAsyncManagerIntegrationFilter@58278366, org.springframework.security.web.context.SecurityContextPersistenceFilter@7fbf26fc, org.springframework.security.web.header.HeaderWriterFilter@35e98af, org.springframework.security.web.authentication.logout.LogoutFilter@4962b41e, org.springframework.security.web.authentication.www.BasicAuthenticationFilter@2f9dda71, org.springframework.security.web.savedrequest.RequestCacheAwareFilter@11c78080, org.springframework.security.web.servletapi.SecurityContextHolderAwareRequestFilter@662be9f7, org.springframework.security.web.authentication.AnonymousAuthenticationFilter@7f5fcfe9, org.springframework.security.web.session.SessionManagementFilter@781aff8b, org.springframework.security.web.access.ExceptionTranslationFilter@126f8f24, org.springframework.security.web.access.intercept.FilterSecurityInterceptor@7c11d32]
2019-06-16 23:46:46.795 [main] INFO  com.netflix.config.sources.URLConfigurationSource - To enable URLs as dynamic configuration sources, define System property archaius.configurationSource.additionalUrls or make config.properties available on classpath.
2019-06-16 23:46:46.954 [main] INFO  o.s.scheduling.concurrent.ThreadPoolTaskExecutor - Initializing ExecutorService 'applicationTaskExecutor'
2019-06-16 23:46:47.313 [main] INFO  o.s.b.actuate.endpoint.web.EndpointLinksResolver - Exposing 2 endpoint(s) beneath base path '/actuator'
2019-06-16 23:46:47.687 [main] INFO  o.s.cloud.netflix.eureka.InstanceInfoFactory - Setting initial instance status as: STARTING
2019-06-16 23:46:47.718 [main] INFO  com.netflix.discovery.DiscoveryClient - Initializing Eureka in region us-east-1
2019-06-16 23:46:48.001 [main] INFO  c.n.discovery.provider.DiscoveryJerseyProvider - Using JSON encoding codec LegacyJacksonJson
2019-06-16 23:46:48.001 [main] INFO  c.n.discovery.provider.DiscoveryJerseyProvider - Using JSON decoding codec LegacyJacksonJson
2019-06-16 23:46:48.111 [main] INFO  c.n.discovery.provider.DiscoveryJerseyProvider - Using XML encoding codec XStreamXml
2019-06-16 23:46:48.111 [main] INFO  c.n.discovery.provider.DiscoveryJerseyProvider - Using XML decoding codec XStreamXml
2019-06-16 23:46:48.236 [main] INFO  c.n.d.shared.resolver.aws.ConfigClusterResolver - Resolving eureka endpoints via configuration
2019-06-16 23:46:48.381 [main] INFO  com.netflix.discovery.DiscoveryClient - Disable delta property : false
2019-06-16 23:46:48.381 [main] INFO  com.netflix.discovery.DiscoveryClient - Single vip registry refresh property : null
2019-06-16 23:46:48.381 [main] INFO  com.netflix.discovery.DiscoveryClient - Force full registry fetch : false
2019-06-16 23:46:48.381 [main] INFO  com.netflix.discovery.DiscoveryClient - Application is null : false
2019-06-16 23:46:48.381 [main] INFO  com.netflix.discovery.DiscoveryClient - Registered Applications size is zero : true
2019-06-16 23:46:48.381 [main] INFO  com.netflix.discovery.DiscoveryClient - Application version is -1: true
2019-06-16 23:46:48.381 [main] INFO  com.netflix.discovery.DiscoveryClient - Getting all instance registry info from the eureka server
2019-06-16 23:46:48.515 [main] INFO  com.netflix.discovery.DiscoveryClient - The response status is 200
2019-06-16 23:46:48.515 [main] INFO  com.netflix.discovery.DiscoveryClient - Starting heartbeat executor: renew interval is: 30
2019-06-16 23:46:48.515 [main] INFO  com.netflix.discovery.InstanceInfoReplicator - InstanceInfoReplicator onDemand update allowed rate per min is 4
2019-06-16 23:46:48.515 [main] INFO  com.netflix.discovery.DiscoveryClient - Discovery Client initialized at timestamp 1560700008515 with initial instances count: 1
2019-06-16 23:46:48.515 [main] INFO  o.s.c.n.e.serviceregistry.EurekaServiceRegistry - Registering application AUTH-SERVICE with eureka with status UP
2019-06-16 23:46:48.515 [main] INFO  com.netflix.discovery.DiscoveryClient - Saw local status change event StatusChangeEvent [timestamp=1560700008515, current=UP, previous=STARTING]
2019-06-16 23:46:48.515 [DiscoveryClient-InstanceInfoReplicator-0] INFO  com.netflix.discovery.DiscoveryClient - DiscoveryClient_AUTH-SERVICE/172.16.8.78:9025: registering service...
2019-06-16 23:46:48.547 [main] INFO  org.apache.coyote.http11.Http11NioProtocol - Starting ProtocolHandler ["http-nio-9025"]
2019-06-16 23:46:48.562 [DiscoveryClient-InstanceInfoReplicator-0] INFO  com.netflix.discovery.DiscoveryClient - DiscoveryClient_AUTH-SERVICE/172.16.8.78:9025 - registration status: 204
2019-06-16 23:46:48.562 [main] INFO  o.s.boot.web.embedded.tomcat.TomcatWebServer - Tomcat started on port(s): 9025 (http) with context path ''
2019-06-16 23:46:48.562 [main] INFO  o.s.c.n.e.s.EurekaAutoServiceRegistration - Updating port to 9025
2019-06-16 23:46:48.578 [main] INFO  com.sieyuan.auth.AuthApplication - Started AuthApplication in 6.269 seconds (JVM running for 7.355)
2019-06-16 23:46:48.936 [RMI TCP Connection(4)-127.0.0.1] INFO  com.zaxxer.hikari.HikariDataSource - HikariPool-1 - Starting...
2019-06-16 23:46:48.936 [RMI TCP Connection(2)-127.0.0.1] INFO  o.a.c.core.ContainerBase.[Tomcat].[localhost].[/] - Initializing Spring DispatcherServlet 'dispatcherServlet'
2019-06-16 23:46:48.936 [RMI TCP Connection(2)-127.0.0.1] INFO  org.springframework.web.servlet.DispatcherServlet - Initializing Servlet 'dispatcherServlet'
2019-06-16 23:46:48.952 [RMI TCP Connection(2)-127.0.0.1] INFO  org.springframework.web.servlet.DispatcherServlet - Completed initialization in 16 ms
2019-06-16 23:46:49.077 [RMI TCP Connection(4)-127.0.0.1] INFO  com.zaxxer.hikari.HikariDataSource - HikariPool-1 - Start completed.
2019-06-16 23:51:39.767 [main] INFO  o.s.c.s.PostProcessorRegistrationDelegate$BeanPostProcessorChecker - Bean 'org.springframework.cloud.autoconfigure.ConfigurationPropertiesRebinderAutoConfiguration' of type [org.springframework.cloud.autoconfigure.ConfigurationPropertiesRebinderAutoConfiguration$$EnhancerBySpringCGLIB$$ed407d81] is not eligible for getting processed by all BeanPostProcessors (for example: not eligible for auto-proxying)
2019-06-16 23:51:40.141 [main] INFO  com.sieyuan.auth.AuthApplication - No active profile set, falling back to default profiles: default
2019-06-16 23:51:41.157 [main] INFO  o.springframework.cloud.context.scope.GenericScope - BeanFactory id=6a293ed2-616c-36db-9be0-54214806843c
2019-06-16 23:51:41.251 [main] INFO  o.s.c.s.PostProcessorRegistrationDelegate$BeanPostProcessorChecker - Bean 'org.springframework.transaction.annotation.ProxyTransactionManagementConfiguration' of type [org.springframework.transaction.annotation.ProxyTransactionManagementConfiguration$$EnhancerBySpringCGLIB$$d1267a84] is not eligible for getting processed by all BeanPostProcessors (for example: not eligible for auto-proxying)
2019-06-16 23:51:41.267 [main] INFO  o.s.c.s.PostProcessorRegistrationDelegate$BeanPostProcessorChecker - Bean 'org.springframework.cloud.autoconfigure.ConfigurationPropertiesRebinderAutoConfiguration' of type [org.springframework.cloud.autoconfigure.ConfigurationPropertiesRebinderAutoConfiguration$$EnhancerBySpringCGLIB$$ed407d81] is not eligible for getting processed by all BeanPostProcessors (for example: not eligible for auto-proxying)
2019-06-16 23:51:41.499 [main] INFO  o.s.boot.web.embedded.tomcat.TomcatWebServer - Tomcat initialized with port(s): 9025 (http)
2019-06-16 23:51:41.499 [main] INFO  org.apache.coyote.http11.Http11NioProtocol - Initializing ProtocolHandler ["http-nio-9025"]
2019-06-16 23:51:41.515 [main] INFO  org.apache.catalina.core.StandardService - Starting service [Tomcat]
2019-06-16 23:51:41.515 [main] INFO  org.apache.catalina.core.StandardEngine - Starting Servlet engine: [Apache Tomcat/9.0.19]
2019-06-16 23:51:41.515 [main] INFO  org.apache.catalina.core.AprLifecycleListener - Loaded APR based Apache Tomcat Native library [1.2.21] using APR version [1.6.5].
2019-06-16 23:51:41.515 [main] INFO  org.apache.catalina.core.AprLifecycleListener - APR capabilities: IPv6 [true], sendfile [true], accept filters [false], random [true].
2019-06-16 23:51:41.515 [main] INFO  org.apache.catalina.core.AprLifecycleListener - APR/OpenSSL configuration: useAprConnector [false], useOpenSSL [true]
2019-06-16 23:51:41.531 [main] INFO  org.apache.catalina.core.AprLifecycleListener - OpenSSL successfully initialized [OpenSSL 1.1.1a  20 Nov 2018]
2019-06-16 23:51:41.656 [main] INFO  o.a.c.core.ContainerBase.[Tomcat].[localhost].[/] - Initializing Spring embedded WebApplicationContext
2019-06-16 23:51:41.656 [main] INFO  org.springframework.web.context.ContextLoader - Root WebApplicationContext: initialization completed in 1500 ms
2019-06-16 23:51:41.843 [main] INFO  com.netflix.config.sources.URLConfigurationSource - To enable URLs as dynamic configuration sources, define System property archaius.configurationSource.additionalUrls or make config.properties available on classpath.
2019-06-16 23:51:41.851 [main] INFO  com.netflix.config.DynamicPropertyFactory - DynamicPropertyFactory is initialized with configuration sources: com.netflix.config.ConcurrentCompositeConfiguration@210d2a6c
2019-06-16 23:51:43.061 [main] INFO  o.s.security.web.DefaultSecurityFilterChain - Creating filter chain: OrRequestMatcher [requestMatchers=[Ant [pattern='/oauth/token'], Ant [pattern='/oauth/token_key'], Ant [pattern='/oauth/check_token']]], [org.springframework.security.web.context.request.async.WebAsyncManagerIntegrationFilter@1a7cb3a4, org.springframework.security.web.context.SecurityContextPersistenceFilter@7fd99443, org.springframework.security.web.header.HeaderWriterFilter@7c5df615, org.springframework.security.web.authentication.logout.LogoutFilter@100aa331, org.springframework.security.web.authentication.www.BasicAuthenticationFilter@50b734c4, org.springframework.security.web.savedrequest.RequestCacheAwareFilter@6a3fbcb1, org.springframework.security.web.servletapi.SecurityContextHolderAwareRequestFilter@6e8fdd19, org.springframework.security.web.authentication.AnonymousAuthenticationFilter@1c297897, org.springframework.security.web.session.SessionManagementFilter@4665428b, org.springframework.security.web.access.ExceptionTranslationFilter@5f08fe00, org.springframework.security.web.access.intercept.FilterSecurityInterceptor@4aebee4b]
2019-06-16 23:51:43.061 [main] INFO  o.s.security.web.DefaultSecurityFilterChain - Creating filter chain: any request, [org.springframework.security.web.context.request.async.WebAsyncManagerIntegrationFilter@7f5614f9, org.springframework.security.web.context.SecurityContextPersistenceFilter@7889b4b9, org.springframework.security.web.header.HeaderWriterFilter@4fa86cb8, org.springframework.security.web.authentication.logout.LogoutFilter@76a7fcbd, org.springframework.security.web.authentication.www.BasicAuthenticationFilter@3b78c683, org.springframework.security.web.savedrequest.RequestCacheAwareFilter@1e545821, org.springframework.security.web.servletapi.SecurityContextHolderAwareRequestFilter@12952aff, org.springframework.security.web.authentication.AnonymousAuthenticationFilter@480cbe2e, org.springframework.security.web.session.SessionManagementFilter@54c60202, org.springframework.security.web.access.ExceptionTranslationFilter@cbd40c1, org.springframework.security.web.access.intercept.FilterSecurityInterceptor@d653e41]
2019-06-16 23:51:43.092 [main] INFO  com.netflix.config.sources.URLConfigurationSource - To enable URLs as dynamic configuration sources, define System property archaius.configurationSource.additionalUrls or make config.properties available on classpath.
2019-06-16 23:51:43.233 [main] INFO  o.s.scheduling.concurrent.ThreadPoolTaskExecutor - Initializing ExecutorService 'applicationTaskExecutor'
2019-06-16 23:51:43.595 [main] INFO  o.s.b.actuate.endpoint.web.EndpointLinksResolver - Exposing 2 endpoint(s) beneath base path '/actuator'
2019-06-16 23:51:43.953 [main] INFO  o.s.cloud.netflix.eureka.InstanceInfoFactory - Setting initial instance status as: STARTING
2019-06-16 23:51:43.984 [main] INFO  com.netflix.discovery.DiscoveryClient - Initializing Eureka in region us-east-1
2019-06-16 23:51:44.266 [main] INFO  c.n.discovery.provider.DiscoveryJerseyProvider - Using JSON encoding codec LegacyJacksonJson
2019-06-16 23:51:44.266 [main] INFO  c.n.discovery.provider.DiscoveryJerseyProvider - Using JSON decoding codec LegacyJacksonJson
2019-06-16 23:51:44.364 [main] INFO  c.n.discovery.provider.DiscoveryJerseyProvider - Using XML encoding codec XStreamXml
2019-06-16 23:51:44.364 [main] INFO  c.n.discovery.provider.DiscoveryJerseyProvider - Using XML decoding codec XStreamXml
2019-06-16 23:51:44.530 [main] INFO  c.n.d.shared.resolver.aws.ConfigClusterResolver - Resolving eureka endpoints via configuration
2019-06-16 23:51:44.655 [main] INFO  com.netflix.discovery.DiscoveryClient - Disable delta property : false
2019-06-16 23:51:44.655 [main] INFO  com.netflix.discovery.DiscoveryClient - Single vip registry refresh property : null
2019-06-16 23:51:44.655 [main] INFO  com.netflix.discovery.DiscoveryClient - Force full registry fetch : false
2019-06-16 23:51:44.655 [main] INFO  com.netflix.discovery.DiscoveryClient - Application is null : false
2019-06-16 23:51:44.655 [main] INFO  com.netflix.discovery.DiscoveryClient - Registered Applications size is zero : true
2019-06-16 23:51:44.655 [main] INFO  com.netflix.discovery.DiscoveryClient - Application version is -1: true
2019-06-16 23:51:44.655 [main] INFO  com.netflix.discovery.DiscoveryClient - Getting all instance registry info from the eureka server
2019-06-16 23:51:44.796 [main] INFO  com.netflix.discovery.DiscoveryClient - The response status is 200
2019-06-16 23:51:44.796 [main] INFO  com.netflix.discovery.DiscoveryClient - Starting heartbeat executor: renew interval is: 30
2019-06-16 23:51:44.796 [main] INFO  com.netflix.discovery.InstanceInfoReplicator - InstanceInfoReplicator onDemand update allowed rate per min is 4
2019-06-16 23:51:44.796 [main] INFO  com.netflix.discovery.DiscoveryClient - Discovery Client initialized at timestamp 1560700304796 with initial instances count: 1
2019-06-16 23:51:44.796 [main] INFO  o.s.c.n.e.serviceregistry.EurekaServiceRegistry - Registering application AUTH-SERVICE with eureka with status UP
2019-06-16 23:51:44.796 [main] INFO  com.netflix.discovery.DiscoveryClient - Saw local status change event StatusChangeEvent [timestamp=1560700304796, current=UP, previous=STARTING]
2019-06-16 23:51:44.796 [DiscoveryClient-InstanceInfoReplicator-0] INFO  com.netflix.discovery.DiscoveryClient - DiscoveryClient_AUTH-SERVICE/172.16.8.78:9025: registering service...
2019-06-16 23:51:44.827 [main] INFO  org.apache.coyote.http11.Http11NioProtocol - Starting ProtocolHandler ["http-nio-9025"]
2019-06-16 23:51:44.858 [DiscoveryClient-InstanceInfoReplicator-0] INFO  com.netflix.discovery.DiscoveryClient - DiscoveryClient_AUTH-SERVICE/172.16.8.78:9025 - registration status: 204
2019-06-16 23:51:44.858 [main] INFO  o.s.boot.web.embedded.tomcat.TomcatWebServer - Tomcat started on port(s): 9025 (http) with context path ''
2019-06-16 23:51:44.859 [main] INFO  o.s.c.n.e.s.EurekaAutoServiceRegistration - Updating port to 9025
2019-06-16 23:51:44.859 [main] INFO  com.sieyuan.auth.AuthApplication - Started AuthApplication in 6.376 seconds (JVM running for 7.587)
2019-06-16 23:51:45.064 [RMI TCP Connection(4)-127.0.0.1] INFO  o.a.c.core.ContainerBase.[Tomcat].[localhost].[/] - Initializing Spring DispatcherServlet 'dispatcherServlet'
2019-06-16 23:51:45.064 [RMI TCP Connection(4)-127.0.0.1] INFO  org.springframework.web.servlet.DispatcherServlet - Initializing Servlet 'dispatcherServlet'
2019-06-16 23:51:45.064 [RMI TCP Connection(2)-127.0.0.1] INFO  com.zaxxer.hikari.HikariDataSource - HikariPool-1 - Starting...
2019-06-16 23:51:45.080 [RMI TCP Connection(4)-127.0.0.1] INFO  org.springframework.web.servlet.DispatcherServlet - Completed initialization in 16 ms
2019-06-16 23:51:45.205 [RMI TCP Connection(2)-127.0.0.1] INFO  com.zaxxer.hikari.HikariDataSource - HikariPool-1 - Start completed.
2019-06-16 23:56:44.671 [AsyncResolver-bootstrap-executor-0] INFO  c.n.d.shared.resolver.aws.ConfigClusterResolver - Resolving eureka endpoints via configuration
