2019-06-28 18:28:49.119 [restartedMain] INFO  o.s.b.d.env.DevToolsPropertyDefaultsPostProcessor - Devtools property defaults active! Set 'spring.devtools.add-properties' to 'false' to disable
2019-06-28 18:28:49.342 [restartedMain] INFO  o.s.c.s.PostProcessorRegistrationDelegate$BeanPostProcessorChecker - Bean 'org.springframework.cloud.autoconfigure.ConfigurationPropertiesRebinderAutoConfiguration' of type [org.springframework.cloud.autoconfigure.ConfigurationPropertiesRebinderAutoConfiguration$$EnhancerBySpringCGLIB$$d41c6346] is not eligible for getting processed by all BeanPostProcessors (for example: not eligible for auto-proxying)
2019-06-28 18:28:49.631 [restartedMain] INFO  o.s.c.c.client.ConfigServicePropertySourceLocator - Fetching config from server at : http://localhost:8888
2019-06-28 18:28:50.731 [restartedMain] INFO  o.s.c.c.client.ConfigServicePropertySourceLocator - Connect Timeout Exception on Url - http://localhost:8888. Will be trying the next url if available
2019-06-28 18:28:50.761 [restartedMain] INFO  com.sieyuan.apple.ProducerApplication - No active profile set, falling back to default profiles: default
2019-06-28 18:28:51.683 [restartedMain] INFO  o.s.d.r.config.RepositoryConfigurationDelegate - Multiple Spring Data modules found, entering strict repository configuration mode!
2019-06-28 18:28:51.683 [restartedMain] INFO  o.s.d.r.config.RepositoryConfigurationDelegate - Bootstrapping Spring Data repositories in DEFAULT mode.
2019-06-28 18:28:51.699 [restartedMain] INFO  o.s.d.r.config.RepositoryConfigurationDelegate - Finished Spring Data repository scanning in 0ms. Found 0 repository interfaces.
2019-06-28 18:28:52.027 [restartedMain] INFO  o.springframework.cloud.context.scope.GenericScope - BeanFactory id=025a855d-dbd0-33a4-88c5-7cb8a8b96ed8
2019-06-28 18:28:52.183 [restartedMain] INFO  o.s.c.s.PostProcessorRegistrationDelegate$BeanPostProcessorChecker - Bean 'org.springframework.transaction.annotation.ProxyTransactionManagementConfiguration' of type [org.springframework.transaction.annotation.ProxyTransactionManagementConfiguration$$EnhancerBySpringCGLIB$$b8026049] is not eligible for getting processed by all BeanPostProcessors (for example: not eligible for auto-proxying)
2019-06-28 18:28:52.292 [restartedMain] INFO  o.s.c.s.PostProcessorRegistrationDelegate$BeanPostProcessorChecker - Bean 'org.springframework.hateoas.config.HateoasConfiguration' of type [org.springframework.hateoas.config.HateoasConfiguration$$EnhancerBySpringCGLIB$$3782ad7b] is not eligible for getting processed by all BeanPostProcessors (for example: not eligible for auto-proxying)
2019-06-28 18:28:52.292 [restartedMain] INFO  o.s.c.s.PostProcessorRegistrationDelegate$BeanPostProcessorChecker - Bean 'org.springframework.cloud.autoconfigure.ConfigurationPropertiesRebinderAutoConfiguration' of type [org.springframework.cloud.autoconfigure.ConfigurationPropertiesRebinderAutoConfiguration$$EnhancerBySpringCGLIB$$d41c6346] is not eligible for getting processed by all BeanPostProcessors (for example: not eligible for auto-proxying)
2019-06-28 18:28:52.761 [restartedMain] INFO  o.s.boot.web.embedded.tomcat.TomcatWebServer - Tomcat initialized with port(s): 9005 (http)
2019-06-28 18:28:52.777 [restartedMain] INFO  org.apache.coyote.http11.Http11NioProtocol - Initializing ProtocolHandler ["http-nio-9005"]
2019-06-28 18:28:52.777 [restartedMain] INFO  org.apache.catalina.core.StandardService - Starting service [Tomcat]
2019-06-28 18:28:52.777 [restartedMain] INFO  org.apache.catalina.core.StandardEngine - Starting Servlet engine: [Apache Tomcat/9.0.19]
2019-06-28 18:28:52.792 [restartedMain] INFO  org.apache.catalina.core.AprLifecycleListener - Loaded APR based Apache Tomcat Native library [1.2.21] using APR version [1.6.5].
2019-06-28 18:28:52.792 [restartedMain] INFO  org.apache.catalina.core.AprLifecycleListener - APR capabilities: IPv6 [true], sendfile [true], accept filters [false], random [true].
2019-06-28 18:28:52.792 [restartedMain] INFO  org.apache.catalina.core.AprLifecycleListener - APR/OpenSSL configuration: useAprConnector [false], useOpenSSL [true]
2019-06-28 18:28:52.792 [restartedMain] INFO  org.apache.catalina.core.AprLifecycleListener - OpenSSL successfully initialized [OpenSSL 1.1.1a  20 Nov 2018]
2019-06-28 18:28:52.917 [restartedMain] INFO  o.a.c.core.ContainerBase.[Tomcat].[localhost].[/] - Initializing Spring embedded WebApplicationContext
2019-06-28 18:28:52.917 [restartedMain] INFO  org.springframework.web.context.ContextLoader - Root WebApplicationContext: initialization completed in 2140 ms
2019-06-28 18:28:53.120 [restartedMain] INFO  com.netflix.config.sources.URLConfigurationSource - To enable URLs as dynamic configuration sources, define System property archaius.configurationSource.additionalUrls or make config.properties available on classpath.
2019-06-28 18:28:53.120 [restartedMain] INFO  com.netflix.config.DynamicPropertyFactory - DynamicPropertyFactory is initialized with configuration sources: com.netflix.config.ConcurrentCompositeConfiguration@4355da80
2019-06-28 18:28:55.169 [restartedMain] INFO  com.netflix.config.sources.URLConfigurationSource - To enable URLs as dynamic configuration sources, define System property archaius.configurationSource.additionalUrls or make config.properties available on classpath.
2019-06-28 18:28:55.419 [restartedMain] INFO  o.s.scheduling.concurrent.ThreadPoolTaskExecutor - Initializing ExecutorService 'applicationTaskExecutor'
2019-06-28 18:28:56.294 [restartedMain] INFO  o.s.b.d.autoconfigure.OptionalLiveReloadServer - LiveReload server is running on port 35729
2019-06-28 18:28:56.669 [restartedMain] INFO  o.s.b.actuate.endpoint.web.EndpointLinksResolver - Exposing 2 endpoint(s) beneath base path '/actuator'
2019-06-28 18:28:56.778 [restartedMain] INFO  o.s.cloud.netflix.eureka.InstanceInfoFactory - Setting initial instance status as: STARTING
2019-06-28 18:28:56.810 [restartedMain] INFO  com.netflix.discovery.DiscoveryClient - Initializing Eureka in region us-east-1
2019-06-28 18:28:57.075 [restartedMain] INFO  c.n.discovery.provider.DiscoveryJerseyProvider - Using JSON encoding codec LegacyJacksonJson
2019-06-28 18:28:57.075 [restartedMain] INFO  c.n.discovery.provider.DiscoveryJerseyProvider - Using JSON decoding codec LegacyJacksonJson
2019-06-28 18:28:57.330 [restartedMain] INFO  c.n.discovery.provider.DiscoveryJerseyProvider - Using XML encoding codec XStreamXml
2019-06-28 18:28:57.330 [restartedMain] INFO  c.n.discovery.provider.DiscoveryJerseyProvider - Using XML decoding codec XStreamXml
2019-06-28 18:28:57.455 [restartedMain] INFO  c.n.d.shared.resolver.aws.ConfigClusterResolver - Resolving eureka endpoints via configuration
2019-06-28 18:28:57.595 [restartedMain] INFO  com.netflix.discovery.DiscoveryClient - Disable delta property : false
2019-06-28 18:28:57.595 [restartedMain] INFO  com.netflix.discovery.DiscoveryClient - Single vip registry refresh property : null
2019-06-28 18:28:57.595 [restartedMain] INFO  com.netflix.discovery.DiscoveryClient - Force full registry fetch : false
2019-06-28 18:28:57.595 [restartedMain] INFO  com.netflix.discovery.DiscoveryClient - Application is null : false
2019-06-28 18:28:57.595 [restartedMain] INFO  com.netflix.discovery.DiscoveryClient - Registered Applications size is zero : true
2019-06-28 18:28:57.595 [restartedMain] INFO  com.netflix.discovery.DiscoveryClient - Application version is -1: true
2019-06-28 18:28:57.595 [restartedMain] INFO  com.netflix.discovery.DiscoveryClient - Getting all instance registry info from the eureka server
2019-06-28 18:28:57.829 [restartedMain] INFO  com.netflix.discovery.DiscoveryClient - The response status is 200
2019-06-28 18:28:57.829 [restartedMain] INFO  com.netflix.discovery.DiscoveryClient - Starting heartbeat executor: renew interval is: 30
2019-06-28 18:28:57.829 [restartedMain] INFO  com.netflix.discovery.InstanceInfoReplicator - InstanceInfoReplicator onDemand update allowed rate per min is 4
2019-06-28 18:28:57.829 [restartedMain] INFO  com.netflix.discovery.DiscoveryClient - Discovery Client initialized at timestamp 1561717737829 with initial instances count: 0
2019-06-28 18:28:57.845 [restartedMain] INFO  o.s.c.n.e.serviceregistry.EurekaServiceRegistry - Registering application PRODUCER with eureka with status UP
2019-06-28 18:28:57.845 [restartedMain] INFO  com.netflix.discovery.DiscoveryClient - Saw local status change event StatusChangeEvent [timestamp=1561717737845, current=UP, previous=STARTING]
2019-06-28 18:28:57.845 [DiscoveryClient-InstanceInfoReplicator-0] INFO  com.netflix.discovery.DiscoveryClient - DiscoveryClient_PRODUCER/192.168.40.76:9005: registering service...
2019-06-28 18:28:57.861 [restartedMain] INFO  org.apache.coyote.http11.Http11NioProtocol - Starting ProtocolHandler ["http-nio-9005"]
2019-06-28 18:28:57.892 [restartedMain] INFO  o.s.boot.web.embedded.tomcat.TomcatWebServer - Tomcat started on port(s): 9005 (http) with context path ''
2019-06-28 18:28:57.892 [restartedMain] INFO  o.s.c.n.e.s.EurekaAutoServiceRegistration - Updating port to 9005
2019-06-28 18:28:57.892 [restartedMain] INFO  com.sieyuan.apple.ProducerApplication - Started ProducerApplication in 9.573 seconds (JVM running for 10.689)
2019-06-28 18:28:57.986 [DiscoveryClient-InstanceInfoReplicator-0] INFO  com.netflix.discovery.DiscoveryClient - DiscoveryClient_PRODUCER/192.168.40.76:9005 - registration status: 204
2019-06-28 18:28:58.095 [RMI TCP Connection(4)-127.0.0.1] INFO  com.zaxxer.hikari.HikariDataSource - HikariPool-1 - Starting...
2019-06-28 18:28:58.111 [RMI TCP Connection(2)-127.0.0.1] INFO  o.a.c.core.ContainerBase.[Tomcat].[localhost].[/] - Initializing Spring DispatcherServlet 'dispatcherServlet'
2019-06-28 18:28:58.111 [RMI TCP Connection(2)-127.0.0.1] INFO  org.springframework.web.servlet.DispatcherServlet - Initializing Servlet 'dispatcherServlet'
2019-06-28 18:28:58.126 [RMI TCP Connection(2)-127.0.0.1] INFO  org.springframework.web.servlet.DispatcherServlet - Completed initialization in 15 ms
2019-06-28 18:28:59.246 [RMI TCP Connection(4)-127.0.0.1] INFO  o.s.c.c.client.ConfigServicePropertySourceLocator - Fetching config from server at : http://localhost:8888
2019-06-28 18:29:00.262 [RMI TCP Connection(4)-127.0.0.1] INFO  o.s.c.c.client.ConfigServicePropertySourceLocator - Connect Timeout Exception on Url - http://localhost:8888. Will be trying the next url if available
2019-06-28 18:29:00.374 [parallel-1] INFO  io.lettuce.core.EpollProvider - Starting without optional epoll library
2019-06-28 18:29:00.375 [parallel-1] INFO  io.lettuce.core.KqueueProvider - Starting without optional kqueue library
2019-06-28 18:29:27.851 [DiscoveryClient-CacheRefreshExecutor-0] INFO  com.netflix.discovery.DiscoveryClient - Disable delta property : false
2019-06-28 18:29:27.851 [DiscoveryClient-CacheRefreshExecutor-0] INFO  com.netflix.discovery.DiscoveryClient - Single vip registry refresh property : null
2019-06-28 18:29:27.851 [DiscoveryClient-CacheRefreshExecutor-0] INFO  com.netflix.discovery.DiscoveryClient - Force full registry fetch : false
2019-06-28 18:29:27.851 [DiscoveryClient-CacheRefreshExecutor-0] INFO  com.netflix.discovery.DiscoveryClient - Application is null : false
2019-06-28 18:29:27.851 [DiscoveryClient-CacheRefreshExecutor-0] INFO  com.netflix.discovery.DiscoveryClient - Registered Applications size is zero : true
2019-06-28 18:29:27.851 [DiscoveryClient-CacheRefreshExecutor-0] INFO  com.netflix.discovery.DiscoveryClient - Application version is -1: false
2019-06-28 18:29:27.851 [DiscoveryClient-CacheRefreshExecutor-0] INFO  com.netflix.discovery.DiscoveryClient - Getting all instance registry info from the eureka server
2019-06-28 18:29:27.882 [DiscoveryClient-CacheRefreshExecutor-0] INFO  com.netflix.discovery.DiscoveryClient - The response status is 200
2019-06-28 18:30:11.415 [restartedMain] INFO  o.s.b.d.env.DevToolsPropertyDefaultsPostProcessor - Devtools property defaults active! Set 'spring.devtools.add-properties' to 'false' to disable
2019-06-28 18:30:11.603 [restartedMain] INFO  o.s.c.s.PostProcessorRegistrationDelegate$BeanPostProcessorChecker - Bean 'org.springframework.cloud.autoconfigure.ConfigurationPropertiesRebinderAutoConfiguration' of type [org.springframework.cloud.autoconfigure.ConfigurationPropertiesRebinderAutoConfiguration$$EnhancerBySpringCGLIB$$28023fd6] is not eligible for getting processed by all BeanPostProcessors (for example: not eligible for auto-proxying)
2019-06-28 18:30:11.900 [restartedMain] INFO  o.s.c.c.client.ConfigServicePropertySourceLocator - Fetching config from server at : http://localhost:8888
2019-06-28 18:30:13.009 [restartedMain] INFO  o.s.c.c.client.ConfigServicePropertySourceLocator - Connect Timeout Exception on Url - http://localhost:8888. Will be trying the next url if available
2019-06-28 18:30:13.009 [restartedMain] INFO  com.sieyuan.apple.ProducerApplication - No active profile set, falling back to default profiles: default
2019-06-28 18:30:13.840 [restartedMain] INFO  o.s.d.r.config.RepositoryConfigurationDelegate - Multiple Spring Data modules found, entering strict repository configuration mode!
2019-06-28 18:30:13.840 [restartedMain] INFO  o.s.d.r.config.RepositoryConfigurationDelegate - Bootstrapping Spring Data repositories in DEFAULT mode.
2019-06-28 18:30:13.856 [restartedMain] INFO  o.s.d.r.config.RepositoryConfigurationDelegate - Finished Spring Data repository scanning in 0ms. Found 0 repository interfaces.
2019-06-28 18:30:14.168 [restartedMain] INFO  o.springframework.cloud.context.scope.GenericScope - BeanFactory id=025a855d-dbd0-33a4-88c5-7cb8a8b96ed8
2019-06-28 18:30:14.324 [restartedMain] INFO  o.s.c.s.PostProcessorRegistrationDelegate$BeanPostProcessorChecker - Bean 'org.springframework.transaction.annotation.ProxyTransactionManagementConfiguration' of type [org.springframework.transaction.annotation.ProxyTransactionManagementConfiguration$$EnhancerBySpringCGLIB$$be83cd9] is not eligible for getting processed by all BeanPostProcessors (for example: not eligible for auto-proxying)
2019-06-28 18:30:14.418 [restartedMain] INFO  o.s.c.s.PostProcessorRegistrationDelegate$BeanPostProcessorChecker - Bean 'org.springframework.hateoas.config.HateoasConfiguration' of type [org.springframework.hateoas.config.HateoasConfiguration$$EnhancerBySpringCGLIB$$8b688a0b] is not eligible for getting processed by all BeanPostProcessors (for example: not eligible for auto-proxying)
2019-06-28 18:30:14.434 [restartedMain] INFO  o.s.c.s.PostProcessorRegistrationDelegate$BeanPostProcessorChecker - Bean 'org.springframework.cloud.autoconfigure.ConfigurationPropertiesRebinderAutoConfiguration' of type [org.springframework.cloud.autoconfigure.ConfigurationPropertiesRebinderAutoConfiguration$$EnhancerBySpringCGLIB$$28023fd6] is not eligible for getting processed by all BeanPostProcessors (for example: not eligible for auto-proxying)
2019-06-28 18:30:14.902 [restartedMain] INFO  o.s.boot.web.embedded.tomcat.TomcatWebServer - Tomcat initialized with port(s): 9005 (http)
2019-06-28 18:30:14.902 [restartedMain] INFO  org.apache.coyote.http11.Http11NioProtocol - Initializing ProtocolHandler ["http-nio-9005"]
2019-06-28 18:30:14.918 [restartedMain] INFO  org.apache.catalina.core.StandardService - Starting service [Tomcat]
2019-06-28 18:30:14.918 [restartedMain] INFO  org.apache.catalina.core.StandardEngine - Starting Servlet engine: [Apache Tomcat/9.0.19]
2019-06-28 18:30:14.918 [restartedMain] INFO  org.apache.catalina.core.AprLifecycleListener - Loaded APR based Apache Tomcat Native library [1.2.21] using APR version [1.6.5].
2019-06-28 18:30:14.918 [restartedMain] INFO  org.apache.catalina.core.AprLifecycleListener - APR capabilities: IPv6 [true], sendfile [true], accept filters [false], random [true].
2019-06-28 18:30:14.918 [restartedMain] INFO  org.apache.catalina.core.AprLifecycleListener - APR/OpenSSL configuration: useAprConnector [false], useOpenSSL [true]
2019-06-28 18:30:14.918 [restartedMain] INFO  org.apache.catalina.core.AprLifecycleListener - OpenSSL successfully initialized [OpenSSL 1.1.1a  20 Nov 2018]
2019-06-28 18:30:15.059 [restartedMain] INFO  o.a.c.core.ContainerBase.[Tomcat].[localhost].[/] - Initializing Spring embedded WebApplicationContext
2019-06-28 18:30:15.059 [restartedMain] INFO  org.springframework.web.context.ContextLoader - Root WebApplicationContext: initialization completed in 2035 ms
2019-06-28 18:30:15.246 [restartedMain] INFO  com.netflix.config.sources.URLConfigurationSource - To enable URLs as dynamic configuration sources, define System property archaius.configurationSource.additionalUrls or make config.properties available on classpath.
2019-06-28 18:30:15.246 [restartedMain] INFO  com.netflix.config.DynamicPropertyFactory - DynamicPropertyFactory is initialized with configuration sources: com.netflix.config.ConcurrentCompositeConfiguration@424c2ba3
2019-06-28 18:30:17.234 [restartedMain] INFO  com.netflix.config.sources.URLConfigurationSource - To enable URLs as dynamic configuration sources, define System property archaius.configurationSource.additionalUrls or make config.properties available on classpath.
2019-06-28 18:30:17.468 [restartedMain] INFO  o.s.scheduling.concurrent.ThreadPoolTaskExecutor - Initializing ExecutorService 'applicationTaskExecutor'
2019-06-28 18:30:18.327 [restartedMain] INFO  o.s.b.d.autoconfigure.OptionalLiveReloadServer - LiveReload server is running on port 35729
2019-06-28 18:30:18.718 [restartedMain] INFO  o.s.b.actuate.endpoint.web.EndpointLinksResolver - Exposing 2 endpoint(s) beneath base path '/actuator'
2019-06-28 18:30:18.811 [restartedMain] INFO  o.s.cloud.netflix.eureka.InstanceInfoFactory - Setting initial instance status as: STARTING
2019-06-28 18:30:18.843 [restartedMain] INFO  com.netflix.discovery.DiscoveryClient - Initializing Eureka in region us-east-1
2019-06-28 18:30:19.080 [restartedMain] INFO  c.n.discovery.provider.DiscoveryJerseyProvider - Using JSON encoding codec LegacyJacksonJson
2019-06-28 18:30:19.080 [restartedMain] INFO  c.n.discovery.provider.DiscoveryJerseyProvider - Using JSON decoding codec LegacyJacksonJson
2019-06-28 18:30:19.356 [restartedMain] INFO  c.n.discovery.provider.DiscoveryJerseyProvider - Using XML encoding codec XStreamXml
2019-06-28 18:30:19.356 [restartedMain] INFO  c.n.discovery.provider.DiscoveryJerseyProvider - Using XML decoding codec XStreamXml
2019-06-28 18:30:19.496 [restartedMain] INFO  c.n.d.shared.resolver.aws.ConfigClusterResolver - Resolving eureka endpoints via configuration
2019-06-28 18:30:19.637 [restartedMain] INFO  com.netflix.discovery.DiscoveryClient - Disable delta property : false
2019-06-28 18:30:19.637 [restartedMain] INFO  com.netflix.discovery.DiscoveryClient - Single vip registry refresh property : null
2019-06-28 18:30:19.637 [restartedMain] INFO  com.netflix.discovery.DiscoveryClient - Force full registry fetch : false
2019-06-28 18:30:19.637 [restartedMain] INFO  com.netflix.discovery.DiscoveryClient - Application is null : false
2019-06-28 18:30:19.637 [restartedMain] INFO  com.netflix.discovery.DiscoveryClient - Registered Applications size is zero : true
2019-06-28 18:30:19.637 [restartedMain] INFO  com.netflix.discovery.DiscoveryClient - Application version is -1: true
2019-06-28 18:30:19.637 [restartedMain] INFO  com.netflix.discovery.DiscoveryClient - Getting all instance registry info from the eureka server
2019-06-28 18:30:19.744 [restartedMain] INFO  com.netflix.discovery.DiscoveryClient - The response status is 200
2019-06-28 18:30:19.746 [restartedMain] INFO  com.netflix.discovery.DiscoveryClient - Starting heartbeat executor: renew interval is: 30
2019-06-28 18:30:19.749 [restartedMain] INFO  com.netflix.discovery.InstanceInfoReplicator - InstanceInfoReplicator onDemand update allowed rate per min is 4
2019-06-28 18:30:19.752 [restartedMain] INFO  com.netflix.discovery.DiscoveryClient - Discovery Client initialized at timestamp 1561717819751 with initial instances count: 1
2019-06-28 18:30:19.757 [restartedMain] INFO  o.s.c.n.e.serviceregistry.EurekaServiceRegistry - Registering application PRODUCER with eureka with status UP
2019-06-28 18:30:19.758 [restartedMain] INFO  com.netflix.discovery.DiscoveryClient - Saw local status change event StatusChangeEvent [timestamp=1561717819758, current=UP, previous=STARTING]
2019-06-28 18:30:19.760 [DiscoveryClient-InstanceInfoReplicator-0] INFO  com.netflix.discovery.DiscoveryClient - DiscoveryClient_PRODUCER/192.168.40.76:9005: registering service...
2019-06-28 18:30:19.776 [restartedMain] INFO  org.apache.coyote.http11.Http11NioProtocol - Starting ProtocolHandler ["http-nio-9005"]
2019-06-28 18:30:19.795 [DiscoveryClient-InstanceInfoReplicator-0] INFO  com.netflix.discovery.DiscoveryClient - DiscoveryClient_PRODUCER/192.168.40.76:9005 - registration status: 204
2019-06-28 18:30:19.799 [restartedMain] INFO  o.s.boot.web.embedded.tomcat.TomcatWebServer - Tomcat started on port(s): 9005 (http) with context path ''
2019-06-28 18:30:19.800 [restartedMain] INFO  o.s.c.n.e.s.EurekaAutoServiceRegistration - Updating port to 9005
2019-06-28 18:30:19.802 [restartedMain] INFO  com.sieyuan.apple.ProducerApplication - Started ProducerApplication in 9.182 seconds (JVM running for 10.194)
2019-06-28 18:30:19.937 [RMI TCP Connection(2)-127.0.0.1] INFO  com.zaxxer.hikari.HikariDataSource - HikariPool-1 - Starting...
2019-06-28 18:30:19.938 [RMI TCP Connection(4)-127.0.0.1] INFO  o.a.c.core.ContainerBase.[Tomcat].[localhost].[/] - Initializing Spring DispatcherServlet 'dispatcherServlet'
2019-06-28 18:30:19.938 [RMI TCP Connection(4)-127.0.0.1] INFO  org.springframework.web.servlet.DispatcherServlet - Initializing Servlet 'dispatcherServlet'
2019-06-28 18:30:19.955 [RMI TCP Connection(4)-127.0.0.1] INFO  org.springframework.web.servlet.DispatcherServlet - Completed initialization in 17 ms
2019-06-28 18:30:21.081 [RMI TCP Connection(2)-127.0.0.1] INFO  o.s.c.c.client.ConfigServicePropertySourceLocator - Fetching config from server at : http://localhost:8888
2019-06-28 18:30:22.097 [RMI TCP Connection(2)-127.0.0.1] INFO  o.s.c.c.client.ConfigServicePropertySourceLocator - Connect Timeout Exception on Url - http://localhost:8888. Will be trying the next url if available
2019-06-28 18:30:22.190 [parallel-1] INFO  io.lettuce.core.EpollProvider - Starting without optional epoll library
2019-06-28 18:30:22.190 [parallel-1] INFO  io.lettuce.core.KqueueProvider - Starting without optional kqueue library
2019-06-28 18:33:16.581 [restartedMain] INFO  o.s.b.d.env.DevToolsPropertyDefaultsPostProcessor - Devtools property defaults active! Set 'spring.devtools.add-properties' to 'false' to disable
2019-06-28 18:33:16.768 [restartedMain] INFO  o.s.c.s.PostProcessorRegistrationDelegate$BeanPostProcessorChecker - Bean 'org.springframework.cloud.autoconfigure.ConfigurationPropertiesRebinderAutoConfiguration' of type [org.springframework.cloud.autoconfigure.ConfigurationPropertiesRebinderAutoConfiguration$$EnhancerBySpringCGLIB$$a8d141a2] is not eligible for getting processed by all BeanPostProcessors (for example: not eligible for auto-proxying)
2019-06-28 18:33:17.049 [restartedMain] INFO  o.s.c.c.client.ConfigServicePropertySourceLocator - Fetching config from server at : http://localhost:8888
2019-06-28 18:33:18.143 [restartedMain] INFO  o.s.c.c.client.ConfigServicePropertySourceLocator - Connect Timeout Exception on Url - http://localhost:8888. Will be trying the next url if available
2019-06-28 18:33:18.143 [restartedMain] INFO  com.sieyuan.apple.ProducerApplication - No active profile set, falling back to default profiles: default
2019-06-28 18:33:18.955 [restartedMain] INFO  o.s.d.r.config.RepositoryConfigurationDelegate - Multiple Spring Data modules found, entering strict repository configuration mode!
2019-06-28 18:33:18.955 [restartedMain] INFO  o.s.d.r.config.RepositoryConfigurationDelegate - Bootstrapping Spring Data repositories in DEFAULT mode.
2019-06-28 18:33:18.971 [restartedMain] INFO  o.s.d.r.config.RepositoryConfigurationDelegate - Finished Spring Data repository scanning in 0ms. Found 0 repository interfaces.
2019-06-28 18:33:19.296 [restartedMain] INFO  o.springframework.cloud.context.scope.GenericScope - BeanFactory id=025a855d-dbd0-33a4-88c5-7cb8a8b96ed8
2019-06-28 18:33:19.446 [restartedMain] INFO  o.s.c.s.PostProcessorRegistrationDelegate$BeanPostProcessorChecker - Bean 'org.springframework.transaction.annotation.ProxyTransactionManagementConfiguration' of type [org.springframework.transaction.annotation.ProxyTransactionManagementConfiguration$$EnhancerBySpringCGLIB$$8cb73ea5] is not eligible for getting processed by all BeanPostProcessors (for example: not eligible for auto-proxying)
2019-06-28 18:33:19.540 [restartedMain] INFO  o.s.c.s.PostProcessorRegistrationDelegate$BeanPostProcessorChecker - Bean 'org.springframework.hateoas.config.HateoasConfiguration' of type [org.springframework.hateoas.config.HateoasConfiguration$$EnhancerBySpringCGLIB$$c378bd7] is not eligible for getting processed by all BeanPostProcessors (for example: not eligible for auto-proxying)
2019-06-28 18:33:19.556 [restartedMain] INFO  o.s.c.s.PostProcessorRegistrationDelegate$BeanPostProcessorChecker - Bean 'org.springframework.cloud.autoconfigure.ConfigurationPropertiesRebinderAutoConfiguration' of type [org.springframework.cloud.autoconfigure.ConfigurationPropertiesRebinderAutoConfiguration$$EnhancerBySpringCGLIB$$a8d141a2] is not eligible for getting processed by all BeanPostProcessors (for example: not eligible for auto-proxying)
2019-06-28 18:33:20.024 [restartedMain] INFO  o.s.boot.web.embedded.tomcat.TomcatWebServer - Tomcat initialized with port(s): 9005 (http)
2019-06-28 18:33:20.024 [restartedMain] INFO  org.apache.coyote.http11.Http11NioProtocol - Initializing ProtocolHandler ["http-nio-9005"]
2019-06-28 18:33:20.040 [restartedMain] INFO  org.apache.catalina.core.StandardService - Starting service [Tomcat]
2019-06-28 18:33:20.040 [restartedMain] INFO  org.apache.catalina.core.StandardEngine - Starting Servlet engine: [Apache Tomcat/9.0.19]
2019-06-28 18:33:20.040 [restartedMain] INFO  org.apache.catalina.core.AprLifecycleListener - Loaded APR based Apache Tomcat Native library [1.2.21] using APR version [1.6.5].
2019-06-28 18:33:20.040 [restartedMain] INFO  org.apache.catalina.core.AprLifecycleListener - APR capabilities: IPv6 [true], sendfile [true], accept filters [false], random [true].
2019-06-28 18:33:20.040 [restartedMain] INFO  org.apache.catalina.core.AprLifecycleListener - APR/OpenSSL configuration: useAprConnector [false], useOpenSSL [true]
2019-06-28 18:33:20.040 [restartedMain] INFO  org.apache.catalina.core.AprLifecycleListener - OpenSSL successfully initialized [OpenSSL 1.1.1a  20 Nov 2018]
2019-06-28 18:33:20.181 [restartedMain] INFO  o.a.c.core.ContainerBase.[Tomcat].[localhost].[/] - Initializing Spring embedded WebApplicationContext
2019-06-28 18:33:20.181 [restartedMain] INFO  org.springframework.web.context.ContextLoader - Root WebApplicationContext: initialization completed in 2022 ms
2019-06-28 18:33:20.352 [restartedMain] INFO  com.netflix.config.sources.URLConfigurationSource - To enable URLs as dynamic configuration sources, define System property archaius.configurationSource.additionalUrls or make config.properties available on classpath.
2019-06-28 18:33:20.368 [restartedMain] INFO  com.netflix.config.DynamicPropertyFactory - DynamicPropertyFactory is initialized with configuration sources: com.netflix.config.ConcurrentCompositeConfiguration@4a8be849
2019-06-28 18:33:22.321 [restartedMain] INFO  com.netflix.config.sources.URLConfigurationSource - To enable URLs as dynamic configuration sources, define System property archaius.configurationSource.additionalUrls or make config.properties available on classpath.
2019-06-28 18:33:22.555 [restartedMain] INFO  o.s.scheduling.concurrent.ThreadPoolTaskExecutor - Initializing ExecutorService 'applicationTaskExecutor'
2019-06-28 18:33:23.414 [restartedMain] INFO  o.s.b.d.autoconfigure.OptionalLiveReloadServer - LiveReload server is running on port 35729
2019-06-28 18:33:23.805 [restartedMain] INFO  o.s.b.actuate.endpoint.web.EndpointLinksResolver - Exposing 2 endpoint(s) beneath base path '/actuator'
2019-06-28 18:33:23.914 [restartedMain] INFO  o.s.cloud.netflix.eureka.InstanceInfoFactory - Setting initial instance status as: STARTING
2019-06-28 18:33:23.945 [restartedMain] INFO  com.netflix.discovery.DiscoveryClient - Initializing Eureka in region us-east-1
2019-06-28 18:33:24.383 [restartedMain] INFO  c.n.discovery.provider.DiscoveryJerseyProvider - Using JSON encoding codec LegacyJacksonJson
2019-06-28 18:33:24.383 [restartedMain] INFO  c.n.discovery.provider.DiscoveryJerseyProvider - Using JSON decoding codec LegacyJacksonJson
2019-06-28 18:33:24.461 [restartedMain] INFO  c.n.discovery.provider.DiscoveryJerseyProvider - Using XML encoding codec XStreamXml
2019-06-28 18:33:24.461 [restartedMain] INFO  c.n.discovery.provider.DiscoveryJerseyProvider - Using XML decoding codec XStreamXml
2019-06-28 18:33:24.586 [restartedMain] INFO  c.n.d.shared.resolver.aws.ConfigClusterResolver - Resolving eureka endpoints via configuration
2019-06-28 18:33:24.726 [restartedMain] INFO  com.netflix.discovery.DiscoveryClient - Disable delta property : false
2019-06-28 18:33:24.726 [restartedMain] INFO  com.netflix.discovery.DiscoveryClient - Single vip registry refresh property : null
2019-06-28 18:33:24.726 [restartedMain] INFO  com.netflix.discovery.DiscoveryClient - Force full registry fetch : false
2019-06-28 18:33:24.726 [restartedMain] INFO  com.netflix.discovery.DiscoveryClient - Application is null : false
2019-06-28 18:33:24.726 [restartedMain] INFO  com.netflix.discovery.DiscoveryClient - Registered Applications size is zero : true
2019-06-28 18:33:24.726 [restartedMain] INFO  com.netflix.discovery.DiscoveryClient - Application version is -1: true
2019-06-28 18:33:24.726 [restartedMain] INFO  com.netflix.discovery.DiscoveryClient - Getting all instance registry info from the eureka server
2019-06-28 18:33:24.836 [restartedMain] INFO  com.netflix.discovery.DiscoveryClient - The response status is 200
2019-06-28 18:33:24.836 [restartedMain] INFO  com.netflix.discovery.DiscoveryClient - Starting heartbeat executor: renew interval is: 30
2019-06-28 18:33:24.836 [restartedMain] INFO  com.netflix.discovery.InstanceInfoReplicator - InstanceInfoReplicator onDemand update allowed rate per min is 4
2019-06-28 18:33:24.836 [restartedMain] INFO  com.netflix.discovery.DiscoveryClient - Discovery Client initialized at timestamp 1561718004836 with initial instances count: 1
2019-06-28 18:33:24.836 [restartedMain] INFO  o.s.c.n.e.serviceregistry.EurekaServiceRegistry - Registering application PRODUCER with eureka with status UP
2019-06-28 18:33:24.836 [restartedMain] INFO  com.netflix.discovery.DiscoveryClient - Saw local status change event StatusChangeEvent [timestamp=1561718004836, current=UP, previous=STARTING]
2019-06-28 18:33:24.836 [DiscoveryClient-InstanceInfoReplicator-0] INFO  com.netflix.discovery.DiscoveryClient - DiscoveryClient_PRODUCER/192.168.40.76:9005: registering service...
2019-06-28 18:33:24.851 [restartedMain] INFO  org.apache.coyote.http11.Http11NioProtocol - Starting ProtocolHandler ["http-nio-9005"]
2019-06-28 18:33:24.883 [restartedMain] INFO  o.s.boot.web.embedded.tomcat.TomcatWebServer - Tomcat started on port(s): 9005 (http) with context path ''
2019-06-28 18:33:24.883 [restartedMain] INFO  o.s.c.n.e.s.EurekaAutoServiceRegistration - Updating port to 9005
2019-06-28 18:33:24.883 [restartedMain] INFO  com.sieyuan.apple.ProducerApplication - Started ProducerApplication in 9.083 seconds (JVM running for 10.129)
2019-06-28 18:33:24.883 [DiscoveryClient-InstanceInfoReplicator-0] INFO  com.netflix.discovery.DiscoveryClient - DiscoveryClient_PRODUCER/192.168.40.76:9005 - registration status: 204
2019-06-28 18:33:25.117 [RMI TCP Connection(2)-127.0.0.1] INFO  com.zaxxer.hikari.HikariDataSource - HikariPool-1 - Starting...
2019-06-28 18:33:25.117 [RMI TCP Connection(4)-127.0.0.1] INFO  o.a.c.core.ContainerBase.[Tomcat].[localhost].[/] - Initializing Spring DispatcherServlet 'dispatcherServlet'
2019-06-28 18:33:25.117 [RMI TCP Connection(4)-127.0.0.1] INFO  org.springframework.web.servlet.DispatcherServlet - Initializing Servlet 'dispatcherServlet'
2019-06-28 18:33:25.132 [RMI TCP Connection(4)-127.0.0.1] INFO  org.springframework.web.servlet.DispatcherServlet - Completed initialization in 15 ms
2019-06-28 18:33:25.320 [RMI TCP Connection(2)-127.0.0.1] INFO  com.zaxxer.hikari.HikariDataSource - HikariPool-1 - Start completed.
2019-06-28 18:33:25.351 [RMI TCP Connection(2)-127.0.0.1] INFO  o.s.c.c.client.ConfigServicePropertySourceLocator - Fetching config from server at : http://localhost:8888
2019-06-28 18:33:26.398 [RMI TCP Connection(2)-127.0.0.1] INFO  o.s.c.c.client.ConfigServicePropertySourceLocator - Connect Timeout Exception on Url - http://localhost:8888. Will be trying the next url if available
2019-06-28 18:33:26.507 [parallel-1] INFO  io.lettuce.core.EpollProvider - Starting without optional epoll library
2019-06-28 18:33:26.507 [parallel-1] INFO  io.lettuce.core.KqueueProvider - Starting without optional kqueue library
2019-06-28 18:35:34.086 [restartedMain] INFO  o.s.b.d.env.DevToolsPropertyDefaultsPostProcessor - Devtools property defaults active! Set 'spring.devtools.add-properties' to 'false' to disable
2019-06-28 18:35:34.289 [restartedMain] INFO  o.s.c.s.PostProcessorRegistrationDelegate$BeanPostProcessorChecker - Bean 'org.springframework.cloud.autoconfigure.ConfigurationPropertiesRebinderAutoConfiguration' of type [org.springframework.cloud.autoconfigure.ConfigurationPropertiesRebinderAutoConfiguration$$EnhancerBySpringCGLIB$$7c9ef8f7] is not eligible for getting processed by all BeanPostProcessors (for example: not eligible for auto-proxying)
2019-06-28 18:35:34.586 [restartedMain] INFO  o.s.c.c.client.ConfigServicePropertySourceLocator - Fetching config from server at : http://localhost:8888
2019-06-28 18:35:35.695 [restartedMain] INFO  o.s.c.c.client.ConfigServicePropertySourceLocator - Connect Timeout Exception on Url - http://localhost:8888. Will be trying the next url if available
2019-06-28 18:35:35.695 [restartedMain] INFO  com.sieyuan.apple.ProducerApplication - No active profile set, falling back to default profiles: default
2019-06-28 18:35:36.523 [restartedMain] INFO  o.s.d.r.config.RepositoryConfigurationDelegate - Multiple Spring Data modules found, entering strict repository configuration mode!
2019-06-28 18:35:36.523 [restartedMain] INFO  o.s.d.r.config.RepositoryConfigurationDelegate - Bootstrapping Spring Data repositories in DEFAULT mode.
2019-06-28 18:35:36.538 [restartedMain] INFO  o.s.d.r.config.RepositoryConfigurationDelegate - Finished Spring Data repository scanning in 15ms. Found 0 repository interfaces.
2019-06-28 18:35:36.835 [restartedMain] INFO  o.springframework.cloud.context.scope.GenericScope - BeanFactory id=025a855d-dbd0-33a4-88c5-7cb8a8b96ed8
2019-06-28 18:35:37.007 [restartedMain] INFO  o.s.c.s.PostProcessorRegistrationDelegate$BeanPostProcessorChecker - Bean 'org.springframework.transaction.annotation.ProxyTransactionManagementConfiguration' of type [org.springframework.transaction.annotation.ProxyTransactionManagementConfiguration$$EnhancerBySpringCGLIB$$6084f5fa] is not eligible for getting processed by all BeanPostProcessors (for example: not eligible for auto-proxying)
2019-06-28 18:35:37.101 [restartedMain] INFO  o.s.c.s.PostProcessorRegistrationDelegate$BeanPostProcessorChecker - Bean 'org.springframework.hateoas.config.HateoasConfiguration' of type [org.springframework.hateoas.config.HateoasConfiguration$$EnhancerBySpringCGLIB$$e005432c] is not eligible for getting processed by all BeanPostProcessors (for example: not eligible for auto-proxying)
2019-06-28 18:35:37.101 [restartedMain] INFO  o.s.c.s.PostProcessorRegistrationDelegate$BeanPostProcessorChecker - Bean 'org.springframework.cloud.autoconfigure.ConfigurationPropertiesRebinderAutoConfiguration' of type [org.springframework.cloud.autoconfigure.ConfigurationPropertiesRebinderAutoConfiguration$$EnhancerBySpringCGLIB$$7c9ef8f7] is not eligible for getting processed by all BeanPostProcessors (for example: not eligible for auto-proxying)
2019-06-28 18:35:37.569 [restartedMain] INFO  o.s.boot.web.embedded.tomcat.TomcatWebServer - Tomcat initialized with port(s): 9005 (http)
2019-06-28 18:35:37.585 [restartedMain] INFO  org.apache.coyote.http11.Http11NioProtocol - Initializing ProtocolHandler ["http-nio-9005"]
2019-06-28 18:35:37.601 [restartedMain] INFO  org.apache.catalina.core.StandardService - Starting service [Tomcat]
2019-06-28 18:35:37.601 [restartedMain] INFO  org.apache.catalina.core.StandardEngine - Starting Servlet engine: [Apache Tomcat/9.0.19]
2019-06-28 18:35:37.601 [restartedMain] INFO  org.apache.catalina.core.AprLifecycleListener - Loaded APR based Apache Tomcat Native library [1.2.21] using APR version [1.6.5].
2019-06-28 18:35:37.601 [restartedMain] INFO  org.apache.catalina.core.AprLifecycleListener - APR capabilities: IPv6 [true], sendfile [true], accept filters [false], random [true].
2019-06-28 18:35:37.601 [restartedMain] INFO  org.apache.catalina.core.AprLifecycleListener - APR/OpenSSL configuration: useAprConnector [false], useOpenSSL [true]
2019-06-28 18:35:37.601 [restartedMain] INFO  org.apache.catalina.core.AprLifecycleListener - OpenSSL successfully initialized [OpenSSL 1.1.1a  20 Nov 2018]
2019-06-28 18:35:37.726 [restartedMain] INFO  o.a.c.core.ContainerBase.[Tomcat].[localhost].[/] - Initializing Spring embedded WebApplicationContext
2019-06-28 18:35:37.726 [restartedMain] INFO  org.springframework.web.context.ContextLoader - Root WebApplicationContext: initialization completed in 2016 ms
2019-06-28 18:35:37.929 [restartedMain] INFO  com.netflix.config.sources.URLConfigurationSource - To enable URLs as dynamic configuration sources, define System property archaius.configurationSource.additionalUrls or make config.properties available on classpath.
2019-06-28 18:35:37.929 [restartedMain] INFO  com.netflix.config.DynamicPropertyFactory - DynamicPropertyFactory is initialized with configuration sources: com.netflix.config.ConcurrentCompositeConfiguration@41ff43a0
2019-06-28 18:35:39.911 [restartedMain] INFO  com.netflix.config.sources.URLConfigurationSource - To enable URLs as dynamic configuration sources, define System property archaius.configurationSource.additionalUrls or make config.properties available on classpath.
2019-06-28 18:35:40.161 [restartedMain] INFO  o.s.scheduling.concurrent.ThreadPoolTaskExecutor - Initializing ExecutorService 'applicationTaskExecutor'
2019-06-28 18:35:41.067 [restartedMain] INFO  o.s.b.d.autoconfigure.OptionalLiveReloadServer - LiveReload server is running on port 35729
2019-06-28 18:35:41.458 [restartedMain] INFO  o.s.b.actuate.endpoint.web.EndpointLinksResolver - Exposing 2 endpoint(s) beneath base path '/actuator'
2019-06-28 18:35:41.567 [restartedMain] INFO  o.s.cloud.netflix.eureka.InstanceInfoFactory - Setting initial instance status as: STARTING
2019-06-28 18:35:41.598 [restartedMain] INFO  com.netflix.discovery.DiscoveryClient - Initializing Eureka in region us-east-1
2019-06-28 18:35:41.833 [restartedMain] INFO  c.n.discovery.provider.DiscoveryJerseyProvider - Using JSON encoding codec LegacyJacksonJson
2019-06-28 18:35:41.833 [restartedMain] INFO  c.n.discovery.provider.DiscoveryJerseyProvider - Using JSON decoding codec LegacyJacksonJson
2019-06-28 18:35:42.130 [restartedMain] INFO  c.n.discovery.provider.DiscoveryJerseyProvider - Using XML encoding codec XStreamXml
2019-06-28 18:35:42.130 [restartedMain] INFO  c.n.discovery.provider.DiscoveryJerseyProvider - Using XML decoding codec XStreamXml
2019-06-28 18:35:42.254 [restartedMain] INFO  c.n.d.shared.resolver.aws.ConfigClusterResolver - Resolving eureka endpoints via configuration
2019-06-28 18:35:42.395 [restartedMain] INFO  com.netflix.discovery.DiscoveryClient - Disable delta property : false
2019-06-28 18:35:42.395 [restartedMain] INFO  com.netflix.discovery.DiscoveryClient - Single vip registry refresh property : null
2019-06-28 18:35:42.395 [restartedMain] INFO  com.netflix.discovery.DiscoveryClient - Force full registry fetch : false
2019-06-28 18:35:42.395 [restartedMain] INFO  com.netflix.discovery.DiscoveryClient - Application is null : false
2019-06-28 18:35:42.395 [restartedMain] INFO  com.netflix.discovery.DiscoveryClient - Registered Applications size is zero : true
2019-06-28 18:35:42.395 [restartedMain] INFO  com.netflix.discovery.DiscoveryClient - Application version is -1: true
2019-06-28 18:35:42.395 [restartedMain] INFO  com.netflix.discovery.DiscoveryClient - Getting all instance registry info from the eureka server
2019-06-28 18:35:42.489 [restartedMain] INFO  com.netflix.discovery.DiscoveryClient - The response status is 200
2019-06-28 18:35:42.489 [restartedMain] INFO  com.netflix.discovery.DiscoveryClient - Starting heartbeat executor: renew interval is: 30
2019-06-28 18:35:42.489 [restartedMain] INFO  com.netflix.discovery.InstanceInfoReplicator - InstanceInfoReplicator onDemand update allowed rate per min is 4
2019-06-28 18:35:42.504 [restartedMain] INFO  com.netflix.discovery.DiscoveryClient - Discovery Client initialized at timestamp 1561718142489 with initial instances count: 1
2019-06-28 18:35:42.504 [restartedMain] INFO  o.s.c.n.e.serviceregistry.EurekaServiceRegistry - Registering application PRODUCER with eureka with status UP
2019-06-28 18:35:42.504 [restartedMain] INFO  com.netflix.discovery.DiscoveryClient - Saw local status change event StatusChangeEvent [timestamp=1561718142504, current=UP, previous=STARTING]
2019-06-28 18:35:42.504 [DiscoveryClient-InstanceInfoReplicator-0] INFO  com.netflix.discovery.DiscoveryClient - DiscoveryClient_PRODUCER/192.168.40.76:9005: registering service...
2019-06-28 18:35:42.520 [restartedMain] INFO  org.apache.coyote.http11.Http11NioProtocol - Starting ProtocolHandler ["http-nio-9005"]
2019-06-28 18:35:42.536 [restartedMain] INFO  o.s.boot.web.embedded.tomcat.TomcatWebServer - Tomcat started on port(s): 9005 (http) with context path ''
2019-06-28 18:35:42.536 [restartedMain] INFO  o.s.c.n.e.s.EurekaAutoServiceRegistration - Updating port to 9005
2019-06-28 18:35:42.551 [restartedMain] INFO  com.sieyuan.apple.ProducerApplication - Started ProducerApplication in 9.215 seconds (JVM running for 10.228)
2019-06-28 18:35:42.551 [DiscoveryClient-InstanceInfoReplicator-0] INFO  com.netflix.discovery.DiscoveryClient - DiscoveryClient_PRODUCER/192.168.40.76:9005 - registration status: 204
2019-06-28 18:35:42.692 [RMI TCP Connection(2)-127.0.0.1] INFO  com.zaxxer.hikari.HikariDataSource - HikariPool-1 - Starting...
2019-06-28 18:35:42.692 [RMI TCP Connection(4)-127.0.0.1] INFO  o.a.c.core.ContainerBase.[Tomcat].[localhost].[/] - Initializing Spring DispatcherServlet 'dispatcherServlet'
2019-06-28 18:35:42.692 [RMI TCP Connection(4)-127.0.0.1] INFO  org.springframework.web.servlet.DispatcherServlet - Initializing Servlet 'dispatcherServlet'
2019-06-28 18:35:42.707 [RMI TCP Connection(4)-127.0.0.1] INFO  org.springframework.web.servlet.DispatcherServlet - Completed initialization in 15 ms
2019-06-28 18:35:42.801 [RMI TCP Connection(2)-127.0.0.1] INFO  com.zaxxer.hikari.HikariDataSource - HikariPool-1 - Start completed.
2019-06-28 18:35:42.848 [RMI TCP Connection(2)-127.0.0.1] INFO  o.s.c.c.client.ConfigServicePropertySourceLocator - Fetching config from server at : http://localhost:8888
2019-06-28 18:35:43.879 [RMI TCP Connection(2)-127.0.0.1] INFO  o.s.c.c.client.ConfigServicePropertySourceLocator - Connect Timeout Exception on Url - http://localhost:8888. Will be trying the next url if available
2019-06-28 18:35:43.973 [parallel-1] INFO  io.lettuce.core.EpollProvider - Starting without optional epoll library
2019-06-28 18:35:43.973 [parallel-1] INFO  io.lettuce.core.KqueueProvider - Starting without optional kqueue library
2019-06-28 18:37:19.621 [restartedMain] INFO  o.s.b.d.env.DevToolsPropertyDefaultsPostProcessor - Devtools property defaults active! Set 'spring.devtools.add-properties' to 'false' to disable
2019-06-28 18:37:19.844 [restartedMain] INFO  o.s.c.s.PostProcessorRegistrationDelegate$BeanPostProcessorChecker - Bean 'org.springframework.cloud.autoconfigure.ConfigurationPropertiesRebinderAutoConfiguration' of type [org.springframework.cloud.autoconfigure.ConfigurationPropertiesRebinderAutoConfiguration$$EnhancerBySpringCGLIB$$f57f5a7b] is not eligible for getting processed by all BeanPostProcessors (for example: not eligible for auto-proxying)
2019-06-28 18:37:20.152 [restartedMain] INFO  o.s.c.c.client.ConfigServicePropertySourceLocator - Fetching config from server at : http://localhost:8888
2019-06-28 18:37:21.231 [restartedMain] INFO  o.s.c.c.client.ConfigServicePropertySourceLocator - Connect Timeout Exception on Url - http://localhost:8888. Will be trying the next url if available
2019-06-28 18:37:21.234 [restartedMain] INFO  com.sieyuan.apple.ProducerApplication - No active profile set, falling back to default profiles: default
2019-06-28 18:37:22.077 [restartedMain] INFO  o.s.d.r.config.RepositoryConfigurationDelegate - Multiple Spring Data modules found, entering strict repository configuration mode!
2019-06-28 18:37:22.079 [restartedMain] INFO  o.s.d.r.config.RepositoryConfigurationDelegate - Bootstrapping Spring Data repositories in DEFAULT mode.
2019-06-28 18:37:22.088 [restartedMain] INFO  o.s.d.r.config.RepositoryConfigurationDelegate - Finished Spring Data repository scanning in 0ms. Found 0 repository interfaces.
2019-06-28 18:37:22.409 [restartedMain] INFO  o.springframework.cloud.context.scope.GenericScope - BeanFactory id=025a855d-dbd0-33a4-88c5-7cb8a8b96ed8
2019-06-28 18:37:22.562 [restartedMain] INFO  o.s.c.s.PostProcessorRegistrationDelegate$BeanPostProcessorChecker - Bean 'org.springframework.transaction.annotation.ProxyTransactionManagementConfiguration' of type [org.springframework.transaction.annotation.ProxyTransactionManagementConfiguration$$EnhancerBySpringCGLIB$$d965577e] is not eligible for getting processed by all BeanPostProcessors (for example: not eligible for auto-proxying)
2019-06-28 18:37:22.663 [restartedMain] INFO  o.s.c.s.PostProcessorRegistrationDelegate$BeanPostProcessorChecker - Bean 'org.springframework.hateoas.config.HateoasConfiguration' of type [org.springframework.hateoas.config.HateoasConfiguration$$EnhancerBySpringCGLIB$$58e5a4b0] is not eligible for getting processed by all BeanPostProcessors (for example: not eligible for auto-proxying)
2019-06-28 18:37:22.673 [restartedMain] INFO  o.s.c.s.PostProcessorRegistrationDelegate$BeanPostProcessorChecker - Bean 'org.springframework.cloud.autoconfigure.ConfigurationPropertiesRebinderAutoConfiguration' of type [org.springframework.cloud.autoconfigure.ConfigurationPropertiesRebinderAutoConfiguration$$EnhancerBySpringCGLIB$$f57f5a7b] is not eligible for getting processed by all BeanPostProcessors (for example: not eligible for auto-proxying)
2019-06-28 18:37:23.159 [restartedMain] INFO  o.s.boot.web.embedded.tomcat.TomcatWebServer - Tomcat initialized with port(s): 9005 (http)
2019-06-28 18:37:23.171 [restartedMain] INFO  org.apache.coyote.http11.Http11NioProtocol - Initializing ProtocolHandler ["http-nio-9005"]
2019-06-28 18:37:23.178 [restartedMain] INFO  org.apache.catalina.core.StandardService - Starting service [Tomcat]
2019-06-28 18:37:23.178 [restartedMain] INFO  org.apache.catalina.core.StandardEngine - Starting Servlet engine: [Apache Tomcat/9.0.19]
2019-06-28 18:37:23.183 [restartedMain] INFO  org.apache.catalina.core.AprLifecycleListener - Loaded APR based Apache Tomcat Native library [1.2.21] using APR version [1.6.5].
2019-06-28 18:37:23.183 [restartedMain] INFO  org.apache.catalina.core.AprLifecycleListener - APR capabilities: IPv6 [true], sendfile [true], accept filters [false], random [true].
2019-06-28 18:37:23.184 [restartedMain] INFO  org.apache.catalina.core.AprLifecycleListener - APR/OpenSSL configuration: useAprConnector [false], useOpenSSL [true]
2019-06-28 18:37:23.187 [restartedMain] INFO  org.apache.catalina.core.AprLifecycleListener - OpenSSL successfully initialized [OpenSSL 1.1.1a  20 Nov 2018]
2019-06-28 18:37:23.323 [restartedMain] INFO  o.a.c.core.ContainerBase.[Tomcat].[localhost].[/] - Initializing Spring embedded WebApplicationContext
2019-06-28 18:37:23.324 [restartedMain] INFO  org.springframework.web.context.ContextLoader - Root WebApplicationContext: initialization completed in 2077 ms
2019-06-28 18:37:23.500 [restartedMain] INFO  com.netflix.config.sources.URLConfigurationSource - To enable URLs as dynamic configuration sources, define System property archaius.configurationSource.additionalUrls or make config.properties available on classpath.
2019-06-28 18:37:23.509 [restartedMain] INFO  com.netflix.config.DynamicPropertyFactory - DynamicPropertyFactory is initialized with configuration sources: com.netflix.config.ConcurrentCompositeConfiguration@c6a6f05
2019-06-28 18:37:25.529 [restartedMain] INFO  com.netflix.config.sources.URLConfigurationSource - To enable URLs as dynamic configuration sources, define System property archaius.configurationSource.additionalUrls or make config.properties available on classpath.
2019-06-28 18:37:25.774 [restartedMain] INFO  o.s.scheduling.concurrent.ThreadPoolTaskExecutor - Initializing ExecutorService 'applicationTaskExecutor'
2019-06-28 18:37:26.644 [restartedMain] INFO  o.s.b.d.autoconfigure.OptionalLiveReloadServer - LiveReload server is running on port 35729
2019-06-28 18:37:27.039 [restartedMain] INFO  o.s.b.actuate.endpoint.web.EndpointLinksResolver - Exposing 2 endpoint(s) beneath base path '/actuator'
2019-06-28 18:37:27.153 [restartedMain] INFO  o.s.cloud.netflix.eureka.InstanceInfoFactory - Setting initial instance status as: STARTING
2019-06-28 18:37:27.183 [restartedMain] INFO  com.netflix.discovery.DiscoveryClient - Initializing Eureka in region us-east-1
2019-06-28 18:37:27.422 [restartedMain] INFO  c.n.discovery.provider.DiscoveryJerseyProvider - Using JSON encoding codec LegacyJacksonJson
2019-06-28 18:37:27.422 [restartedMain] INFO  c.n.discovery.provider.DiscoveryJerseyProvider - Using JSON decoding codec LegacyJacksonJson
2019-06-28 18:37:27.702 [restartedMain] INFO  c.n.discovery.provider.DiscoveryJerseyProvider - Using XML encoding codec XStreamXml
2019-06-28 18:37:27.703 [restartedMain] INFO  c.n.discovery.provider.DiscoveryJerseyProvider - Using XML decoding codec XStreamXml
2019-06-28 18:37:27.835 [restartedMain] INFO  c.n.d.shared.resolver.aws.ConfigClusterResolver - Resolving eureka endpoints via configuration
2019-06-28 18:37:27.970 [restartedMain] INFO  com.netflix.discovery.DiscoveryClient - Disable delta property : false
2019-06-28 18:37:27.971 [restartedMain] INFO  com.netflix.discovery.DiscoveryClient - Single vip registry refresh property : null
2019-06-28 18:37:27.971 [restartedMain] INFO  com.netflix.discovery.DiscoveryClient - Force full registry fetch : false
2019-06-28 18:37:27.971 [restartedMain] INFO  com.netflix.discovery.DiscoveryClient - Application is null : false
2019-06-28 18:37:27.971 [restartedMain] INFO  com.netflix.discovery.DiscoveryClient - Registered Applications size is zero : true
2019-06-28 18:37:27.971 [restartedMain] INFO  com.netflix.discovery.DiscoveryClient - Application version is -1: true
2019-06-28 18:37:27.971 [restartedMain] INFO  com.netflix.discovery.DiscoveryClient - Getting all instance registry info from the eureka server
2019-06-28 18:37:28.068 [restartedMain] INFO  com.netflix.discovery.DiscoveryClient - The response status is 200
2019-06-28 18:37:28.071 [restartedMain] INFO  com.netflix.discovery.DiscoveryClient - Starting heartbeat executor: renew interval is: 30
2019-06-28 18:37:28.073 [restartedMain] INFO  com.netflix.discovery.InstanceInfoReplicator - InstanceInfoReplicator onDemand update allowed rate per min is 4
2019-06-28 18:37:28.075 [restartedMain] INFO  com.netflix.discovery.DiscoveryClient - Discovery Client initialized at timestamp 1561718248074 with initial instances count: 1
2019-06-28 18:37:28.081 [restartedMain] INFO  o.s.c.n.e.serviceregistry.EurekaServiceRegistry - Registering application PRODUCER with eureka with status UP
2019-06-28 18:37:28.081 [restartedMain] INFO  com.netflix.discovery.DiscoveryClient - Saw local status change event StatusChangeEvent [timestamp=1561718248081, current=UP, previous=STARTING]
2019-06-28 18:37:28.083 [DiscoveryClient-InstanceInfoReplicator-0] INFO  com.netflix.discovery.DiscoveryClient - DiscoveryClient_PRODUCER/192.168.40.76:9005: registering service...
2019-06-28 18:37:28.132 [restartedMain] INFO  org.apache.coyote.http11.Http11NioProtocol - Starting ProtocolHandler ["http-nio-9005"]
2019-06-28 18:37:28.149 [DiscoveryClient-InstanceInfoReplicator-0] INFO  com.netflix.discovery.DiscoveryClient - DiscoveryClient_PRODUCER/192.168.40.76:9005 - registration status: 204
2019-06-28 18:37:28.154 [restartedMain] INFO  o.s.boot.web.embedded.tomcat.TomcatWebServer - Tomcat started on port(s): 9005 (http) with context path ''
2019-06-28 18:37:28.155 [restartedMain] INFO  o.s.c.n.e.s.EurekaAutoServiceRegistration - Updating port to 9005
2019-06-28 18:37:28.156 [restartedMain] INFO  com.sieyuan.apple.ProducerApplication - Started ProducerApplication in 9.373 seconds (JVM running for 10.377)
2019-06-28 18:37:28.453 [RMI TCP Connection(2)-127.0.0.1] INFO  com.zaxxer.hikari.HikariDataSource - HikariPool-1 - Starting...
2019-06-28 18:37:28.453 [RMI TCP Connection(4)-127.0.0.1] INFO  o.a.c.core.ContainerBase.[Tomcat].[localhost].[/] - Initializing Spring DispatcherServlet 'dispatcherServlet'
2019-06-28 18:37:28.453 [RMI TCP Connection(4)-127.0.0.1] INFO  org.springframework.web.servlet.DispatcherServlet - Initializing Servlet 'dispatcherServlet'
2019-06-28 18:37:28.469 [RMI TCP Connection(4)-127.0.0.1] INFO  org.springframework.web.servlet.DispatcherServlet - Completed initialization in 16 ms
2019-06-28 18:37:28.592 [RMI TCP Connection(2)-127.0.0.1] INFO  com.zaxxer.hikari.HikariDataSource - HikariPool-1 - Start completed.
2019-06-28 18:37:28.627 [RMI TCP Connection(2)-127.0.0.1] INFO  o.s.c.c.client.ConfigServicePropertySourceLocator - Fetching config from server at : http://localhost:8888
2019-06-28 18:37:29.634 [RMI TCP Connection(2)-127.0.0.1] INFO  o.s.c.c.client.ConfigServicePropertySourceLocator - Connect Timeout Exception on Url - http://localhost:8888. Will be trying the next url if available
2019-06-28 18:37:29.742 [parallel-1] INFO  io.lettuce.core.EpollProvider - Starting without optional epoll library
2019-06-28 18:37:29.743 [parallel-1] INFO  io.lettuce.core.KqueueProvider - Starting without optional kqueue library
2019-06-28 18:39:08.020 [http-nio-9005-exec-2] INFO  com.sieyuan.apple.controller.ProducerController - username: web,web
2019-06-28 18:41:16.274 [restartedMain] INFO  o.s.b.d.env.DevToolsPropertyDefaultsPostProcessor - Devtools property defaults active! Set 'spring.devtools.add-properties' to 'false' to disable
2019-06-28 18:41:16.473 [restartedMain] INFO  o.s.c.s.PostProcessorRegistrationDelegate$BeanPostProcessorChecker - Bean 'org.springframework.cloud.autoconfigure.ConfigurationPropertiesRebinderAutoConfiguration' of type [org.springframework.cloud.autoconfigure.ConfigurationPropertiesRebinderAutoConfiguration$$EnhancerBySpringCGLIB$$c5262b3d] is not eligible for getting processed by all BeanPostProcessors (for example: not eligible for auto-proxying)
2019-06-28 18:41:16.789 [restartedMain] INFO  o.s.c.c.client.ConfigServicePropertySourceLocator - Fetching config from server at : http://localhost:8888
2019-06-28 18:41:17.865 [restartedMain] INFO  o.s.c.c.client.ConfigServicePropertySourceLocator - Connect Timeout Exception on Url - http://localhost:8888. Will be trying the next url if available
2019-06-28 18:41:17.869 [restartedMain] INFO  com.sieyuan.apple.ProducerApplication - No active profile set, falling back to default profiles: default
2019-06-28 18:41:18.720 [restartedMain] INFO  o.s.d.r.config.RepositoryConfigurationDelegate - Multiple Spring Data modules found, entering strict repository configuration mode!
2019-06-28 18:41:18.722 [restartedMain] INFO  o.s.d.r.config.RepositoryConfigurationDelegate - Bootstrapping Spring Data repositories in DEFAULT mode.
2019-06-28 18:41:18.739 [restartedMain] INFO  o.s.d.r.config.RepositoryConfigurationDelegate - Finished Spring Data repository scanning in 7ms. Found 0 repository interfaces.
2019-06-28 18:41:19.055 [restartedMain] INFO  o.springframework.cloud.context.scope.GenericScope - BeanFactory id=025a855d-dbd0-33a4-88c5-7cb8a8b96ed8
2019-06-28 18:41:19.214 [restartedMain] INFO  o.s.c.s.PostProcessorRegistrationDelegate$BeanPostProcessorChecker - Bean 'org.springframework.transaction.annotation.ProxyTransactionManagementConfiguration' of type [org.springframework.transaction.annotation.ProxyTransactionManagementConfiguration$$EnhancerBySpringCGLIB$$a90c2840] is not eligible for getting processed by all BeanPostProcessors (for example: not eligible for auto-proxying)
2019-06-28 18:41:19.314 [restartedMain] INFO  o.s.c.s.PostProcessorRegistrationDelegate$BeanPostProcessorChecker - Bean 'org.springframework.hateoas.config.HateoasConfiguration' of type [org.springframework.hateoas.config.HateoasConfiguration$$EnhancerBySpringCGLIB$$288c7572] is not eligible for getting processed by all BeanPostProcessors (for example: not eligible for auto-proxying)
2019-06-28 18:41:19.324 [restartedMain] INFO  o.s.c.s.PostProcessorRegistrationDelegate$BeanPostProcessorChecker - Bean 'org.springframework.cloud.autoconfigure.ConfigurationPropertiesRebinderAutoConfiguration' of type [org.springframework.cloud.autoconfigure.ConfigurationPropertiesRebinderAutoConfiguration$$EnhancerBySpringCGLIB$$c5262b3d] is not eligible for getting processed by all BeanPostProcessors (for example: not eligible for auto-proxying)
2019-06-28 18:41:19.793 [restartedMain] INFO  o.s.boot.web.embedded.tomcat.TomcatWebServer - Tomcat initialized with port(s): 9005 (http)
2019-06-28 18:41:19.805 [restartedMain] INFO  org.apache.coyote.http11.Http11NioProtocol - Initializing ProtocolHandler ["http-nio-9005"]
2019-06-28 18:41:19.811 [restartedMain] INFO  org.apache.catalina.core.StandardService - Starting service [Tomcat]
2019-06-28 18:41:19.811 [restartedMain] INFO  org.apache.catalina.core.StandardEngine - Starting Servlet engine: [Apache Tomcat/9.0.19]
2019-06-28 18:41:19.817 [restartedMain] INFO  org.apache.catalina.core.AprLifecycleListener - Loaded APR based Apache Tomcat Native library [1.2.21] using APR version [1.6.5].
2019-06-28 18:41:19.817 [restartedMain] INFO  org.apache.catalina.core.AprLifecycleListener - APR capabilities: IPv6 [true], sendfile [true], accept filters [false], random [true].
2019-06-28 18:41:19.817 [restartedMain] INFO  org.apache.catalina.core.AprLifecycleListener - APR/OpenSSL configuration: useAprConnector [false], useOpenSSL [true]
2019-06-28 18:41:19.820 [restartedMain] INFO  org.apache.catalina.core.AprLifecycleListener - OpenSSL successfully initialized [OpenSSL 1.1.1a  20 Nov 2018]
2019-06-28 18:41:19.990 [restartedMain] INFO  o.a.c.core.ContainerBase.[Tomcat].[localhost].[/] - Initializing Spring embedded WebApplicationContext
2019-06-28 18:41:19.990 [restartedMain] INFO  org.springframework.web.context.ContextLoader - Root WebApplicationContext: initialization completed in 2106 ms
2019-06-28 18:41:20.165 [restartedMain] INFO  com.netflix.config.sources.URLConfigurationSource - To enable URLs as dynamic configuration sources, define System property archaius.configurationSource.additionalUrls or make config.properties available on classpath.
2019-06-28 18:41:20.173 [restartedMain] INFO  com.netflix.config.DynamicPropertyFactory - DynamicPropertyFactory is initialized with configuration sources: com.netflix.config.ConcurrentCompositeConfiguration@43c6a852
2019-06-28 18:41:22.177 [restartedMain] INFO  com.netflix.config.sources.URLConfigurationSource - To enable URLs as dynamic configuration sources, define System property archaius.configurationSource.additionalUrls or make config.properties available on classpath.
2019-06-28 18:41:22.418 [restartedMain] INFO  o.s.scheduling.concurrent.ThreadPoolTaskExecutor - Initializing ExecutorService 'applicationTaskExecutor'
2019-06-28 18:41:23.279 [restartedMain] INFO  o.s.b.d.autoconfigure.OptionalLiveReloadServer - LiveReload server is running on port 35729
2019-06-28 18:41:23.664 [restartedMain] INFO  o.s.b.actuate.endpoint.web.EndpointLinksResolver - Exposing 2 endpoint(s) beneath base path '/actuator'
2019-06-28 18:41:23.765 [restartedMain] INFO  o.s.cloud.netflix.eureka.InstanceInfoFactory - Setting initial instance status as: STARTING
2019-06-28 18:41:23.796 [restartedMain] INFO  com.netflix.discovery.DiscoveryClient - Initializing Eureka in region us-east-1
2019-06-28 18:41:24.253 [restartedMain] INFO  c.n.discovery.provider.DiscoveryJerseyProvider - Using JSON encoding codec LegacyJacksonJson
2019-06-28 18:41:24.254 [restartedMain] INFO  c.n.discovery.provider.DiscoveryJerseyProvider - Using JSON decoding codec LegacyJacksonJson
2019-06-28 18:41:24.336 [restartedMain] INFO  c.n.discovery.provider.DiscoveryJerseyProvider - Using XML encoding codec XStreamXml
2019-06-28 18:41:24.337 [restartedMain] INFO  c.n.discovery.provider.DiscoveryJerseyProvider - Using XML decoding codec XStreamXml
2019-06-28 18:41:24.468 [restartedMain] INFO  c.n.d.shared.resolver.aws.ConfigClusterResolver - Resolving eureka endpoints via configuration
2019-06-28 18:41:24.601 [restartedMain] INFO  com.netflix.discovery.DiscoveryClient - Disable delta property : false
2019-06-28 18:41:24.601 [restartedMain] INFO  com.netflix.discovery.DiscoveryClient - Single vip registry refresh property : null
2019-06-28 18:41:24.601 [restartedMain] INFO  com.netflix.discovery.DiscoveryClient - Force full registry fetch : false
2019-06-28 18:41:24.602 [restartedMain] INFO  com.netflix.discovery.DiscoveryClient - Application is null : false
2019-06-28 18:41:24.602 [restartedMain] INFO  com.netflix.discovery.DiscoveryClient - Registered Applications size is zero : true
2019-06-28 18:41:24.602 [restartedMain] INFO  com.netflix.discovery.DiscoveryClient - Application version is -1: true
2019-06-28 18:41:24.602 [restartedMain] INFO  com.netflix.discovery.DiscoveryClient - Getting all instance registry info from the eureka server
2019-06-28 18:41:24.703 [restartedMain] INFO  com.netflix.discovery.DiscoveryClient - The response status is 200
2019-06-28 18:41:24.706 [restartedMain] INFO  com.netflix.discovery.DiscoveryClient - Starting heartbeat executor: renew interval is: 30
2019-06-28 18:41:24.707 [restartedMain] INFO  com.netflix.discovery.InstanceInfoReplicator - InstanceInfoReplicator onDemand update allowed rate per min is 4
2019-06-28 18:41:24.710 [restartedMain] INFO  com.netflix.discovery.DiscoveryClient - Discovery Client initialized at timestamp 1561718484709 with initial instances count: 1
2019-06-28 18:41:24.717 [restartedMain] INFO  o.s.c.n.e.serviceregistry.EurekaServiceRegistry - Registering application PRODUCER with eureka with status UP
2019-06-28 18:41:24.717 [restartedMain] INFO  com.netflix.discovery.DiscoveryClient - Saw local status change event StatusChangeEvent [timestamp=1561718484717, current=UP, previous=STARTING]
2019-06-28 18:41:24.719 [DiscoveryClient-InstanceInfoReplicator-0] INFO  com.netflix.discovery.DiscoveryClient - DiscoveryClient_PRODUCER/192.168.40.76:9005: registering service...
2019-06-28 18:41:24.734 [restartedMain] INFO  org.apache.coyote.http11.Http11NioProtocol - Starting ProtocolHandler ["http-nio-9005"]
2019-06-28 18:41:24.752 [DiscoveryClient-InstanceInfoReplicator-0] INFO  com.netflix.discovery.DiscoveryClient - DiscoveryClient_PRODUCER/192.168.40.76:9005 - registration status: 204
2019-06-28 18:41:24.758 [restartedMain] INFO  o.s.boot.web.embedded.tomcat.TomcatWebServer - Tomcat started on port(s): 9005 (http) with context path ''
2019-06-28 18:41:24.759 [restartedMain] INFO  o.s.c.n.e.s.EurekaAutoServiceRegistration - Updating port to 9005
2019-06-28 18:41:24.761 [restartedMain] INFO  com.sieyuan.apple.ProducerApplication - Started ProducerApplication in 9.307 seconds (JVM running for 10.329)
2019-06-28 18:41:25.297 [RMI TCP Connection(4)-127.0.0.1] INFO  com.zaxxer.hikari.HikariDataSource - HikariPool-1 - Starting...
2019-06-28 18:41:25.298 [RMI TCP Connection(2)-127.0.0.1] INFO  o.a.c.core.ContainerBase.[Tomcat].[localhost].[/] - Initializing Spring DispatcherServlet 'dispatcherServlet'
2019-06-28 18:41:25.299 [RMI TCP Connection(2)-127.0.0.1] INFO  org.springframework.web.servlet.DispatcherServlet - Initializing Servlet 'dispatcherServlet'
2019-06-28 18:41:25.315 [RMI TCP Connection(2)-127.0.0.1] INFO  org.springframework.web.servlet.DispatcherServlet - Completed initialization in 16 ms
2019-06-28 18:41:25.409 [RMI TCP Connection(4)-127.0.0.1] INFO  com.zaxxer.hikari.HikariDataSource - HikariPool-1 - Start completed.
2019-06-28 18:41:25.441 [RMI TCP Connection(4)-127.0.0.1] INFO  o.s.c.c.client.ConfigServicePropertySourceLocator - Fetching config from server at : http://localhost:8888
2019-06-28 18:41:26.447 [RMI TCP Connection(4)-127.0.0.1] INFO  o.s.c.c.client.ConfigServicePropertySourceLocator - Connect Timeout Exception on Url - http://localhost:8888. Will be trying the next url if available
2019-06-28 18:41:26.553 [parallel-1] INFO  io.lettuce.core.EpollProvider - Starting without optional epoll library
2019-06-28 18:41:26.554 [parallel-1] INFO  io.lettuce.core.KqueueProvider - Starting without optional kqueue library
