2019-06-17 00:01:44.673 [AsyncResolver-bootstrap-executor-0] INFO  c.n.d.shared.resolver.aws.ConfigClusterResolver - Resolving eureka endpoints via configuration
2019-06-17 00:02:50.382 [main] INFO  o.s.c.s.PostProcessorRegistrationDelegate$BeanPostProcessorChecker - Bean 'org.springframework.cloud.autoconfigure.ConfigurationPropertiesRebinderAutoConfiguration' of type [org.springframework.cloud.autoconfigure.ConfigurationPropertiesRebinderAutoConfiguration$$EnhancerBySpringCGLIB$$42f1647b] is not eligible for getting processed by all BeanPostProcessors (for example: not eligible for auto-proxying)
2019-06-17 00:02:50.672 [main] INFO  com.sieyuan.auth.AuthApplication - No active profile set, falling back to default profiles: default
2019-06-17 00:02:51.800 [main] INFO  o.springframework.cloud.context.scope.GenericScope - BeanFactory id=a69964f0-15ca-3b23-aa64-b107337f7826
2019-06-17 00:02:51.903 [main] INFO  o.s.c.s.PostProcessorRegistrationDelegate$BeanPostProcessorChecker - Bean 'org.springframework.transaction.annotation.ProxyTransactionManagementConfiguration' of type [org.springframework.transaction.annotation.ProxyTransactionManagementConfiguration$$EnhancerBySpringCGLIB$$26d7617e] is not eligible for getting processed by all BeanPostProcessors (for example: not eligible for auto-proxying)
2019-06-17 00:02:51.919 [main] INFO  o.s.c.s.PostProcessorRegistrationDelegate$BeanPostProcessorChecker - Bean 'org.springframework.cloud.autoconfigure.ConfigurationPropertiesRebinderAutoConfiguration' of type [org.springframework.cloud.autoconfigure.ConfigurationPropertiesRebinderAutoConfiguration$$EnhancerBySpringCGLIB$$42f1647b] is not eligible for getting processed by all BeanPostProcessors (for example: not eligible for auto-proxying)
2019-06-17 00:02:52.142 [main] INFO  o.s.boot.web.embedded.tomcat.TomcatWebServer - Tomcat initialized with port(s): 9025 (http)
2019-06-17 00:02:52.157 [main] INFO  org.apache.coyote.http11.Http11NioProtocol - Initializing ProtocolHandler ["http-nio-9025"]
2019-06-17 00:02:52.157 [main] INFO  org.apache.catalina.core.StandardService - Starting service [Tomcat]
2019-06-17 00:02:52.157 [main] INFO  org.apache.catalina.core.StandardEngine - Starting Servlet engine: [Apache Tomcat/9.0.19]
2019-06-17 00:02:52.173 [main] INFO  org.apache.catalina.core.AprLifecycleListener - Loaded APR based Apache Tomcat Native library [1.2.21] using APR version [1.6.5].
2019-06-17 00:02:52.173 [main] INFO  org.apache.catalina.core.AprLifecycleListener - APR capabilities: IPv6 [true], sendfile [true], accept filters [false], random [true].
2019-06-17 00:02:52.173 [main] INFO  org.apache.catalina.core.AprLifecycleListener - APR/OpenSSL configuration: useAprConnector [false], useOpenSSL [true]
2019-06-17 00:02:52.173 [main] INFO  org.apache.catalina.core.AprLifecycleListener - OpenSSL successfully initialized [OpenSSL 1.1.1a  20 Nov 2018]
2019-06-17 00:02:52.327 [main] INFO  o.a.c.core.ContainerBase.[Tomcat].[localhost].[/] - Initializing Spring embedded WebApplicationContext
2019-06-17 00:02:52.327 [main] INFO  org.springframework.web.context.ContextLoader - Root WebApplicationContext: initialization completed in 1624 ms
2019-06-17 00:02:52.548 [main] INFO  com.netflix.config.sources.URLConfigurationSource - To enable URLs as dynamic configuration sources, define System property archaius.configurationSource.additionalUrls or make config.properties available on classpath.
2019-06-17 00:02:52.563 [main] INFO  com.netflix.config.DynamicPropertyFactory - DynamicPropertyFactory is initialized with configuration sources: com.netflix.config.ConcurrentCompositeConfiguration@76a14c8d
2019-06-17 00:02:53.829 [main] INFO  o.s.security.web.DefaultSecurityFilterChain - Creating filter chain: OrRequestMatcher [requestMatchers=[Ant [pattern='/oauth/token'], Ant [pattern='/oauth/token_key'], Ant [pattern='/oauth/check_token']]], [org.springframework.security.web.context.request.async.WebAsyncManagerIntegrationFilter@58feb6b0, org.springframework.security.web.context.SecurityContextPersistenceFilter@2744dcae, org.springframework.security.web.header.HeaderWriterFilter@4aebee4b, org.springframework.security.web.authentication.logout.LogoutFilter@d653e41, org.springframework.security.web.authentication.www.BasicAuthenticationFilter@195113de, org.springframework.security.web.savedrequest.RequestCacheAwareFilter@634ca3e7, org.springframework.security.web.servletapi.SecurityContextHolderAwareRequestFilter@237add, org.springframework.security.web.authentication.AnonymousAuthenticationFilter@66d25ba9, org.springframework.security.web.session.SessionManagementFilter@54c425b1, org.springframework.security.web.access.ExceptionTranslationFilter@217235f5, org.springframework.security.web.access.intercept.FilterSecurityInterceptor@42297bdf]
2019-06-17 00:02:53.829 [main] INFO  o.s.security.web.DefaultSecurityFilterChain - Creating filter chain: any request, [org.springframework.security.web.context.request.async.WebAsyncManagerIntegrationFilter@34c53688, org.springframework.security.web.context.SecurityContextPersistenceFilter@7fe8c7db, org.springframework.security.web.header.HeaderWriterFilter@38883a31, org.springframework.security.web.authentication.logout.LogoutFilter@445bce9a, org.springframework.security.web.authentication.www.BasicAuthenticationFilter@44b940a2, org.springframework.security.web.savedrequest.RequestCacheAwareFilter@2dba05b1, org.springframework.security.web.servletapi.SecurityContextHolderAwareRequestFilter@541afb85, org.springframework.security.web.authentication.AnonymousAuthenticationFilter@6ffd4c0d, org.springframework.security.web.session.SessionManagementFilter@27a6fef2, org.springframework.security.web.access.ExceptionTranslationFilter@266e9dda, org.springframework.security.web.access.intercept.FilterSecurityInterceptor@19ae2ee5]
2019-06-17 00:02:53.854 [main] INFO  com.netflix.config.sources.URLConfigurationSource - To enable URLs as dynamic configuration sources, define System property archaius.configurationSource.additionalUrls or make config.properties available on classpath.
2019-06-17 00:02:54.015 [main] INFO  o.s.scheduling.concurrent.ThreadPoolTaskExecutor - Initializing ExecutorService 'applicationTaskExecutor'
2019-06-17 00:02:54.420 [main] INFO  o.s.b.actuate.endpoint.web.EndpointLinksResolver - Exposing 2 endpoint(s) beneath base path '/actuator'
2019-06-17 00:02:54.799 [main] INFO  o.s.cloud.netflix.eureka.InstanceInfoFactory - Setting initial instance status as: STARTING
2019-06-17 00:02:54.830 [main] INFO  com.netflix.discovery.DiscoveryClient - Initializing Eureka in region us-east-1
2019-06-17 00:02:55.154 [main] INFO  c.n.discovery.provider.DiscoveryJerseyProvider - Using JSON encoding codec LegacyJacksonJson
2019-06-17 00:02:55.154 [main] INFO  c.n.discovery.provider.DiscoveryJerseyProvider - Using JSON decoding codec LegacyJacksonJson
2019-06-17 00:02:55.248 [main] INFO  c.n.discovery.provider.DiscoveryJerseyProvider - Using XML encoding codec XStreamXml
2019-06-17 00:02:55.248 [main] INFO  c.n.discovery.provider.DiscoveryJerseyProvider - Using XML decoding codec XStreamXml
2019-06-17 00:02:55.401 [main] INFO  c.n.d.shared.resolver.aws.ConfigClusterResolver - Resolving eureka endpoints via configuration
2019-06-17 00:02:55.531 [main] INFO  com.netflix.discovery.DiscoveryClient - Disable delta property : false
2019-06-17 00:02:55.531 [main] INFO  com.netflix.discovery.DiscoveryClient - Single vip registry refresh property : null
2019-06-17 00:02:55.531 [main] INFO  com.netflix.discovery.DiscoveryClient - Force full registry fetch : false
2019-06-17 00:02:55.531 [main] INFO  com.netflix.discovery.DiscoveryClient - Application is null : false
2019-06-17 00:02:55.531 [main] INFO  com.netflix.discovery.DiscoveryClient - Registered Applications size is zero : true
2019-06-17 00:02:55.531 [main] INFO  com.netflix.discovery.DiscoveryClient - Application version is -1: true
2019-06-17 00:02:55.531 [main] INFO  com.netflix.discovery.DiscoveryClient - Getting all instance registry info from the eureka server
2019-06-17 00:02:55.687 [main] INFO  com.netflix.discovery.DiscoveryClient - The response status is 200
2019-06-17 00:02:55.718 [main] INFO  com.netflix.discovery.DiscoveryClient - Starting heartbeat executor: renew interval is: 30
2019-06-17 00:02:55.718 [main] INFO  com.netflix.discovery.InstanceInfoReplicator - InstanceInfoReplicator onDemand update allowed rate per min is 4
2019-06-17 00:02:55.718 [main] INFO  com.netflix.discovery.DiscoveryClient - Discovery Client initialized at timestamp 1560700975718 with initial instances count: 1
2019-06-17 00:02:55.718 [main] INFO  o.s.c.n.e.serviceregistry.EurekaServiceRegistry - Registering application AUTH-SERVICE with eureka with status UP
2019-06-17 00:02:55.718 [main] INFO  com.netflix.discovery.DiscoveryClient - Saw local status change event StatusChangeEvent [timestamp=1560700975718, current=UP, previous=STARTING]
2019-06-17 00:02:55.718 [DiscoveryClient-InstanceInfoReplicator-0] INFO  com.netflix.discovery.DiscoveryClient - DiscoveryClient_AUTH-SERVICE/172.16.8.78:9025: registering service...
2019-06-17 00:02:55.750 [main] INFO  org.apache.coyote.http11.Http11NioProtocol - Starting ProtocolHandler ["http-nio-9025"]
2019-06-17 00:02:55.765 [DiscoveryClient-InstanceInfoReplicator-0] INFO  com.netflix.discovery.DiscoveryClient - DiscoveryClient_AUTH-SERVICE/172.16.8.78:9025 - registration status: 204
2019-06-17 00:02:55.781 [main] INFO  o.s.boot.web.embedded.tomcat.TomcatWebServer - Tomcat started on port(s): 9025 (http) with context path ''
2019-06-17 00:02:55.781 [main] INFO  o.s.c.n.e.s.EurekaAutoServiceRegistration - Updating port to 9025
2019-06-17 00:02:55.781 [main] INFO  com.sieyuan.auth.AuthApplication - Started AuthApplication in 6.763 seconds (JVM running for 7.69)
2019-06-17 00:02:55.884 [RMI TCP Connection(6)-127.0.0.1] INFO  com.zaxxer.hikari.HikariDataSource - HikariPool-1 - Starting...
2019-06-17 00:02:55.884 [RMI TCP Connection(4)-127.0.0.1] INFO  o.a.c.core.ContainerBase.[Tomcat].[localhost].[/] - Initializing Spring DispatcherServlet 'dispatcherServlet'
2019-06-17 00:02:55.884 [RMI TCP Connection(4)-127.0.0.1] INFO  org.springframework.web.servlet.DispatcherServlet - Initializing Servlet 'dispatcherServlet'
2019-06-17 00:02:55.900 [RMI TCP Connection(4)-127.0.0.1] INFO  org.springframework.web.servlet.DispatcherServlet - Completed initialization in 16 ms
2019-06-17 00:02:56.033 [RMI TCP Connection(6)-127.0.0.1] INFO  com.zaxxer.hikari.HikariDataSource - HikariPool-1 - Start completed.
2019-06-17 00:07:42.719 [main] INFO  o.s.c.s.PostProcessorRegistrationDelegate$BeanPostProcessorChecker - Bean 'org.springframework.cloud.autoconfigure.ConfigurationPropertiesRebinderAutoConfiguration' of type [org.springframework.cloud.autoconfigure.ConfigurationPropertiesRebinderAutoConfiguration$$EnhancerBySpringCGLIB$$511f4685] is not eligible for getting processed by all BeanPostProcessors (for example: not eligible for auto-proxying)
2019-06-17 00:07:43.049 [main] INFO  com.sieyuan.auth.AuthApplication - No active profile set, falling back to default profiles: default
2019-06-17 00:07:44.128 [main] INFO  o.springframework.cloud.context.scope.GenericScope - BeanFactory id=a69964f0-15ca-3b23-aa64-b107337f7826
2019-06-17 00:07:44.222 [main] INFO  o.s.c.s.PostProcessorRegistrationDelegate$BeanPostProcessorChecker - Bean 'org.springframework.transaction.annotation.ProxyTransactionManagementConfiguration' of type [org.springframework.transaction.annotation.ProxyTransactionManagementConfiguration$$EnhancerBySpringCGLIB$$35054388] is not eligible for getting processed by all BeanPostProcessors (for example: not eligible for auto-proxying)
2019-06-17 00:07:44.237 [main] INFO  o.s.c.s.PostProcessorRegistrationDelegate$BeanPostProcessorChecker - Bean 'org.springframework.cloud.autoconfigure.ConfigurationPropertiesRebinderAutoConfiguration' of type [org.springframework.cloud.autoconfigure.ConfigurationPropertiesRebinderAutoConfiguration$$EnhancerBySpringCGLIB$$511f4685] is not eligible for getting processed by all BeanPostProcessors (for example: not eligible for auto-proxying)
2019-06-17 00:07:44.470 [main] INFO  o.s.boot.web.embedded.tomcat.TomcatWebServer - Tomcat initialized with port(s): 9025 (http)
2019-06-17 00:07:44.486 [main] INFO  org.apache.coyote.http11.Http11NioProtocol - Initializing ProtocolHandler ["http-nio-9025"]
2019-06-17 00:07:44.501 [main] INFO  org.apache.catalina.core.StandardService - Starting service [Tomcat]
2019-06-17 00:07:44.501 [main] INFO  org.apache.catalina.core.StandardEngine - Starting Servlet engine: [Apache Tomcat/9.0.19]
2019-06-17 00:07:44.501 [main] INFO  org.apache.catalina.core.AprLifecycleListener - Loaded APR based Apache Tomcat Native library [1.2.21] using APR version [1.6.5].
2019-06-17 00:07:44.501 [main] INFO  org.apache.catalina.core.AprLifecycleListener - APR capabilities: IPv6 [true], sendfile [true], accept filters [false], random [true].
2019-06-17 00:07:44.501 [main] INFO  org.apache.catalina.core.AprLifecycleListener - APR/OpenSSL configuration: useAprConnector [false], useOpenSSL [true]
2019-06-17 00:07:44.501 [main] INFO  org.apache.catalina.core.AprLifecycleListener - OpenSSL successfully initialized [OpenSSL 1.1.1a  20 Nov 2018]
2019-06-17 00:07:44.673 [main] INFO  o.a.c.core.ContainerBase.[Tomcat].[localhost].[/] - Initializing Spring embedded WebApplicationContext
2019-06-17 00:07:44.673 [main] INFO  org.springframework.web.context.ContextLoader - Root WebApplicationContext: initialization completed in 1608 ms
2019-06-17 00:07:44.909 [main] INFO  com.netflix.config.sources.URLConfigurationSource - To enable URLs as dynamic configuration sources, define System property archaius.configurationSource.additionalUrls or make config.properties available on classpath.
2019-06-17 00:07:44.917 [main] INFO  com.netflix.config.DynamicPropertyFactory - DynamicPropertyFactory is initialized with configuration sources: com.netflix.config.ConcurrentCompositeConfiguration@4086d8fb
2019-06-17 00:07:46.144 [main] INFO  o.s.security.web.DefaultSecurityFilterChain - Creating filter chain: OrRequestMatcher [requestMatchers=[Ant [pattern='/oauth/token'], Ant [pattern='/oauth/token_key'], Ant [pattern='/oauth/check_token']]], [org.springframework.security.web.context.request.async.WebAsyncManagerIntegrationFilter@13866329, org.springframework.security.web.context.SecurityContextPersistenceFilter@1f78d415, org.springframework.security.web.header.HeaderWriterFilter@c2cf597, org.springframework.security.web.authentication.logout.LogoutFilter@31834a2b, org.springframework.security.web.authentication.www.BasicAuthenticationFilter@76973a6, org.springframework.security.web.savedrequest.RequestCacheAwareFilter@27960b1e, org.springframework.security.web.servletapi.SecurityContextHolderAwareRequestFilter@39549f33, org.springframework.security.web.authentication.AnonymousAuthenticationFilter@2eda2062, org.springframework.security.web.session.SessionManagementFilter@587c5c1, org.springframework.security.web.access.ExceptionTranslationFilter@5e50df2e, org.springframework.security.web.access.intercept.FilterSecurityInterceptor@3b78c683]
2019-06-17 00:07:46.144 [main] INFO  o.s.security.web.DefaultSecurityFilterChain - Creating filter chain: any request, [org.springframework.security.web.context.request.async.WebAsyncManagerIntegrationFilter@3086f480, org.springframework.security.web.context.SecurityContextPersistenceFilter@62d40e31, org.springframework.security.web.header.HeaderWriterFilter@5c48b72c, org.springframework.security.web.authentication.logout.LogoutFilter@457a5b2d, org.springframework.security.web.authentication.www.BasicAuthenticationFilter@243bf087, org.springframework.security.web.savedrequest.RequestCacheAwareFilter@650aa077, org.springframework.security.web.servletapi.SecurityContextHolderAwareRequestFilter@7ce29a2d, org.springframework.security.web.authentication.AnonymousAuthenticationFilter@126f8f24, org.springframework.security.web.session.SessionManagementFilter@6e1ae763, org.springframework.security.web.access.ExceptionTranslationFilter@1142d377, org.springframework.security.web.access.intercept.FilterSecurityInterceptor@48cb2d73]
2019-06-17 00:07:46.160 [main] INFO  com.netflix.config.sources.URLConfigurationSource - To enable URLs as dynamic configuration sources, define System property archaius.configurationSource.additionalUrls or make config.properties available on classpath.
2019-06-17 00:07:46.301 [main] INFO  o.s.scheduling.concurrent.ThreadPoolTaskExecutor - Initializing ExecutorService 'applicationTaskExecutor'
2019-06-17 00:07:46.674 [main] INFO  o.s.b.actuate.endpoint.web.EndpointLinksResolver - Exposing 2 endpoint(s) beneath base path '/actuator'
2019-06-17 00:07:47.032 [main] INFO  o.s.cloud.netflix.eureka.InstanceInfoFactory - Setting initial instance status as: STARTING
2019-06-17 00:07:47.078 [main] INFO  com.netflix.discovery.DiscoveryClient - Initializing Eureka in region us-east-1
2019-06-17 00:07:47.362 [main] INFO  c.n.discovery.provider.DiscoveryJerseyProvider - Using JSON encoding codec LegacyJacksonJson
2019-06-17 00:07:47.362 [main] INFO  c.n.discovery.provider.DiscoveryJerseyProvider - Using JSON decoding codec LegacyJacksonJson
2019-06-17 00:07:47.454 [main] INFO  c.n.discovery.provider.DiscoveryJerseyProvider - Using XML encoding codec XStreamXml
2019-06-17 00:07:47.454 [main] INFO  c.n.discovery.provider.DiscoveryJerseyProvider - Using XML decoding codec XStreamXml
2019-06-17 00:07:47.610 [main] INFO  c.n.d.shared.resolver.aws.ConfigClusterResolver - Resolving eureka endpoints via configuration
2019-06-17 00:07:47.750 [main] INFO  com.netflix.discovery.DiscoveryClient - Disable delta property : false
2019-06-17 00:07:47.750 [main] INFO  com.netflix.discovery.DiscoveryClient - Single vip registry refresh property : null
2019-06-17 00:07:47.750 [main] INFO  com.netflix.discovery.DiscoveryClient - Force full registry fetch : false
2019-06-17 00:07:47.750 [main] INFO  com.netflix.discovery.DiscoveryClient - Application is null : false
2019-06-17 00:07:47.750 [main] INFO  com.netflix.discovery.DiscoveryClient - Registered Applications size is zero : true
2019-06-17 00:07:47.750 [main] INFO  com.netflix.discovery.DiscoveryClient - Application version is -1: true
2019-06-17 00:07:47.750 [main] INFO  com.netflix.discovery.DiscoveryClient - Getting all instance registry info from the eureka server
2019-06-17 00:07:47.908 [main] INFO  com.netflix.discovery.DiscoveryClient - The response status is 200
2019-06-17 00:07:47.912 [main] INFO  com.netflix.discovery.DiscoveryClient - Starting heartbeat executor: renew interval is: 30
2019-06-17 00:07:47.916 [main] INFO  com.netflix.discovery.InstanceInfoReplicator - InstanceInfoReplicator onDemand update allowed rate per min is 4
2019-06-17 00:07:47.920 [main] INFO  com.netflix.discovery.DiscoveryClient - Discovery Client initialized at timestamp 1560701267916 with initial instances count: 1
2019-06-17 00:07:47.920 [main] INFO  o.s.c.n.e.serviceregistry.EurekaServiceRegistry - Registering application AUTH-SERVICE with eureka with status UP
2019-06-17 00:07:47.920 [main] INFO  com.netflix.discovery.DiscoveryClient - Saw local status change event StatusChangeEvent [timestamp=1560701267920, current=UP, previous=STARTING]
2019-06-17 00:07:47.925 [DiscoveryClient-InstanceInfoReplicator-0] INFO  com.netflix.discovery.DiscoveryClient - DiscoveryClient_AUTH-SERVICE/172.16.8.78:9025: registering service...
2019-06-17 00:07:47.940 [main] INFO  org.apache.coyote.http11.Http11NioProtocol - Starting ProtocolHandler ["http-nio-9025"]
2019-06-17 00:07:47.971 [DiscoveryClient-InstanceInfoReplicator-0] INFO  com.netflix.discovery.DiscoveryClient - DiscoveryClient_AUTH-SERVICE/172.16.8.78:9025 - registration status: 204
2019-06-17 00:07:47.971 [main] INFO  o.s.boot.web.embedded.tomcat.TomcatWebServer - Tomcat started on port(s): 9025 (http) with context path ''
2019-06-17 00:07:47.971 [main] INFO  o.s.c.n.e.s.EurekaAutoServiceRegistration - Updating port to 9025
2019-06-17 00:07:47.971 [main] INFO  com.sieyuan.auth.AuthApplication - Started AuthApplication in 6.531 seconds (JVM running for 7.567)
2019-06-17 00:07:48.175 [RMI TCP Connection(4)-127.0.0.1] INFO  com.zaxxer.hikari.HikariDataSource - HikariPool-1 - Starting...
2019-06-17 00:07:48.175 [RMI TCP Connection(6)-127.0.0.1] INFO  o.a.c.core.ContainerBase.[Tomcat].[localhost].[/] - Initializing Spring DispatcherServlet 'dispatcherServlet'
2019-06-17 00:07:48.175 [RMI TCP Connection(6)-127.0.0.1] INFO  org.springframework.web.servlet.DispatcherServlet - Initializing Servlet 'dispatcherServlet'
2019-06-17 00:07:48.190 [RMI TCP Connection(6)-127.0.0.1] INFO  org.springframework.web.servlet.DispatcherServlet - Completed initialization in 15 ms
2019-06-17 00:07:48.379 [RMI TCP Connection(4)-127.0.0.1] INFO  com.zaxxer.hikari.HikariDataSource - HikariPool-1 - Start completed.
2019-06-17 00:08:10.581 [main] INFO  o.s.c.s.PostProcessorRegistrationDelegate$BeanPostProcessorChecker - Bean 'org.springframework.cloud.autoconfigure.ConfigurationPropertiesRebinderAutoConfiguration' of type [org.springframework.cloud.autoconfigure.ConfigurationPropertiesRebinderAutoConfiguration$$EnhancerBySpringCGLIB$$105a6ef0] is not eligible for getting processed by all BeanPostProcessors (for example: not eligible for auto-proxying)
2019-06-17 00:08:10.908 [main] INFO  com.sieyuan.auth.AuthApplication - No active profile set, falling back to default profiles: default
2019-06-17 00:08:11.884 [main] INFO  o.springframework.cloud.context.scope.GenericScope - BeanFactory id=61db05b6-f0f7-3e94-8507-77f0b8585f5f
2019-06-17 00:08:11.972 [main] INFO  o.s.c.s.PostProcessorRegistrationDelegate$BeanPostProcessorChecker - Bean 'org.springframework.transaction.annotation.ProxyTransactionManagementConfiguration' of type [org.springframework.transaction.annotation.ProxyTransactionManagementConfiguration$$EnhancerBySpringCGLIB$$f4406bf3] is not eligible for getting processed by all BeanPostProcessors (for example: not eligible for auto-proxying)
2019-06-17 00:08:11.984 [main] INFO  o.s.c.s.PostProcessorRegistrationDelegate$BeanPostProcessorChecker - Bean 'org.springframework.cloud.autoconfigure.ConfigurationPropertiesRebinderAutoConfiguration' of type [org.springframework.cloud.autoconfigure.ConfigurationPropertiesRebinderAutoConfiguration$$EnhancerBySpringCGLIB$$105a6ef0] is not eligible for getting processed by all BeanPostProcessors (for example: not eligible for auto-proxying)
2019-06-17 00:08:12.203 [main] INFO  o.s.boot.web.embedded.tomcat.TomcatWebServer - Tomcat initialized with port(s): 9025 (http)
2019-06-17 00:08:12.219 [main] INFO  org.apache.coyote.http11.Http11NioProtocol - Initializing ProtocolHandler ["http-nio-9025"]
2019-06-17 00:08:12.219 [main] INFO  org.apache.catalina.core.StandardService - Starting service [Tomcat]
2019-06-17 00:08:12.219 [main] INFO  org.apache.catalina.core.StandardEngine - Starting Servlet engine: [Apache Tomcat/9.0.19]
2019-06-17 00:08:12.234 [main] INFO  org.apache.catalina.core.AprLifecycleListener - Loaded APR based Apache Tomcat Native library [1.2.21] using APR version [1.6.5].
2019-06-17 00:08:12.234 [main] INFO  org.apache.catalina.core.AprLifecycleListener - APR capabilities: IPv6 [true], sendfile [true], accept filters [false], random [true].
2019-06-17 00:08:12.234 [main] INFO  org.apache.catalina.core.AprLifecycleListener - APR/OpenSSL configuration: useAprConnector [false], useOpenSSL [true]
2019-06-17 00:08:12.234 [main] INFO  org.apache.catalina.core.AprLifecycleListener - OpenSSL successfully initialized [OpenSSL 1.1.1a  20 Nov 2018]
2019-06-17 00:08:12.388 [main] INFO  o.a.c.core.ContainerBase.[Tomcat].[localhost].[/] - Initializing Spring embedded WebApplicationContext
2019-06-17 00:08:12.388 [main] INFO  org.springframework.web.context.ContextLoader - Root WebApplicationContext: initialization completed in 1468 ms
2019-06-17 00:08:12.580 [main] INFO  com.netflix.config.sources.URLConfigurationSource - To enable URLs as dynamic configuration sources, define System property archaius.configurationSource.additionalUrls or make config.properties available on classpath.
2019-06-17 00:08:12.580 [main] INFO  com.netflix.config.DynamicPropertyFactory - DynamicPropertyFactory is initialized with configuration sources: com.netflix.config.ConcurrentCompositeConfiguration@3e7b65d7
2019-06-17 00:08:13.851 [main] INFO  o.s.security.web.DefaultSecurityFilterChain - Creating filter chain: OrRequestMatcher [requestMatchers=[Ant [pattern='/oauth/token'], Ant [pattern='/oauth/token_key'], Ant [pattern='/oauth/check_token']]], [org.springframework.security.web.context.request.async.WebAsyncManagerIntegrationFilter@34c53688, org.springframework.security.web.context.SecurityContextPersistenceFilter@433ea2ac, org.springframework.security.web.header.HeaderWriterFilter@1d6a8386, org.springframework.security.web.authentication.logout.LogoutFilter@1a9ec80e, org.springframework.security.web.authentication.www.BasicAuthenticationFilter@445bce9a, org.springframework.security.web.savedrequest.RequestCacheAwareFilter@446e7065, org.springframework.security.web.servletapi.SecurityContextHolderAwareRequestFilter@67f9cb52, org.springframework.security.web.authentication.AnonymousAuthenticationFilter@6ffd4c0d, org.springframework.security.web.session.SessionManagementFilter@12952aff, org.springframework.security.web.access.ExceptionTranslationFilter@1c297897, org.springframework.security.web.access.intercept.FilterSecurityInterceptor@5efe47fd]
2019-06-17 00:08:13.859 [main] INFO  o.s.security.web.DefaultSecurityFilterChain - Creating filter chain: org.springframework.security.oauth2.config.annotation.web.configuration.ResourceServerConfiguration$NotOAuthRequestMatcher@619c93ca, [org.springframework.security.web.context.request.async.WebAsyncManagerIntegrationFilter@486e9d1d, org.springframework.security.web.context.SecurityContextPersistenceFilter@62c3f556, org.springframework.security.web.header.HeaderWriterFilter@e91af20, org.springframework.security.web.authentication.logout.LogoutFilter@4052b19f, org.springframework.security.oauth2.provider.authentication.OAuth2AuthenticationProcessingFilter@7742a45c, org.springframework.security.web.savedrequest.RequestCacheAwareFilter@2cfe272f, org.springframework.security.web.servletapi.SecurityContextHolderAwareRequestFilter@2f95653f, org.springframework.security.web.authentication.AnonymousAuthenticationFilter@6aa5974e, org.springframework.security.web.session.SessionManagementFilter@6221b13b, org.springframework.security.web.access.ExceptionTranslationFilter@101bdd1c, org.springframework.security.web.access.intercept.FilterSecurityInterceptor@3b41e1bf]
2019-06-17 00:08:13.863 [main] INFO  o.s.security.web.DefaultSecurityFilterChain - Creating filter chain: any request, [org.springframework.security.web.context.request.async.WebAsyncManagerIntegrationFilter@43935e9c, org.springframework.security.web.context.SecurityContextPersistenceFilter@4c319d52, org.springframework.security.web.header.HeaderWriterFilter@13213f26, org.springframework.security.web.authentication.logout.LogoutFilter@2d28fb02, org.springframework.security.web.authentication.www.BasicAuthenticationFilter@7f2c57fe, org.springframework.security.web.savedrequest.RequestCacheAwareFilter@72fbf94d, org.springframework.security.web.servletapi.SecurityContextHolderAwareRequestFilter@6839203b, org.springframework.security.web.authentication.AnonymousAuthenticationFilter@101cf747, org.springframework.security.web.session.SessionManagementFilter@4e4162bc, org.springframework.security.web.access.ExceptionTranslationFilter@7a388990, org.springframework.security.web.access.intercept.FilterSecurityInterceptor@b2c4a8b]
2019-06-17 00:08:13.875 [main] INFO  com.netflix.config.sources.URLConfigurationSource - To enable URLs as dynamic configuration sources, define System property archaius.configurationSource.additionalUrls or make config.properties available on classpath.
2019-06-17 00:08:14.001 [main] INFO  o.s.scheduling.concurrent.ThreadPoolTaskExecutor - Initializing ExecutorService 'applicationTaskExecutor'
2019-06-17 00:08:14.385 [main] INFO  o.s.b.actuate.endpoint.web.EndpointLinksResolver - Exposing 2 endpoint(s) beneath base path '/actuator'
2019-06-17 00:08:14.753 [main] INFO  o.s.cloud.netflix.eureka.InstanceInfoFactory - Setting initial instance status as: STARTING
2019-06-17 00:08:14.785 [main] INFO  com.netflix.discovery.DiscoveryClient - Initializing Eureka in region us-east-1
2019-06-17 00:08:15.109 [main] INFO  c.n.discovery.provider.DiscoveryJerseyProvider - Using JSON encoding codec LegacyJacksonJson
2019-06-17 00:08:15.109 [main] INFO  c.n.discovery.provider.DiscoveryJerseyProvider - Using JSON decoding codec LegacyJacksonJson
2019-06-17 00:08:15.221 [main] INFO  c.n.discovery.provider.DiscoveryJerseyProvider - Using XML encoding codec XStreamXml
2019-06-17 00:08:15.221 [main] INFO  c.n.discovery.provider.DiscoveryJerseyProvider - Using XML decoding codec XStreamXml
2019-06-17 00:08:15.372 [main] INFO  c.n.d.shared.resolver.aws.ConfigClusterResolver - Resolving eureka endpoints via configuration
2019-06-17 00:08:15.502 [main] INFO  com.netflix.discovery.DiscoveryClient - Disable delta property : false
2019-06-17 00:08:15.502 [main] INFO  com.netflix.discovery.DiscoveryClient - Single vip registry refresh property : null
2019-06-17 00:08:15.502 [main] INFO  com.netflix.discovery.DiscoveryClient - Force full registry fetch : false
2019-06-17 00:08:15.502 [main] INFO  com.netflix.discovery.DiscoveryClient - Application is null : false
2019-06-17 00:08:15.502 [main] INFO  com.netflix.discovery.DiscoveryClient - Registered Applications size is zero : true
2019-06-17 00:08:15.502 [main] INFO  com.netflix.discovery.DiscoveryClient - Application version is -1: true
2019-06-17 00:08:15.502 [main] INFO  com.netflix.discovery.DiscoveryClient - Getting all instance registry info from the eureka server
2019-06-17 00:08:15.643 [main] INFO  com.netflix.discovery.DiscoveryClient - The response status is 200
2019-06-17 00:08:15.643 [main] INFO  com.netflix.discovery.DiscoveryClient - Starting heartbeat executor: renew interval is: 30
2019-06-17 00:08:15.643 [main] INFO  com.netflix.discovery.InstanceInfoReplicator - InstanceInfoReplicator onDemand update allowed rate per min is 4
2019-06-17 00:08:15.643 [main] INFO  com.netflix.discovery.DiscoveryClient - Discovery Client initialized at timestamp 1560701295643 with initial instances count: 1
2019-06-17 00:08:15.658 [main] INFO  o.s.c.n.e.serviceregistry.EurekaServiceRegistry - Registering application AUTH-SERVICE with eureka with status UP
2019-06-17 00:08:15.658 [main] INFO  com.netflix.discovery.DiscoveryClient - Saw local status change event StatusChangeEvent [timestamp=1560701295658, current=UP, previous=STARTING]
2019-06-17 00:08:15.658 [DiscoveryClient-InstanceInfoReplicator-0] INFO  com.netflix.discovery.DiscoveryClient - DiscoveryClient_AUTH-SERVICE/172.16.8.78:9025: registering service...
2019-06-17 00:08:15.674 [main] INFO  org.apache.coyote.http11.Http11NioProtocol - Starting ProtocolHandler ["http-nio-9025"]
2019-06-17 00:08:15.705 [DiscoveryClient-InstanceInfoReplicator-0] INFO  com.netflix.discovery.DiscoveryClient - DiscoveryClient_AUTH-SERVICE/172.16.8.78:9025 - registration status: 204
2019-06-17 00:08:15.705 [main] INFO  o.s.boot.web.embedded.tomcat.TomcatWebServer - Tomcat started on port(s): 9025 (http) with context path ''
2019-06-17 00:08:15.705 [main] INFO  o.s.c.n.e.s.EurekaAutoServiceRegistration - Updating port to 9025
2019-06-17 00:08:15.705 [main] INFO  com.sieyuan.auth.AuthApplication - Started AuthApplication in 6.401 seconds (JVM running for 7.535)
2019-06-17 00:08:15.914 [RMI TCP Connection(6)-127.0.0.1] INFO  o.a.c.core.ContainerBase.[Tomcat].[localhost].[/] - Initializing Spring DispatcherServlet 'dispatcherServlet'
2019-06-17 00:08:15.914 [RMI TCP Connection(6)-127.0.0.1] INFO  org.springframework.web.servlet.DispatcherServlet - Initializing Servlet 'dispatcherServlet'
2019-06-17 00:08:15.914 [RMI TCP Connection(4)-127.0.0.1] INFO  com.zaxxer.hikari.HikariDataSource - HikariPool-1 - Starting...
2019-06-17 00:08:15.922 [RMI TCP Connection(6)-127.0.0.1] INFO  org.springframework.web.servlet.DispatcherServlet - Completed initialization in 8 ms
2019-06-17 00:08:16.047 [RMI TCP Connection(4)-127.0.0.1] INFO  com.zaxxer.hikari.HikariDataSource - HikariPool-1 - Start completed.
2019-06-17 00:11:39.595 [main] INFO  o.s.c.s.PostProcessorRegistrationDelegate$BeanPostProcessorChecker - Bean 'org.springframework.cloud.autoconfigure.ConfigurationPropertiesRebinderAutoConfiguration' of type [org.springframework.cloud.autoconfigure.ConfigurationPropertiesRebinderAutoConfiguration$$EnhancerBySpringCGLIB$$1ac45bf4] is not eligible for getting processed by all BeanPostProcessors (for example: not eligible for auto-proxying)
2019-06-17 00:11:39.925 [main] INFO  com.sieyuan.auth.AuthApplication - No active profile set, falling back to default profiles: default
2019-06-17 00:11:40.906 [main] INFO  o.springframework.cloud.context.scope.GenericScope - BeanFactory id=a69964f0-15ca-3b23-aa64-b107337f7826
2019-06-17 00:11:40.988 [main] INFO  o.s.c.s.PostProcessorRegistrationDelegate$BeanPostProcessorChecker - Bean 'org.springframework.transaction.annotation.ProxyTransactionManagementConfiguration' of type [org.springframework.transaction.annotation.ProxyTransactionManagementConfiguration$$EnhancerBySpringCGLIB$$feaa58f7] is not eligible for getting processed by all BeanPostProcessors (for example: not eligible for auto-proxying)
2019-06-17 00:11:41.004 [main] INFO  o.s.c.s.PostProcessorRegistrationDelegate$BeanPostProcessorChecker - Bean 'org.springframework.cloud.autoconfigure.ConfigurationPropertiesRebinderAutoConfiguration' of type [org.springframework.cloud.autoconfigure.ConfigurationPropertiesRebinderAutoConfiguration$$EnhancerBySpringCGLIB$$1ac45bf4] is not eligible for getting processed by all BeanPostProcessors (for example: not eligible for auto-proxying)
2019-06-17 00:11:41.223 [main] INFO  o.s.boot.web.embedded.tomcat.TomcatWebServer - Tomcat initialized with port(s): 9025 (http)
2019-06-17 00:11:41.238 [main] INFO  org.apache.coyote.http11.Http11NioProtocol - Initializing ProtocolHandler ["http-nio-9025"]
2019-06-17 00:11:41.238 [main] INFO  org.apache.catalina.core.StandardService - Starting service [Tomcat]
2019-06-17 00:11:41.238 [main] INFO  org.apache.catalina.core.StandardEngine - Starting Servlet engine: [Apache Tomcat/9.0.19]
2019-06-17 00:11:41.254 [main] INFO  org.apache.catalina.core.AprLifecycleListener - Loaded APR based Apache Tomcat Native library [1.2.21] using APR version [1.6.5].
2019-06-17 00:11:41.254 [main] INFO  org.apache.catalina.core.AprLifecycleListener - APR capabilities: IPv6 [true], sendfile [true], accept filters [false], random [true].
2019-06-17 00:11:41.254 [main] INFO  org.apache.catalina.core.AprLifecycleListener - APR/OpenSSL configuration: useAprConnector [false], useOpenSSL [true]
2019-06-17 00:11:41.254 [main] INFO  org.apache.catalina.core.AprLifecycleListener - OpenSSL successfully initialized [OpenSSL 1.1.1a  20 Nov 2018]
2019-06-17 00:11:41.396 [main] INFO  o.a.c.core.ContainerBase.[Tomcat].[localhost].[/] - Initializing Spring embedded WebApplicationContext
2019-06-17 00:11:41.396 [main] INFO  org.springframework.web.context.ContextLoader - Root WebApplicationContext: initialization completed in 1471 ms
2019-06-17 00:11:41.580 [main] INFO  com.netflix.config.sources.URLConfigurationSource - To enable URLs as dynamic configuration sources, define System property archaius.configurationSource.additionalUrls or make config.properties available on classpath.
2019-06-17 00:11:41.580 [main] INFO  com.netflix.config.DynamicPropertyFactory - DynamicPropertyFactory is initialized with configuration sources: com.netflix.config.ConcurrentCompositeConfiguration@6fc1020a
2019-06-17 00:11:42.819 [main] INFO  o.s.security.web.DefaultSecurityFilterChain - Creating filter chain: OrRequestMatcher [requestMatchers=[Ant [pattern='/oauth/token'], Ant [pattern='/oauth/token_key'], Ant [pattern='/oauth/check_token']]], [org.springframework.security.web.context.request.async.WebAsyncManagerIntegrationFilter@2fe2965c, org.springframework.security.web.context.SecurityContextPersistenceFilter@3cdff901, org.springframework.security.web.header.HeaderWriterFilter@79627d27, org.springframework.security.web.authentication.logout.LogoutFilter@421d54b3, org.springframework.security.web.authentication.www.BasicAuthenticationFilter@6e8fdd19, org.springframework.security.web.savedrequest.RequestCacheAwareFilter@2f054f70, org.springframework.security.web.servletapi.SecurityContextHolderAwareRequestFilter@3b97907c, org.springframework.security.web.authentication.AnonymousAuthenticationFilter@3375ebd3, org.springframework.security.web.session.SessionManagementFilter@1f7cec93, org.springframework.security.web.access.ExceptionTranslationFilter@64518270, org.springframework.security.web.access.intercept.FilterSecurityInterceptor@7fd99443]
2019-06-17 00:11:42.819 [main] INFO  o.s.security.web.DefaultSecurityFilterChain - Creating filter chain: any request, [org.springframework.security.web.context.request.async.WebAsyncManagerIntegrationFilter@1c046c92, org.springframework.security.web.context.SecurityContextPersistenceFilter@40717ed, org.springframework.security.web.header.HeaderWriterFilter@2abafa97, org.springframework.security.web.authentication.logout.LogoutFilter@5dbbb292, org.springframework.security.web.authentication.www.BasicAuthenticationFilter@1f78d415, org.springframework.security.web.savedrequest.RequestCacheAwareFilter@29f3c438, org.springframework.security.web.servletapi.SecurityContextHolderAwareRequestFilter@5460edd3, org.springframework.security.web.authentication.AnonymousAuthenticationFilter@27960b1e, org.springframework.security.web.session.SessionManagementFilter@6f6cc7da, org.springframework.security.web.access.ExceptionTranslationFilter@724bf25f, org.springframework.security.web.access.intercept.FilterSecurityInterceptor@528c8c1]
2019-06-17 00:11:42.835 [main] INFO  com.netflix.config.sources.URLConfigurationSource - To enable URLs as dynamic configuration sources, define System property archaius.configurationSource.additionalUrls or make config.properties available on classpath.
2019-06-17 00:11:42.997 [main] INFO  o.s.scheduling.concurrent.ThreadPoolTaskExecutor - Initializing ExecutorService 'applicationTaskExecutor'
2019-06-17 00:11:43.405 [main] INFO  o.s.b.actuate.endpoint.web.EndpointLinksResolver - Exposing 2 endpoint(s) beneath base path '/actuator'
2019-06-17 00:11:43.790 [main] INFO  o.s.cloud.netflix.eureka.InstanceInfoFactory - Setting initial instance status as: STARTING
2019-06-17 00:11:43.821 [main] INFO  com.netflix.discovery.DiscoveryClient - Initializing Eureka in region us-east-1
2019-06-17 00:11:44.112 [main] INFO  c.n.discovery.provider.DiscoveryJerseyProvider - Using JSON encoding codec LegacyJacksonJson
2019-06-17 00:11:44.112 [main] INFO  c.n.discovery.provider.DiscoveryJerseyProvider - Using JSON decoding codec LegacyJacksonJson
2019-06-17 00:11:44.206 [main] INFO  c.n.discovery.provider.DiscoveryJerseyProvider - Using XML encoding codec XStreamXml
2019-06-17 00:11:44.206 [main] INFO  c.n.discovery.provider.DiscoveryJerseyProvider - Using XML decoding codec XStreamXml
2019-06-17 00:11:44.371 [main] INFO  c.n.d.shared.resolver.aws.ConfigClusterResolver - Resolving eureka endpoints via configuration
2019-06-17 00:11:44.501 [main] INFO  com.netflix.discovery.DiscoveryClient - Disable delta property : false
2019-06-17 00:11:44.501 [main] INFO  com.netflix.discovery.DiscoveryClient - Single vip registry refresh property : null
2019-06-17 00:11:44.501 [main] INFO  com.netflix.discovery.DiscoveryClient - Force full registry fetch : false
2019-06-17 00:11:44.501 [main] INFO  com.netflix.discovery.DiscoveryClient - Application is null : false
2019-06-17 00:11:44.501 [main] INFO  com.netflix.discovery.DiscoveryClient - Registered Applications size is zero : true
2019-06-17 00:11:44.501 [main] INFO  com.netflix.discovery.DiscoveryClient - Application version is -1: true
2019-06-17 00:11:44.501 [main] INFO  com.netflix.discovery.DiscoveryClient - Getting all instance registry info from the eureka server
2019-06-17 00:11:44.626 [main] INFO  com.netflix.discovery.DiscoveryClient - The response status is 200
2019-06-17 00:11:44.626 [main] INFO  com.netflix.discovery.DiscoveryClient - Starting heartbeat executor: renew interval is: 30
2019-06-17 00:11:44.626 [main] INFO  com.netflix.discovery.InstanceInfoReplicator - InstanceInfoReplicator onDemand update allowed rate per min is 4
2019-06-17 00:11:44.642 [main] INFO  com.netflix.discovery.DiscoveryClient - Discovery Client initialized at timestamp 1560701504626 with initial instances count: 1
2019-06-17 00:11:44.642 [main] INFO  o.s.c.n.e.serviceregistry.EurekaServiceRegistry - Registering application AUTH-SERVICE with eureka with status UP
2019-06-17 00:11:44.642 [main] INFO  com.netflix.discovery.DiscoveryClient - Saw local status change event StatusChangeEvent [timestamp=1560701504642, current=UP, previous=STARTING]
2019-06-17 00:11:44.642 [DiscoveryClient-InstanceInfoReplicator-0] INFO  com.netflix.discovery.DiscoveryClient - DiscoveryClient_AUTH-SERVICE/172.16.8.78:9025: registering service...
2019-06-17 00:11:44.657 [main] INFO  org.apache.coyote.http11.Http11NioProtocol - Starting ProtocolHandler ["http-nio-9025"]
2019-06-17 00:11:44.673 [DiscoveryClient-InstanceInfoReplicator-0] INFO  com.netflix.discovery.DiscoveryClient - DiscoveryClient_AUTH-SERVICE/172.16.8.78:9025 - registration status: 204
2019-06-17 00:11:44.688 [main] INFO  o.s.boot.web.embedded.tomcat.TomcatWebServer - Tomcat started on port(s): 9025 (http) with context path ''
2019-06-17 00:11:44.688 [main] INFO  o.s.c.n.e.s.EurekaAutoServiceRegistration - Updating port to 9025
2019-06-17 00:11:44.688 [main] INFO  com.sieyuan.auth.AuthApplication - Started AuthApplication in 6.731 seconds (JVM running for 7.766)
2019-06-17 00:11:45.207 [RMI TCP Connection(4)-127.0.0.1] INFO  com.zaxxer.hikari.HikariDataSource - HikariPool-1 - Starting...
2019-06-17 00:11:45.207 [RMI TCP Connection(6)-127.0.0.1] INFO  o.a.c.core.ContainerBase.[Tomcat].[localhost].[/] - Initializing Spring DispatcherServlet 'dispatcherServlet'
2019-06-17 00:11:45.207 [RMI TCP Connection(6)-127.0.0.1] INFO  org.springframework.web.servlet.DispatcherServlet - Initializing Servlet 'dispatcherServlet'
2019-06-17 00:11:45.207 [RMI TCP Connection(6)-127.0.0.1] INFO  org.springframework.web.servlet.DispatcherServlet - Completed initialization in 0 ms
2019-06-17 00:11:45.332 [RMI TCP Connection(4)-127.0.0.1] INFO  com.zaxxer.hikari.HikariDataSource - HikariPool-1 - Start completed.
2019-06-17 00:16:44.505 [AsyncResolver-bootstrap-executor-0] INFO  c.n.d.shared.resolver.aws.ConfigClusterResolver - Resolving eureka endpoints via configuration
2019-06-17 00:21:15.416 [main] INFO  o.s.c.s.PostProcessorRegistrationDelegate$BeanPostProcessorChecker - Bean 'org.springframework.cloud.autoconfigure.ConfigurationPropertiesRebinderAutoConfiguration' of type [org.springframework.cloud.autoconfigure.ConfigurationPropertiesRebinderAutoConfiguration$$EnhancerBySpringCGLIB$$a1f487a0] is not eligible for getting processed by all BeanPostProcessors (for example: not eligible for auto-proxying)
2019-06-17 00:21:15.825 [main] INFO  com.sieyuan.auth.AuthApplication - No active profile set, falling back to default profiles: default
2019-06-17 00:21:17.045 [main] INFO  o.springframework.cloud.context.scope.GenericScope - BeanFactory id=61db05b6-f0f7-3e94-8507-77f0b8585f5f
2019-06-17 00:21:17.161 [main] INFO  o.s.c.s.PostProcessorRegistrationDelegate$BeanPostProcessorChecker - Bean 'org.springframework.transaction.annotation.ProxyTransactionManagementConfiguration' of type [org.springframework.transaction.annotation.ProxyTransactionManagementConfiguration$$EnhancerBySpringCGLIB$$85da84a3] is not eligible for getting processed by all BeanPostProcessors (for example: not eligible for auto-proxying)
2019-06-17 00:21:17.185 [main] INFO  o.s.c.s.PostProcessorRegistrationDelegate$BeanPostProcessorChecker - Bean 'org.springframework.cloud.autoconfigure.ConfigurationPropertiesRebinderAutoConfiguration' of type [org.springframework.cloud.autoconfigure.ConfigurationPropertiesRebinderAutoConfiguration$$EnhancerBySpringCGLIB$$a1f487a0] is not eligible for getting processed by all BeanPostProcessors (for example: not eligible for auto-proxying)
2019-06-17 00:21:17.517 [main] INFO  o.s.boot.web.embedded.tomcat.TomcatWebServer - Tomcat initialized with port(s): 9025 (http)
2019-06-17 00:21:17.533 [main] INFO  org.apache.coyote.http11.Http11NioProtocol - Initializing ProtocolHandler ["http-nio-9025"]
2019-06-17 00:21:17.541 [main] INFO  org.apache.catalina.core.StandardService - Starting service [Tomcat]
2019-06-17 00:21:17.541 [main] INFO  org.apache.catalina.core.StandardEngine - Starting Servlet engine: [Apache Tomcat/9.0.19]
2019-06-17 00:21:17.549 [main] INFO  org.apache.catalina.core.AprLifecycleListener - Loaded APR based Apache Tomcat Native library [1.2.21] using APR version [1.6.5].
2019-06-17 00:21:17.549 [main] INFO  org.apache.catalina.core.AprLifecycleListener - APR capabilities: IPv6 [true], sendfile [true], accept filters [false], random [true].
2019-06-17 00:21:17.549 [main] INFO  org.apache.catalina.core.AprLifecycleListener - APR/OpenSSL configuration: useAprConnector [false], useOpenSSL [true]
2019-06-17 00:21:17.553 [main] INFO  org.apache.catalina.core.AprLifecycleListener - OpenSSL successfully initialized [OpenSSL 1.1.1a  20 Nov 2018]
2019-06-17 00:21:17.709 [main] INFO  o.a.c.core.ContainerBase.[Tomcat].[localhost].[/] - Initializing Spring embedded WebApplicationContext
2019-06-17 00:21:17.709 [main] INFO  org.springframework.web.context.ContextLoader - Root WebApplicationContext: initialization completed in 1872 ms
2019-06-17 00:21:17.973 [main] INFO  com.netflix.config.sources.URLConfigurationSource - To enable URLs as dynamic configuration sources, define System property archaius.configurationSource.additionalUrls or make config.properties available on classpath.
2019-06-17 00:21:17.985 [main] INFO  com.netflix.config.DynamicPropertyFactory - DynamicPropertyFactory is initialized with configuration sources: com.netflix.config.ConcurrentCompositeConfiguration@1f3b992
2019-06-17 00:21:20.129 [main] INFO  o.s.security.web.DefaultSecurityFilterChain - Creating filter chain: OrRequestMatcher [requestMatchers=[Ant [pattern='/oauth/token'], Ant [pattern='/oauth/token_key'], Ant [pattern='/oauth/check_token']]], [org.springframework.security.web.context.request.async.WebAsyncManagerIntegrationFilter@21390938, org.springframework.security.web.context.SecurityContextPersistenceFilter@58278366, org.springframework.security.web.header.HeaderWriterFilter@126f8f24, org.springframework.security.web.authentication.logout.LogoutFilter@21a46ff1, org.springframework.security.web.authentication.www.BasicAuthenticationFilter@619c93ca, org.springframework.security.web.savedrequest.RequestCacheAwareFilter@707865bd, org.springframework.security.web.servletapi.SecurityContextHolderAwareRequestFilter@66e827a8, org.springframework.security.web.authentication.AnonymousAuthenticationFilter@1129829c, org.springframework.security.web.session.SessionManagementFilter@7c11d32, org.springframework.security.web.access.ExceptionTranslationFilter@243bf087, org.springframework.security.web.access.intercept.FilterSecurityInterceptor@61037caf]
2019-06-17 00:21:20.141 [main] INFO  o.s.security.web.DefaultSecurityFilterChain - Creating filter chain: org.springframework.security.oauth2.config.annotation.web.configuration.ResourceServerConfiguration$NotOAuthRequestMatcher@b5ac0c1, [org.springframework.security.web.context.request.async.WebAsyncManagerIntegrationFilter@224c7de4, org.springframework.security.web.context.SecurityContextPersistenceFilter@7f2c57fe, org.springframework.security.web.header.HeaderWriterFilter@61b65d54, org.springframework.security.web.authentication.logout.LogoutFilter@790d8fdd, org.springframework.security.oauth2.provider.authentication.OAuth2AuthenticationProcessingFilter@586495f1, org.springframework.security.web.savedrequest.RequestCacheAwareFilter@43935e9c, org.springframework.security.web.servletapi.SecurityContextHolderAwareRequestFilter@101cf747, org.springframework.security.web.authentication.AnonymousAuthenticationFilter@36ad229b, org.springframework.security.web.session.SessionManagementFilter@b2c4a8b, org.springframework.security.web.access.ExceptionTranslationFilter@402f8592, org.springframework.security.web.access.intercept.FilterSecurityInterceptor@6070775e]
2019-06-17 00:21:20.141 [main] INFO  o.s.security.web.DefaultSecurityFilterChain - Creating filter chain: any request, [org.springframework.security.web.context.request.async.WebAsyncManagerIntegrationFilter@1a8e9ed9, org.springframework.security.web.context.SecurityContextPersistenceFilter@50211483, org.springframework.security.web.header.HeaderWriterFilter@2afdf6b7, org.springframework.security.web.authentication.logout.LogoutFilter@35bd8bc9, org.springframework.security.web.authentication.www.BasicAuthenticationFilter@7436364d, org.springframework.security.web.savedrequest.RequestCacheAwareFilter@51ff3c4b, org.springframework.security.web.servletapi.SecurityContextHolderAwareRequestFilter@1472208d, org.springframework.security.web.authentication.AnonymousAuthenticationFilter@68ea253b, org.springframework.security.web.session.SessionManagementFilter@30922f8d, org.springframework.security.web.access.ExceptionTranslationFilter@36f6e521, org.springframework.security.web.access.intercept.FilterSecurityInterceptor@191c6e13]
2019-06-17 00:21:20.157 [main] INFO  com.netflix.config.sources.URLConfigurationSource - To enable URLs as dynamic configuration sources, define System property archaius.configurationSource.additionalUrls or make config.properties available on classpath.
2019-06-17 00:21:20.321 [main] INFO  o.s.scheduling.concurrent.ThreadPoolTaskExecutor - Initializing ExecutorService 'applicationTaskExecutor'
2019-06-17 00:21:20.749 [main] INFO  o.s.b.actuate.endpoint.web.EndpointLinksResolver - Exposing 2 endpoint(s) beneath base path '/actuator'
2019-06-17 00:21:21.189 [main] INFO  o.s.cloud.netflix.eureka.InstanceInfoFactory - Setting initial instance status as: STARTING
2019-06-17 00:21:21.229 [main] INFO  com.netflix.discovery.DiscoveryClient - Initializing Eureka in region us-east-1
2019-06-17 00:21:21.549 [main] INFO  c.n.discovery.provider.DiscoveryJerseyProvider - Using JSON encoding codec LegacyJacksonJson
2019-06-17 00:21:21.549 [main] INFO  c.n.discovery.provider.DiscoveryJerseyProvider - Using JSON decoding codec LegacyJacksonJson
2019-06-17 00:21:21.657 [main] INFO  c.n.discovery.provider.DiscoveryJerseyProvider - Using XML encoding codec XStreamXml
2019-06-17 00:21:21.657 [main] INFO  c.n.discovery.provider.DiscoveryJerseyProvider - Using XML decoding codec XStreamXml
2019-06-17 00:21:21.813 [main] INFO  c.n.d.shared.resolver.aws.ConfigClusterResolver - Resolving eureka endpoints via configuration
2019-06-17 00:21:21.961 [main] INFO  com.netflix.discovery.DiscoveryClient - Disable delta property : false
2019-06-17 00:21:21.961 [main] INFO  com.netflix.discovery.DiscoveryClient - Single vip registry refresh property : null
2019-06-17 00:21:21.961 [main] INFO  com.netflix.discovery.DiscoveryClient - Force full registry fetch : false
2019-06-17 00:21:21.961 [main] INFO  com.netflix.discovery.DiscoveryClient - Application is null : false
2019-06-17 00:21:21.961 [main] INFO  com.netflix.discovery.DiscoveryClient - Registered Applications size is zero : true
2019-06-17 00:21:21.961 [main] INFO  com.netflix.discovery.DiscoveryClient - Application version is -1: true
2019-06-17 00:21:21.961 [main] INFO  com.netflix.discovery.DiscoveryClient - Getting all instance registry info from the eureka server
2019-06-17 00:21:22.153 [main] INFO  com.netflix.discovery.DiscoveryClient - The response status is 200
2019-06-17 00:21:22.157 [main] INFO  com.netflix.discovery.DiscoveryClient - Starting heartbeat executor: renew interval is: 30
2019-06-17 00:21:22.157 [main] INFO  com.netflix.discovery.InstanceInfoReplicator - InstanceInfoReplicator onDemand update allowed rate per min is 4
2019-06-17 00:21:22.161 [main] INFO  com.netflix.discovery.DiscoveryClient - Discovery Client initialized at timestamp 1560702082161 with initial instances count: 1
2019-06-17 00:21:22.165 [main] INFO  o.s.c.n.e.serviceregistry.EurekaServiceRegistry - Registering application AUTH-SERVICE with eureka with status UP
2019-06-17 00:21:22.165 [main] INFO  com.netflix.discovery.DiscoveryClient - Saw local status change event StatusChangeEvent [timestamp=1560702082165, current=UP, previous=STARTING]
2019-06-17 00:21:22.165 [DiscoveryClient-InstanceInfoReplicator-0] INFO  com.netflix.discovery.DiscoveryClient - DiscoveryClient_AUTH-SERVICE/172.16.8.78:9025: registering service...
2019-06-17 00:21:22.193 [main] INFO  org.apache.coyote.http11.Http11NioProtocol - Starting ProtocolHandler ["http-nio-9025"]
2019-06-17 00:21:22.209 [DiscoveryClient-InstanceInfoReplicator-0] INFO  com.netflix.discovery.DiscoveryClient - DiscoveryClient_AUTH-SERVICE/172.16.8.78:9025 - registration status: 204
2019-06-17 00:21:22.221 [main] INFO  o.s.boot.web.embedded.tomcat.TomcatWebServer - Tomcat started on port(s): 9025 (http) with context path ''
2019-06-17 00:21:22.221 [main] INFO  o.s.c.n.e.s.EurekaAutoServiceRegistration - Updating port to 9025
2019-06-17 00:21:22.225 [main] INFO  com.sieyuan.auth.AuthApplication - Started AuthApplication in 8.412 seconds (JVM running for 9.469)
2019-06-17 00:21:22.657 [RMI TCP Connection(4)-127.0.0.1] INFO  o.a.c.core.ContainerBase.[Tomcat].[localhost].[/] - Initializing Spring DispatcherServlet 'dispatcherServlet'
2019-06-17 00:21:22.657 [RMI TCP Connection(4)-127.0.0.1] INFO  org.springframework.web.servlet.DispatcherServlet - Initializing Servlet 'dispatcherServlet'
2019-06-17 00:21:22.657 [RMI TCP Connection(6)-127.0.0.1] INFO  com.zaxxer.hikari.HikariDataSource - HikariPool-1 - Starting...
2019-06-17 00:21:22.673 [RMI TCP Connection(4)-127.0.0.1] INFO  org.springframework.web.servlet.DispatcherServlet - Completed initialization in 16 ms
2019-06-17 00:21:22.817 [RMI TCP Connection(6)-127.0.0.1] INFO  com.zaxxer.hikari.HikariDataSource - HikariPool-1 - Start completed.
2019-06-17 00:26:21.970 [AsyncResolver-bootstrap-executor-0] INFO  c.n.d.shared.resolver.aws.ConfigClusterResolver - Resolving eureka endpoints via configuration
2019-06-17 00:31:21.975 [AsyncResolver-bootstrap-executor-0] INFO  c.n.d.shared.resolver.aws.ConfigClusterResolver - Resolving eureka endpoints via configuration
2019-06-17 00:36:21.976 [AsyncResolver-bootstrap-executor-0] INFO  c.n.d.shared.resolver.aws.ConfigClusterResolver - Resolving eureka endpoints via configuration
2019-06-17 00:41:21.992 [AsyncResolver-bootstrap-executor-0] INFO  c.n.d.shared.resolver.aws.ConfigClusterResolver - Resolving eureka endpoints via configuration
2019-06-17 00:46:21.994 [AsyncResolver-bootstrap-executor-0] INFO  c.n.d.shared.resolver.aws.ConfigClusterResolver - Resolving eureka endpoints via configuration
2019-06-17 00:50:24.911 [main] INFO  o.s.c.s.PostProcessorRegistrationDelegate$BeanPostProcessorChecker - Bean 'org.springframework.cloud.autoconfigure.ConfigurationPropertiesRebinderAutoConfiguration' of type [org.springframework.cloud.autoconfigure.ConfigurationPropertiesRebinderAutoConfiguration$$EnhancerBySpringCGLIB$$7578b9cb] is not eligible for getting processed by all BeanPostProcessors (for example: not eligible for auto-proxying)
2019-06-17 00:50:25.338 [main] INFO  com.sieyuan.auth.AuthApplication - No active profile set, falling back to default profiles: default
2019-06-17 00:50:26.866 [main] INFO  o.springframework.cloud.context.scope.GenericScope - BeanFactory id=9f41f969-787f-39ea-9872-0cf9daa5544a
2019-06-17 00:50:27.066 [main] INFO  o.s.c.s.PostProcessorRegistrationDelegate$BeanPostProcessorChecker - Bean 'org.springframework.transaction.annotation.ProxyTransactionManagementConfiguration' of type [org.springframework.transaction.annotation.ProxyTransactionManagementConfiguration$$EnhancerBySpringCGLIB$$595eb6ce] is not eligible for getting processed by all BeanPostProcessors (for example: not eligible for auto-proxying)
2019-06-17 00:50:27.158 [main] INFO  o.s.c.s.PostProcessorRegistrationDelegate$BeanPostProcessorChecker - Bean 'org.springframework.security.config.annotation.configuration.ObjectPostProcessorConfiguration' of type [org.springframework.security.config.annotation.configuration.ObjectPostProcessorConfiguration$$EnhancerBySpringCGLIB$$f20c7f08] is not eligible for getting processed by all BeanPostProcessors (for example: not eligible for auto-proxying)
2019-06-17 00:50:27.174 [main] INFO  o.s.c.s.PostProcessorRegistrationDelegate$BeanPostProcessorChecker - Bean 'objectPostProcessor' of type [org.springframework.security.config.annotation.configuration.AutowireBeanFactoryObjectPostProcessor] is not eligible for getting processed by all BeanPostProcessors (for example: not eligible for auto-proxying)
2019-06-17 00:50:27.178 [main] INFO  o.s.c.s.PostProcessorRegistrationDelegate$BeanPostProcessorChecker - Bean 'org.springframework.security.access.expression.method.DefaultMethodSecurityExpressionHandler@3421debd' of type [org.springframework.security.oauth2.provider.expression.OAuth2MethodSecurityExpressionHandler] is not eligible for getting processed by all BeanPostProcessors (for example: not eligible for auto-proxying)
2019-06-17 00:50:27.182 [main] INFO  o.s.c.s.PostProcessorRegistrationDelegate$BeanPostProcessorChecker - Bean 'org.springframework.security.config.annotation.method.configuration.GlobalMethodSecurityConfiguration' of type [org.springframework.security.config.annotation.method.configuration.GlobalMethodSecurityConfiguration$$EnhancerBySpringCGLIB$$16e121ba] is not eligible for getting processed by all BeanPostProcessors (for example: not eligible for auto-proxying)
2019-06-17 00:50:27.182 [main] INFO  o.s.c.s.PostProcessorRegistrationDelegate$BeanPostProcessorChecker - Bean 'methodSecurityMetadataSource' of type [org.springframework.security.access.method.DelegatingMethodSecurityMetadataSource] is not eligible for getting processed by all BeanPostProcessors (for example: not eligible for auto-proxying)
2019-06-17 00:50:27.213 [main] INFO  o.s.c.s.PostProcessorRegistrationDelegate$BeanPostProcessorChecker - Bean 'org.springframework.cloud.autoconfigure.ConfigurationPropertiesRebinderAutoConfiguration' of type [org.springframework.cloud.autoconfigure.ConfigurationPropertiesRebinderAutoConfiguration$$EnhancerBySpringCGLIB$$7578b9cb] is not eligible for getting processed by all BeanPostProcessors (for example: not eligible for auto-proxying)
2019-06-17 00:50:27.599 [main] INFO  o.s.boot.web.embedded.tomcat.TomcatWebServer - Tomcat initialized with port(s): 9025 (http)
2019-06-17 00:50:27.615 [main] INFO  org.apache.coyote.http11.Http11NioProtocol - Initializing ProtocolHandler ["http-nio-9025"]
2019-06-17 00:50:27.630 [main] INFO  org.apache.catalina.core.StandardService - Starting service [Tomcat]
2019-06-17 00:50:27.630 [main] INFO  org.apache.catalina.core.StandardEngine - Starting Servlet engine: [Apache Tomcat/9.0.19]
2019-06-17 00:50:27.630 [main] INFO  org.apache.catalina.core.AprLifecycleListener - Loaded APR based Apache Tomcat Native library [1.2.21] using APR version [1.6.5].
2019-06-17 00:50:27.630 [main] INFO  org.apache.catalina.core.AprLifecycleListener - APR capabilities: IPv6 [true], sendfile [true], accept filters [false], random [true].
2019-06-17 00:50:27.630 [main] INFO  org.apache.catalina.core.AprLifecycleListener - APR/OpenSSL configuration: useAprConnector [false], useOpenSSL [true]
2019-06-17 00:50:27.630 [main] INFO  org.apache.catalina.core.AprLifecycleListener - OpenSSL successfully initialized [OpenSSL 1.1.1a  20 Nov 2018]
2019-06-17 00:50:27.913 [main] INFO  o.a.c.core.ContainerBase.[Tomcat].[localhost].[/] - Initializing Spring embedded WebApplicationContext
2019-06-17 00:50:27.913 [main] INFO  org.springframework.web.context.ContextLoader - Root WebApplicationContext: initialization completed in 2559 ms
2019-06-17 00:50:28.068 [main] INFO  com.netflix.config.sources.URLConfigurationSource - To enable URLs as dynamic configuration sources, define System property archaius.configurationSource.additionalUrls or make config.properties available on classpath.
2019-06-17 00:50:28.084 [main] INFO  com.netflix.config.DynamicPropertyFactory - DynamicPropertyFactory is initialized with configuration sources: com.netflix.config.ConcurrentCompositeConfiguration@138f0661
2019-06-17 00:50:29.678 [main] INFO  o.s.security.web.DefaultSecurityFilterChain - Creating filter chain: OrRequestMatcher [requestMatchers=[Ant [pattern='/oauth/token'], Ant [pattern='/oauth/token_key'], Ant [pattern='/oauth/check_token']]], [org.springframework.security.web.context.request.async.WebAsyncManagerIntegrationFilter@10a0d93a, org.springframework.security.web.context.SecurityContextPersistenceFilter@59f7c106, org.springframework.security.web.header.HeaderWriterFilter@6de610c6, org.springframework.security.web.authentication.logout.LogoutFilter@25f7cc38, org.springframework.security.web.authentication.www.BasicAuthenticationFilter@14201a90, org.springframework.security.web.savedrequest.RequestCacheAwareFilter@56478522, org.springframework.security.web.servletapi.SecurityContextHolderAwareRequestFilter@1d2046bb, org.springframework.security.web.authentication.AnonymousAuthenticationFilter@1f3c5308, org.springframework.security.web.session.SessionManagementFilter@279c4e3b, org.springframework.security.web.access.ExceptionTranslationFilter@448086ab, org.springframework.security.web.access.intercept.FilterSecurityInterceptor@760a2b6e]
2019-06-17 00:50:29.678 [main] INFO  o.s.security.web.DefaultSecurityFilterChain - Creating filter chain: any request, [org.springframework.security.web.context.request.async.WebAsyncManagerIntegrationFilter@c754401, org.springframework.security.web.context.SecurityContextPersistenceFilter@3ce7490a, org.springframework.security.web.header.HeaderWriterFilter@6fd7aba8, org.springframework.security.web.authentication.logout.LogoutFilter@7573c7b5, org.springframework.security.web.authentication.www.BasicAuthenticationFilter@29f95272, org.springframework.security.web.savedrequest.RequestCacheAwareFilter@4768b95c, org.springframework.security.web.servletapi.SecurityContextHolderAwareRequestFilter@1530d0f2, org.springframework.security.web.authentication.AnonymousAuthenticationFilter@1da53f4f, org.springframework.security.web.session.SessionManagementFilter@6c519e47, org.springframework.security.web.access.ExceptionTranslationFilter@29aa4bc9, org.springframework.security.web.access.intercept.FilterSecurityInterceptor@97b5e6a]
2019-06-17 00:50:29.725 [main] INFO  com.netflix.config.sources.URLConfigurationSource - To enable URLs as dynamic configuration sources, define System property archaius.configurationSource.additionalUrls or make config.properties available on classpath.
2019-06-17 00:50:29.929 [main] INFO  o.s.scheduling.concurrent.ThreadPoolTaskExecutor - Initializing ExecutorService 'applicationTaskExecutor'
2019-06-17 00:50:30.426 [main] INFO  o.s.b.actuate.endpoint.web.EndpointLinksResolver - Exposing 2 endpoint(s) beneath base path '/actuator'
2019-06-17 00:50:30.895 [main] INFO  o.s.cloud.netflix.eureka.InstanceInfoFactory - Setting initial instance status as: STARTING
2019-06-17 00:50:30.926 [main] INFO  com.netflix.discovery.DiscoveryClient - Initializing Eureka in region us-east-1
2019-06-17 00:50:31.237 [main] INFO  c.n.discovery.provider.DiscoveryJerseyProvider - Using JSON encoding codec LegacyJacksonJson
2019-06-17 00:50:31.237 [main] INFO  c.n.discovery.provider.DiscoveryJerseyProvider - Using JSON decoding codec LegacyJacksonJson
2019-06-17 00:50:31.331 [main] INFO  c.n.discovery.provider.DiscoveryJerseyProvider - Using XML encoding codec XStreamXml
2019-06-17 00:50:31.331 [main] INFO  c.n.discovery.provider.DiscoveryJerseyProvider - Using XML decoding codec XStreamXml
2019-06-17 00:50:31.560 [main] INFO  c.n.d.shared.resolver.aws.ConfigClusterResolver - Resolving eureka endpoints via configuration
2019-06-17 00:50:31.696 [main] INFO  com.netflix.discovery.DiscoveryClient - Disable delta property : false
2019-06-17 00:50:31.696 [main] INFO  com.netflix.discovery.DiscoveryClient - Single vip registry refresh property : null
2019-06-17 00:50:31.696 [main] INFO  com.netflix.discovery.DiscoveryClient - Force full registry fetch : false
2019-06-17 00:50:31.696 [main] INFO  com.netflix.discovery.DiscoveryClient - Application is null : false
2019-06-17 00:50:31.696 [main] INFO  com.netflix.discovery.DiscoveryClient - Registered Applications size is zero : true
2019-06-17 00:50:31.696 [main] INFO  com.netflix.discovery.DiscoveryClient - Application version is -1: true
2019-06-17 00:50:31.696 [main] INFO  com.netflix.discovery.DiscoveryClient - Getting all instance registry info from the eureka server
2019-06-17 00:50:31.868 [main] INFO  com.netflix.discovery.DiscoveryClient - The response status is 200
2019-06-17 00:50:31.868 [main] INFO  com.netflix.discovery.DiscoveryClient - Starting heartbeat executor: renew interval is: 30
2019-06-17 00:50:31.868 [main] INFO  com.netflix.discovery.InstanceInfoReplicator - InstanceInfoReplicator onDemand update allowed rate per min is 4
2019-06-17 00:50:31.868 [main] INFO  com.netflix.discovery.DiscoveryClient - Discovery Client initialized at timestamp 1560703831868 with initial instances count: 1
2019-06-17 00:50:31.883 [main] INFO  o.s.c.n.e.serviceregistry.EurekaServiceRegistry - Registering application AUTH-SERVICE with eureka with status UP
2019-06-17 00:50:31.883 [main] INFO  com.netflix.discovery.DiscoveryClient - Saw local status change event StatusChangeEvent [timestamp=1560703831883, current=UP, previous=STARTING]
2019-06-17 00:50:31.883 [DiscoveryClient-InstanceInfoReplicator-0] INFO  com.netflix.discovery.DiscoveryClient - DiscoveryClient_AUTH-SERVICE/172.16.8.78:9025: registering service...
2019-06-17 00:50:31.899 [main] INFO  org.apache.coyote.http11.Http11NioProtocol - Starting ProtocolHandler ["http-nio-9025"]
2019-06-17 00:50:31.941 [main] INFO  o.s.boot.web.embedded.tomcat.TomcatWebServer - Tomcat started on port(s): 9025 (http) with context path ''
2019-06-17 00:50:31.941 [main] INFO  o.s.c.n.e.s.EurekaAutoServiceRegistration - Updating port to 9025
2019-06-17 00:50:31.945 [main] INFO  com.sieyuan.auth.AuthApplication - Started AuthApplication in 8.232 seconds (JVM running for 9.58)
2019-06-17 00:50:31.949 [DiscoveryClient-InstanceInfoReplicator-0] INFO  com.netflix.discovery.DiscoveryClient - DiscoveryClient_AUTH-SERVICE/172.16.8.78:9025 - registration status: 204
2019-06-17 00:50:32.463 [RMI TCP Connection(3)-127.0.0.1] INFO  o.a.c.core.ContainerBase.[Tomcat].[localhost].[/] - Initializing Spring DispatcherServlet 'dispatcherServlet'
2019-06-17 00:50:32.463 [RMI TCP Connection(3)-127.0.0.1] INFO  org.springframework.web.servlet.DispatcherServlet - Initializing Servlet 'dispatcherServlet'
2019-06-17 00:50:32.463 [RMI TCP Connection(2)-127.0.0.1] INFO  com.zaxxer.hikari.HikariDataSource - HikariPool-1 - Starting...
2019-06-17 00:50:32.492 [RMI TCP Connection(3)-127.0.0.1] INFO  org.springframework.web.servlet.DispatcherServlet - Completed initialization in 29 ms
2019-06-17 00:50:32.851 [RMI TCP Connection(2)-127.0.0.1] INFO  com.zaxxer.hikari.HikariDataSource - HikariPool-1 - Start completed.
2019-06-17 00:55:31.709 [AsyncResolver-bootstrap-executor-0] INFO  c.n.d.shared.resolver.aws.ConfigClusterResolver - Resolving eureka endpoints via configuration
2019-06-17 01:00:31.711 [AsyncResolver-bootstrap-executor-0] INFO  c.n.d.shared.resolver.aws.ConfigClusterResolver - Resolving eureka endpoints via configuration
