2019-07-09 08:49:35.762 [HikariPool-1 housekeeper] WARN  com.zaxxer.hikari.pool.HikariPool - HikariPool-1 - Thread starvation or clock leap detected (housekeeper delta=12h4m31s225ms125µs198ns).
2019-07-09 09:36:06.833 [restartedMain] WARN  o.s.c.c.client.ConfigServicePropertySourceLocator - Could not locate PropertySource: I/O error on GET request for "http://localhost:8888/producer/default": Connection refused: connect; nested exception is java.net.ConnectException: Connection refused: connect
2019-07-09 09:36:07.888 [restartedMain] WARN  o.springframework.boot.actuate.endpoint.EndpointId - Endpoint ID 'service-registry' contains invalid characters, please migrate to a valid format.
2019-07-09 09:36:07.920 [restartedMain] WARN  o.springframework.boot.actuate.endpoint.EndpointId - Endpoint ID 'hystrix.stream' contains invalid characters, please migrate to a valid format.
2019-07-09 09:36:09.154 [restartedMain] WARN  com.netflix.config.sources.URLConfigurationSource - No URLs will be polled as dynamic configuration sources.
2019-07-09 09:36:11.245 [restartedMain] WARN  com.netflix.config.sources.URLConfigurationSource - No URLs will be polled as dynamic configuration sources.
2019-07-09 09:36:15.389 [RMI TCP Connection(6)-127.0.0.1] WARN  o.s.c.c.client.ConfigServicePropertySourceLocator - Could not locate PropertySource: I/O error on GET request for "http://localhost:8888/producer/default": Connection refused: connect; nested exception is java.net.ConnectException: Connection refused: connect
2019-07-09 09:40:28.947 [restartedMain] WARN  o.s.c.c.client.ConfigServicePropertySourceLocator - Could not locate PropertySource: I/O error on GET request for "http://localhost:8888/producer/default": Connection refused: connect; nested exception is java.net.ConnectException: Connection refused: connect
2019-07-09 09:40:29.927 [restartedMain] WARN  o.springframework.boot.actuate.endpoint.EndpointId - Endpoint ID 'service-registry' contains invalid characters, please migrate to a valid format.
2019-07-09 09:40:29.927 [restartedMain] WARN  o.springframework.boot.actuate.endpoint.EndpointId - Endpoint ID 'hystrix.stream' contains invalid characters, please migrate to a valid format.
2019-07-09 09:40:31.191 [restartedMain] WARN  com.netflix.config.sources.URLConfigurationSource - No URLs will be polled as dynamic configuration sources.
2019-07-09 09:40:33.191 [restartedMain] WARN  com.netflix.config.sources.URLConfigurationSource - No URLs will be polled as dynamic configuration sources.
2019-07-09 09:40:37.646 [RMI TCP Connection(10)-127.0.0.1] WARN  o.s.c.c.client.ConfigServicePropertySourceLocator - Could not locate PropertySource: I/O error on GET request for "http://localhost:8888/producer/default": Connection refused: connect; nested exception is java.net.ConnectException: Connection refused: connect
2019-07-09 09:41:25.087 [restartedMain] WARN  o.s.c.c.client.ConfigServicePropertySourceLocator - Could not locate PropertySource: I/O error on GET request for "http://localhost:8888/producer/default": Connection refused: connect; nested exception is java.net.ConnectException: Connection refused: connect
2019-07-09 09:41:26.080 [restartedMain] WARN  o.springframework.boot.actuate.endpoint.EndpointId - Endpoint ID 'service-registry' contains invalid characters, please migrate to a valid format.
2019-07-09 09:41:26.095 [restartedMain] WARN  o.springframework.boot.actuate.endpoint.EndpointId - Endpoint ID 'hystrix.stream' contains invalid characters, please migrate to a valid format.
2019-07-09 09:41:27.343 [restartedMain] WARN  com.netflix.config.sources.URLConfigurationSource - No URLs will be polled as dynamic configuration sources.
2019-07-09 09:41:29.350 [restartedMain] WARN  com.netflix.config.sources.URLConfigurationSource - No URLs will be polled as dynamic configuration sources.
2019-07-09 09:41:33.391 [RMI TCP Connection(4)-127.0.0.1] WARN  o.s.c.c.client.ConfigServicePropertySourceLocator - Could not locate PropertySource: I/O error on GET request for "http://localhost:8888/producer/default": Connection refused: connect; nested exception is java.net.ConnectException: Connection refused: connect
2019-07-09 09:43:38.777 [restartedMain] WARN  o.s.c.c.client.ConfigServicePropertySourceLocator - Could not locate PropertySource: I/O error on GET request for "http://localhost:8888/producer/default": Connection refused: connect; nested exception is java.net.ConnectException: Connection refused: connect
2019-07-09 09:43:39.745 [restartedMain] WARN  o.springframework.boot.actuate.endpoint.EndpointId - Endpoint ID 'service-registry' contains invalid characters, please migrate to a valid format.
2019-07-09 09:43:39.761 [restartedMain] WARN  o.springframework.boot.actuate.endpoint.EndpointId - Endpoint ID 'hystrix.stream' contains invalid characters, please migrate to a valid format.
2019-07-09 09:43:40.986 [restartedMain] WARN  com.netflix.config.sources.URLConfigurationSource - No URLs will be polled as dynamic configuration sources.
2019-07-09 09:43:42.987 [restartedMain] WARN  com.netflix.config.sources.URLConfigurationSource - No URLs will be polled as dynamic configuration sources.
2019-07-09 09:43:46.911 [RMI TCP Connection(6)-127.0.0.1] WARN  o.s.c.c.client.ConfigServicePropertySourceLocator - Could not locate PropertySource: I/O error on GET request for "http://localhost:8888/producer/default": Connection refused: connect; nested exception is java.net.ConnectException: Connection refused: connect
2019-07-09 09:46:32.995 [http-nio-9005-exec-9] WARN  o.s.w.s.m.support.DefaultHandlerExceptionResolver - Resolved [org.springframework.http.converter.HttpMessageNotReadableException: Required request body is missing: public java.lang.String com.sieyuan.apple.controller.TestController.delete(com.sieyuan.apple.entity.Test)]
2019-07-09 10:05:27.246 [restartedMain] WARN  o.s.c.c.client.ConfigServicePropertySourceLocator - Could not locate PropertySource: I/O error on GET request for "http://localhost:8888/producer/default": Connection refused: connect; nested exception is java.net.ConnectException: Connection refused: connect
2019-07-09 10:05:28.247 [restartedMain] WARN  o.springframework.boot.actuate.endpoint.EndpointId - Endpoint ID 'service-registry' contains invalid characters, please migrate to a valid format.
2019-07-09 10:05:28.247 [restartedMain] WARN  o.springframework.boot.actuate.endpoint.EndpointId - Endpoint ID 'hystrix.stream' contains invalid characters, please migrate to a valid format.
2019-07-09 10:05:29.528 [restartedMain] WARN  com.netflix.config.sources.URLConfigurationSource - No URLs will be polled as dynamic configuration sources.
2019-07-09 10:05:32.330 [restartedMain] WARN  com.netflix.config.sources.URLConfigurationSource - No URLs will be polled as dynamic configuration sources.
2019-07-09 10:05:36.360 [RMI TCP Connection(2)-127.0.0.1] WARN  o.s.c.c.client.ConfigServicePropertySourceLocator - Could not locate PropertySource: I/O error on GET request for "http://localhost:8888/producer/default": Connection refused: connect; nested exception is java.net.ConnectException: Connection refused: connect
2019-07-09 10:11:14.744 [http-nio-9005-exec-7] WARN  o.s.w.s.m.support.DefaultHandlerExceptionResolver - Resolved [org.springframework.http.converter.HttpMessageNotReadableException: JSON parse error: Cannot deserialize instance of `java.util.ArrayList` out of START_OBJECT token; nested exception is com.fasterxml.jackson.databind.exc.MismatchedInputException: Cannot deserialize instance of `java.util.ArrayList` out of START_OBJECT token
 at [Source: (PushbackInputStream); line: 1, column: 1]]
2019-07-09 10:17:52.500 [http-nio-9005-exec-10] WARN  o.s.w.s.m.support.DefaultHandlerExceptionResolver - Resolved [org.springframework.http.converter.HttpMessageNotReadableException: Required request body is missing: public java.lang.String com.sieyuan.apple.controller.TestController.delete(com.sieyuan.apple.entity.Test)]
2019-07-09 12:45:59.791 [HikariPool-1 housekeeper] WARN  com.zaxxer.hikari.pool.HikariPool - HikariPool-1 - Thread starvation or clock leap detected (housekeeper delta=42m52s749ms442µs916ns).
2019-07-09 16:20:41.399 [restartedMain] WARN  o.s.c.c.client.ConfigServicePropertySourceLocator - Could not locate PropertySource: I/O error on GET request for "http://localhost:8888/producer/default": Connection refused: connect; nested exception is java.net.ConnectException: Connection refused: connect
2019-07-09 16:20:42.473 [restartedMain] WARN  o.springframework.boot.actuate.endpoint.EndpointId - Endpoint ID 'service-registry' contains invalid characters, please migrate to a valid format.
2019-07-09 16:20:42.473 [restartedMain] WARN  o.springframework.boot.actuate.endpoint.EndpointId - Endpoint ID 'hystrix.stream' contains invalid characters, please migrate to a valid format.
2019-07-09 16:20:44.241 [restartedMain] WARN  com.netflix.config.sources.URLConfigurationSource - No URLs will be polled as dynamic configuration sources.
2019-07-09 16:20:46.467 [restartedMain] WARN  com.netflix.config.sources.URLConfigurationSource - No URLs will be polled as dynamic configuration sources.
2019-07-09 16:20:50.678 [RMI TCP Connection(4)-127.0.0.1] WARN  o.s.c.c.client.ConfigServicePropertySourceLocator - Could not locate PropertySource: I/O error on GET request for "http://localhost:8888/producer/default": Connection refused: connect; nested exception is java.net.ConnectException: Connection refused: connect
2019-07-09 16:51:02.949 [restartedMain] WARN  o.s.c.c.client.ConfigServicePropertySourceLocator - Could not locate PropertySource: I/O error on GET request for "http://localhost:8888/producer/default": Connection refused: connect; nested exception is java.net.ConnectException: Connection refused: connect
2019-07-09 16:51:03.946 [restartedMain] WARN  o.springframework.boot.actuate.endpoint.EndpointId - Endpoint ID 'service-registry' contains invalid characters, please migrate to a valid format.
2019-07-09 16:51:03.957 [restartedMain] WARN  o.springframework.boot.actuate.endpoint.EndpointId - Endpoint ID 'hystrix.stream' contains invalid characters, please migrate to a valid format.
2019-07-09 16:51:05.236 [restartedMain] WARN  com.netflix.config.sources.URLConfigurationSource - No URLs will be polled as dynamic configuration sources.
2019-07-09 16:51:07.300 [restartedMain] WARN  com.netflix.config.sources.URLConfigurationSource - No URLs will be polled as dynamic configuration sources.
2019-07-09 16:51:11.669 [RMI TCP Connection(4)-127.0.0.1] WARN  o.s.c.c.client.ConfigServicePropertySourceLocator - Could not locate PropertySource: I/O error on GET request for "http://localhost:8888/producer/default": Connection refused: connect; nested exception is java.net.ConnectException: Connection refused: connect
2019-07-09 17:01:41.688 [restartedMain] WARN  o.s.c.c.client.ConfigServicePropertySourceLocator - Could not locate PropertySource: I/O error on GET request for "http://localhost:8888/producer/default": Connection refused: connect; nested exception is java.net.ConnectException: Connection refused: connect
2019-07-09 17:01:42.684 [restartedMain] WARN  o.springframework.boot.actuate.endpoint.EndpointId - Endpoint ID 'service-registry' contains invalid characters, please migrate to a valid format.
2019-07-09 17:01:42.695 [restartedMain] WARN  o.springframework.boot.actuate.endpoint.EndpointId - Endpoint ID 'hystrix.stream' contains invalid characters, please migrate to a valid format.
2019-07-09 17:01:43.932 [restartedMain] WARN  com.netflix.config.sources.URLConfigurationSource - No URLs will be polled as dynamic configuration sources.
2019-07-09 17:01:45.936 [restartedMain] WARN  com.netflix.config.sources.URLConfigurationSource - No URLs will be polled as dynamic configuration sources.
2019-07-09 17:01:49.802 [RMI TCP Connection(2)-127.0.0.1] WARN  o.s.c.c.client.ConfigServicePropertySourceLocator - Could not locate PropertySource: I/O error on GET request for "http://localhost:8888/producer/default": Connection refused: connect; nested exception is java.net.ConnectException: Connection refused: connect
2019-07-09 17:10:49.098 [restartedMain] WARN  o.s.c.c.client.ConfigServicePropertySourceLocator - Could not locate PropertySource: I/O error on GET request for "http://localhost:8888/producer/default": Connection refused: connect; nested exception is java.net.ConnectException: Connection refused: connect
2019-07-09 17:10:50.391 [restartedMain] WARN  o.springframework.boot.actuate.endpoint.EndpointId - Endpoint ID 'service-registry' contains invalid characters, please migrate to a valid format.
2019-07-09 17:10:50.405 [restartedMain] WARN  o.springframework.boot.actuate.endpoint.EndpointId - Endpoint ID 'hystrix.stream' contains invalid characters, please migrate to a valid format.
2019-07-09 17:10:51.873 [restartedMain] WARN  com.netflix.config.sources.URLConfigurationSource - No URLs will be polled as dynamic configuration sources.
2019-07-09 17:10:54.380 [restartedMain] WARN  com.netflix.config.sources.URLConfigurationSource - No URLs will be polled as dynamic configuration sources.
2019-07-09 17:10:58.950 [RMI TCP Connection(2)-127.0.0.1] WARN  o.s.c.c.client.ConfigServicePropertySourceLocator - Could not locate PropertySource: I/O error on GET request for "http://localhost:8888/producer/default": Connection refused: connect; nested exception is java.net.ConnectException: Connection refused: connect
2019-07-09 17:11:49.605 [restartedMain] WARN  o.s.c.c.client.ConfigServicePropertySourceLocator - Could not locate PropertySource: I/O error on GET request for "http://localhost:8888/producer/default": Connection refused: connect; nested exception is java.net.ConnectException: Connection refused: connect
2019-07-09 17:11:50.928 [restartedMain] WARN  o.springframework.boot.actuate.endpoint.EndpointId - Endpoint ID 'service-registry' contains invalid characters, please migrate to a valid format.
2019-07-09 17:11:50.947 [restartedMain] WARN  o.springframework.boot.actuate.endpoint.EndpointId - Endpoint ID 'hystrix.stream' contains invalid characters, please migrate to a valid format.
2019-07-09 17:11:52.407 [restartedMain] WARN  com.netflix.config.sources.URLConfigurationSource - No URLs will be polled as dynamic configuration sources.
2019-07-09 17:11:54.927 [restartedMain] WARN  com.netflix.config.sources.URLConfigurationSource - No URLs will be polled as dynamic configuration sources.
2019-07-09 17:11:59.508 [RMI TCP Connection(4)-127.0.0.1] WARN  o.s.c.c.client.ConfigServicePropertySourceLocator - Could not locate PropertySource: I/O error on GET request for "http://localhost:8888/producer/default": Connection refused: connect; nested exception is java.net.ConnectException: Connection refused: connect
2019-07-09 17:13:41.099 [DiscoveryClient-0] WARN  com.netflix.discovery.TimedSupervisorTask - task supervisor timed out
java.util.concurrent.TimeoutException: null
	at java.util.concurrent.FutureTask.get(FutureTask.java:205)
	at com.netflix.discovery.TimedSupervisorTask.run(TimedSupervisorTask.java:66)
	at java.util.concurrent.Executors$RunnableAdapter.call(Executors.java:511)
	at java.util.concurrent.FutureTask.run$$$capture(FutureTask.java:266)
	at java.util.concurrent.FutureTask.run(FutureTask.java)
	at java.util.concurrent.ScheduledThreadPoolExecutor$ScheduledFutureTask.access$201(ScheduledThreadPoolExecutor.java:180)
	at java.util.concurrent.ScheduledThreadPoolExecutor$ScheduledFutureTask.run(ScheduledThreadPoolExecutor.java:293)
	at java.util.concurrent.ThreadPoolExecutor.runWorker(ThreadPoolExecutor.java:1149)
	at java.util.concurrent.ThreadPoolExecutor$Worker.run(ThreadPoolExecutor.java:624)
	at java.lang.Thread.run(Thread.java:748)
2019-07-09 17:45:16.110 [HikariPool-1 housekeeper] WARN  com.zaxxer.hikari.pool.HikariPool - HikariPool-1 - Thread starvation or clock leap detected (housekeeper delta=31m35s13ms329µs617ns).
2019-07-09 17:45:59.017 [restartedMain] WARN  o.s.c.c.client.ConfigServicePropertySourceLocator - Could not locate PropertySource: I/O error on GET request for "http://localhost:8888/producer/default": Connection refused: connect; nested exception is java.net.ConnectException: Connection refused: connect
2019-07-09 17:46:00.010 [restartedMain] WARN  o.springframework.boot.actuate.endpoint.EndpointId - Endpoint ID 'service-registry' contains invalid characters, please migrate to a valid format.
2019-07-09 17:46:00.021 [restartedMain] WARN  o.springframework.boot.actuate.endpoint.EndpointId - Endpoint ID 'hystrix.stream' contains invalid characters, please migrate to a valid format.
2019-07-09 17:46:01.289 [restartedMain] WARN  com.netflix.config.sources.URLConfigurationSource - No URLs will be polled as dynamic configuration sources.
2019-07-09 17:46:03.326 [restartedMain] WARN  com.netflix.config.sources.URLConfigurationSource - No URLs will be polled as dynamic configuration sources.
2019-07-09 17:46:07.263 [RMI TCP Connection(4)-127.0.0.1] WARN  o.s.c.c.client.ConfigServicePropertySourceLocator - Could not locate PropertySource: I/O error on GET request for "http://localhost:8888/producer/default": Connection refused: connect; nested exception is java.net.ConnectException: Connection refused: connect
2019-07-09 18:41:43.574 [lettuce-nioEventLoop-4-2] WARN  io.lettuce.core.protocol.ConnectionWatchdog - Cannot reconnect: java.util.concurrent.TimeoutException: Reconnection attempt exceeded timeout of 60 SECONDS 
2019-07-09 18:41:56.507 [HikariPool-1 housekeeper] WARN  com.zaxxer.hikari.pool.HikariPool - HikariPool-1 - Thread starvation or clock leap detected (housekeeper delta=36m50s147ms353µs960ns).
2019-07-09 18:56:53.060 [restartedMain] WARN  o.s.c.c.client.ConfigServicePropertySourceLocator - Could not locate PropertySource: I/O error on GET request for "http://localhost:8888/producer/default": Connection refused: connect; nested exception is java.net.ConnectException: Connection refused: connect
2019-07-09 18:56:54.049 [restartedMain] WARN  o.springframework.boot.actuate.endpoint.EndpointId - Endpoint ID 'service-registry' contains invalid characters, please migrate to a valid format.
2019-07-09 18:56:54.061 [restartedMain] WARN  o.springframework.boot.actuate.endpoint.EndpointId - Endpoint ID 'hystrix.stream' contains invalid characters, please migrate to a valid format.
2019-07-09 18:56:55.292 [restartedMain] WARN  com.netflix.config.sources.URLConfigurationSource - No URLs will be polled as dynamic configuration sources.
2019-07-09 18:56:57.316 [restartedMain] WARN  com.netflix.config.sources.URLConfigurationSource - No URLs will be polled as dynamic configuration sources.
2019-07-09 18:57:01.289 [RMI TCP Connection(4)-127.0.0.1] WARN  o.s.c.c.client.ConfigServicePropertySourceLocator - Could not locate PropertySource: I/O error on GET request for "http://localhost:8888/producer/default": Connection refused: connect; nested exception is java.net.ConnectException: Connection refused: connect
2019-07-09 18:59:17.848 [restartedMain] WARN  o.s.c.c.client.ConfigServicePropertySourceLocator - Could not locate PropertySource: I/O error on GET request for "http://localhost:8888/producer/default": Connection refused: connect; nested exception is java.net.ConnectException: Connection refused: connect
2019-07-09 18:59:19.168 [restartedMain] WARN  o.springframework.boot.actuate.endpoint.EndpointId - Endpoint ID 'service-registry' contains invalid characters, please migrate to a valid format.
2019-07-09 18:59:19.183 [restartedMain] WARN  o.springframework.boot.actuate.endpoint.EndpointId - Endpoint ID 'hystrix.stream' contains invalid characters, please migrate to a valid format.
2019-07-09 18:59:20.608 [restartedMain] WARN  com.netflix.config.sources.URLConfigurationSource - No URLs will be polled as dynamic configuration sources.
2019-07-09 18:59:23.145 [restartedMain] WARN  com.netflix.config.sources.URLConfigurationSource - No URLs will be polled as dynamic configuration sources.
2019-07-09 18:59:27.983 [RMI TCP Connection(6)-127.0.0.1] WARN  o.s.c.c.client.ConfigServicePropertySourceLocator - Could not locate PropertySource: I/O error on GET request for "http://localhost:8888/producer/default": Connection refused: connect; nested exception is java.net.ConnectException: Connection refused: connect
2019-07-09 21:23:02.358 [HikariPool-1 housekeeper] WARN  com.zaxxer.hikari.pool.HikariPool - HikariPool-1 - Thread starvation or clock leap detected (housekeeper delta=2h23m35s325ms403µs413ns).
2019-07-09 21:25:23.094 [restartedMain] WARN  o.s.c.c.client.ConfigServicePropertySourceLocator - Could not locate PropertySource: I/O error on GET request for "http://localhost:8888/producer/default": Connection refused: connect; nested exception is java.net.ConnectException: Connection refused: connect
2019-07-09 21:25:24.646 [restartedMain] WARN  o.springframework.boot.actuate.endpoint.EndpointId - Endpoint ID 'service-registry' contains invalid characters, please migrate to a valid format.
2019-07-09 21:25:24.666 [restartedMain] WARN  o.springframework.boot.actuate.endpoint.EndpointId - Endpoint ID 'hystrix.stream' contains invalid characters, please migrate to a valid format.
2019-07-09 21:25:26.362 [restartedMain] WARN  com.netflix.config.sources.URLConfigurationSource - No URLs will be polled as dynamic configuration sources.
2019-07-09 21:25:29.322 [restartedMain] WARN  com.netflix.config.sources.URLConfigurationSource - No URLs will be polled as dynamic configuration sources.
2019-07-09 21:25:34.482 [RMI TCP Connection(4)-127.0.0.1] WARN  o.s.c.c.client.ConfigServicePropertySourceLocator - Could not locate PropertySource: I/O error on GET request for "http://localhost:8888/producer/default": Connection refused: connect; nested exception is java.net.ConnectException: Connection refused: connect
2019-07-09 21:49:52.810 [restartedMain] WARN  o.s.c.c.client.ConfigServicePropertySourceLocator - Could not locate PropertySource: I/O error on GET request for "http://localhost:8888/producer/default": Connection refused: connect; nested exception is java.net.ConnectException: Connection refused: connect
2019-07-09 21:49:54.318 [restartedMain] WARN  o.springframework.boot.actuate.endpoint.EndpointId - Endpoint ID 'service-registry' contains invalid characters, please migrate to a valid format.
2019-07-09 21:49:54.338 [restartedMain] WARN  o.springframework.boot.actuate.endpoint.EndpointId - Endpoint ID 'hystrix.stream' contains invalid characters, please migrate to a valid format.
2019-07-09 21:49:56.050 [restartedMain] WARN  com.netflix.config.sources.URLConfigurationSource - No URLs will be polled as dynamic configuration sources.
2019-07-09 21:49:59.006 [restartedMain] WARN  com.netflix.config.sources.URLConfigurationSource - No URLs will be polled as dynamic configuration sources.
2019-07-09 21:50:04.222 [RMI TCP Connection(6)-127.0.0.1] WARN  o.s.c.c.client.ConfigServicePropertySourceLocator - Could not locate PropertySource: I/O error on GET request for "http://localhost:8888/producer/default": Connection refused: connect; nested exception is java.net.ConnectException: Connection refused: connect
2019-07-09 21:51:08.166 [DiscoveryClient-1] WARN  com.netflix.discovery.TimedSupervisorTask - task supervisor timed out
java.util.concurrent.TimeoutException: null
	at java.util.concurrent.FutureTask.get(FutureTask.java:205)
	at com.netflix.discovery.TimedSupervisorTask.run(TimedSupervisorTask.java:66)
	at java.util.concurrent.Executors$RunnableAdapter.call(Executors.java:511)
	at java.util.concurrent.FutureTask.run$$$capture(FutureTask.java:266)
	at java.util.concurrent.FutureTask.run(FutureTask.java)
	at java.util.concurrent.ScheduledThreadPoolExecutor$ScheduledFutureTask.access$201(ScheduledThreadPoolExecutor.java:180)
	at java.util.concurrent.ScheduledThreadPoolExecutor$ScheduledFutureTask.run(ScheduledThreadPoolExecutor.java:293)
	at java.util.concurrent.ThreadPoolExecutor.runWorker(ThreadPoolExecutor.java:1149)
	at java.util.concurrent.ThreadPoolExecutor$Worker.run(ThreadPoolExecutor.java:624)
	at java.lang.Thread.run(Thread.java:748)
2019-07-09 21:51:08.166 [DiscoveryClient-0] WARN  com.netflix.discovery.TimedSupervisorTask - task supervisor timed out
java.util.concurrent.TimeoutException: null
	at java.util.concurrent.FutureTask.get(FutureTask.java:205)
	at com.netflix.discovery.TimedSupervisorTask.run(TimedSupervisorTask.java:66)
	at java.util.concurrent.Executors$RunnableAdapter.call(Executors.java:511)
	at java.util.concurrent.FutureTask.run$$$capture(FutureTask.java:266)
	at java.util.concurrent.FutureTask.run(FutureTask.java)
	at java.util.concurrent.ScheduledThreadPoolExecutor$ScheduledFutureTask.access$201(ScheduledThreadPoolExecutor.java:180)
	at java.util.concurrent.ScheduledThreadPoolExecutor$ScheduledFutureTask.run(ScheduledThreadPoolExecutor.java:293)
	at java.util.concurrent.ThreadPoolExecutor.runWorker(ThreadPoolExecutor.java:1149)
	at java.util.concurrent.ThreadPoolExecutor$Worker.run(ThreadPoolExecutor.java:624)
	at java.lang.Thread.run(Thread.java:748)
2019-07-09 22:02:03.500 [restartedMain] WARN  o.s.c.c.client.ConfigServicePropertySourceLocator - Could not locate PropertySource: I/O error on GET request for "http://localhost:8888/producer/default": Connection refused: connect; nested exception is java.net.ConnectException: Connection refused: connect
2019-07-09 22:02:05.024 [restartedMain] WARN  o.springframework.boot.actuate.endpoint.EndpointId - Endpoint ID 'service-registry' contains invalid characters, please migrate to a valid format.
2019-07-09 22:02:05.040 [restartedMain] WARN  o.springframework.boot.actuate.endpoint.EndpointId - Endpoint ID 'hystrix.stream' contains invalid characters, please migrate to a valid format.
2019-07-09 22:02:06.668 [restartedMain] WARN  com.netflix.config.sources.URLConfigurationSource - No URLs will be polled as dynamic configuration sources.
2019-07-09 22:02:09.516 [restartedMain] WARN  com.netflix.config.sources.URLConfigurationSource - No URLs will be polled as dynamic configuration sources.
2019-07-09 22:02:14.500 [RMI TCP Connection(4)-127.0.0.1] WARN  o.s.c.c.client.ConfigServicePropertySourceLocator - Could not locate PropertySource: I/O error on GET request for "http://localhost:8888/producer/default": Connection refused: connect; nested exception is java.net.ConnectException: Connection refused: connect
2019-07-09 22:06:43.319 [HikariPool-1 housekeeper] WARN  com.zaxxer.hikari.pool.HikariPool - HikariPool-1 - Thread starvation or clock leap detected (housekeeper delta=1m28s800ms678µs683ns).
2019-07-09 22:10:25.350 [restartedMain] WARN  o.s.c.c.client.ConfigServicePropertySourceLocator - Could not locate PropertySource: I/O error on GET request for "http://localhost:8888/producer/default": Connection refused: connect; nested exception is java.net.ConnectException: Connection refused: connect
2019-07-09 22:10:26.878 [restartedMain] WARN  o.springframework.boot.actuate.endpoint.EndpointId - Endpoint ID 'service-registry' contains invalid characters, please migrate to a valid format.
2019-07-09 22:10:26.894 [restartedMain] WARN  o.springframework.boot.actuate.endpoint.EndpointId - Endpoint ID 'hystrix.stream' contains invalid characters, please migrate to a valid format.
2019-07-09 22:10:28.534 [restartedMain] WARN  com.netflix.config.sources.URLConfigurationSource - No URLs will be polled as dynamic configuration sources.
2019-07-09 22:10:31.394 [restartedMain] WARN  com.netflix.config.sources.URLConfigurationSource - No URLs will be polled as dynamic configuration sources.
2019-07-09 22:10:37.190 [RMI TCP Connection(4)-127.0.0.1] WARN  o.s.c.c.client.ConfigServicePropertySourceLocator - Could not locate PropertySource: I/O error on GET request for "http://localhost:8888/producer/default": Connection refused: connect; nested exception is java.net.ConnectException: Connection refused: connect
2019-07-09 22:18:23.687 [restartedMain] WARN  o.s.c.c.client.ConfigServicePropertySourceLocator - Could not locate PropertySource: I/O error on GET request for "http://localhost:8888/producer/default": Connection refused: connect; nested exception is java.net.ConnectException: Connection refused: connect
2019-07-09 22:18:25.191 [restartedMain] WARN  o.springframework.boot.actuate.endpoint.EndpointId - Endpoint ID 'service-registry' contains invalid characters, please migrate to a valid format.
2019-07-09 22:18:25.211 [restartedMain] WARN  o.springframework.boot.actuate.endpoint.EndpointId - Endpoint ID 'hystrix.stream' contains invalid characters, please migrate to a valid format.
2019-07-09 22:18:26.847 [restartedMain] WARN  com.netflix.config.sources.URLConfigurationSource - No URLs will be polled as dynamic configuration sources.
2019-07-09 22:18:29.703 [restartedMain] WARN  com.netflix.config.sources.URLConfigurationSource - No URLs will be polled as dynamic configuration sources.
2019-07-09 22:18:34.963 [RMI TCP Connection(4)-127.0.0.1] WARN  o.s.c.c.client.ConfigServicePropertySourceLocator - Could not locate PropertySource: I/O error on GET request for "http://localhost:8888/producer/default": Connection refused: connect; nested exception is java.net.ConnectException: Connection refused: connect
2019-07-09 22:21:26.886 [HikariPool-1 housekeeper] WARN  com.zaxxer.hikari.pool.HikariPool - HikariPool-1 - Thread starvation or clock leap detected (housekeeper delta=2m22s906ms591µs421ns).
2019-07-09 22:33:52.573 [HikariPool-1 housekeeper] WARN  com.zaxxer.hikari.pool.HikariPool - HikariPool-1 - Thread starvation or clock leap detected (housekeeper delta=12m25s689ms379µs713ns).
2019-07-09 22:33:52.581 [DiscoveryClient-1] WARN  com.netflix.discovery.TimedSupervisorTask - task supervisor timed out
java.util.concurrent.TimeoutException: null
	at java.util.concurrent.FutureTask.get(FutureTask.java:205)
	at com.netflix.discovery.TimedSupervisorTask.run(TimedSupervisorTask.java:66)
	at java.util.concurrent.Executors$RunnableAdapter.call(Executors.java:511)
	at java.util.concurrent.FutureTask.run$$$capture(FutureTask.java:266)
	at java.util.concurrent.FutureTask.run(FutureTask.java)
	at java.util.concurrent.ScheduledThreadPoolExecutor$ScheduledFutureTask.access$201(ScheduledThreadPoolExecutor.java:180)
	at java.util.concurrent.ScheduledThreadPoolExecutor$ScheduledFutureTask.run(ScheduledThreadPoolExecutor.java:293)
	at java.util.concurrent.ThreadPoolExecutor.runWorker(ThreadPoolExecutor.java:1149)
	at java.util.concurrent.ThreadPoolExecutor$Worker.run(ThreadPoolExecutor.java:624)
	at java.lang.Thread.run(Thread.java:748)
2019-07-09 22:33:52.581 [DiscoveryClient-0] WARN  com.netflix.discovery.TimedSupervisorTask - task supervisor timed out
java.util.concurrent.TimeoutException: null
	at java.util.concurrent.FutureTask.get(FutureTask.java:205)
	at com.netflix.discovery.TimedSupervisorTask.run(TimedSupervisorTask.java:66)
	at java.util.concurrent.Executors$RunnableAdapter.call(Executors.java:511)
	at java.util.concurrent.FutureTask.run$$$capture(FutureTask.java:266)
	at java.util.concurrent.FutureTask.run(FutureTask.java)
	at java.util.concurrent.ScheduledThreadPoolExecutor$ScheduledFutureTask.access$201(ScheduledThreadPoolExecutor.java:180)
	at java.util.concurrent.ScheduledThreadPoolExecutor$ScheduledFutureTask.run(ScheduledThreadPoolExecutor.java:293)
	at java.util.concurrent.ThreadPoolExecutor.runWorker(ThreadPoolExecutor.java:1149)
	at java.util.concurrent.ThreadPoolExecutor$Worker.run(ThreadPoolExecutor.java:624)
	at java.lang.Thread.run(Thread.java:748)
2019-07-09 22:34:31.305 [restartedMain] WARN  o.s.c.c.client.ConfigServicePropertySourceLocator - Could not locate PropertySource: I/O error on GET request for "http://localhost:8888/producer/default": Connection refused: connect; nested exception is java.net.ConnectException: Connection refused: connect
2019-07-09 22:34:32.833 [restartedMain] WARN  o.springframework.boot.actuate.endpoint.EndpointId - Endpoint ID 'service-registry' contains invalid characters, please migrate to a valid format.
2019-07-09 22:34:32.853 [restartedMain] WARN  o.springframework.boot.actuate.endpoint.EndpointId - Endpoint ID 'hystrix.stream' contains invalid characters, please migrate to a valid format.
2019-07-09 22:34:34.485 [restartedMain] WARN  com.netflix.config.sources.URLConfigurationSource - No URLs will be polled as dynamic configuration sources.
2019-07-09 22:34:37.361 [restartedMain] WARN  com.netflix.config.sources.URLConfigurationSource - No URLs will be polled as dynamic configuration sources.
2019-07-09 22:34:42.573 [RMI TCP Connection(4)-127.0.0.1] WARN  o.s.c.c.client.ConfigServicePropertySourceLocator - Could not locate PropertySource: I/O error on GET request for "http://localhost:8888/producer/default": Connection refused: connect; nested exception is java.net.ConnectException: Connection refused: connect
2019-07-09 22:45:42.269 [restartedMain] WARN  o.s.c.c.client.ConfigServicePropertySourceLocator - Could not locate PropertySource: I/O error on GET request for "http://localhost:8888/producer/default": Connection refused: connect; nested exception is java.net.ConnectException: Connection refused: connect
2019-07-09 22:45:43.409 [restartedMain] WARN  o.springframework.boot.actuate.endpoint.EndpointId - Endpoint ID 'service-registry' contains invalid characters, please migrate to a valid format.
2019-07-09 22:45:43.421 [restartedMain] WARN  o.springframework.boot.actuate.endpoint.EndpointId - Endpoint ID 'hystrix.stream' contains invalid characters, please migrate to a valid format.
2019-07-09 22:45:44.865 [restartedMain] WARN  com.netflix.config.sources.URLConfigurationSource - No URLs will be polled as dynamic configuration sources.
2019-07-09 22:45:47.153 [restartedMain] WARN  com.netflix.config.sources.URLConfigurationSource - No URLs will be polled as dynamic configuration sources.
2019-07-09 22:45:51.726 [RMI TCP Connection(2)-127.0.0.1] WARN  o.s.c.c.client.ConfigServicePropertySourceLocator - Could not locate PropertySource: I/O error on GET request for "http://localhost:8888/producer/default": Connection refused: connect; nested exception is java.net.ConnectException: Connection refused: connect
2019-07-09 22:46:48.284 [restartedMain] WARN  o.s.c.c.client.ConfigServicePropertySourceLocator - Could not locate PropertySource: I/O error on GET request for "http://localhost:8888/producer/default": Connection refused: connect; nested exception is java.net.ConnectException: Connection refused: connect
2019-07-09 22:46:49.760 [restartedMain] WARN  o.springframework.boot.actuate.endpoint.EndpointId - Endpoint ID 'service-registry' contains invalid characters, please migrate to a valid format.
2019-07-09 22:46:49.780 [restartedMain] WARN  o.springframework.boot.actuate.endpoint.EndpointId - Endpoint ID 'hystrix.stream' contains invalid characters, please migrate to a valid format.
2019-07-09 22:46:51.452 [restartedMain] WARN  com.netflix.config.sources.URLConfigurationSource - No URLs will be polled as dynamic configuration sources.
2019-07-09 22:46:54.256 [restartedMain] WARN  com.netflix.config.sources.URLConfigurationSource - No URLs will be polled as dynamic configuration sources.
2019-07-09 22:46:59.100 [RMI TCP Connection(4)-127.0.0.1] WARN  o.s.c.c.client.ConfigServicePropertySourceLocator - Could not locate PropertySource: I/O error on GET request for "http://localhost:8888/producer/default": Connection refused: connect; nested exception is java.net.ConnectException: Connection refused: connect
2019-07-09 22:51:30.076 [restartedMain] WARN  o.s.c.c.client.ConfigServicePropertySourceLocator - Could not locate PropertySource: I/O error on GET request for "http://localhost:8888/producer/default": Connection refused: connect; nested exception is java.net.ConnectException: Connection refused: connect
2019-07-09 22:51:31.564 [restartedMain] WARN  o.springframework.boot.actuate.endpoint.EndpointId - Endpoint ID 'service-registry' contains invalid characters, please migrate to a valid format.
2019-07-09 22:51:31.580 [restartedMain] WARN  o.springframework.boot.actuate.endpoint.EndpointId - Endpoint ID 'hystrix.stream' contains invalid characters, please migrate to a valid format.
2019-07-09 22:51:33.196 [restartedMain] WARN  com.netflix.config.sources.URLConfigurationSource - No URLs will be polled as dynamic configuration sources.
2019-07-09 22:51:36.029 [restartedMain] WARN  com.netflix.config.sources.URLConfigurationSource - No URLs will be polled as dynamic configuration sources.
2019-07-09 22:51:40.993 [RMI TCP Connection(2)-127.0.0.1] WARN  o.s.c.c.client.ConfigServicePropertySourceLocator - Could not locate PropertySource: I/O error on GET request for "http://localhost:8888/producer/default": Connection refused: connect; nested exception is java.net.ConnectException: Connection refused: connect
2019-07-09 23:05:41.529 [restartedMain] WARN  o.s.c.c.client.ConfigServicePropertySourceLocator - Could not locate PropertySource: I/O error on GET request for "http://localhost:8888/producer/default": Connection refused: connect; nested exception is java.net.ConnectException: Connection refused: connect
2019-07-09 23:05:43.045 [restartedMain] WARN  o.springframework.boot.actuate.endpoint.EndpointId - Endpoint ID 'service-registry' contains invalid characters, please migrate to a valid format.
2019-07-09 23:05:43.065 [restartedMain] WARN  o.springframework.boot.actuate.endpoint.EndpointId - Endpoint ID 'hystrix.stream' contains invalid characters, please migrate to a valid format.
2019-07-09 23:05:44.725 [restartedMain] WARN  com.netflix.config.sources.URLConfigurationSource - No URLs will be polled as dynamic configuration sources.
2019-07-09 23:05:47.577 [restartedMain] WARN  com.netflix.config.sources.URLConfigurationSource - No URLs will be polled as dynamic configuration sources.
2019-07-09 23:05:52.524 [RMI TCP Connection(4)-127.0.0.1] WARN  o.s.c.c.client.ConfigServicePropertySourceLocator - Could not locate PropertySource: I/O error on GET request for "http://localhost:8888/producer/default": Connection refused: connect; nested exception is java.net.ConnectException: Connection refused: connect
2019-07-09 23:10:46.863 [restartedMain] WARN  o.s.c.c.client.ConfigServicePropertySourceLocator - Could not locate PropertySource: I/O error on GET request for "http://localhost:8888/producer/default": Connection refused: connect; nested exception is java.net.ConnectException: Connection refused: connect
2019-07-09 23:10:48.027 [restartedMain] WARN  o.springframework.boot.actuate.endpoint.EndpointId - Endpoint ID 'service-registry' contains invalid characters, please migrate to a valid format.
2019-07-09 23:10:48.039 [restartedMain] WARN  o.springframework.boot.actuate.endpoint.EndpointId - Endpoint ID 'hystrix.stream' contains invalid characters, please migrate to a valid format.
2019-07-09 23:10:49.531 [restartedMain] WARN  com.netflix.config.sources.URLConfigurationSource - No URLs will be polled as dynamic configuration sources.
2019-07-09 23:10:52.078 [restartedMain] WARN  com.netflix.config.sources.URLConfigurationSource - No URLs will be polled as dynamic configuration sources.
2019-07-09 23:10:56.686 [RMI TCP Connection(2)-127.0.0.1] WARN  o.s.c.c.client.ConfigServicePropertySourceLocator - Could not locate PropertySource: I/O error on GET request for "http://localhost:8888/producer/default": Connection refused: connect; nested exception is java.net.ConnectException: Connection refused: connect
2019-07-09 23:12:15.118 [restartedMain] WARN  o.s.c.c.client.ConfigServicePropertySourceLocator - Could not locate PropertySource: I/O error on GET request for "http://localhost:8888/producer/default": Connection refused: connect; nested exception is java.net.ConnectException: Connection refused: connect
2019-07-09 23:12:16.270 [restartedMain] WARN  o.springframework.boot.actuate.endpoint.EndpointId - Endpoint ID 'service-registry' contains invalid characters, please migrate to a valid format.
2019-07-09 23:12:16.282 [restartedMain] WARN  o.springframework.boot.actuate.endpoint.EndpointId - Endpoint ID 'hystrix.stream' contains invalid characters, please migrate to a valid format.
2019-07-09 23:12:17.698 [restartedMain] WARN  com.netflix.config.sources.URLConfigurationSource - No URLs will be polled as dynamic configuration sources.
2019-07-09 23:12:19.974 [restartedMain] WARN  com.netflix.config.sources.URLConfigurationSource - No URLs will be polled as dynamic configuration sources.
2019-07-09 23:12:24.538 [RMI TCP Connection(6)-127.0.0.1] WARN  o.s.c.c.client.ConfigServicePropertySourceLocator - Could not locate PropertySource: I/O error on GET request for "http://localhost:8888/producer/default": Connection refused: connect; nested exception is java.net.ConnectException: Connection refused: connect
2019-07-09 23:13:10.758 [restartedMain] WARN  o.s.c.c.client.ConfigServicePropertySourceLocator - Could not locate PropertySource: I/O error on GET request for "http://localhost:8888/producer/default": Connection refused: connect; nested exception is java.net.ConnectException: Connection refused: connect
2019-07-09 23:13:11.894 [restartedMain] WARN  o.springframework.boot.actuate.endpoint.EndpointId - Endpoint ID 'service-registry' contains invalid characters, please migrate to a valid format.
2019-07-09 23:13:11.906 [restartedMain] WARN  o.springframework.boot.actuate.endpoint.EndpointId - Endpoint ID 'hystrix.stream' contains invalid characters, please migrate to a valid format.
2019-07-09 23:13:13.306 [restartedMain] WARN  com.netflix.config.sources.URLConfigurationSource - No URLs will be polled as dynamic configuration sources.
2019-07-09 23:13:15.901 [restartedMain] WARN  com.netflix.config.sources.URLConfigurationSource - No URLs will be polled as dynamic configuration sources.
2019-07-09 23:13:20.513 [RMI TCP Connection(6)-127.0.0.1] WARN  o.s.c.c.client.ConfigServicePropertySourceLocator - Could not locate PropertySource: I/O error on GET request for "http://localhost:8888/producer/default": Connection refused: connect; nested exception is java.net.ConnectException: Connection refused: connect
2019-07-09 23:14:05.952 [restartedMain] WARN  o.s.c.c.client.ConfigServicePropertySourceLocator - Could not locate PropertySource: I/O error on GET request for "http://localhost:8888/producer/default": Connection refused: connect; nested exception is java.net.ConnectException: Connection refused: connect
2019-07-09 23:14:07.108 [restartedMain] WARN  o.springframework.boot.actuate.endpoint.EndpointId - Endpoint ID 'service-registry' contains invalid characters, please migrate to a valid format.
2019-07-09 23:14:07.124 [restartedMain] WARN  o.springframework.boot.actuate.endpoint.EndpointId - Endpoint ID 'hystrix.stream' contains invalid characters, please migrate to a valid format.
2019-07-09 23:14:08.540 [restartedMain] WARN  com.netflix.config.sources.URLConfigurationSource - No URLs will be polled as dynamic configuration sources.
2019-07-09 23:14:10.816 [restartedMain] WARN  com.netflix.config.sources.URLConfigurationSource - No URLs will be polled as dynamic configuration sources.
2019-07-09 23:14:15.443 [RMI TCP Connection(4)-127.0.0.1] WARN  o.s.c.c.client.ConfigServicePropertySourceLocator - Could not locate PropertySource: I/O error on GET request for "http://localhost:8888/producer/default": Connection refused: connect; nested exception is java.net.ConnectException: Connection refused: connect
2019-07-09 23:15:04.188 [restartedMain] WARN  o.s.c.c.client.ConfigServicePropertySourceLocator - Could not locate PropertySource: I/O error on GET request for "http://localhost:8888/producer/default": Connection refused: connect; nested exception is java.net.ConnectException: Connection refused: connect
2019-07-09 23:15:05.352 [restartedMain] WARN  o.springframework.boot.actuate.endpoint.EndpointId - Endpoint ID 'service-registry' contains invalid characters, please migrate to a valid format.
2019-07-09 23:15:05.364 [restartedMain] WARN  o.springframework.boot.actuate.endpoint.EndpointId - Endpoint ID 'hystrix.stream' contains invalid characters, please migrate to a valid format.
2019-07-09 23:15:06.796 [restartedMain] WARN  com.netflix.config.sources.URLConfigurationSource - No URLs will be polled as dynamic configuration sources.
2019-07-09 23:15:09.056 [restartedMain] WARN  com.netflix.config.sources.URLConfigurationSource - No URLs will be polled as dynamic configuration sources.
2019-07-09 23:15:13.668 [RMI TCP Connection(2)-127.0.0.1] WARN  o.s.c.c.client.ConfigServicePropertySourceLocator - Could not locate PropertySource: I/O error on GET request for "http://localhost:8888/producer/default": Connection refused: connect; nested exception is java.net.ConnectException: Connection refused: connect
