2019-06-05 18:54:26.304 [main] WARN  o.s.c.c.client.ConfigServicePropertySourceLocator - Could not locate PropertySource: I/O error on GET request for "http://localhost:8888/producer/default": Connection refused: connect; nested exception is java.net.ConnectException: Connection refused: connect
2019-06-05 18:54:27.827 [main] WARN  o.springframework.boot.actuate.endpoint.EndpointId - Endpoint ID 'service-registry' contains invalid characters, please migrate to a valid format.
2019-06-05 18:54:27.844 [main] WARN  o.springframework.boot.actuate.endpoint.EndpointId - Endpoint ID 'hystrix.stream' contains invalid characters, please migrate to a valid format.
2019-06-05 18:54:30.924 [main] WARN  com.netflix.config.sources.URLConfigurationSource - No URLs will be polled as dynamic configuration sources.
2019-06-05 18:54:30.933 [main] WARN  com.netflix.config.sources.URLConfigurationSource - No URLs will be polled as dynamic configuration sources.
2019-06-05 18:57:05.458 [main] WARN  o.s.c.c.client.ConfigServicePropertySourceLocator - Could not locate PropertySource: I/O error on GET request for "http://localhost:8888/producer/default": Connection refused: connect; nested exception is java.net.ConnectException: Connection refused: connect
2019-06-05 18:57:06.648 [main] WARN  o.springframework.boot.actuate.endpoint.EndpointId - Endpoint ID 'service-registry' contains invalid characters, please migrate to a valid format.
2019-06-05 18:57:06.667 [main] WARN  o.springframework.boot.actuate.endpoint.EndpointId - Endpoint ID 'hystrix.stream' contains invalid characters, please migrate to a valid format.
2019-06-05 18:57:09.272 [main] WARN  com.netflix.config.sources.URLConfigurationSource - No URLs will be polled as dynamic configuration sources.
2019-06-05 18:57:09.279 [main] WARN  com.netflix.config.sources.URLConfigurationSource - No URLs will be polled as dynamic configuration sources.
2019-06-05 18:58:01.623 [main] WARN  o.s.c.c.client.ConfigServicePropertySourceLocator - Could not locate PropertySource: I/O error on GET request for "http://localhost:8888/producer/default": Connection refused: connect; nested exception is java.net.ConnectException: Connection refused: connect
2019-06-05 18:58:02.958 [main] WARN  o.springframework.boot.actuate.endpoint.EndpointId - Endpoint ID 'service-registry' contains invalid characters, please migrate to a valid format.
2019-06-05 18:58:02.993 [main] WARN  o.springframework.boot.actuate.endpoint.EndpointId - Endpoint ID 'hystrix.stream' contains invalid characters, please migrate to a valid format.
2019-06-05 18:58:05.885 [main] WARN  com.netflix.config.sources.URLConfigurationSource - No URLs will be polled as dynamic configuration sources.
2019-06-05 18:58:05.893 [main] WARN  com.netflix.config.sources.URLConfigurationSource - No URLs will be polled as dynamic configuration sources.
2019-06-05 18:59:04.760 [main] WARN  o.s.c.c.client.ConfigServicePropertySourceLocator - Could not locate PropertySource: I/O error on GET request for "http://localhost:8888/producer/default": Connection refused: connect; nested exception is java.net.ConnectException: Connection refused: connect
2019-06-05 18:59:05.997 [main] WARN  o.springframework.boot.actuate.endpoint.EndpointId - Endpoint ID 'service-registry' contains invalid characters, please migrate to a valid format.
2019-06-05 18:59:06.013 [main] WARN  o.springframework.boot.actuate.endpoint.EndpointId - Endpoint ID 'hystrix.stream' contains invalid characters, please migrate to a valid format.
2019-06-05 18:59:09.077 [main] WARN  com.netflix.config.sources.URLConfigurationSource - No URLs will be polled as dynamic configuration sources.
2019-06-05 18:59:09.084 [main] WARN  com.netflix.config.sources.URLConfigurationSource - No URLs will be polled as dynamic configuration sources.
2019-06-05 19:00:10.018 [main] WARN  o.s.c.c.client.ConfigServicePropertySourceLocator - Could not locate PropertySource: I/O error on GET request for "http://localhost:8888/producer/default": Connection refused: connect; nested exception is java.net.ConnectException: Connection refused: connect
2019-06-05 19:00:11.208 [main] WARN  o.springframework.boot.actuate.endpoint.EndpointId - Endpoint ID 'service-registry' contains invalid characters, please migrate to a valid format.
2019-06-05 19:00:11.223 [main] WARN  o.springframework.boot.actuate.endpoint.EndpointId - Endpoint ID 'hystrix.stream' contains invalid characters, please migrate to a valid format.
2019-06-05 19:00:13.824 [main] WARN  com.netflix.config.sources.URLConfigurationSource - No URLs will be polled as dynamic configuration sources.
2019-06-05 19:00:13.831 [main] WARN  com.netflix.config.sources.URLConfigurationSource - No URLs will be polled as dynamic configuration sources.
2019-06-05 19:06:37.911 [restartedMain] WARN  o.s.c.c.client.ConfigServicePropertySourceLocator - Could not locate PropertySource: I/O error on GET request for "http://localhost:8888/producer/default": Connection refused: connect; nested exception is java.net.ConnectException: Connection refused: connect
2019-06-05 19:06:38.899 [restartedMain] WARN  o.springframework.boot.actuate.endpoint.EndpointId - Endpoint ID 'service-registry' contains invalid characters, please migrate to a valid format.
2019-06-05 19:06:38.910 [restartedMain] WARN  o.springframework.boot.actuate.endpoint.EndpointId - Endpoint ID 'hystrix.stream' contains invalid characters, please migrate to a valid format.
2019-06-05 19:06:40.236 [restartedMain] WARN  com.netflix.config.sources.URLConfigurationSource - No URLs will be polled as dynamic configuration sources.
2019-06-05 19:06:42.329 [restartedMain] WARN  com.netflix.config.sources.URLConfigurationSource - No URLs will be polled as dynamic configuration sources.
2019-06-05 19:06:46.682 [RMI TCP Connection(6)-127.0.0.1] WARN  o.s.c.c.client.ConfigServicePropertySourceLocator - Could not locate PropertySource: I/O error on GET request for "http://localhost:8888/producer/default": Connection refused: connect; nested exception is java.net.ConnectException: Connection refused: connect
2019-06-05 22:40:15.271 [HikariPool-1 housekeeper] WARN  com.zaxxer.hikari.pool.HikariPool - HikariPool-1 - Thread starvation or clock leap detected (housekeeper delta=3h29s480ms819µs928ns).
