2019-06-14 09:33:13.488 [main] WARN  o.s.c.c.client.ConfigServicePropertySourceLocator - Could not locate PropertySource: I/O error on GET request for "http://localhost:8888/producer/default": Connection refused: connect; nested exception is java.net.ConnectException: Connection refused: connect
2019-06-14 09:33:17.175 [main] WARN  o.springframework.boot.actuate.endpoint.EndpointId - Endpoint ID 'service-registry' contains invalid characters, please migrate to a valid format.
2019-06-14 09:33:17.199 [main] WARN  o.springframework.boot.actuate.endpoint.EndpointId - Endpoint ID 'hystrix.stream' contains invalid characters, please migrate to a valid format.
2019-06-14 09:33:19.110 [main] WARN  o.s.w.context.support.GenericWebApplicationContext - Exception encountered during context initialization - cancelling refresh attempt: org.springframework.beans.factory.UnsatisfiedDependencyException: Error creating bean with name 'redisUtil': Unsatisfied dependency expressed through field 'redisTemplate'; nested exception is org.springframework.beans.factory.NoSuchBeanDefinitionException: No qualifying bean of type 'org.springframework.data.redis.core.RedisTemplate<java.lang.String, java.lang.Object>' available: expected at least 1 bean which qualifies as autowire candidate. Dependency annotations: {@org.springframework.beans.factory.annotation.Autowired(required=true), @org.springframework.beans.factory.annotation.Qualifier(value=redisTemplate)}
2019-06-14 09:43:42.197 [main] WARN  o.s.c.c.client.ConfigServicePropertySourceLocator - Could not locate PropertySource: I/O error on GET request for "http://localhost:8888/producer/default": Connection refused: connect; nested exception is java.net.ConnectException: Connection refused: connect
2019-06-14 09:43:43.509 [main] WARN  o.springframework.boot.actuate.endpoint.EndpointId - Endpoint ID 'service-registry' contains invalid characters, please migrate to a valid format.
2019-06-14 09:43:43.524 [main] WARN  o.springframework.boot.actuate.endpoint.EndpointId - Endpoint ID 'hystrix.stream' contains invalid characters, please migrate to a valid format.
2019-06-14 09:43:47.461 [main] WARN  com.netflix.config.sources.URLConfigurationSource - No URLs will be polled as dynamic configuration sources.
2019-06-14 09:43:47.461 [main] WARN  com.netflix.config.sources.URLConfigurationSource - No URLs will be polled as dynamic configuration sources.
2019-06-14 09:45:28.396 [main] WARN  o.s.c.c.client.ConfigServicePropertySourceLocator - Could not locate PropertySource: I/O error on GET request for "http://localhost:8888/producer/default": Connection refused: connect; nested exception is java.net.ConnectException: Connection refused: connect
2019-06-14 09:45:29.583 [main] WARN  o.springframework.boot.actuate.endpoint.EndpointId - Endpoint ID 'service-registry' contains invalid characters, please migrate to a valid format.
2019-06-14 09:45:29.583 [main] WARN  o.springframework.boot.actuate.endpoint.EndpointId - Endpoint ID 'hystrix.stream' contains invalid characters, please migrate to a valid format.
2019-06-14 09:45:32.176 [main] WARN  com.netflix.config.sources.URLConfigurationSource - No URLs will be polled as dynamic configuration sources.
2019-06-14 09:45:32.176 [main] WARN  com.netflix.config.sources.URLConfigurationSource - No URLs will be polled as dynamic configuration sources.
2019-06-14 09:50:41.170 [main] WARN  o.s.c.c.client.ConfigServicePropertySourceLocator - Could not locate PropertySource: I/O error on GET request for "http://localhost:8888/producer/default": Connection refused: connect; nested exception is java.net.ConnectException: Connection refused: connect
2019-06-14 09:50:42.654 [main] WARN  o.springframework.boot.actuate.endpoint.EndpointId - Endpoint ID 'service-registry' contains invalid characters, please migrate to a valid format.
2019-06-14 09:50:42.670 [main] WARN  o.springframework.boot.actuate.endpoint.EndpointId - Endpoint ID 'hystrix.stream' contains invalid characters, please migrate to a valid format.
2019-06-14 09:50:46.247 [main] WARN  com.netflix.config.sources.URLConfigurationSource - No URLs will be polled as dynamic configuration sources.
2019-06-14 09:50:46.247 [main] WARN  com.netflix.config.sources.URLConfigurationSource - No URLs will be polled as dynamic configuration sources.
2019-06-14 09:53:24.678 [main] WARN  o.s.c.c.client.ConfigServicePropertySourceLocator - Could not locate PropertySource: I/O error on GET request for "http://localhost:8888/producer/default": Connection refused: connect; nested exception is java.net.ConnectException: Connection refused: connect
2019-06-14 09:53:25.881 [main] WARN  o.springframework.boot.actuate.endpoint.EndpointId - Endpoint ID 'service-registry' contains invalid characters, please migrate to a valid format.
2019-06-14 09:53:25.912 [main] WARN  o.springframework.boot.actuate.endpoint.EndpointId - Endpoint ID 'hystrix.stream' contains invalid characters, please migrate to a valid format.
2019-06-14 09:53:28.521 [main] WARN  com.netflix.config.sources.URLConfigurationSource - No URLs will be polled as dynamic configuration sources.
2019-06-14 09:53:28.536 [main] WARN  com.netflix.config.sources.URLConfigurationSource - No URLs will be polled as dynamic configuration sources.
2019-06-14 09:59:42.661 [main] WARN  o.s.c.c.client.ConfigServicePropertySourceLocator - Could not locate PropertySource: I/O error on GET request for "http://localhost:8888/producer/default": Connection refused: connect; nested exception is java.net.ConnectException: Connection refused: connect
2019-06-14 09:59:43.989 [main] WARN  o.springframework.boot.actuate.endpoint.EndpointId - Endpoint ID 'service-registry' contains invalid characters, please migrate to a valid format.
2019-06-14 09:59:44.004 [main] WARN  o.springframework.boot.actuate.endpoint.EndpointId - Endpoint ID 'hystrix.stream' contains invalid characters, please migrate to a valid format.
2019-06-14 09:59:46.707 [main] WARN  com.netflix.config.sources.URLConfigurationSource - No URLs will be polled as dynamic configuration sources.
2019-06-14 09:59:46.707 [main] WARN  com.netflix.config.sources.URLConfigurationSource - No URLs will be polled as dynamic configuration sources.
2019-06-14 10:01:24.357 [main] WARN  o.s.c.c.client.ConfigServicePropertySourceLocator - Could not locate PropertySource: I/O error on GET request for "http://localhost:8888/producer/default": Connection refused: connect; nested exception is java.net.ConnectException: Connection refused: connect
2019-06-14 10:01:25.778 [main] WARN  o.springframework.boot.actuate.endpoint.EndpointId - Endpoint ID 'service-registry' contains invalid characters, please migrate to a valid format.
2019-06-14 10:01:25.794 [main] WARN  o.springframework.boot.actuate.endpoint.EndpointId - Endpoint ID 'hystrix.stream' contains invalid characters, please migrate to a valid format.
2019-06-14 10:01:28.840 [main] WARN  com.netflix.config.sources.URLConfigurationSource - No URLs will be polled as dynamic configuration sources.
2019-06-14 10:01:28.840 [main] WARN  com.netflix.config.sources.URLConfigurationSource - No URLs will be polled as dynamic configuration sources.
2019-06-14 10:02:05.123 [main] WARN  o.s.c.c.client.ConfigServicePropertySourceLocator - Could not locate PropertySource: I/O error on GET request for "http://localhost:8888/producer/default": Connection refused: connect; nested exception is java.net.ConnectException: Connection refused: connect
2019-06-14 10:02:07.653 [main] WARN  o.springframework.boot.actuate.endpoint.EndpointId - Endpoint ID 'service-registry' contains invalid characters, please migrate to a valid format.
2019-06-14 10:02:07.685 [main] WARN  o.springframework.boot.actuate.endpoint.EndpointId - Endpoint ID 'hystrix.stream' contains invalid characters, please migrate to a valid format.
2019-06-14 10:02:12.193 [main] WARN  com.netflix.config.sources.URLConfigurationSource - No URLs will be polled as dynamic configuration sources.
2019-06-14 10:02:12.208 [main] WARN  com.netflix.config.sources.URLConfigurationSource - No URLs will be polled as dynamic configuration sources.
2019-06-14 10:02:23.658 [main] WARN  o.s.c.c.client.ConfigServicePropertySourceLocator - Could not locate PropertySource: I/O error on GET request for "http://localhost:8888/producer/default": Connection refused: connect; nested exception is java.net.ConnectException: Connection refused: connect
2019-06-14 10:02:24.892 [main] WARN  o.springframework.boot.actuate.endpoint.EndpointId - Endpoint ID 'service-registry' contains invalid characters, please migrate to a valid format.
2019-06-14 10:02:24.908 [main] WARN  o.springframework.boot.actuate.endpoint.EndpointId - Endpoint ID 'hystrix.stream' contains invalid characters, please migrate to a valid format.
2019-06-14 10:02:28.891 [main] WARN  com.netflix.config.sources.URLConfigurationSource - No URLs will be polled as dynamic configuration sources.
2019-06-14 10:02:28.922 [main] WARN  com.netflix.config.sources.URLConfigurationSource - No URLs will be polled as dynamic configuration sources.
2019-06-14 10:03:12.252 [main] WARN  o.s.c.c.client.ConfigServicePropertySourceLocator - Could not locate PropertySource: I/O error on GET request for "http://localhost:8888/producer/default": Connection refused: connect; nested exception is java.net.ConnectException: Connection refused: connect
2019-06-14 10:03:13.626 [main] WARN  o.springframework.boot.actuate.endpoint.EndpointId - Endpoint ID 'service-registry' contains invalid characters, please migrate to a valid format.
2019-06-14 10:03:13.642 [main] WARN  o.springframework.boot.actuate.endpoint.EndpointId - Endpoint ID 'hystrix.stream' contains invalid characters, please migrate to a valid format.
2019-06-14 10:03:16.813 [main] WARN  com.netflix.config.sources.URLConfigurationSource - No URLs will be polled as dynamic configuration sources.
2019-06-14 10:03:16.829 [main] WARN  com.netflix.config.sources.URLConfigurationSource - No URLs will be polled as dynamic configuration sources.
2019-06-14 10:10:01.924 [main] WARN  o.s.c.c.client.ConfigServicePropertySourceLocator - Could not locate PropertySource: I/O error on GET request for "http://localhost:8888/producer/default": Connection refused: connect; nested exception is java.net.ConnectException: Connection refused: connect
2019-06-14 10:10:02.580 [main] WARN  o.s.w.context.support.GenericWebApplicationContext - Exception encountered during context initialization - cancelling refresh attempt: org.springframework.beans.factory.support.BeanDefinitionOverrideException: Invalid bean definition with name 'redisUtil' defined in class path resource [com/sieyuan/producer/config/RedisConfig.class]: Cannot register bean definition [Root bean: class [null]; scope=; abstract=false; lazyInit=false; autowireMode=3; dependencyCheck=0; autowireCandidate=true; primary=false; factoryBeanName=redisConfig; factoryMethodName=redisUtil; initMethodName=null; destroyMethodName=(inferred); defined in class path resource [com/sieyuan/producer/config/RedisConfig.class]] for bean 'redisUtil': There is already [Generic bean: class [com.sieyuan.producer.utils.RedisUtil]; scope=singleton; abstract=false; lazyInit=false; autowireMode=0; dependencyCheck=0; autowireCandidate=true; primary=false; factoryBeanName=null; factoryMethodName=null; initMethodName=null; destroyMethodName=null; defined in file [D:\项目\code\producer\producer\target\classes\com\sieyuan\producer\utils\RedisUtil.class]] bound.
2019-06-14 10:11:07.184 [main] WARN  o.s.c.c.client.ConfigServicePropertySourceLocator - Could not locate PropertySource: I/O error on GET request for "http://localhost:8888/producer/default": Connection refused: connect; nested exception is java.net.ConnectException: Connection refused: connect
2019-06-14 10:11:07.808 [main] WARN  o.s.w.context.support.GenericWebApplicationContext - Exception encountered during context initialization - cancelling refresh attempt: org.springframework.beans.factory.support.BeanDefinitionOverrideException: Invalid bean definition with name 'redisUtil' defined in class path resource [com/sieyuan/producer/config/RedisConfig.class]: Cannot register bean definition [Root bean: class [null]; scope=; abstract=false; lazyInit=false; autowireMode=3; dependencyCheck=0; autowireCandidate=true; primary=false; factoryBeanName=redisConfig; factoryMethodName=redisUtil; initMethodName=null; destroyMethodName=(inferred); defined in class path resource [com/sieyuan/producer/config/RedisConfig.class]] for bean 'redisUtil': There is already [Generic bean: class [com.sieyuan.producer.utils.RedisUtil]; scope=singleton; abstract=false; lazyInit=false; autowireMode=0; dependencyCheck=0; autowireCandidate=true; primary=false; factoryBeanName=null; factoryMethodName=null; initMethodName=null; destroyMethodName=null; defined in file [D:\项目\code\producer\producer\target\classes\com\sieyuan\producer\utils\RedisUtil.class]] bound.
2019-06-14 10:17:31.721 [main] WARN  o.s.c.c.client.ConfigServicePropertySourceLocator - Could not locate PropertySource: I/O error on GET request for "http://localhost:8888/producer/default": Connection refused: connect; nested exception is java.net.ConnectException: Connection refused: connect
2019-06-14 10:17:33.530 [main] WARN  o.springframework.boot.actuate.endpoint.EndpointId - Endpoint ID 'service-registry' contains invalid characters, please migrate to a valid format.
2019-06-14 10:17:33.545 [main] WARN  o.springframework.boot.actuate.endpoint.EndpointId - Endpoint ID 'hystrix.stream' contains invalid characters, please migrate to a valid format.
2019-06-14 10:17:36.317 [main] WARN  com.netflix.config.sources.URLConfigurationSource - No URLs will be polled as dynamic configuration sources.
2019-06-14 10:17:36.326 [main] WARN  com.netflix.config.sources.URLConfigurationSource - No URLs will be polled as dynamic configuration sources.
2019-06-14 10:18:48.678 [main] WARN  o.s.c.c.client.ConfigServicePropertySourceLocator - Could not locate PropertySource: I/O error on GET request for "http://localhost:8888/producer/default": Connection refused: connect; nested exception is java.net.ConnectException: Connection refused: connect
2019-06-14 10:18:49.928 [main] WARN  o.springframework.boot.actuate.endpoint.EndpointId - Endpoint ID 'service-registry' contains invalid characters, please migrate to a valid format.
2019-06-14 10:18:49.943 [main] WARN  o.springframework.boot.actuate.endpoint.EndpointId - Endpoint ID 'hystrix.stream' contains invalid characters, please migrate to a valid format.
2019-06-14 10:18:52.476 [main] WARN  com.netflix.config.sources.URLConfigurationSource - No URLs will be polled as dynamic configuration sources.
2019-06-14 10:18:52.476 [main] WARN  com.netflix.config.sources.URLConfigurationSource - No URLs will be polled as dynamic configuration sources.
2019-06-14 10:32:22.253 [main] WARN  o.s.c.c.client.ConfigServicePropertySourceLocator - Could not locate PropertySource: I/O error on GET request for "http://localhost:8888/producer/default": Connection refused: connect; nested exception is java.net.ConnectException: Connection refused: connect
2019-06-14 10:32:23.456 [main] WARN  o.springframework.boot.actuate.endpoint.EndpointId - Endpoint ID 'service-registry' contains invalid characters, please migrate to a valid format.
2019-06-14 10:32:23.471 [main] WARN  o.springframework.boot.actuate.endpoint.EndpointId - Endpoint ID 'hystrix.stream' contains invalid characters, please migrate to a valid format.
2019-06-14 10:32:26.064 [main] WARN  com.netflix.config.sources.URLConfigurationSource - No URLs will be polled as dynamic configuration sources.
2019-06-14 10:32:26.064 [main] WARN  com.netflix.config.sources.URLConfigurationSource - No URLs will be polled as dynamic configuration sources.
2019-06-14 10:36:39.164 [main] WARN  o.s.c.c.client.ConfigServicePropertySourceLocator - Could not locate PropertySource: I/O error on GET request for "http://localhost:8888/producer/default": Connection refused: connect; nested exception is java.net.ConnectException: Connection refused: connect
2019-06-14 10:36:40.367 [main] WARN  o.springframework.boot.actuate.endpoint.EndpointId - Endpoint ID 'service-registry' contains invalid characters, please migrate to a valid format.
2019-06-14 10:36:40.382 [main] WARN  o.springframework.boot.actuate.endpoint.EndpointId - Endpoint ID 'hystrix.stream' contains invalid characters, please migrate to a valid format.
2019-06-14 10:36:43.022 [main] WARN  com.netflix.config.sources.URLConfigurationSource - No URLs will be polled as dynamic configuration sources.
2019-06-14 10:36:43.022 [main] WARN  com.netflix.config.sources.URLConfigurationSource - No URLs will be polled as dynamic configuration sources.
2019-06-14 10:46:37.059 [main] WARN  o.s.c.c.client.ConfigServicePropertySourceLocator - Could not locate PropertySource: I/O error on GET request for "http://localhost:8888/producer/default": Connection refused: connect; nested exception is java.net.ConnectException: Connection refused: connect
2019-06-14 10:46:38.245 [main] WARN  o.springframework.boot.actuate.endpoint.EndpointId - Endpoint ID 'service-registry' contains invalid characters, please migrate to a valid format.
2019-06-14 10:46:38.261 [main] WARN  o.springframework.boot.actuate.endpoint.EndpointId - Endpoint ID 'hystrix.stream' contains invalid characters, please migrate to a valid format.
2019-06-14 10:46:40.823 [main] WARN  com.netflix.config.sources.URLConfigurationSource - No URLs will be polled as dynamic configuration sources.
2019-06-14 10:46:40.823 [main] WARN  com.netflix.config.sources.URLConfigurationSource - No URLs will be polled as dynamic configuration sources.
2019-06-14 10:48:56.723 [main] WARN  o.s.c.c.client.ConfigServicePropertySourceLocator - Could not locate PropertySource: I/O error on GET request for "http://localhost:8888/producer/default": Connection refused: connect; nested exception is java.net.ConnectException: Connection refused: connect
2019-06-14 10:48:57.941 [main] WARN  o.springframework.boot.actuate.endpoint.EndpointId - Endpoint ID 'service-registry' contains invalid characters, please migrate to a valid format.
2019-06-14 10:48:57.956 [main] WARN  o.springframework.boot.actuate.endpoint.EndpointId - Endpoint ID 'hystrix.stream' contains invalid characters, please migrate to a valid format.
2019-06-14 10:49:00.550 [main] WARN  com.netflix.config.sources.URLConfigurationSource - No URLs will be polled as dynamic configuration sources.
2019-06-14 10:49:00.550 [main] WARN  com.netflix.config.sources.URLConfigurationSource - No URLs will be polled as dynamic configuration sources.
2019-06-14 10:51:13.438 [main] WARN  o.s.c.c.client.ConfigServicePropertySourceLocator - Could not locate PropertySource: I/O error on GET request for "http://localhost:8888/producer/default": Connection refused: connect; nested exception is java.net.ConnectException: Connection refused: connect
2019-06-14 10:51:14.656 [main] WARN  o.springframework.boot.actuate.endpoint.EndpointId - Endpoint ID 'service-registry' contains invalid characters, please migrate to a valid format.
2019-06-14 10:51:14.672 [main] WARN  o.springframework.boot.actuate.endpoint.EndpointId - Endpoint ID 'hystrix.stream' contains invalid characters, please migrate to a valid format.
2019-06-14 10:51:17.187 [main] WARN  com.netflix.config.sources.URLConfigurationSource - No URLs will be polled as dynamic configuration sources.
2019-06-14 10:51:17.202 [main] WARN  com.netflix.config.sources.URLConfigurationSource - No URLs will be polled as dynamic configuration sources.
2019-06-14 11:10:19.757 [main] WARN  o.s.c.c.client.ConfigServicePropertySourceLocator - Could not locate PropertySource: I/O error on GET request for "http://localhost:8888/producer/default": Connection refused: connect; nested exception is java.net.ConnectException: Connection refused: connect
2019-06-14 11:10:20.991 [main] WARN  o.springframework.boot.actuate.endpoint.EndpointId - Endpoint ID 'service-registry' contains invalid characters, please migrate to a valid format.
2019-06-14 11:10:21.006 [main] WARN  o.springframework.boot.actuate.endpoint.EndpointId - Endpoint ID 'hystrix.stream' contains invalid characters, please migrate to a valid format.
2019-06-14 11:10:23.678 [main] WARN  com.netflix.config.sources.URLConfigurationSource - No URLs will be polled as dynamic configuration sources.
2019-06-14 11:10:23.678 [main] WARN  com.netflix.config.sources.URLConfigurationSource - No URLs will be polled as dynamic configuration sources.
2019-06-14 11:14:21.683 [main] WARN  o.s.c.c.client.ConfigServicePropertySourceLocator - Could not locate PropertySource: I/O error on GET request for "http://localhost:8888/producer/default": Connection refused: connect; nested exception is java.net.ConnectException: Connection refused: connect
2019-06-14 11:14:23.199 [main] WARN  o.springframework.boot.actuate.endpoint.EndpointId - Endpoint ID 'service-registry' contains invalid characters, please migrate to a valid format.
2019-06-14 11:14:23.214 [main] WARN  o.springframework.boot.actuate.endpoint.EndpointId - Endpoint ID 'hystrix.stream' contains invalid characters, please migrate to a valid format.
2019-06-14 11:14:25.885 [main] WARN  com.netflix.config.sources.URLConfigurationSource - No URLs will be polled as dynamic configuration sources.
2019-06-14 11:14:25.885 [main] WARN  com.netflix.config.sources.URLConfigurationSource - No URLs will be polled as dynamic configuration sources.
2019-06-14 11:18:52.620 [main] WARN  o.s.c.c.client.ConfigServicePropertySourceLocator - Could not locate PropertySource: I/O error on GET request for "http://localhost:8888/producer/default": Connection refused: connect; nested exception is java.net.ConnectException: Connection refused: connect
2019-06-14 11:18:53.872 [main] WARN  o.springframework.boot.actuate.endpoint.EndpointId - Endpoint ID 'service-registry' contains invalid characters, please migrate to a valid format.
2019-06-14 11:18:53.888 [main] WARN  o.springframework.boot.actuate.endpoint.EndpointId - Endpoint ID 'hystrix.stream' contains invalid characters, please migrate to a valid format.
2019-06-14 11:18:56.544 [main] WARN  com.netflix.config.sources.URLConfigurationSource - No URLs will be polled as dynamic configuration sources.
2019-06-14 11:18:56.559 [main] WARN  com.netflix.config.sources.URLConfigurationSource - No URLs will be polled as dynamic configuration sources.
2019-06-14 11:21:13.277 [main] WARN  o.s.c.c.client.ConfigServicePropertySourceLocator - Could not locate PropertySource: I/O error on GET request for "http://localhost:8888/producer/default": Connection refused: connect; nested exception is java.net.ConnectException: Connection refused: connect
2019-06-14 11:21:14.495 [main] WARN  o.springframework.boot.actuate.endpoint.EndpointId - Endpoint ID 'service-registry' contains invalid characters, please migrate to a valid format.
2019-06-14 11:21:14.495 [main] WARN  o.springframework.boot.actuate.endpoint.EndpointId - Endpoint ID 'hystrix.stream' contains invalid characters, please migrate to a valid format.
2019-06-14 11:21:17.103 [main] WARN  com.netflix.config.sources.URLConfigurationSource - No URLs will be polled as dynamic configuration sources.
2019-06-14 11:21:17.118 [main] WARN  com.netflix.config.sources.URLConfigurationSource - No URLs will be polled as dynamic configuration sources.
2019-06-14 11:39:56.647 [main] WARN  o.s.c.c.client.ConfigServicePropertySourceLocator - Could not locate PropertySource: I/O error on GET request for "http://localhost:8888/producer/default": Connection refused: connect; nested exception is java.net.ConnectException: Connection refused: connect
2019-06-14 11:39:57.866 [main] WARN  o.springframework.boot.actuate.endpoint.EndpointId - Endpoint ID 'service-registry' contains invalid characters, please migrate to a valid format.
2019-06-14 11:39:57.881 [main] WARN  o.springframework.boot.actuate.endpoint.EndpointId - Endpoint ID 'hystrix.stream' contains invalid characters, please migrate to a valid format.
2019-06-14 11:40:00.727 [main] WARN  com.netflix.config.sources.URLConfigurationSource - No URLs will be polled as dynamic configuration sources.
2019-06-14 11:40:00.737 [main] WARN  com.netflix.config.sources.URLConfigurationSource - No URLs will be polled as dynamic configuration sources.
2019-06-14 11:52:25.218 [main] WARN  o.s.c.c.client.ConfigServicePropertySourceLocator - Could not locate PropertySource: I/O error on GET request for "http://localhost:8888/producer/default": Connection refused: connect; nested exception is java.net.ConnectException: Connection refused: connect
2019-06-14 11:52:26.389 [main] WARN  o.springframework.boot.actuate.endpoint.EndpointId - Endpoint ID 'service-registry' contains invalid characters, please migrate to a valid format.
2019-06-14 11:52:26.421 [main] WARN  o.springframework.boot.actuate.endpoint.EndpointId - Endpoint ID 'hystrix.stream' contains invalid characters, please migrate to a valid format.
2019-06-14 11:52:29.342 [main] WARN  com.netflix.config.sources.URLConfigurationSource - No URLs will be polled as dynamic configuration sources.
2019-06-14 11:52:29.342 [main] WARN  com.netflix.config.sources.URLConfigurationSource - No URLs will be polled as dynamic configuration sources.
2019-06-14 11:53:55.870 [main] WARN  o.s.c.c.client.ConfigServicePropertySourceLocator - Could not locate PropertySource: I/O error on GET request for "http://localhost:8888/producer/default": Connection refused: connect; nested exception is java.net.ConnectException: Connection refused: connect
2019-06-14 11:53:57.042 [main] WARN  o.springframework.boot.actuate.endpoint.EndpointId - Endpoint ID 'service-registry' contains invalid characters, please migrate to a valid format.
2019-06-14 11:53:57.057 [main] WARN  o.springframework.boot.actuate.endpoint.EndpointId - Endpoint ID 'hystrix.stream' contains invalid characters, please migrate to a valid format.
2019-06-14 11:53:59.557 [main] WARN  com.netflix.config.sources.URLConfigurationSource - No URLs will be polled as dynamic configuration sources.
2019-06-14 11:53:59.572 [main] WARN  com.netflix.config.sources.URLConfigurationSource - No URLs will be polled as dynamic configuration sources.
2019-06-14 11:54:28.684 [main] WARN  o.s.c.c.client.ConfigServicePropertySourceLocator - Could not locate PropertySource: I/O error on GET request for "http://localhost:8888/producer/default": Connection refused: connect; nested exception is java.net.ConnectException: Connection refused: connect
2019-06-14 11:54:29.934 [main] WARN  o.springframework.boot.actuate.endpoint.EndpointId - Endpoint ID 'service-registry' contains invalid characters, please migrate to a valid format.
2019-06-14 11:54:29.965 [main] WARN  o.springframework.boot.actuate.endpoint.EndpointId - Endpoint ID 'hystrix.stream' contains invalid characters, please migrate to a valid format.
2019-06-14 11:54:32.496 [main] WARN  com.netflix.config.sources.URLConfigurationSource - No URLs will be polled as dynamic configuration sources.
2019-06-14 11:54:32.496 [main] WARN  com.netflix.config.sources.URLConfigurationSource - No URLs will be polled as dynamic configuration sources.
2019-06-14 13:59:11.757 [main] WARN  o.s.c.c.client.ConfigServicePropertySourceLocator - Could not locate PropertySource: I/O error on GET request for "http://localhost:8888/producer/default": Connection refused: connect; nested exception is java.net.ConnectException: Connection refused: connect
2019-06-14 13:59:13.023 [main] WARN  o.springframework.boot.actuate.endpoint.EndpointId - Endpoint ID 'service-registry' contains invalid characters, please migrate to a valid format.
2019-06-14 13:59:13.039 [main] WARN  o.springframework.boot.actuate.endpoint.EndpointId - Endpoint ID 'hystrix.stream' contains invalid characters, please migrate to a valid format.
2019-06-14 13:59:15.684 [main] WARN  com.netflix.config.sources.URLConfigurationSource - No URLs will be polled as dynamic configuration sources.
2019-06-14 13:59:15.684 [main] WARN  com.netflix.config.sources.URLConfigurationSource - No URLs will be polled as dynamic configuration sources.
2019-06-14 13:59:46.189 [main] WARN  o.s.c.c.client.ConfigServicePropertySourceLocator - Could not locate PropertySource: I/O error on GET request for "http://localhost:8888/producer/default": Connection refused: connect; nested exception is java.net.ConnectException: Connection refused: connect
2019-06-14 13:59:57.933 [main] WARN  o.s.c.c.client.ConfigServicePropertySourceLocator - Could not locate PropertySource: I/O error on GET request for "http://localhost:8888/producer/default": Connection refused: connect; nested exception is java.net.ConnectException: Connection refused: connect
2019-06-14 13:59:59.153 [main] WARN  o.springframework.boot.actuate.endpoint.EndpointId - Endpoint ID 'service-registry' contains invalid characters, please migrate to a valid format.
2019-06-14 13:59:59.168 [main] WARN  o.springframework.boot.actuate.endpoint.EndpointId - Endpoint ID 'hystrix.stream' contains invalid characters, please migrate to a valid format.
2019-06-14 14:00:01.764 [main] WARN  com.netflix.config.sources.URLConfigurationSource - No URLs will be polled as dynamic configuration sources.
2019-06-14 14:00:01.764 [main] WARN  com.netflix.config.sources.URLConfigurationSource - No URLs will be polled as dynamic configuration sources.
2019-06-14 14:02:50.797 [main] WARN  o.s.c.c.client.ConfigServicePropertySourceLocator - Could not locate PropertySource: I/O error on GET request for "http://localhost:8888/producer/default": Connection refused: connect; nested exception is java.net.ConnectException: Connection refused: connect
2019-06-14 14:02:52.162 [main] WARN  o.springframework.boot.actuate.endpoint.EndpointId - Endpoint ID 'service-registry' contains invalid characters, please migrate to a valid format.
2019-06-14 14:02:52.178 [main] WARN  o.springframework.boot.actuate.endpoint.EndpointId - Endpoint ID 'hystrix.stream' contains invalid characters, please migrate to a valid format.
2019-06-14 14:02:55.198 [main] WARN  com.netflix.config.sources.URLConfigurationSource - No URLs will be polled as dynamic configuration sources.
2019-06-14 14:02:55.214 [main] WARN  com.netflix.config.sources.URLConfigurationSource - No URLs will be polled as dynamic configuration sources.
2019-06-14 14:07:05.813 [main] WARN  o.s.c.c.client.ConfigServicePropertySourceLocator - Could not locate PropertySource: I/O error on GET request for "http://localhost:8888/producer/default": Connection refused: connect; nested exception is java.net.ConnectException: Connection refused: connect
2019-06-14 14:07:07.016 [main] WARN  o.springframework.boot.actuate.endpoint.EndpointId - Endpoint ID 'service-registry' contains invalid characters, please migrate to a valid format.
2019-06-14 14:07:07.031 [main] WARN  o.springframework.boot.actuate.endpoint.EndpointId - Endpoint ID 'hystrix.stream' contains invalid characters, please migrate to a valid format.
2019-06-14 14:07:09.642 [main] WARN  com.netflix.config.sources.URLConfigurationSource - No URLs will be polled as dynamic configuration sources.
2019-06-14 14:07:09.642 [main] WARN  com.netflix.config.sources.URLConfigurationSource - No URLs will be polled as dynamic configuration sources.
2019-06-14 14:11:19.015 [main] WARN  o.s.c.c.client.ConfigServicePropertySourceLocator - Could not locate PropertySource: I/O error on GET request for "http://localhost:8888/producer/default": Connection refused: connect; nested exception is java.net.ConnectException: Connection refused: connect
2019-06-14 14:11:20.218 [main] WARN  o.springframework.boot.actuate.endpoint.EndpointId - Endpoint ID 'service-registry' contains invalid characters, please migrate to a valid format.
2019-06-14 14:11:20.234 [main] WARN  o.springframework.boot.actuate.endpoint.EndpointId - Endpoint ID 'hystrix.stream' contains invalid characters, please migrate to a valid format.
2019-06-14 14:11:22.905 [main] WARN  com.netflix.config.sources.URLConfigurationSource - No URLs will be polled as dynamic configuration sources.
2019-06-14 14:11:22.905 [main] WARN  com.netflix.config.sources.URLConfigurationSource - No URLs will be polled as dynamic configuration sources.
2019-06-14 15:13:35.773 [main] WARN  o.s.c.c.client.ConfigServicePropertySourceLocator - Could not locate PropertySource: I/O error on GET request for "http://localhost:8888/producer/default": Connection refused: connect; nested exception is java.net.ConnectException: Connection refused: connect
2019-06-14 15:13:37.288 [main] WARN  o.springframework.boot.actuate.endpoint.EndpointId - Endpoint ID 'service-registry' contains invalid characters, please migrate to a valid format.
2019-06-14 15:13:37.303 [main] WARN  o.springframework.boot.actuate.endpoint.EndpointId - Endpoint ID 'hystrix.stream' contains invalid characters, please migrate to a valid format.
2019-06-14 15:13:40.214 [main] WARN  com.netflix.config.sources.URLConfigurationSource - No URLs will be polled as dynamic configuration sources.
2019-06-14 15:13:40.223 [main] WARN  com.netflix.config.sources.URLConfigurationSource - No URLs will be polled as dynamic configuration sources.
2019-06-14 15:37:21.316 [main] WARN  o.s.c.c.client.ConfigServicePropertySourceLocator - Could not locate PropertySource: I/O error on GET request for "http://localhost:8888/producer/default": Connection refused: connect; nested exception is java.net.ConnectException: Connection refused: connect
2019-06-14 15:37:22.769 [main] WARN  o.springframework.boot.actuate.endpoint.EndpointId - Endpoint ID 'service-registry' contains invalid characters, please migrate to a valid format.
2019-06-14 15:37:22.787 [main] WARN  o.springframework.boot.actuate.endpoint.EndpointId - Endpoint ID 'hystrix.stream' contains invalid characters, please migrate to a valid format.
2019-06-14 15:37:25.916 [main] WARN  com.netflix.config.sources.URLConfigurationSource - No URLs will be polled as dynamic configuration sources.
2019-06-14 15:37:25.924 [main] WARN  com.netflix.config.sources.URLConfigurationSource - No URLs will be polled as dynamic configuration sources.
2019-06-14 15:54:18.098 [main] WARN  o.s.c.c.client.ConfigServicePropertySourceLocator - Could not locate PropertySource: I/O error on GET request for "http://localhost:8888/producer/default": Connection refused: connect; nested exception is java.net.ConnectException: Connection refused: connect
2019-06-14 15:54:19.468 [main] WARN  o.springframework.boot.actuate.endpoint.EndpointId - Endpoint ID 'service-registry' contains invalid characters, please migrate to a valid format.
2019-06-14 15:54:19.485 [main] WARN  o.springframework.boot.actuate.endpoint.EndpointId - Endpoint ID 'hystrix.stream' contains invalid characters, please migrate to a valid format.
2019-06-14 15:54:22.400 [main] WARN  com.netflix.config.sources.URLConfigurationSource - No URLs will be polled as dynamic configuration sources.
2019-06-14 15:54:22.409 [main] WARN  com.netflix.config.sources.URLConfigurationSource - No URLs will be polled as dynamic configuration sources.
2019-06-14 16:18:08.649 [main] WARN  o.s.c.c.client.ConfigServicePropertySourceLocator - Could not locate PropertySource: I/O error on GET request for "http://localhost:8888/producer/default": Connection refused: connect; nested exception is java.net.ConnectException: Connection refused: connect
2019-06-14 16:18:10.079 [main] WARN  o.springframework.boot.actuate.endpoint.EndpointId - Endpoint ID 'service-registry' contains invalid characters, please migrate to a valid format.
2019-06-14 16:18:10.096 [main] WARN  o.springframework.boot.actuate.endpoint.EndpointId - Endpoint ID 'hystrix.stream' contains invalid characters, please migrate to a valid format.
2019-06-14 16:18:13.113 [main] WARN  com.netflix.config.sources.URLConfigurationSource - No URLs will be polled as dynamic configuration sources.
2019-06-14 16:18:13.122 [main] WARN  com.netflix.config.sources.URLConfigurationSource - No URLs will be polled as dynamic configuration sources.
2019-06-14 16:21:36.754 [main] WARN  o.s.c.c.client.ConfigServicePropertySourceLocator - Could not locate PropertySource: I/O error on GET request for "http://localhost:8888/producer/default": Connection refused: connect; nested exception is java.net.ConnectException: Connection refused: connect
2019-06-14 16:21:37.962 [main] WARN  o.springframework.boot.actuate.endpoint.EndpointId - Endpoint ID 'service-registry' contains invalid characters, please migrate to a valid format.
2019-06-14 16:21:37.974 [main] WARN  o.springframework.boot.actuate.endpoint.EndpointId - Endpoint ID 'hystrix.stream' contains invalid characters, please migrate to a valid format.
2019-06-14 16:21:40.447 [main] WARN  com.netflix.config.sources.URLConfigurationSource - No URLs will be polled as dynamic configuration sources.
2019-06-14 16:21:40.447 [main] WARN  com.netflix.config.sources.URLConfigurationSource - No URLs will be polled as dynamic configuration sources.
2019-06-14 16:23:01.528 [main] WARN  o.s.c.c.client.ConfigServicePropertySourceLocator - Could not locate PropertySource: I/O error on GET request for "http://localhost:8888/producer/default": Connection refused: connect; nested exception is java.net.ConnectException: Connection refused: connect
2019-06-14 16:23:02.878 [main] WARN  o.springframework.boot.actuate.endpoint.EndpointId - Endpoint ID 'service-registry' contains invalid characters, please migrate to a valid format.
2019-06-14 16:23:02.897 [main] WARN  o.springframework.boot.actuate.endpoint.EndpointId - Endpoint ID 'hystrix.stream' contains invalid characters, please migrate to a valid format.
2019-06-14 16:23:05.553 [main] WARN  com.netflix.config.sources.URLConfigurationSource - No URLs will be polled as dynamic configuration sources.
2019-06-14 16:23:05.559 [main] WARN  com.netflix.config.sources.URLConfigurationSource - No URLs will be polled as dynamic configuration sources.
2019-06-14 16:25:20.600 [main] WARN  o.s.c.c.client.ConfigServicePropertySourceLocator - Could not locate PropertySource: I/O error on GET request for "http://localhost:8888/producer/default": Connection refused: connect; nested exception is java.net.ConnectException: Connection refused: connect
2019-06-14 16:25:21.873 [main] WARN  o.springframework.boot.actuate.endpoint.EndpointId - Endpoint ID 'service-registry' contains invalid characters, please migrate to a valid format.
2019-06-14 16:25:21.889 [main] WARN  o.springframework.boot.actuate.endpoint.EndpointId - Endpoint ID 'hystrix.stream' contains invalid characters, please migrate to a valid format.
2019-06-14 16:25:24.420 [main] WARN  com.netflix.config.sources.URLConfigurationSource - No URLs will be polled as dynamic configuration sources.
2019-06-14 16:25:24.426 [main] WARN  com.netflix.config.sources.URLConfigurationSource - No URLs will be polled as dynamic configuration sources.
2019-06-14 16:28:02.729 [main] WARN  o.s.c.c.client.ConfigServicePropertySourceLocator - Could not locate PropertySource: I/O error on GET request for "http://localhost:8888/producer/default": Connection refused: connect; nested exception is java.net.ConnectException: Connection refused: connect
2019-06-14 16:28:04.024 [main] WARN  o.springframework.boot.actuate.endpoint.EndpointId - Endpoint ID 'service-registry' contains invalid characters, please migrate to a valid format.
2019-06-14 16:28:04.043 [main] WARN  o.springframework.boot.actuate.endpoint.EndpointId - Endpoint ID 'hystrix.stream' contains invalid characters, please migrate to a valid format.
2019-06-14 16:28:06.705 [main] WARN  com.netflix.config.sources.URLConfigurationSource - No URLs will be polled as dynamic configuration sources.
2019-06-14 16:28:06.713 [main] WARN  com.netflix.config.sources.URLConfigurationSource - No URLs will be polled as dynamic configuration sources.
2019-06-14 16:29:47.629 [main] WARN  o.s.c.c.client.ConfigServicePropertySourceLocator - Could not locate PropertySource: I/O error on GET request for "http://localhost:8888/producer/default": Connection refused: connect; nested exception is java.net.ConnectException: Connection refused: connect
2019-06-14 16:29:48.847 [main] WARN  o.springframework.boot.actuate.endpoint.EndpointId - Endpoint ID 'service-registry' contains invalid characters, please migrate to a valid format.
2019-06-14 16:29:48.864 [main] WARN  o.springframework.boot.actuate.endpoint.EndpointId - Endpoint ID 'hystrix.stream' contains invalid characters, please migrate to a valid format.
2019-06-14 16:29:51.457 [main] WARN  com.netflix.config.sources.URLConfigurationSource - No URLs will be polled as dynamic configuration sources.
2019-06-14 16:29:51.464 [main] WARN  com.netflix.config.sources.URLConfigurationSource - No URLs will be polled as dynamic configuration sources.
2019-06-14 16:32:20.588 [main] WARN  o.s.c.c.client.ConfigServicePropertySourceLocator - Could not locate PropertySource: I/O error on GET request for "http://localhost:8888/producer/default": Connection refused: connect; nested exception is java.net.ConnectException: Connection refused: connect
2019-06-14 16:32:21.912 [main] WARN  o.springframework.boot.actuate.endpoint.EndpointId - Endpoint ID 'service-registry' contains invalid characters, please migrate to a valid format.
2019-06-14 16:32:21.930 [main] WARN  o.springframework.boot.actuate.endpoint.EndpointId - Endpoint ID 'hystrix.stream' contains invalid characters, please migrate to a valid format.
2019-06-14 16:32:24.701 [main] WARN  com.netflix.config.sources.URLConfigurationSource - No URLs will be polled as dynamic configuration sources.
2019-06-14 16:32:24.708 [main] WARN  com.netflix.config.sources.URLConfigurationSource - No URLs will be polled as dynamic configuration sources.
2019-06-14 16:32:40.749 [main] WARN  o.s.c.c.client.ConfigServicePropertySourceLocator - Could not locate PropertySource: I/O error on GET request for "http://localhost:8888/producer/default": Connection refused: connect; nested exception is java.net.ConnectException: Connection refused: connect
2019-06-14 16:32:42.045 [main] WARN  o.springframework.boot.actuate.endpoint.EndpointId - Endpoint ID 'service-registry' contains invalid characters, please migrate to a valid format.
2019-06-14 16:32:42.058 [main] WARN  o.springframework.boot.actuate.endpoint.EndpointId - Endpoint ID 'hystrix.stream' contains invalid characters, please migrate to a valid format.
2019-06-14 16:32:44.651 [main] WARN  com.netflix.config.sources.URLConfigurationSource - No URLs will be polled as dynamic configuration sources.
2019-06-14 16:32:44.658 [main] WARN  com.netflix.config.sources.URLConfigurationSource - No URLs will be polled as dynamic configuration sources.
2019-06-14 16:34:49.959 [main] WARN  o.s.c.c.client.ConfigServicePropertySourceLocator - Could not locate PropertySource: I/O error on GET request for "http://localhost:8888/producer/default": Connection refused: connect; nested exception is java.net.ConnectException: Connection refused: connect
2019-06-14 16:34:51.316 [main] WARN  o.springframework.boot.actuate.endpoint.EndpointId - Endpoint ID 'service-registry' contains invalid characters, please migrate to a valid format.
2019-06-14 16:34:51.335 [main] WARN  o.springframework.boot.actuate.endpoint.EndpointId - Endpoint ID 'hystrix.stream' contains invalid characters, please migrate to a valid format.
2019-06-14 16:34:54.416 [main] WARN  com.netflix.config.sources.URLConfigurationSource - No URLs will be polled as dynamic configuration sources.
2019-06-14 16:34:54.431 [main] WARN  com.netflix.config.sources.URLConfigurationSource - No URLs will be polled as dynamic configuration sources.
2019-06-14 16:40:59.080 [main] WARN  o.s.c.c.client.ConfigServicePropertySourceLocator - Could not locate PropertySource: I/O error on GET request for "http://localhost:8888/producer/default": Connection refused: connect; nested exception is java.net.ConnectException: Connection refused: connect
2019-06-14 16:41:00.483 [main] WARN  o.springframework.boot.actuate.endpoint.EndpointId - Endpoint ID 'service-registry' contains invalid characters, please migrate to a valid format.
2019-06-14 16:41:00.498 [main] WARN  o.springframework.boot.actuate.endpoint.EndpointId - Endpoint ID 'hystrix.stream' contains invalid characters, please migrate to a valid format.
2019-06-14 16:41:03.432 [main] WARN  com.netflix.config.sources.URLConfigurationSource - No URLs will be polled as dynamic configuration sources.
2019-06-14 16:41:03.441 [main] WARN  com.netflix.config.sources.URLConfigurationSource - No URLs will be polled as dynamic configuration sources.
2019-06-14 16:41:43.310 [main] WARN  o.s.c.c.client.ConfigServicePropertySourceLocator - Could not locate PropertySource: I/O error on GET request for "http://localhost:8888/producer/default": Connection refused: connect; nested exception is java.net.ConnectException: Connection refused: connect
2019-06-14 16:41:44.690 [main] WARN  o.springframework.boot.actuate.endpoint.EndpointId - Endpoint ID 'service-registry' contains invalid characters, please migrate to a valid format.
2019-06-14 16:41:44.708 [main] WARN  o.springframework.boot.actuate.endpoint.EndpointId - Endpoint ID 'hystrix.stream' contains invalid characters, please migrate to a valid format.
2019-06-14 16:41:47.746 [main] WARN  com.netflix.config.sources.URLConfigurationSource - No URLs will be polled as dynamic configuration sources.
2019-06-14 16:41:47.755 [main] WARN  com.netflix.config.sources.URLConfigurationSource - No URLs will be polled as dynamic configuration sources.
2019-06-14 16:44:05.670 [main] WARN  o.s.c.c.client.ConfigServicePropertySourceLocator - Could not locate PropertySource: I/O error on GET request for "http://localhost:8888/producer/default": Connection refused: connect; nested exception is java.net.ConnectException: Connection refused: connect
2019-06-14 16:44:07.273 [main] WARN  o.springframework.boot.actuate.endpoint.EndpointId - Endpoint ID 'service-registry' contains invalid characters, please migrate to a valid format.
2019-06-14 16:44:07.299 [main] WARN  o.springframework.boot.actuate.endpoint.EndpointId - Endpoint ID 'hystrix.stream' contains invalid characters, please migrate to a valid format.
2019-06-14 16:44:10.426 [main] WARN  com.netflix.config.sources.URLConfigurationSource - No URLs will be polled as dynamic configuration sources.
2019-06-14 16:44:10.436 [main] WARN  com.netflix.config.sources.URLConfigurationSource - No URLs will be polled as dynamic configuration sources.
2019-06-14 16:57:49.694 [main] WARN  o.s.c.c.client.ConfigServicePropertySourceLocator - Could not locate PropertySource: I/O error on GET request for "http://localhost:8888/producer/default": Connection refused: connect; nested exception is java.net.ConnectException: Connection refused: connect
2019-06-14 16:57:51.216 [main] WARN  o.springframework.boot.actuate.endpoint.EndpointId - Endpoint ID 'service-registry' contains invalid characters, please migrate to a valid format.
2019-06-14 16:57:51.236 [main] WARN  o.springframework.boot.actuate.endpoint.EndpointId - Endpoint ID 'hystrix.stream' contains invalid characters, please migrate to a valid format.
2019-06-14 16:57:54.574 [main] WARN  com.netflix.config.sources.URLConfigurationSource - No URLs will be polled as dynamic configuration sources.
2019-06-14 16:57:54.583 [main] WARN  com.netflix.config.sources.URLConfigurationSource - No URLs will be polled as dynamic configuration sources.
2019-06-14 16:58:48.112 [main] WARN  o.s.c.c.client.ConfigServicePropertySourceLocator - Could not locate PropertySource: I/O error on GET request for "http://localhost:8888/producer/default": Connection refused: connect; nested exception is java.net.ConnectException: Connection refused: connect
2019-06-14 16:58:49.414 [main] WARN  o.springframework.boot.actuate.endpoint.EndpointId - Endpoint ID 'service-registry' contains invalid characters, please migrate to a valid format.
2019-06-14 16:58:49.430 [main] WARN  o.springframework.boot.actuate.endpoint.EndpointId - Endpoint ID 'hystrix.stream' contains invalid characters, please migrate to a valid format.
2019-06-14 16:58:52.260 [main] WARN  com.netflix.config.sources.URLConfigurationSource - No URLs will be polled as dynamic configuration sources.
2019-06-14 16:58:52.268 [main] WARN  com.netflix.config.sources.URLConfigurationSource - No URLs will be polled as dynamic configuration sources.
2019-06-14 18:05:06.051 [restartedMain] WARN  o.s.c.c.client.ConfigServicePropertySourceLocator - Could not locate PropertySource: I/O error on GET request for "http://localhost:8888/producer/default": Connection refused: connect; nested exception is java.net.ConnectException: Connection refused: connect
2019-06-14 18:05:07.189 [restartedMain] WARN  o.springframework.boot.actuate.endpoint.EndpointId - Endpoint ID 'service-registry' contains invalid characters, please migrate to a valid format.
2019-06-14 18:05:07.201 [restartedMain] WARN  o.springframework.boot.actuate.endpoint.EndpointId - Endpoint ID 'hystrix.stream' contains invalid characters, please migrate to a valid format.
2019-06-14 18:05:08.545 [restartedMain] WARN  com.netflix.config.sources.URLConfigurationSource - No URLs will be polled as dynamic configuration sources.
2019-06-14 18:05:12.177 [restartedMain] WARN  com.netflix.config.sources.URLConfigurationSource - No URLs will be polled as dynamic configuration sources.
2019-06-14 18:05:18.016 [RMI TCP Connection(6)-127.0.0.1] WARN  o.s.c.c.client.ConfigServicePropertySourceLocator - Could not locate PropertySource: I/O error on GET request for "http://localhost:8888/producer/default": Connection refused: connect; nested exception is java.net.ConnectException: Connection refused: connect
2019-06-14 18:42:11.851 [restartedMain] WARN  o.s.c.c.client.ConfigServicePropertySourceLocator - Could not locate PropertySource: I/O error on GET request for "http://localhost:8888/producer/default": Connection refused: connect; nested exception is java.net.ConnectException: Connection refused: connect
2019-06-14 18:42:12.868 [restartedMain] WARN  o.springframework.boot.actuate.endpoint.EndpointId - Endpoint ID 'service-registry' contains invalid characters, please migrate to a valid format.
2019-06-14 18:42:12.879 [restartedMain] WARN  o.springframework.boot.actuate.endpoint.EndpointId - Endpoint ID 'hystrix.stream' contains invalid characters, please migrate to a valid format.
2019-06-14 18:42:14.163 [restartedMain] WARN  com.netflix.config.sources.URLConfigurationSource - No URLs will be polled as dynamic configuration sources.
2019-06-14 18:42:15.631 [restartedMain] WARN  o.s.b.w.s.c.AnnotationConfigServletWebServerApplicationContext - Exception encountered during context initialization - cancelling refresh attempt: org.springframework.beans.factory.UnsatisfiedDependencyException: Error creating bean with name 'producerController': Unsatisfied dependency expressed through field 'userService'; nested exception is org.springframework.beans.factory.UnsatisfiedDependencyException: Error creating bean with name 'userService': Unsatisfied dependency expressed through field 'mapper'; nested exception is org.springframework.beans.factory.UnsatisfiedDependencyException: Error creating bean with name 'userMapper' defined in file [D:\项目\code\producer\producer\target\classes\com\sieyuan\producer\dao\UserMapper.class]: Unsatisfied dependency expressed through bean property 'sqlSessionFactory'; nested exception is org.springframework.beans.factory.BeanCreationException: Error creating bean with name 'sqlSessionFactory' defined in class path resource [org/mybatis/spring/boot/autoconfigure/MybatisAutoConfiguration.class]: Bean instantiation via factory method failed; nested exception is org.springframework.beans.BeanInstantiationException: Failed to instantiate [org.apache.ibatis.session.SqlSessionFactory]: Factory method 'sqlSessionFactory' threw exception; nested exception is org.springframework.core.NestedIOException: Failed to parse mapping resource: 'file [D:\项目\code\producer\producer\target\classes\mapper\ProductMapper.xml]'; nested exception is org.apache.ibatis.builder.BuilderException: Error parsing Mapper XML. The XML location is 'file [D:\项目\code\producer\producer\target\classes\mapper\ProductMapper.xml]'. Cause: org.apache.ibatis.builder.BuilderException: Error resolving JdbcType. Cause: java.lang.IllegalArgumentException: No enum constant org.apache.ibatis.type.JdbcType.int
2019-06-14 18:42:15.652 [restartedMain] WARN  org.apache.catalina.loader.WebappClassLoaderBase - The web application [ROOT] appears to have started a thread named [RxIoScheduler-1 (Evictor)] but has failed to stop it. This is very likely to create a memory leak. Stack trace of thread:
 sun.misc.Unsafe.park(Native Method)
 java.util.concurrent.locks.LockSupport.parkNanos(LockSupport.java:215)
 java.util.concurrent.locks.AbstractQueuedSynchronizer$ConditionObject.awaitNanos(AbstractQueuedSynchronizer.java:2078)
 java.util.concurrent.ScheduledThreadPoolExecutor$DelayedWorkQueue.take(ScheduledThreadPoolExecutor.java:1093)
 java.util.concurrent.ScheduledThreadPoolExecutor$DelayedWorkQueue.take(ScheduledThreadPoolExecutor.java:809)
 java.util.concurrent.ThreadPoolExecutor.getTask(ThreadPoolExecutor.java:1074)
 java.util.concurrent.ThreadPoolExecutor.runWorker(ThreadPoolExecutor.java:1134)
 java.util.concurrent.ThreadPoolExecutor$Worker.run(ThreadPoolExecutor.java:624)
 java.lang.Thread.run(Thread.java:748)
2019-06-14 18:42:58.551 [restartedMain] WARN  o.s.c.c.client.ConfigServicePropertySourceLocator - Could not locate PropertySource: I/O error on GET request for "http://localhost:8888/producer/default": Connection refused: connect; nested exception is java.net.ConnectException: Connection refused: connect
2019-06-14 18:42:59.544 [restartedMain] WARN  o.springframework.boot.actuate.endpoint.EndpointId - Endpoint ID 'service-registry' contains invalid characters, please migrate to a valid format.
2019-06-14 18:42:59.557 [restartedMain] WARN  o.springframework.boot.actuate.endpoint.EndpointId - Endpoint ID 'hystrix.stream' contains invalid characters, please migrate to a valid format.
2019-06-14 18:43:00.838 [restartedMain] WARN  com.netflix.config.sources.URLConfigurationSource - No URLs will be polled as dynamic configuration sources.
2019-06-14 18:43:02.821 [restartedMain] WARN  com.netflix.config.sources.URLConfigurationSource - No URLs will be polled as dynamic configuration sources.
2019-06-14 18:43:07.144 [RMI TCP Connection(6)-127.0.0.1] WARN  o.s.c.c.client.ConfigServicePropertySourceLocator - Could not locate PropertySource: I/O error on GET request for "http://localhost:8888/producer/default": Connection refused: connect; nested exception is java.net.ConnectException: Connection refused: connect
2019-06-14 18:45:22.328 [restartedMain] WARN  o.s.c.c.client.ConfigServicePropertySourceLocator - Could not locate PropertySource: I/O error on GET request for "http://localhost:8888/producer/default": Connection refused: connect; nested exception is java.net.ConnectException: Connection refused: connect
2019-06-14 18:45:23.383 [restartedMain] WARN  o.springframework.boot.actuate.endpoint.EndpointId - Endpoint ID 'service-registry' contains invalid characters, please migrate to a valid format.
2019-06-14 18:45:23.394 [restartedMain] WARN  o.springframework.boot.actuate.endpoint.EndpointId - Endpoint ID 'hystrix.stream' contains invalid characters, please migrate to a valid format.
2019-06-14 18:45:24.664 [restartedMain] WARN  com.netflix.config.sources.URLConfigurationSource - No URLs will be polled as dynamic configuration sources.
2019-06-14 18:45:26.692 [restartedMain] WARN  com.netflix.config.sources.URLConfigurationSource - No URLs will be polled as dynamic configuration sources.
2019-06-14 18:45:30.479 [RMI TCP Connection(4)-127.0.0.1] WARN  o.s.c.c.client.ConfigServicePropertySourceLocator - Could not locate PropertySource: I/O error on GET request for "http://localhost:8888/producer/default": Connection refused: connect; nested exception is java.net.ConnectException: Connection refused: connect
2019-06-14 18:47:06.404 [restartedMain] WARN  o.s.c.c.client.ConfigServicePropertySourceLocator - Could not locate PropertySource: I/O error on GET request for "http://localhost:8888/producer/default": Connection refused: connect; nested exception is java.net.ConnectException: Connection refused: connect
2019-06-14 18:47:07.399 [restartedMain] WARN  o.springframework.boot.actuate.endpoint.EndpointId - Endpoint ID 'service-registry' contains invalid characters, please migrate to a valid format.
2019-06-14 18:47:07.410 [restartedMain] WARN  o.springframework.boot.actuate.endpoint.EndpointId - Endpoint ID 'hystrix.stream' contains invalid characters, please migrate to a valid format.
2019-06-14 18:47:08.645 [restartedMain] WARN  com.netflix.config.sources.URLConfigurationSource - No URLs will be polled as dynamic configuration sources.
2019-06-14 18:47:10.614 [restartedMain] WARN  com.netflix.config.sources.URLConfigurationSource - No URLs will be polled as dynamic configuration sources.
2019-06-14 18:47:14.517 [RMI TCP Connection(4)-127.0.0.1] WARN  o.s.c.c.client.ConfigServicePropertySourceLocator - Could not locate PropertySource: I/O error on GET request for "http://localhost:8888/producer/default": Connection refused: connect; nested exception is java.net.ConnectException: Connection refused: connect
2019-06-14 18:48:40.092 [restartedMain] WARN  o.s.c.c.client.ConfigServicePropertySourceLocator - Could not locate PropertySource: I/O error on GET request for "http://localhost:8888/producer/default": Connection refused: connect; nested exception is java.net.ConnectException: Connection refused: connect
2019-06-14 18:48:41.094 [restartedMain] WARN  o.springframework.boot.actuate.endpoint.EndpointId - Endpoint ID 'service-registry' contains invalid characters, please migrate to a valid format.
2019-06-14 18:48:41.104 [restartedMain] WARN  o.springframework.boot.actuate.endpoint.EndpointId - Endpoint ID 'hystrix.stream' contains invalid characters, please migrate to a valid format.
2019-06-14 18:48:42.346 [restartedMain] WARN  com.netflix.config.sources.URLConfigurationSource - No URLs will be polled as dynamic configuration sources.
2019-06-14 18:48:44.295 [restartedMain] WARN  com.netflix.config.sources.URLConfigurationSource - No URLs will be polled as dynamic configuration sources.
2019-06-14 18:48:48.248 [RMI TCP Connection(2)-127.0.0.1] WARN  o.s.c.c.client.ConfigServicePropertySourceLocator - Could not locate PropertySource: I/O error on GET request for "http://localhost:8888/producer/default": Connection refused: connect; nested exception is java.net.ConnectException: Connection refused: connect
2019-06-14 18:49:42.663 [restartedMain] WARN  o.s.c.c.client.ConfigServicePropertySourceLocator - Could not locate PropertySource: I/O error on GET request for "http://localhost:8888/producer/default": Connection refused: connect; nested exception is java.net.ConnectException: Connection refused: connect
2019-06-14 18:49:43.968 [restartedMain] WARN  o.springframework.boot.actuate.endpoint.EndpointId - Endpoint ID 'service-registry' contains invalid characters, please migrate to a valid format.
2019-06-14 18:49:43.982 [restartedMain] WARN  o.springframework.boot.actuate.endpoint.EndpointId - Endpoint ID 'hystrix.stream' contains invalid characters, please migrate to a valid format.
2019-06-14 18:49:45.448 [restartedMain] WARN  com.netflix.config.sources.URLConfigurationSource - No URLs will be polled as dynamic configuration sources.
2019-06-14 18:49:48.067 [restartedMain] WARN  com.netflix.config.sources.URLConfigurationSource - No URLs will be polled as dynamic configuration sources.
2019-06-14 18:49:52.738 [RMI TCP Connection(4)-127.0.0.1] WARN  o.s.c.c.client.ConfigServicePropertySourceLocator - Could not locate PropertySource: I/O error on GET request for "http://localhost:8888/producer/default": Connection refused: connect; nested exception is java.net.ConnectException: Connection refused: connect
2019-06-14 18:51:27.953 [restartedMain] WARN  o.s.c.c.client.ConfigServicePropertySourceLocator - Could not locate PropertySource: I/O error on GET request for "http://localhost:8888/producer/default": Connection refused: connect; nested exception is java.net.ConnectException: Connection refused: connect
2019-06-14 18:51:28.971 [restartedMain] WARN  o.springframework.boot.actuate.endpoint.EndpointId - Endpoint ID 'service-registry' contains invalid characters, please migrate to a valid format.
2019-06-14 18:51:28.982 [restartedMain] WARN  o.springframework.boot.actuate.endpoint.EndpointId - Endpoint ID 'hystrix.stream' contains invalid characters, please migrate to a valid format.
2019-06-14 18:51:30.269 [restartedMain] WARN  com.netflix.config.sources.URLConfigurationSource - No URLs will be polled as dynamic configuration sources.
2019-06-14 18:51:32.312 [restartedMain] WARN  com.netflix.config.sources.URLConfigurationSource - No URLs will be polled as dynamic configuration sources.
2019-06-14 18:51:36.479 [RMI TCP Connection(4)-127.0.0.1] WARN  o.s.c.c.client.ConfigServicePropertySourceLocator - Could not locate PropertySource: I/O error on GET request for "http://localhost:8888/producer/default": Connection refused: connect; nested exception is java.net.ConnectException: Connection refused: connect
2019-06-14 18:56:30.865 [restartedMain] WARN  o.s.c.c.client.ConfigServicePropertySourceLocator - Could not locate PropertySource: I/O error on GET request for "http://localhost:8888/producer/default": Connection refused: connect; nested exception is java.net.ConnectException: Connection refused: connect
2019-06-14 18:56:31.869 [restartedMain] WARN  o.springframework.boot.actuate.endpoint.EndpointId - Endpoint ID 'service-registry' contains invalid characters, please migrate to a valid format.
2019-06-14 18:56:31.880 [restartedMain] WARN  o.springframework.boot.actuate.endpoint.EndpointId - Endpoint ID 'hystrix.stream' contains invalid characters, please migrate to a valid format.
2019-06-14 18:56:33.143 [restartedMain] WARN  com.netflix.config.sources.URLConfigurationSource - No URLs will be polled as dynamic configuration sources.
2019-06-14 18:56:35.141 [restartedMain] WARN  com.netflix.config.sources.URLConfigurationSource - No URLs will be polled as dynamic configuration sources.
2019-06-14 18:56:39.385 [RMI TCP Connection(4)-127.0.0.1] WARN  o.s.c.c.client.ConfigServicePropertySourceLocator - Could not locate PropertySource: I/O error on GET request for "http://localhost:8888/producer/default": Connection refused: connect; nested exception is java.net.ConnectException: Connection refused: connect
