2019-07-27 16:04:20.946 [main] INFO  o.s.c.s.PostProcessorRegistrationDelegate$BeanPostProcessorChecker - Bean 'org.springframework.cloud.autoconfigure.ConfigurationPropertiesRebinderAutoConfiguration' of type [org.springframework.cloud.autoconfigure.ConfigurationPropertiesRebinderAutoConfiguration$$EnhancerBySpringCGLIB$$348780b8] is not eligible for getting processed by all BeanPostProcessors (for example: not eligible for auto-proxying)
2019-07-27 16:04:22.236 [main] INFO  com.sieyuan.restserver.RestServerApplication - No active profile set, falling back to default profiles: default
2019-07-27 16:04:23.217 [main] INFO  o.springframework.cloud.context.scope.GenericScope - BeanFactory id=aad2c234-73b8-3270-8043-c7db9397b019
2019-07-27 16:04:23.269 [main] INFO  o.s.c.s.PostProcessorRegistrationDelegate$BeanPostProcessorChecker - Bean 'com.sieyuan.restserver.handler.AuthServiceClient' of type [org.springframework.cloud.openfeign.FeignClientFactoryBean] is not eligible for getting processed by all BeanPostProcessors (for example: not eligible for auto-proxying)
2019-07-27 16:04:23.327 [main] INFO  o.s.c.s.PostProcessorRegistrationDelegate$BeanPostProcessorChecker - Bean 'org.springframework.transaction.annotation.ProxyTransactionManagementConfiguration' of type [org.springframework.transaction.annotation.ProxyTransactionManagementConfiguration$$EnhancerBySpringCGLIB$$186d7dbb] is not eligible for getting processed by all BeanPostProcessors (for example: not eligible for auto-proxying)
2019-07-27 16:04:23.360 [main] INFO  o.s.c.s.PostProcessorRegistrationDelegate$BeanPostProcessorChecker - Bean 'org.springframework.security.config.annotation.configuration.ObjectPostProcessorConfiguration' of type [org.springframework.security.config.annotation.configuration.ObjectPostProcessorConfiguration$$EnhancerBySpringCGLIB$$b11b45f5] is not eligible for getting processed by all BeanPostProcessors (for example: not eligible for auto-proxying)
2019-07-27 16:04:23.360 [main] INFO  o.s.c.s.PostProcessorRegistrationDelegate$BeanPostProcessorChecker - Bean 'objectPostProcessor' of type [org.springframework.security.config.annotation.configuration.AutowireBeanFactoryObjectPostProcessor] is not eligible for getting processed by all BeanPostProcessors (for example: not eligible for auto-proxying)
2019-07-27 16:04:23.360 [main] INFO  o.s.c.s.PostProcessorRegistrationDelegate$BeanPostProcessorChecker - Bean 'org.springframework.security.access.expression.method.DefaultMethodSecurityExpressionHandler@411c6d44' of type [org.springframework.security.oauth2.provider.expression.OAuth2MethodSecurityExpressionHandler] is not eligible for getting processed by all BeanPostProcessors (for example: not eligible for auto-proxying)
2019-07-27 16:04:23.360 [main] INFO  o.s.c.s.PostProcessorRegistrationDelegate$BeanPostProcessorChecker - Bean 'org.springframework.security.config.annotation.method.configuration.GlobalMethodSecurityConfiguration' of type [org.springframework.security.config.annotation.method.configuration.GlobalMethodSecurityConfiguration$$EnhancerBySpringCGLIB$$d5efe8a7] is not eligible for getting processed by all BeanPostProcessors (for example: not eligible for auto-proxying)
2019-07-27 16:04:23.360 [main] INFO  o.s.c.s.PostProcessorRegistrationDelegate$BeanPostProcessorChecker - Bean 'methodSecurityMetadataSource' of type [org.springframework.security.access.method.DelegatingMethodSecurityMetadataSource] is not eligible for getting processed by all BeanPostProcessors (for example: not eligible for auto-proxying)
2019-07-27 16:04:23.384 [main] INFO  o.s.c.s.PostProcessorRegistrationDelegate$BeanPostProcessorChecker - Bean 'org.springframework.cloud.autoconfigure.ConfigurationPropertiesRebinderAutoConfiguration' of type [org.springframework.cloud.autoconfigure.ConfigurationPropertiesRebinderAutoConfiguration$$EnhancerBySpringCGLIB$$348780b8] is not eligible for getting processed by all BeanPostProcessors (for example: not eligible for auto-proxying)
2019-07-27 16:04:23.612 [main] INFO  o.s.boot.web.embedded.tomcat.TomcatWebServer - Tomcat initialized with port(s): 9010 (http)
2019-07-27 16:04:23.618 [main] INFO  org.apache.coyote.http11.Http11NioProtocol - Initializing ProtocolHandler ["http-nio-9010"]
2019-07-27 16:04:23.633 [main] INFO  org.apache.catalina.core.StandardService - Starting service [Tomcat]
2019-07-27 16:04:23.633 [main] INFO  org.apache.catalina.core.StandardEngine - Starting Servlet engine: [Apache Tomcat/9.0.19]
2019-07-27 16:04:23.640 [main] INFO  org.apache.catalina.core.AprLifecycleListener - Loaded APR based Apache Tomcat Native library [1.2.21] using APR version [1.6.5].
2019-07-27 16:04:23.640 [main] INFO  org.apache.catalina.core.AprLifecycleListener - APR capabilities: IPv6 [true], sendfile [true], accept filters [false], random [true].
2019-07-27 16:04:23.640 [main] INFO  org.apache.catalina.core.AprLifecycleListener - APR/OpenSSL configuration: useAprConnector [false], useOpenSSL [true]
2019-07-27 16:04:23.646 [main] INFO  org.apache.catalina.core.AprLifecycleListener - OpenSSL successfully initialized [OpenSSL 1.1.1a  20 Nov 2018]
2019-07-27 16:04:23.788 [main] INFO  o.a.c.core.ContainerBase.[Tomcat].[localhost].[/] - Initializing Spring embedded WebApplicationContext
2019-07-27 16:04:23.788 [main] INFO  org.springframework.web.context.ContextLoader - Root WebApplicationContext: initialization completed in 1535 ms
2019-07-27 16:04:23.955 [main] INFO  com.netflix.config.sources.URLConfigurationSource - To enable URLs as dynamic configuration sources, define System property archaius.configurationSource.additionalUrls or make config.properties available on classpath.
2019-07-27 16:04:23.972 [main] INFO  com.netflix.config.DynamicPropertyFactory - DynamicPropertyFactory is initialized with configuration sources: com.netflix.config.ConcurrentCompositeConfiguration@443faa85
2019-07-27 16:04:25.360 [main] INFO  org.springframework.cloud.commons.util.InetUtils - Cannot determine local hostname
2019-07-27 16:04:26.021 [main] INFO  com.netflix.config.sources.URLConfigurationSource - To enable URLs as dynamic configuration sources, define System property archaius.configurationSource.additionalUrls or make config.properties available on classpath.
2019-07-27 16:04:26.184 [main] INFO  o.s.scheduling.concurrent.ThreadPoolTaskExecutor - Initializing ExecutorService 'applicationTaskExecutor'
2019-07-27 16:04:26.447 [main] INFO  o.s.b.a.s.s.UserDetailsServiceAutoConfiguration - 

Using generated security password: f2bf1b7d-ea1d-4752-b413-4dcc7228d1c5

2019-07-27 16:04:26.624 [main] INFO  o.s.security.web.DefaultSecurityFilterChain - Creating filter chain: any request, [org.springframework.security.web.context.request.async.WebAsyncManagerIntegrationFilter@4b93dd6a, org.springframework.security.web.context.SecurityContextPersistenceFilter@2f4d32bf, org.springframework.security.web.header.HeaderWriterFilter@ad3f70a, org.springframework.security.web.authentication.logout.LogoutFilter@4e958f08, org.springframework.security.oauth2.provider.authentication.OAuth2AuthenticationProcessingFilter@4c635edc, org.springframework.security.web.savedrequest.RequestCacheAwareFilter@6ce26986, org.springframework.security.web.servletapi.SecurityContextHolderAwareRequestFilter@7f2b584b, org.springframework.security.web.authentication.AnonymousAuthenticationFilter@582a3b19, org.springframework.security.web.session.SessionManagementFilter@4b3a01d8, org.springframework.security.web.access.ExceptionTranslationFilter@1693ff90, org.springframework.security.web.access.intercept.FilterSecurityInterceptor@5bec3e0]
2019-07-27 16:04:26.728 [main] INFO  o.s.b.actuate.endpoint.web.EndpointLinksResolver - Exposing 2 endpoint(s) beneath base path '/actuator'
2019-07-27 16:04:27.998 [main] INFO  org.springframework.cloud.commons.util.InetUtils - Cannot determine local hostname
2019-07-27 16:04:28.117 [main] INFO  o.s.cloud.netflix.eureka.InstanceInfoFactory - Setting initial instance status as: STARTING
2019-07-27 16:04:28.159 [main] INFO  com.netflix.discovery.DiscoveryClient - Initializing Eureka in region us-east-1
2019-07-27 16:04:28.441 [main] INFO  c.n.discovery.provider.DiscoveryJerseyProvider - Using JSON encoding codec LegacyJacksonJson
2019-07-27 16:04:28.441 [main] INFO  c.n.discovery.provider.DiscoveryJerseyProvider - Using JSON decoding codec LegacyJacksonJson
2019-07-27 16:04:28.515 [main] INFO  c.n.discovery.provider.DiscoveryJerseyProvider - Using XML encoding codec XStreamXml
2019-07-27 16:04:28.515 [main] INFO  c.n.discovery.provider.DiscoveryJerseyProvider - Using XML decoding codec XStreamXml
2019-07-27 16:04:28.642 [main] INFO  c.n.d.shared.resolver.aws.ConfigClusterResolver - Resolving eureka endpoints via configuration
2019-07-27 16:04:28.776 [main] INFO  com.netflix.discovery.DiscoveryClient - Disable delta property : false
2019-07-27 16:04:28.776 [main] INFO  com.netflix.discovery.DiscoveryClient - Single vip registry refresh property : null
2019-07-27 16:04:28.776 [main] INFO  com.netflix.discovery.DiscoveryClient - Force full registry fetch : false
2019-07-27 16:04:28.776 [main] INFO  com.netflix.discovery.DiscoveryClient - Application is null : false
2019-07-27 16:04:28.776 [main] INFO  com.netflix.discovery.DiscoveryClient - Registered Applications size is zero : true
2019-07-27 16:04:28.776 [main] INFO  com.netflix.discovery.DiscoveryClient - Application version is -1: true
2019-07-27 16:04:28.776 [main] INFO  com.netflix.discovery.DiscoveryClient - Getting all instance registry info from the eureka server
2019-07-27 16:04:28.903 [main] INFO  com.netflix.discovery.DiscoveryClient - The response status is 200
2019-07-27 16:04:28.903 [main] INFO  com.netflix.discovery.DiscoveryClient - Starting heartbeat executor: renew interval is: 30
2019-07-27 16:04:28.903 [main] INFO  com.netflix.discovery.InstanceInfoReplicator - InstanceInfoReplicator onDemand update allowed rate per min is 4
2019-07-27 16:04:28.903 [main] INFO  com.netflix.discovery.DiscoveryClient - Discovery Client initialized at timestamp 1564214668903 with initial instances count: 2
2019-07-27 16:04:28.903 [main] INFO  o.s.c.n.e.serviceregistry.EurekaServiceRegistry - Registering application RESTSERVER with eureka with status UP
2019-07-27 16:04:28.903 [main] INFO  com.netflix.discovery.DiscoveryClient - Saw local status change event StatusChangeEvent [timestamp=1564214668903, current=UP, previous=STARTING]
2019-07-27 16:04:28.919 [DiscoveryClient-InstanceInfoReplicator-0] INFO  com.netflix.discovery.DiscoveryClient - DiscoveryClient_RESTSERVER/192.168.137.1:9010: registering service...
2019-07-27 16:04:28.921 [main] INFO  org.apache.coyote.http11.Http11NioProtocol - Starting ProtocolHandler ["http-nio-9010"]
2019-07-27 16:04:28.952 [main] INFO  o.s.boot.web.embedded.tomcat.TomcatWebServer - Tomcat started on port(s): 9010 (http) with context path ''
2019-07-27 16:04:28.952 [main] INFO  o.s.c.n.e.s.EurekaAutoServiceRegistration - Updating port to 9010
2019-07-27 16:04:28.952 [main] INFO  com.sieyuan.restserver.RestServerApplication - Started RestServerApplication in 9.914 seconds (JVM running for 10.752)
2019-07-27 16:04:28.952 [DiscoveryClient-InstanceInfoReplicator-0] INFO  com.netflix.discovery.DiscoveryClient - DiscoveryClient_RESTSERVER/192.168.137.1:9010 - registration status: 204
2019-07-27 16:04:29.077 [RMI TCP Connection(4)-127.0.0.1] INFO  com.zaxxer.hikari.HikariDataSource - HikariPool-1 - Starting...
2019-07-27 16:04:29.077 [RMI TCP Connection(2)-127.0.0.1] INFO  o.a.c.core.ContainerBase.[Tomcat].[localhost].[/] - Initializing Spring DispatcherServlet 'dispatcherServlet'
2019-07-27 16:04:29.077 [RMI TCP Connection(2)-127.0.0.1] INFO  org.springframework.web.servlet.DispatcherServlet - Initializing Servlet 'dispatcherServlet'
2019-07-27 16:04:29.093 [RMI TCP Connection(2)-127.0.0.1] INFO  org.springframework.web.servlet.DispatcherServlet - Completed initialization in 16 ms
2019-07-27 16:04:29.333 [RMI TCP Connection(4)-127.0.0.1] INFO  com.zaxxer.hikari.HikariDataSource - HikariPool-1 - Start completed.
2019-07-27 16:09:28.791 [AsyncResolver-bootstrap-executor-0] INFO  c.n.d.shared.resolver.aws.ConfigClusterResolver - Resolving eureka endpoints via configuration
