2019-08-12 13:45:52.339 [main] INFO  o.s.c.s.PostProcessorRegistrationDelegate$BeanPostProcessorChecker - Bean 'org.springframework.cloud.autoconfigure.ConfigurationPropertiesRebinderAutoConfiguration' of type [org.springframework.cloud.autoconfigure.ConfigurationPropertiesRebinderAutoConfiguration$$EnhancerBySpringCGLIB$$671ad0ce] is not eligible for getting processed by all BeanPostProcessors (for example: not eligible for auto-proxying)
2019-08-12 13:45:52.681 [main] INFO  o.s.c.c.client.ConfigServicePropertySourceLocator - Fetching config from server at : http://localhost:8888
2019-08-12 13:45:53.772 [main] INFO  o.s.c.c.client.ConfigServicePropertySourceLocator - Connect Timeout Exception on Url - http://localhost:8888. Will be trying the next url if available
2019-08-12 13:45:53.772 [main] INFO  com.sieyuan.apple.AppleApplicationTests - No active profile set, falling back to default profiles: default
2019-08-12 13:45:54.439 [main] INFO  o.s.d.r.config.RepositoryConfigurationDelegate - Multiple Spring Data modules found, entering strict repository configuration mode!
2019-08-12 13:45:54.444 [main] INFO  o.s.d.r.config.RepositoryConfigurationDelegate - Bootstrapping Spring Data repositories in DEFAULT mode.
2019-08-12 13:45:54.463 [main] INFO  o.s.d.r.config.RepositoryConfigurationDelegate - Finished Spring Data repository scanning in 0ms. Found 0 repository interfaces.
2019-08-12 13:45:54.760 [main] INFO  o.springframework.cloud.context.scope.GenericScope - BeanFactory id=7f014a50-5c96-3461-9589-f26f7d9f864b
2019-08-12 13:45:54.945 [main] INFO  o.s.c.s.PostProcessorRegistrationDelegate$BeanPostProcessorChecker - Bean 'org.springframework.transaction.annotation.ProxyTransactionManagementConfiguration' of type [org.springframework.transaction.annotation.ProxyTransactionManagementConfiguration$$EnhancerBySpringCGLIB$$4b00cdd1] is not eligible for getting processed by all BeanPostProcessors (for example: not eligible for auto-proxying)
2019-08-12 13:45:55.020 [main] INFO  o.s.c.s.PostProcessorRegistrationDelegate$BeanPostProcessorChecker - Bean 'org.springframework.hateoas.config.HateoasConfiguration' of type [org.springframework.hateoas.config.HateoasConfiguration$$EnhancerBySpringCGLIB$$ca811b03] is not eligible for getting processed by all BeanPostProcessors (for example: not eligible for auto-proxying)
2019-08-12 13:45:55.049 [main] INFO  o.s.c.s.PostProcessorRegistrationDelegate$BeanPostProcessorChecker - Bean 'org.springframework.cloud.autoconfigure.ConfigurationPropertiesRebinderAutoConfiguration' of type [org.springframework.cloud.autoconfigure.ConfigurationPropertiesRebinderAutoConfiguration$$EnhancerBySpringCGLIB$$671ad0ce] is not eligible for getting processed by all BeanPostProcessors (for example: not eligible for auto-proxying)
2019-08-12 13:45:57.423 [main] INFO  o.s.scheduling.concurrent.ThreadPoolTaskExecutor - Initializing ExecutorService 'applicationTaskExecutor'
2019-08-12 13:45:58.436 [main] INFO  com.sieyuan.apple.AppleApplicationTests - Started AppleApplicationTests in 7.375 seconds (JVM running for 8.396)
2019-08-12 13:45:58.665 [Thread-7] INFO  o.s.scheduling.concurrent.ThreadPoolTaskExecutor - Shutting down ExecutorService 'applicationTaskExecutor'
2019-08-12 13:48:34.692 [main] INFO  o.s.c.s.PostProcessorRegistrationDelegate$BeanPostProcessorChecker - Bean 'org.springframework.cloud.autoconfigure.ConfigurationPropertiesRebinderAutoConfiguration' of type [org.springframework.cloud.autoconfigure.ConfigurationPropertiesRebinderAutoConfiguration$$EnhancerBySpringCGLIB$$8cfa0f70] is not eligible for getting processed by all BeanPostProcessors (for example: not eligible for auto-proxying)
2019-08-12 13:48:35.048 [main] INFO  o.s.c.c.client.ConfigServicePropertySourceLocator - Fetching config from server at : http://localhost:8888
2019-08-12 13:48:36.141 [main] INFO  o.s.c.c.client.ConfigServicePropertySourceLocator - Connect Timeout Exception on Url - http://localhost:8888. Will be trying the next url if available
2019-08-12 13:48:36.152 [main] INFO  com.sieyuan.apple.AppleApplicationTests - No active profile set, falling back to default profiles: default
2019-08-12 13:48:36.700 [main] INFO  o.s.d.r.config.RepositoryConfigurationDelegate - Multiple Spring Data modules found, entering strict repository configuration mode!
2019-08-12 13:48:36.700 [main] INFO  o.s.d.r.config.RepositoryConfigurationDelegate - Bootstrapping Spring Data repositories in DEFAULT mode.
2019-08-12 13:48:36.731 [main] INFO  o.s.d.r.config.RepositoryConfigurationDelegate - Finished Spring Data repository scanning in 16ms. Found 0 repository interfaces.
2019-08-12 13:48:37.045 [main] INFO  o.springframework.cloud.context.scope.GenericScope - BeanFactory id=7f014a50-5c96-3461-9589-f26f7d9f864b
2019-08-12 13:48:37.230 [main] INFO  o.s.c.s.PostProcessorRegistrationDelegate$BeanPostProcessorChecker - Bean 'org.springframework.transaction.annotation.ProxyTransactionManagementConfiguration' of type [org.springframework.transaction.annotation.ProxyTransactionManagementConfiguration$$EnhancerBySpringCGLIB$$70e00c73] is not eligible for getting processed by all BeanPostProcessors (for example: not eligible for auto-proxying)
2019-08-12 13:48:37.298 [main] INFO  o.s.c.s.PostProcessorRegistrationDelegate$BeanPostProcessorChecker - Bean 'org.springframework.hateoas.config.HateoasConfiguration' of type [org.springframework.hateoas.config.HateoasConfiguration$$EnhancerBySpringCGLIB$$f06059a5] is not eligible for getting processed by all BeanPostProcessors (for example: not eligible for auto-proxying)
2019-08-12 13:48:37.329 [main] INFO  o.s.c.s.PostProcessorRegistrationDelegate$BeanPostProcessorChecker - Bean 'org.springframework.cloud.autoconfigure.ConfigurationPropertiesRebinderAutoConfiguration' of type [org.springframework.cloud.autoconfigure.ConfigurationPropertiesRebinderAutoConfiguration$$EnhancerBySpringCGLIB$$8cfa0f70] is not eligible for getting processed by all BeanPostProcessors (for example: not eligible for auto-proxying)
2019-08-12 13:48:38.888 [main] INFO  o.s.scheduling.concurrent.ThreadPoolTaskExecutor - Initializing ExecutorService 'applicationTaskExecutor'
2019-08-12 13:48:39.842 [main] INFO  com.sieyuan.apple.AppleApplicationTests - Started AppleApplicationTests in 6.443 seconds (JVM running for 7.395)
2019-08-12 13:48:40.034 [Thread-7] INFO  o.s.scheduling.concurrent.ThreadPoolTaskExecutor - Shutting down ExecutorService 'applicationTaskExecutor'
